<?xml version="1.0" encoding="UTF-8" ?>
<testsuite errors="0" failures="0" hostname="Leonardos-MacBook-Pro.local" name="test.beast.evolution.alignment.UnorderedAlignmentsTest" skipped="0" tests="1" time="0.433" timestamp="2019-06-11T12:12:37">
  <properties>
    <property name="java.vendor" value="Oracle Corporation" />
    <property name="sun.java.launcher" value="SUN_STANDARD" />
    <property name="BEAUti_name" value="BEAUti" />
    <property name="sun.management.compiler" value="HotSpot 64-Bit Tiered Compilers" />
    <property name="dist" value="/Users/lr411/Documents/workspace/LeoBEAST2_local/beast2/build/dist" />
    <property name="lib" value="/Users/lr411/Documents/workspace/LeoBEAST2_local/beast2/lib" />
    <property name="os.name" value="Mac OS X" />
    <property name="sun.boot.class.path" value="/Library/Java/JavaVirtualMachines/jdk1.8.0_192.jdk/Contents/Home/jre/lib/resources.jar:/Library/Java/JavaVirtualMachines/jdk1.8.0_192.jdk/Contents/Home/jre/lib/rt.jar:/Library/Java/JavaVirtualMachines/jdk1.8.0_192.jdk/Contents/Home/jre/lib/sunrsasign.jar:/Library/Java/JavaVirtualMachines/jdk1.8.0_192.jdk/Contents/Home/jre/lib/jsse.jar:/Library/Java/JavaVirtualMachines/jdk1.8.0_192.jdk/Contents/Home/jre/lib/jce.jar:/Library/Java/JavaVirtualMachines/jdk1.8.0_192.jdk/Contents/Home/jre/lib/charsets.jar:/Library/Java/JavaVirtualMachines/jdk1.8.0_192.jdk/Contents/Home/jre/lib/jfr.jar:/Library/Java/JavaVirtualMachines/jdk1.8.0_192.jdk/Contents/Home/jre/classes" />
    <property name="report" value="build/junitreport" />
    <property name="common_dir" value="release/common" />
    <property name="java.vm.specification.vendor" value="Oracle Corporation" />
    <property name="ant.home" value="/usr/local/Cellar/ant/1.10.6/libexec" />
    <property name="java.runtime.version" value="1.8.0_192-b12" />
    <property name="main_class_BEAST" value="beast.app.beastapp.BeastMain" />
    <property name="Mac_package_dir" value="release/Mac/BEAST" />
    <property name="user.name" value="lr411" />
    <property name="AppleSigner" value="Developer ID Application: Remco Bouckaert (LHFJWE5U63)" />
    <property name="LogAnalyser_name" value="LogAnalyser" />
    <property name="user.language" value="en" />
    <property name="build" value="/Users/lr411/Documents/workspace/LeoBEAST2_local/beast2/build" />
    <property name="sun.boot.library.path" value="/Library/Java/JavaVirtualMachines/jdk1.8.0_192.jdk/Contents/Home/jre/lib" />
    <property name="ant.project.default-target" value="build_jar_all_BEAST" />
    <property name="tools_dir" value="release/common/tools" />
    <property name="ant.project.name" value="BUILD_BEAST_2" />
    <property name="java.version" value="1.8.0_192" />
    <property name="version" value="2.5.1" />
    <property name="user.timezone" value="" />
    <property name="sun.arch.data.model" value="64" />
    <property name="Linux_dir" value="release/Linux" />
    <property name="http.nonProxyHosts" value="local|*.local|169.254/16|*.169.254/16" />
    <property name="java.endorsed.dirs" value="/Library/Java/JavaVirtualMachines/jdk1.8.0_192.jdk/Contents/Home/jre/lib/endorsed" />
    <property name="doc" value="/Users/lr411/Documents/workspace/LeoBEAST2_local/beast2/doc" />
    <property name="version_number" value="2.5.1" />
    <property name="sun.cpu.isalist" value="" />
    <property name="sun.jnu.encoding" value="UTF-8" />
    <property name="file.encoding.pkg" value="sun.io" />
    <property name="file.separator" value="/" />
    <property name="java.specification.name" value="Java Platform API Specification" />
    <property name="java.class.version" value="52.0" />
    <property name="src" value="/Users/lr411/Documents/workspace/LeoBEAST2_local/beast2/src" />
    <property name="Mac_bundle_dir" value="release/Mac/BEAST/BEAST" />
    <property name="user.country" value="GB" />
    <property name="java.home" value="/Library/Java/JavaVirtualMachines/jdk1.8.0_192.jdk/Contents/Home/jre" />
    <property name="java.vm.info" value="mixed mode" />
    <property name="Mac_dir" value="release/Mac" />
    <property name="ant.file" value="/Users/lr411/Documents/workspace/LeoBEAST2_local/beast2/build.xml" />
    <property name="os.version" value="10.14" />
    <property name="release_dir" value="release" />
    <property name="path.separator" value=":" />
    <property name="java.vm.version" value="25.192-b12" />
    <property name="ant.library.dir" value="/usr/local/Cellar/ant/1.10.6/libexec/lib" />
    <property name="java.awt.printerjob" value="sun.lwawt.macosx.CPrinterJob" />
    <property name="sun.io.unicode.encoding" value="UnicodeBig" />
    <property name="beast1_dir" value="release/common/beast1" />
    <property name="awt.toolkit" value="sun.lwawt.macosx.LWCToolkit" />
    <property name="socksNonProxyHosts" value="local|*.local|169.254/16|*.169.254/16" />
    <property name="ftp.nonProxyHosts" value="local|*.local|169.254/16|*.169.254/16" />
    <property name="BEAST_name" value="BEAST" />
    <property name="TreeAnnotator_name" value="TreeAnnotator" />
    <property name="user.home" value="/Users/lr411" />
    <property name="java.specification.vendor" value="Oracle Corporation" />
    <property name="test" value="/Users/lr411/Documents/workspace/LeoBEAST2_local/beast2/test" />
    <property name="ant.file.BUILD_BEAST_2" value="/Users/lr411/Documents/workspace/LeoBEAST2_local/beast2/build.xml" />
    <property name="java.library.path" value="/Users/lr411/Library/Java/Extensions:/Library/Java/Extensions:/Network/Library/Java/Extensions:/System/Library/Java/Extensions:/usr/lib/java:." />
    <property name="java.vendor.url" value="http://java.oracle.com/" />
    <property name="java.vm.vendor" value="Oracle Corporation" />
    <property name="gopherProxySet" value="false" />
    <property name="copyright" value="Beast 2 development team 2011-2018" />
    <property name="java.runtime.name" value="Java(TM) SE Runtime Environment" />
    <property name="ant.version" value="Apache Ant(TM) version 1.10.6 compiled on May 2 2019" />
    <property name="sun.java.command" value="org.apache.tools.ant.taskdefs.optional.junit.JUnitTestRunner test.beast.evolution.alignment.UnorderedAlignmentsTest skipNonTests=false filtertrace=true haltOnError=false haltOnFailure=false formatter=org.apache.tools.ant.taskdefs.optional.junit.SummaryJUnitResultFormatter showoutput=false outputtoformatters=true logfailedtests=true threadid=0 logtestlistenerevents=false formatter=org.apache.tools.ant.taskdefs.optional.junit.XMLJUnitResultFormatter,/Users/lr411/Documents/workspace/LeoBEAST2_local/beast2/build/junitreport/TEST-test.beast.evolution.alignment.UnorderedAlignmentsTest.xml crashfile=/Users/lr411/Documents/workspace/LeoBEAST2_local/beast2/junitvmwatcher5614167121061214845.properties propsfile=/Users/lr411/Documents/workspace/LeoBEAST2_local/beast2/junit6492516237663459598.properties" />
    <property name="java.class.path" value="/Users/lr411/Documents/workspace/LeoBEAST2_local/beast2/lib/beagle.jar:/Users/lr411/Documents/workspace/LeoBEAST2_local/beast2/lib/jam.jar:/Users/lr411/Documents/workspace/LeoBEAST2_local/beast2/lib/colt.jar:/Users/lr411/Documents/workspace/LeoBEAST2_local/beast2/lib/fest.jar:/Users/lr411/Documents/workspace/LeoBEAST2_local/beast2/lib/junit-4.8.2.jar:/Users/lr411/Documents/workspace/LeoBEAST2_local/beast2/lib/antlr-runtime-4.7.jar:/Users/lr411/Documents/workspace/LeoBEAST2_local/beast2/build:/usr/local/Cellar/ant/1.10.6/libexec/lib/ant-launcher.jar:/usr/local/Cellar/ant/1.10.6/libexec/lib/ant.jar:/usr/local/Cellar/ant/1.10.6/libexec/lib/ant-junit.jar:/usr/local/Cellar/ant/1.10.6/libexec/lib/ant-junit4.jar" />
    <property name="sdk_dir" value="release/BEAST_SDK" />
    <property name="junitfailed" value="true" />
    <property name="ant.file.type.BUILD_BEAST_2" value="file" />
    <property name="java.vm.specification.name" value="Java Virtual Machine Specification" />
    <property name="ant.file.type" value="file" />
    <property name="java.vm.specification.version" value="1.8" />
    <property name="sun.os.patch.level" value="unknown" />
    <property name="sun.cpu.endian" value="little" />
    <property name="Linux_package_dir" value="release/Linux/beast" />
    <property name="java.io.tmpdir" value="/var/folders/gf/rwhntprj2sqd6lkt8254md2m0000gn/T/" />
    <property name="beast_name" value="beast" />
    <property name="java.vendor.url.bug" value="http://bugreport.sun.com/bugreport/" />
    <property name="java.awt.graphicsenv" value="sun.awt.CGraphicsEnvironment" />
    <property name="os.arch" value="x86_64" />
    <property name="java.ext.dirs" value="/Users/lr411/Library/Java/Extensions:/Library/Java/JavaVirtualMachines/jdk1.8.0_192.jdk/Contents/Home/jre/lib/ext:/Library/Java/Extensions:/Network/Library/Java/Extensions:/System/Library/Java/Extensions:/usr/lib/java" />
    <property name="user.dir" value="/Users/lr411/Documents/workspace/LeoBEAST2_local/beast2" />
    <property name="line.separator" value="&#xa;" />
    <property name="java.vm.name" value="Java HotSpot(TM) 64-Bit Server VM" />
    <property name="basedir" value="/Users/lr411/Documents/workspace/LeoBEAST2_local/beast2" />
    <property name="ant.java.version" value="1.8" />
    <property name="ant.core.lib" value="/usr/local/Cellar/ant/1.10.6/libexec/lib/ant.jar" />
    <property name="Windows_dir" value="release/Windows" />
    <property name="LogCombiner_name" value="LogCombiner" />
    <property name="file.encoding" value="UTF-8" />
    <property name="java.specification.version" value="1.8" />
    <property name="ant.project.invoked-targets" value="build_jar_all_BEAST" />
    <property name="AppLauncher_name" value="AppLauncher" />
    <property name="Windows_package_dir" value="release/Windows/BEAST" />
  </properties>
  <testcase classname="test.beast.evolution.alignment.UnorderedAlignmentsTest" name="testUnorderedAlignment" time="0.377" />
  <system-out><![CDATA[A = 0.0 (5.0)
B = 0.3333333333333333 (4.666666666666667)
C = 0.6666666666666666 (4.333333333333333)
D = 1.0 (4.0)
E = 1.3333333333333333 (3.666666666666667)
F = 1.6666666666666667 (3.333333333333333)
G = 2.0 (3.0)
H = 2.3333333333333335 (2.6666666666666665)
I = 2.6666666666666665 (2.3333333333333335)
J = 3.0 (2.0)
K = 3.3333333333333335 (1.6666666666666665)
L = 3.6666666666666665 (1.3333333333333335)
M = 4.0 (1.0)
N = 4.333333333333333 (0.666666666666667)
O = 4.666666666666667 (0.33333333333333304)
P = 5.0 (0.0)
A: 1 4
B: 1 4
C: 1 4
D: 1 4
E: 1 4
F: 1 4
G: 1 4
H: 1 4
I: 1 4
J: 1 4
K: 1 4
L: 1 4
M: 1 4
N: 1 4
O: 1 4
P: 1 4
Alignment(null)
  16 taxa
  1 site

B: 1000 4
K: 1000 4
M: 1000 4
I: 1000 4
C: 1000 4
J: 1000 4
G: 1000 4
F: 1000 4
E: 1000 4
O: 1000 4
A: 1000 4
N: 1000 4
L: 1000 4
P: 1000 4
H: 1000 4
D: 1000 4
SimulatedAlignment(null)
  16 taxa
  1000 sites
  144 patterns

  Using BEAGLE version: 3.0.2 resource 0: CPU
    with instance flags:  PRECISION_DOUBLE COMPUTATION_SYNCH EIGEN_REAL SCALING_MANUAL SCALERS_RAW VECTOR_NONE PROCESSOR_CPU FRAMEWORK_CPU
  Using BEAGLE version: 3.0.2 resource 0: CPU
    with instance flags:  PRECISION_DOUBLE COMPUTATION_SYNCH EIGEN_REAL SCALING_MANUAL SCALERS_RAW VECTOR_NONE PROCESSOR_CPU FRAMEWORK_CPU
A: 1 4
B: 1 4
C: 1 4
D: 1 4
E: 1 4
F: 1 4
G: 1 4
H: 1 4
I: 1 4
J: 1 4
K: 1 4
L: 1 4
M: 1 4
N: 1 4
O: 1 4
P: 1 4
Alignment(null)
  16 taxa
  1 site

B: 1000 4
K: 1000 4
M: 1000 4
I: 1000 4
C: 1000 4
J: 1000 4
G: 1000 4
F: 1000 4
E: 1000 4
O: 1000 4
A: 1000 4
N: 1000 4
L: 1000 4
P: 1000 4
H: 1000 4
D: 1000 4
SimulatedAlignment(null)
  16 taxa
  1000 sites
  138 patterns

  Using BEAGLE version: 3.0.2 resource 0: CPU
    with instance flags:  PRECISION_DOUBLE COMPUTATION_SYNCH EIGEN_REAL SCALING_MANUAL SCALERS_RAW VECTOR_NONE PROCESSOR_CPU FRAMEWORK_CPU
  Using BEAGLE version: 3.0.2 resource 0: CPU
    with instance flags:  PRECISION_DOUBLE COMPUTATION_SYNCH EIGEN_REAL SCALING_MANUAL SCALERS_RAW VECTOR_NONE PROCESSOR_CPU FRAMEWORK_CPU
A: 1 4
B: 1 4
C: 1 4
D: 1 4
E: 1 4
F: 1 4
G: 1 4
H: 1 4
I: 1 4
J: 1 4
K: 1 4
L: 1 4
M: 1 4
N: 1 4
O: 1 4
P: 1 4
Alignment(null)
  16 taxa
  1 site

B: 1000 4
K: 1000 4
M: 1000 4
I: 1000 4
C: 1000 4
J: 1000 4
G: 1000 4
F: 1000 4
E: 1000 4
O: 1000 4
A: 1000 4
N: 1000 4
L: 1000 4
P: 1000 4
H: 1000 4
D: 1000 4
SimulatedAlignment(null)
  16 taxa
  1000 sites
  141 patterns

  Using BEAGLE version: 3.0.2 resource 0: CPU
    with instance flags:  PRECISION_DOUBLE COMPUTATION_SYNCH EIGEN_REAL SCALING_MANUAL SCALERS_RAW VECTOR_NONE PROCESSOR_CPU FRAMEWORK_CPU
  Using BEAGLE version: 3.0.2 resource 0: CPU
    with instance flags:  PRECISION_DOUBLE COMPUTATION_SYNCH EIGEN_REAL SCALING_MANUAL SCALERS_RAW VECTOR_NONE PROCESSOR_CPU FRAMEWORK_CPU
]]></system-out>
  <system-err><![CDATA[  Ignoring ambiguities in tree likelihood.
  Ignoring character uncertainty in tree likelihood.
  With 144 unique site patterns.
  Using rescaling scheme : dynamic
  Ignoring ambiguities in tree likelihood.
  Ignoring character uncertainty in tree likelihood.
  With 144 unique site patterns.
  Using rescaling scheme : dynamic
  Ignoring ambiguities in tree likelihood.
  Ignoring character uncertainty in tree likelihood.
  With 138 unique site patterns.
  Using rescaling scheme : dynamic
  Ignoring ambiguities in tree likelihood.
  Ignoring character uncertainty in tree likelihood.
  With 138 unique site patterns.
  Using rescaling scheme : dynamic
  Ignoring ambiguities in tree likelihood.
  Ignoring character uncertainty in tree likelihood.
  With 141 unique site patterns.
  Using rescaling scheme : dynamic
  Ignoring ambiguities in tree likelihood.
  Ignoring character uncertainty in tree likelihood.
  With 141 unique site patterns.
  Using rescaling scheme : dynamic
]]></system-err>
</testsuite>
