<?xml version="1.0" encoding="UTF-8" ?>
<testsuite errors="0" failures="2" hostname="Leonardos-MacBook-Pro.local" name="test.beast.integration.ExampleXmlParsingTest" skipped="0" tests="2" time="2.974" timestamp="2019-06-11T12:13:29">
  <properties>
    <property name="java.vendor" value="Oracle Corporation" />
    <property name="sun.java.launcher" value="SUN_STANDARD" />
    <property name="BEAUti_name" value="BEAUti" />
    <property name="sun.management.compiler" value="HotSpot 64-Bit Tiered Compilers" />
    <property name="dist" value="/Users/lr411/Documents/workspace/LeoBEAST2_local/beast2/build/dist" />
    <property name="lib" value="/Users/lr411/Documents/workspace/LeoBEAST2_local/beast2/lib" />
    <property name="os.name" value="Mac OS X" />
    <property name="sun.boot.class.path" value="/Library/Java/JavaVirtualMachines/jdk1.8.0_192.jdk/Contents/Home/jre/lib/resources.jar:/Library/Java/JavaVirtualMachines/jdk1.8.0_192.jdk/Contents/Home/jre/lib/rt.jar:/Library/Java/JavaVirtualMachines/jdk1.8.0_192.jdk/Contents/Home/jre/lib/sunrsasign.jar:/Library/Java/JavaVirtualMachines/jdk1.8.0_192.jdk/Contents/Home/jre/lib/jsse.jar:/Library/Java/JavaVirtualMachines/jdk1.8.0_192.jdk/Contents/Home/jre/lib/jce.jar:/Library/Java/JavaVirtualMachines/jdk1.8.0_192.jdk/Contents/Home/jre/lib/charsets.jar:/Library/Java/JavaVirtualMachines/jdk1.8.0_192.jdk/Contents/Home/jre/lib/jfr.jar:/Library/Java/JavaVirtualMachines/jdk1.8.0_192.jdk/Contents/Home/jre/classes" />
    <property name="report" value="build/junitreport" />
    <property name="common_dir" value="release/common" />
    <property name="java.vm.specification.vendor" value="Oracle Corporation" />
    <property name="ant.home" value="/usr/local/Cellar/ant/1.10.6/libexec" />
    <property name="java.runtime.version" value="1.8.0_192-b12" />
    <property name="main_class_BEAST" value="beast.app.beastapp.BeastMain" />
    <property name="Mac_package_dir" value="release/Mac/BEAST" />
    <property name="user.name" value="lr411" />
    <property name="AppleSigner" value="Developer ID Application: Remco Bouckaert (LHFJWE5U63)" />
    <property name="LogAnalyser_name" value="LogAnalyser" />
    <property name="user.language" value="en" />
    <property name="build" value="/Users/lr411/Documents/workspace/LeoBEAST2_local/beast2/build" />
    <property name="sun.boot.library.path" value="/Library/Java/JavaVirtualMachines/jdk1.8.0_192.jdk/Contents/Home/jre/lib" />
    <property name="ant.project.default-target" value="build_jar_all_BEAST" />
    <property name="tools_dir" value="release/common/tools" />
    <property name="ant.project.name" value="BUILD_BEAST_2" />
    <property name="java.version" value="1.8.0_192" />
    <property name="version" value="2.5.1" />
    <property name="user.timezone" value="" />
    <property name="sun.arch.data.model" value="64" />
    <property name="Linux_dir" value="release/Linux" />
    <property name="http.nonProxyHosts" value="local|*.local|169.254/16|*.169.254/16" />
    <property name="java.endorsed.dirs" value="/Library/Java/JavaVirtualMachines/jdk1.8.0_192.jdk/Contents/Home/jre/lib/endorsed" />
    <property name="doc" value="/Users/lr411/Documents/workspace/LeoBEAST2_local/beast2/doc" />
    <property name="version_number" value="2.5.1" />
    <property name="sun.cpu.isalist" value="" />
    <property name="sun.jnu.encoding" value="UTF-8" />
    <property name="file.encoding.pkg" value="sun.io" />
    <property name="file.separator" value="/" />
    <property name="java.specification.name" value="Java Platform API Specification" />
    <property name="java.class.version" value="52.0" />
    <property name="src" value="/Users/lr411/Documents/workspace/LeoBEAST2_local/beast2/src" />
    <property name="Mac_bundle_dir" value="release/Mac/BEAST/BEAST" />
    <property name="user.country" value="GB" />
    <property name="java.home" value="/Library/Java/JavaVirtualMachines/jdk1.8.0_192.jdk/Contents/Home/jre" />
    <property name="java.vm.info" value="mixed mode" />
    <property name="Mac_dir" value="release/Mac" />
    <property name="ant.file" value="/Users/lr411/Documents/workspace/LeoBEAST2_local/beast2/build.xml" />
    <property name="os.version" value="10.14" />
    <property name="release_dir" value="release" />
    <property name="path.separator" value=":" />
    <property name="java.vm.version" value="25.192-b12" />
    <property name="ant.library.dir" value="/usr/local/Cellar/ant/1.10.6/libexec/lib" />
    <property name="java.awt.printerjob" value="sun.lwawt.macosx.CPrinterJob" />
    <property name="sun.io.unicode.encoding" value="UnicodeBig" />
    <property name="beast1_dir" value="release/common/beast1" />
    <property name="awt.toolkit" value="sun.lwawt.macosx.LWCToolkit" />
    <property name="socksNonProxyHosts" value="local|*.local|169.254/16|*.169.254/16" />
    <property name="ftp.nonProxyHosts" value="local|*.local|169.254/16|*.169.254/16" />
    <property name="BEAST_name" value="BEAST" />
    <property name="TreeAnnotator_name" value="TreeAnnotator" />
    <property name="user.home" value="/Users/lr411" />
    <property name="java.specification.vendor" value="Oracle Corporation" />
    <property name="test" value="/Users/lr411/Documents/workspace/LeoBEAST2_local/beast2/test" />
    <property name="ant.file.BUILD_BEAST_2" value="/Users/lr411/Documents/workspace/LeoBEAST2_local/beast2/build.xml" />
    <property name="java.library.path" value="/Users/lr411/Library/Java/Extensions:/Library/Java/Extensions:/Network/Library/Java/Extensions:/System/Library/Java/Extensions:/usr/lib/java:." />
    <property name="java.vendor.url" value="http://java.oracle.com/" />
    <property name="java.vm.vendor" value="Oracle Corporation" />
    <property name="gopherProxySet" value="false" />
    <property name="copyright" value="Beast 2 development team 2011-2018" />
    <property name="java.runtime.name" value="Java(TM) SE Runtime Environment" />
    <property name="ant.version" value="Apache Ant(TM) version 1.10.6 compiled on May 2 2019" />
    <property name="sun.java.command" value="org.apache.tools.ant.taskdefs.optional.junit.JUnitTestRunner test.beast.integration.ExampleXmlParsingTest skipNonTests=false filtertrace=true haltOnError=false haltOnFailure=false formatter=org.apache.tools.ant.taskdefs.optional.junit.SummaryJUnitResultFormatter showoutput=false outputtoformatters=true logfailedtests=true threadid=0 logtestlistenerevents=false formatter=org.apache.tools.ant.taskdefs.optional.junit.XMLJUnitResultFormatter,/Users/lr411/Documents/workspace/LeoBEAST2_local/beast2/build/junitreport/TEST-test.beast.integration.ExampleXmlParsingTest.xml crashfile=/Users/lr411/Documents/workspace/LeoBEAST2_local/beast2/junitvmwatcher7421913359216766524.properties propsfile=/Users/lr411/Documents/workspace/LeoBEAST2_local/beast2/junit2592539702214914452.properties" />
    <property name="java.class.path" value="/Users/lr411/Documents/workspace/LeoBEAST2_local/beast2/lib/beagle.jar:/Users/lr411/Documents/workspace/LeoBEAST2_local/beast2/lib/jam.jar:/Users/lr411/Documents/workspace/LeoBEAST2_local/beast2/lib/colt.jar:/Users/lr411/Documents/workspace/LeoBEAST2_local/beast2/lib/fest.jar:/Users/lr411/Documents/workspace/LeoBEAST2_local/beast2/lib/junit-4.8.2.jar:/Users/lr411/Documents/workspace/LeoBEAST2_local/beast2/lib/antlr-runtime-4.7.jar:/Users/lr411/Documents/workspace/LeoBEAST2_local/beast2/build:/usr/local/Cellar/ant/1.10.6/libexec/lib/ant-launcher.jar:/usr/local/Cellar/ant/1.10.6/libexec/lib/ant.jar:/usr/local/Cellar/ant/1.10.6/libexec/lib/ant-junit.jar:/usr/local/Cellar/ant/1.10.6/libexec/lib/ant-junit4.jar" />
    <property name="sdk_dir" value="release/BEAST_SDK" />
    <property name="junitfailed" value="true" />
    <property name="ant.file.type.BUILD_BEAST_2" value="file" />
    <property name="java.vm.specification.name" value="Java Virtual Machine Specification" />
    <property name="ant.file.type" value="file" />
    <property name="java.vm.specification.version" value="1.8" />
    <property name="sun.os.patch.level" value="unknown" />
    <property name="sun.cpu.endian" value="little" />
    <property name="Linux_package_dir" value="release/Linux/beast" />
    <property name="java.io.tmpdir" value="/var/folders/gf/rwhntprj2sqd6lkt8254md2m0000gn/T/" />
    <property name="beast_name" value="beast" />
    <property name="java.vendor.url.bug" value="http://bugreport.sun.com/bugreport/" />
    <property name="java.awt.graphicsenv" value="sun.awt.CGraphicsEnvironment" />
    <property name="os.arch" value="x86_64" />
    <property name="java.ext.dirs" value="/Users/lr411/Library/Java/Extensions:/Library/Java/JavaVirtualMachines/jdk1.8.0_192.jdk/Contents/Home/jre/lib/ext:/Library/Java/Extensions:/Network/Library/Java/Extensions:/System/Library/Java/Extensions:/usr/lib/java" />
    <property name="user.dir" value="/Users/lr411/Documents/workspace/LeoBEAST2_local/beast2" />
    <property name="line.separator" value="&#xa;" />
    <property name="java.vm.name" value="Java HotSpot(TM) 64-Bit Server VM" />
    <property name="basedir" value="/Users/lr411/Documents/workspace/LeoBEAST2_local/beast2" />
    <property name="ant.java.version" value="1.8" />
    <property name="ant.core.lib" value="/usr/local/Cellar/ant/1.10.6/libexec/lib/ant.jar" />
    <property name="Windows_dir" value="release/Windows" />
    <property name="LogCombiner_name" value="LogCombiner" />
    <property name="file.encoding" value="UTF-8" />
    <property name="java.specification.version" value="1.8" />
    <property name="ant.project.invoked-targets" value="build_jar_all_BEAST" />
    <property name="AppLauncher_name" value="AppLauncher" />
    <property name="Windows_package_dir" value="release/Windows/BEAST" />
  </properties>
  <testcase classname="test.beast.integration.ExampleXmlParsingTest" name="test_ThatXmlExamplesRun" time="2.128">
    <failure message="[testJukesCantorShortUncertain2.xml, testExponentialGrowth.xml, testMultipleAlignments_randomTaxaOrder.xml, testCoalescent.xml, testOpSubSchedule.xml, testBSP.xml, testPlates.xml, testJukesCantorShortUncertain.xml, testHKY.xml, testJukesCantorShortUncertain2MLE.xml, testYuleOneSite.xml, testSimulatedAlignment.xml, testStarBeast.xml, testJukesCantorShort.xml, bitflip.xml, testClassicRootCalibrationPrior.xml, testDirectSimulator2.xml, testJukesCantor.xml, testConditionalRootCalibrationPrior.xml, testDirectSimulator.xml, testCalibration.xml, testTipDates.xml, testTipDates2.xml, testCalYule_5t_2c.xml, testDirectSimulatorHierarchical.xml, testRelaxedClock.xml, testTwoCalibrationsPrior.xml, testSliceHKY.xml, testEBSP.xml, testRandomLocalClock.xml, testSeqGen.xml]" type="junit.framework.AssertionFailedError">junit.framework.AssertionFailedError: [testJukesCantorShortUncertain2.xml, testExponentialGrowth.xml, testMultipleAlignments_randomTaxaOrder.xml, testCoalescent.xml, testOpSubSchedule.xml, testBSP.xml, testPlates.xml, testJukesCantorShortUncertain.xml, testHKY.xml, testJukesCantorShortUncertain2MLE.xml, testYuleOneSite.xml, testSimulatedAlignment.xml, testStarBeast.xml, testJukesCantorShort.xml, bitflip.xml, testClassicRootCalibrationPrior.xml, testDirectSimulator2.xml, testJukesCantor.xml, testConditionalRootCalibrationPrior.xml, testDirectSimulator.xml, testCalibration.xml, testTipDates.xml, testTipDates2.xml, testCalYule_5t_2c.xml, testDirectSimulatorHierarchical.xml, testRelaxedClock.xml, testTwoCalibrationsPrior.xml, testSliceHKY.xml, testEBSP.xml, testRandomLocalClock.xml, testSeqGen.xml]
	at test.beast.integration.ExampleXmlParsingTest.test_ThatXmlExamplesRun(Unknown Source)
	at test.beast.integration.ExampleXmlParsingTest.test_ThatXmlExamplesRun(Unknown Source)
</failure>
  </testcase>
  <testcase classname="test.beast.integration.ExampleXmlParsingTest" name="test_ThatXmlExamplesParse" time="0.793">
    <failure message="[testJukesCantorShortUncertain2.xml, testExponentialGrowth.xml, testMultipleAlignments_randomTaxaOrder.xml, testCoalescent.xml, testOpSubSchedule.xml, testBSP.xml, testPlates.xml, testJukesCantorShortUncertain.xml, testHKY.xml, testJukesCantorShortUncertain2MLE.xml, testYuleOneSite.xml, testSimulatedAlignment.xml, testStarBeast.xml, testJukesCantorShort.xml, bitflip.xml, testClassicRootCalibrationPrior.xml, testDirectSimulator2.xml, testJukesCantor.xml, testConditionalRootCalibrationPrior.xml, testDirectSimulator.xml, testCalibration.xml, testTipDates.xml, testTipDates2.xml, testCalYule_5t_2c.xml, testDirectSimulatorHierarchical.xml, testRelaxedClock.xml, testTwoCalibrationsPrior.xml, testSliceHKY.xml, testEBSP.xml, testRandomLocalClock.xml, testSeqGen.xml]" type="junit.framework.AssertionFailedError">junit.framework.AssertionFailedError: [testJukesCantorShortUncertain2.xml, testExponentialGrowth.xml, testMultipleAlignments_randomTaxaOrder.xml, testCoalescent.xml, testOpSubSchedule.xml, testBSP.xml, testPlates.xml, testJukesCantorShortUncertain.xml, testHKY.xml, testJukesCantorShortUncertain2MLE.xml, testYuleOneSite.xml, testSimulatedAlignment.xml, testStarBeast.xml, testJukesCantorShort.xml, bitflip.xml, testClassicRootCalibrationPrior.xml, testDirectSimulator2.xml, testJukesCantor.xml, testConditionalRootCalibrationPrior.xml, testDirectSimulator.xml, testCalibration.xml, testTipDates.xml, testTipDates2.xml, testCalYule_5t_2c.xml, testDirectSimulatorHierarchical.xml, testRelaxedClock.xml, testTwoCalibrationsPrior.xml, testSliceHKY.xml, testEBSP.xml, testRandomLocalClock.xml, testSeqGen.xml]
	at test.beast.integration.ExampleXmlParsingTest.test_ThatXmlExamplesParse(Unknown Source)
	at test.beast.integration.ExampleXmlParsingTest.test_ThatXmlExamplesParse(Unknown Source)
</failure>
  </testcase>
  <system-out><![CDATA[Test that XML Examples run in /Users/lr411/Documents/workspace/LeoBEAST2_local/beast2/examples
Processing testJukesCantorShortUncertain2.xml
ExampleXmlParsing::Failed for testJukesCantorShortUncertain2.xml: 
Error 110 parsing the xml input file

validate and intialize error: null

Error detected about here:
  <beast>
      <tree id='tree'>

Done testJukesCantorShortUncertain2.xml
Processing testExponentialGrowth.xml
ExampleXmlParsing::Failed for testExponentialGrowth.xml: 
Error 110 parsing the xml input file

validate and intialize error: null

Error detected about here:
  <beast>
      <parameter id='growthRate'>

Done testExponentialGrowth.xml
Processing testMultipleAlignments_randomTaxaOrder.xml
ExampleXmlParsing::Failed for testMultipleAlignments_randomTaxaOrder.xml: at unknown node (null)

Error 110 parsing the xml input file

validate and intialize error: null
Done testMultipleAlignments_randomTaxaOrder.xml
Processing testCoalescent.xml
ExampleXmlParsing::Failed for testCoalescent.xml: 
Error 110 parsing the xml input file

validate and intialize error: null

Error detected about here:
  <beast>
      <input id='popSize' spec='beast.core.parameter.RealParameter'>

Done testCoalescent.xml
Processing testGTR.xml
Lemur_catta: 898 4
Homo_sapiens: 898 4
Pan: 898 4
Gorilla: 898 4
Pongo: 898 4
Hylobates: 898 4
Macaca_fuscata: 898 4
M._mulatta: 898 4
M._fascicularis: 898 4
M._sylvanus: 898 4
Saimiri_sciureus: 898 4
Tarsius_syrichta: 898 4
Alignment(primate-mtDNA)
  12 taxa
  898 sites
  413 patterns

Filter 2-457,660-896
12 taxa
693 sites
361 patterns
  Using BEAGLE version: 3.0.2 resource 0: CPU
    with instance flags:  PRECISION_DOUBLE COMPUTATION_SYNCH EIGEN_REAL SCALING_MANUAL SCALERS_RAW VECTOR_NONE PROCESSOR_CPU FRAMEWORK_CPU
Filter 1,458-659,897-898
12 taxa
205 sites
79 patterns
  Using BEAGLE version: 3.0.2 resource 0: CPU
    with instance flags:  PRECISION_DOUBLE COMPUTATION_SYNCH EIGEN_REAL SCALING_MANUAL SCALERS_RAW VECTOR_NONE PROCESSOR_CPU FRAMEWORK_CPU
===============================================================================
Citations for this model:

Bouckaert RR, Heled J, Kuehnert D, Vaughan TG, Wu C-H, Xie D, Suchard MA,
  Rambaut A, Drummond AJ (2014) BEAST 2: A software platform for Bayesian
  evolutionary analysis. PLoS Computational Biology 10(4): e1003537

===============================================================================
Done testGTR.xml
Processing testOpSubSchedule.xml
ExampleXmlParsing::Failed for testOpSubSchedule.xml: 
Error 110 parsing the xml input file

validate and intialize error: null

Error detected about here:
  <beast>
      <tree id='tree'>

Done testOpSubSchedule.xml
Processing testBSP.xml
ExampleXmlParsing::Failed for testBSP.xml: 
Error 110 parsing the xml input file

validate and intialize error: null

Error detected about here:
  <beast>
      <distribution id='posterior' spec='CompoundDistribution'>
          <distribution id='likelihood' spec='TreeLikelihood'>
              <siteModel id='siteModel' spec='SiteModel'>
                  <substModel id='hky' spec='HKY'>
                      <parameter id='hky.kappa' name='kappa'>

Done testBSP.xml
Processing testPlates.xml
ExampleXmlParsing::Failed for testPlates.xml: 
Error 110 parsing the xml input file

validate and intialize error: null

Error detected about here:
  <beast>
      <parameter id='hky.kappa.p3'>

Done testPlates.xml
Processing testJukesCantorShortUncertain.xml
ExampleXmlParsing::Failed for testJukesCantorShortUncertain.xml: 
Error 110 parsing the xml input file

validate and intialize error: null

Error detected about here:
  <beast>
      <tree id='tree'>

Done testJukesCantorShortUncertain.xml
Processing testSRD06.xml
Tarsius_syrichta: 898 4
Lemur_catta: 898 4
Homo_sapiens: 898 4
Pan: 898 4
Gorilla: 898 4
Pongo: 898 4
Hylobates: 898 4
Macaca_fuscata: 898 4
M_mulatta: 898 4
M_fascicularis: 898 4
M_sylvanus: 898 4
Saimiri_sciureus: 898 4
Alignment(Primates)
  12 taxa
  898 sites
  413 patterns

Filter 1::3,2::3
12 taxa
599 sites
342 patterns
  Using BEAGLE version: 3.0.2 resource 0: CPU
    with instance flags:  PRECISION_DOUBLE COMPUTATION_SYNCH EIGEN_REAL SCALING_MANUAL SCALERS_RAW VECTOR_NONE PROCESSOR_CPU FRAMEWORK_CPU
Filter 3::3
12 taxa
299 sites
109 patterns
  Using BEAGLE version: 3.0.2 resource 0: CPU
    with instance flags:  PRECISION_DOUBLE COMPUTATION_SYNCH EIGEN_REAL SCALING_MANUAL SCALERS_RAW VECTOR_NONE PROCESSOR_CPU FRAMEWORK_CPU
===============================================================================
Citations for this model:

Bouckaert RR, Heled J, Kuehnert D, Vaughan TG, Wu C-H, Xie D, Suchard MA,
  Rambaut A, Drummond AJ (2014) BEAST 2: A software platform for Bayesian
  evolutionary analysis. PLoS Computational Biology 10(4): e1003537

Hasegawa M, Kishino H, Yano T (1985) Dating the human-ape splitting by a
  molecular clock of mitochondrial DNA. Journal of Molecular Evolution
  22:160-174.

===============================================================================
Done testSRD06.xml
Processing testHKY.xml
ExampleXmlParsing::Failed for testHKY.xml: 
Error 110 parsing the xml input file

validate and intialize error: null

Error detected about here:
  <beast>
      <tree id='tree'>

Done testHKY.xml
Processing testJukesCantorShortUncertain2MLE.xml
ExampleXmlParsing::Failed for testJukesCantorShortUncertain2MLE.xml: 
Error 110 parsing the xml input file

validate and intialize error: null

Error detected about here:
  <beast>
      <tree id='tree'>

Done testJukesCantorShortUncertain2MLE.xml
Processing testRestrictedGTR.xml
Lemur_catta: 898 4
Homo_sapiens: 898 4
Pan: 898 4
Gorilla: 898 4
Pongo: 898 4
Hylobates: 898 4
Macaca_fuscata: 898 4
M._mulatta: 898 4
M._fascicularis: 898 4
M._sylvanus: 898 4
Saimiri_sciureus: 898 4
Tarsius_syrichta: 898 4
Alignment(primate-mtDNA)
  12 taxa
  898 sites
  413 patterns

Filter 2-457,660-896
12 taxa
693 sites
361 patterns
  Using BEAGLE version: 3.0.2 resource 0: CPU
    with instance flags:  PRECISION_DOUBLE COMPUTATION_SYNCH EIGEN_REAL SCALING_MANUAL SCALERS_RAW VECTOR_NONE PROCESSOR_CPU FRAMEWORK_CPU
Filter 1,458-659,897-898
12 taxa
205 sites
79 patterns
  Using BEAGLE version: 3.0.2 resource 0: CPU
    with instance flags:  PRECISION_DOUBLE COMPUTATION_SYNCH EIGEN_REAL SCALING_MANUAL SCALERS_RAW VECTOR_NONE PROCESSOR_CPU FRAMEWORK_CPU
===============================================================================
Citations for this model:

Bouckaert RR, Heled J, Kuehnert D, Vaughan TG, Wu C-H, Xie D, Suchard MA,
  Rambaut A, Drummond AJ (2014) BEAST 2: A software platform for Bayesian
  evolutionary analysis. PLoS Computational Biology 10(4): e1003537

===============================================================================
Done testRestrictedGTR.xml
Processing testRNA.xml
Lemur_catta: 898 4
Homo_sapiens: 898 4
Pan: 898 4
Gorilla: 898 4
Pongo: 898 4
Hylobates: 898 4
Macaca_fuscata: 898 4
M._mulatta: 898 4
M._fascicularis: 898 4
M._sylvanus: 898 4
Saimiri_sciureus: 898 4
Tarsius_syrichta: 898 4
Alignment(primate-mtDNA)
  12 taxa
  898 sites
  413 patterns

Filter 2-457,660-896
12 taxa
693 sites
361 patterns
  Using BEAGLE version: 3.0.2 resource 0: CPU
    with instance flags:  PRECISION_DOUBLE COMPUTATION_SYNCH EIGEN_REAL SCALING_MANUAL SCALERS_RAW VECTOR_NONE PROCESSOR_CPU FRAMEWORK_CPU
Filter 1,458-659,897-898
12 taxa
205 sites
79 patterns
  Using BEAGLE version: 3.0.2 resource 0: CPU
    with instance flags:  PRECISION_DOUBLE COMPUTATION_SYNCH EIGEN_REAL SCALING_MANUAL SCALERS_RAW VECTOR_NONE PROCESSOR_CPU FRAMEWORK_CPU
===============================================================================
Citations for this model:

Bouckaert RR, Heled J, Kuehnert D, Vaughan TG, Wu C-H, Xie D, Suchard MA,
  Rambaut A, Drummond AJ (2014) BEAST 2: A software platform for Bayesian
  evolutionary analysis. PLoS Computational Biology 10(4): e1003537

===============================================================================
Done testRNA.xml
Processing testYuleOneSite.xml
ExampleXmlParsing::Failed for testYuleOneSite.xml: at unknown node (null)

Error 110 parsing the xml input file

validate and intialize error: null
Done testYuleOneSite.xml
Processing testSimulatedAlignment.xml
ExampleXmlParsing::Failed for testSimulatedAlignment.xml: 
Error 110 parsing the xml input file

validate and intialize error: null

Error detected about here:
  <beast>
      <input id='popSize' spec='beast.core.parameter.RealParameter'>

Done testSimulatedAlignment.xml
Processing testSYM.xml
Lemur_catta: 898 4
Homo_sapiens: 898 4
Pan: 898 4
Gorilla: 898 4
Pongo: 898 4
Hylobates: 898 4
Macaca_fuscata: 898 4
M._mulatta: 898 4
M._fascicularis: 898 4
M._sylvanus: 898 4
Saimiri_sciureus: 898 4
Tarsius_syrichta: 898 4
Alignment(primate-mtDNA)
  12 taxa
  898 sites
  413 patterns

Filter 2-457,660-896
12 taxa
693 sites
361 patterns
  Using BEAGLE version: 3.0.2 resource 0: CPU
    with instance flags:  PRECISION_DOUBLE COMPUTATION_SYNCH EIGEN_REAL SCALING_MANUAL SCALERS_RAW VECTOR_NONE PROCESSOR_CPU FRAMEWORK_CPU
Filter 1,458-659,897-898
12 taxa
205 sites
79 patterns
  Using BEAGLE version: 3.0.2 resource 0: CPU
    with instance flags:  PRECISION_DOUBLE COMPUTATION_SYNCH EIGEN_REAL SCALING_MANUAL SCALERS_RAW VECTOR_NONE PROCESSOR_CPU FRAMEWORK_CPU
===============================================================================
Citations for this model:

Bouckaert RR, Heled J, Kuehnert D, Vaughan TG, Wu C-H, Xie D, Suchard MA,
  Rambaut A, Drummond AJ (2014) BEAST 2: A software platform for Bayesian
  evolutionary analysis. PLoS Computational Biology 10(4): e1003537

===============================================================================
Done testSYM.xml
Processing testStarBeast.xml
ExampleXmlParsing::Failed for testStarBeast.xml: 
Error 110 parsing the xml input file

validate and intialize error: null

Error detected about here:
  <beast>
      <run id='mcmc' spec='MCMC'>
          <state id='State0'>
              <tree id='tree26' name='stateNode'>

Done testStarBeast.xml
Processing testJukesCantorShort.xml
ExampleXmlParsing::Failed for testJukesCantorShort.xml: 
Error 110 parsing the xml input file

validate and intialize error: null

Error detected about here:
  <beast>
      <tree id='tree'>

Done testJukesCantorShort.xml
Processing bitflip.xml
ExampleXmlParsing::Failed for bitflip.xml: 
Error 110 parsing the xml input file

validate and intialize error: null

Error detected about here:
  <beast>
      <parameter id='indicators' name='indicators' spec='BooleanParameter'>

Done bitflip.xml
Processing testClassicRootCalibrationPrior.xml
ExampleXmlParsing::Failed for testClassicRootCalibrationPrior.xml: at unknown node (null)

Error 110 parsing the xml input file

validate and intialize error: null
Done testClassicRootCalibrationPrior.xml
Processing testDirectSimulator2.xml
ExampleXmlParsing::Failed for testDirectSimulator2.xml: at unknown node (null)

Error 110 parsing the xml input file

validate and intialize error: null
Done testDirectSimulator2.xml
Processing testTN93.xml
Lemur_catta: 898 4
Homo_sapiens: 898 4
Pan: 898 4
Gorilla: 898 4
Pongo: 898 4
Hylobates: 898 4
Macaca_fuscata: 898 4
M._mulatta: 898 4
M._fascicularis: 898 4
M._sylvanus: 898 4
Saimiri_sciureus: 898 4
Tarsius_syrichta: 898 4
Alignment(primate-mtDNA)
  12 taxa
  898 sites
  413 patterns

Filter 2-457,660-896
12 taxa
693 sites
361 patterns
  Using BEAGLE version: 3.0.2 resource 0: CPU
    with instance flags:  PRECISION_DOUBLE COMPUTATION_SYNCH EIGEN_REAL SCALING_MANUAL SCALERS_RAW VECTOR_NONE PROCESSOR_CPU FRAMEWORK_CPU
Filter 1,458-659,897-898
12 taxa
205 sites
79 patterns
  Using BEAGLE version: 3.0.2 resource 0: CPU
    with instance flags:  PRECISION_DOUBLE COMPUTATION_SYNCH EIGEN_REAL SCALING_MANUAL SCALERS_RAW VECTOR_NONE PROCESSOR_CPU FRAMEWORK_CPU
===============================================================================
Citations for this model:

Bouckaert RR, Heled J, Kuehnert D, Vaughan TG, Wu C-H, Xie D, Suchard MA,
  Rambaut A, Drummond AJ (2014) BEAST 2: A software platform for Bayesian
  evolutionary analysis. PLoS Computational Biology 10(4): e1003537

Tamura, K., & Nei, M. (1993). Estimation of the number of nucleotide substitutions in the control region of mitochondrial DNA in humans and chimpanzees. Molecular Biology and Evolution, 10(3), 512-526.

===============================================================================
Done testTN93.xml
Processing testJukesCantor.xml
ExampleXmlParsing::Failed for testJukesCantor.xml: 
Error 110 parsing the xml input file

validate and intialize error: null

Error detected about here:
  <beast>
      <tree id='tree'>

Done testJukesCantor.xml
Processing testTIM.xml
Lemur_catta: 898 4
Homo_sapiens: 898 4
Pan: 898 4
Gorilla: 898 4
Pongo: 898 4
Hylobates: 898 4
Macaca_fuscata: 898 4
M._mulatta: 898 4
M._fascicularis: 898 4
M._sylvanus: 898 4
Saimiri_sciureus: 898 4
Tarsius_syrichta: 898 4
Alignment(primate-mtDNA)
  12 taxa
  898 sites
  413 patterns

Filter 2-457,660-896
12 taxa
693 sites
361 patterns
  Using BEAGLE version: 3.0.2 resource 0: CPU
    with instance flags:  PRECISION_DOUBLE COMPUTATION_SYNCH EIGEN_REAL SCALING_MANUAL SCALERS_RAW VECTOR_NONE PROCESSOR_CPU FRAMEWORK_CPU
Filter 1,458-659,897-898
12 taxa
205 sites
79 patterns
  Using BEAGLE version: 3.0.2 resource 0: CPU
    with instance flags:  PRECISION_DOUBLE COMPUTATION_SYNCH EIGEN_REAL SCALING_MANUAL SCALERS_RAW VECTOR_NONE PROCESSOR_CPU FRAMEWORK_CPU
===============================================================================
Citations for this model:

Bouckaert RR, Heled J, Kuehnert D, Vaughan TG, Wu C-H, Xie D, Suchard MA,
  Rambaut A, Drummond AJ (2014) BEAST 2: A software platform for Bayesian
  evolutionary analysis. PLoS Computational Biology 10(4): e1003537

===============================================================================
Done testTIM.xml
Processing testConditionalRootCalibrationPrior.xml
ExampleXmlParsing::Failed for testConditionalRootCalibrationPrior.xml: at unknown node (null)

Error 110 parsing the xml input file

validate and intialize error: null
Done testConditionalRootCalibrationPrior.xml
Processing testDirectSimulator.xml
ExampleXmlParsing::Failed for testDirectSimulator.xml: 
Error 110 parsing the xml input file

validate and intialize error: null

Error detected about here:
  <beast>
      <run spec='DirectSimulator'>
          <distribution id='fullModel' spec='CompoundDistribution'>
              <distribution id='yuleModel' spec='YuleModel'>
                  <tree id='tree' spec='Tree'>
                      <taxonset spec='TaxonSet'>
                          <taxon id='t5' spec='Taxon'>

Done testDirectSimulator.xml
Processing testCalibration.xml
ExampleXmlParsing::Failed for testCalibration.xml: at unknown node (null)

Error 110 parsing the xml input file

validate and intialize error: null
Done testCalibration.xml
Processing testTipDates.xml
ExampleXmlParsing::Failed for testTipDates.xml: 
Error 110 parsing the xml input file

validate and intialize error: null

Error detected about here:
  <beast>
      <distribution id='posterior' spec='util.CompoundDistribution'>
          <distribution id='likelihood' spec='util.CompoundDistribution'>
              <distribution id='treeLikelihood' spec='TreeLikelihood'>
                  <branchRateModel id='StrictClockModel' spec='beast.evolution.branchratemodel.StrictClockModel'>
                      <parameter id='clockRate' name='clock.rate'>

Done testTipDates.xml
Processing testTipDates2.xml
Tarsius_syrichta: 898 4
Lemur_catta: 898 4
Homo_sapiens: 898 4
Pan: 898 4
Gorilla: 898 4
Pongo: 898 4
Hylobates: 898 4
Macaca_fuscata: 898 4
M_mulatta: 898 4
M_fascicularis: 898 4
M_sylvanus: 898 4
Saimiri_sciureus: 898 4
Alignment(Primates)
  12 taxa
  898 sites
  413 patterns

ExampleXmlParsing::Failed for testTipDates2.xml: 
Error 110 parsing the xml input file

validate and intialize error: null

Error detected about here:
  <beast>
      <data id='Primates'>

Done testTipDates2.xml
Processing testTVM.xml
Lemur_catta: 898 4
Homo_sapiens: 898 4
Pan: 898 4
Gorilla: 898 4
Pongo: 898 4
Hylobates: 898 4
Macaca_fuscata: 898 4
M._mulatta: 898 4
M._fascicularis: 898 4
M._sylvanus: 898 4
Saimiri_sciureus: 898 4
Tarsius_syrichta: 898 4
Alignment(primate-mtDNA)
  12 taxa
  898 sites
  413 patterns

Filter 2-457,660-896
12 taxa
693 sites
361 patterns
  Using BEAGLE version: 3.0.2 resource 0: CPU
    with instance flags:  PRECISION_DOUBLE COMPUTATION_SYNCH EIGEN_REAL SCALING_MANUAL SCALERS_RAW VECTOR_NONE PROCESSOR_CPU FRAMEWORK_CPU
Filter 1,458-659,897-898
12 taxa
205 sites
79 patterns
  Using BEAGLE version: 3.0.2 resource 0: CPU
    with instance flags:  PRECISION_DOUBLE COMPUTATION_SYNCH EIGEN_REAL SCALING_MANUAL SCALERS_RAW VECTOR_NONE PROCESSOR_CPU FRAMEWORK_CPU
===============================================================================
Citations for this model:

Bouckaert RR, Heled J, Kuehnert D, Vaughan TG, Wu C-H, Xie D, Suchard MA,
  Rambaut A, Drummond AJ (2014) BEAST 2: A software platform for Bayesian
  evolutionary analysis. PLoS Computational Biology 10(4): e1003537

===============================================================================
Done testTVM.xml
Processing testCalYule_5t_2c.xml
ExampleXmlParsing::Failed for testCalYule_5t_2c.xml: 
Error 110 parsing the xml input file

validate and intialize error: null

Error detected about here:
  <beast>
      <taxonset id='taxa' spec='TaxonSet'>
          <taxon id='b' spec='Taxon'>

Done testCalYule_5t_2c.xml
Processing testDirectSimulatorHierarchical.xml
ExampleXmlParsing::Failed for testDirectSimulatorHierarchical.xml: 
Error 110 parsing the xml input file

validate and intialize error: null

Error detected about here:
  <beast>
      <run spec='DirectSimulator'>
          <distribution spec='CompoundDistribution'>
              <distribution id='meanPriorDist' spec='beast.math.distributions.Prior'>

Done testDirectSimulatorHierarchical.xml
Processing testRelaxedClock.xml
ExampleXmlParsing::Failed for testRelaxedClock.xml: 
Error 110 parsing the xml input file

validate and intialize error: null

Error detected about here:
  <beast>
      <input id='branchRates' spec='UCRelaxedClockModel'>
          <distr id='lognormal' spec='beast.math.distributions.LogNormalDistributionModel'>
              <parameter id='ucld.stdev' name='S'>

Done testRelaxedClock.xml
Processing testTwoCalibrationsPrior.xml
ExampleXmlParsing::Failed for testTwoCalibrationsPrior.xml: at unknown node (null)

Error 110 parsing the xml input file

validate and intialize error: null
Done testTwoCalibrationsPrior.xml
Processing testSliceHKY.xml
ExampleXmlParsing::Failed for testSliceHKY.xml: 
Error 110 parsing the xml input file

validate and intialize error: null

Error detected about here:
  <beast>
      <tree id='tree'>

Done testSliceHKY.xml
Processing testEBSP.xml
ExampleXmlParsing::Failed for testEBSP.xml: 
Error 110 parsing the xml input file

validate and intialize error: null

Error detected about here:
  <beast>
      <run id='mcmc' spec='MCMC'>
          <state>
              <parameter id='populationMean' name='stateNode'>

Done testEBSP.xml
Processing testRandomLocalClock.xml
ExampleXmlParsing::Failed for testRandomLocalClock.xml: 
Error 110 parsing the xml input file

validate and intialize error: null

Error detected about here:
  <beast>
      <input id='branchRates' spec='RandomLocalClockModel'>
          <parameter id='rates' name='rates'>

Done testRandomLocalClock.xml
Processing testYuleUncalibrated.xml
human: 768 4
chimp: 768 4
bonobo: 768 4
gorilla: 768 4
orangutan: 768 4
siamang: 768 4
Alignment(alignment)
  6 taxa
  768 sites
  69 patterns

  Using BEAGLE version: 3.0.2 resource 0: CPU
    with instance flags:  PRECISION_DOUBLE COMPUTATION_SYNCH EIGEN_REAL SCALING_MANUAL SCALERS_RAW VECTOR_NONE PROCESSOR_CPU FRAMEWORK_CPU
===============================================================================
Citations for this model:

Bouckaert RR, Heled J, Kuehnert D, Vaughan TG, Wu C-H, Xie D, Suchard MA,
  Rambaut A, Drummond AJ (2014) BEAST 2: A software platform for Bayesian
  evolutionary analysis. PLoS Computational Biology 10(4): e1003537

Hasegawa M, Kishino H, Yano T (1985) Dating the human-ape splitting by a
  molecular clock of mitochondrial DNA. Journal of Molecular Evolution
  22:160-174.

===============================================================================
Done testYuleUncalibrated.xml
Processing testSeqGen.xml
ExampleXmlParsing::Failed for testSeqGen.xml: at unknown node (null)

Error 110 parsing the xml input file

validate and intialize error: null
Done testSeqGen.xml
Processing testYuleCalibrated.xml
human: 768 4
chimp: 768 4
bonobo: 768 4
gorilla: 768 4
orangutan: 768 4
siamang: 768 4
Alignment(alignment)
  6 taxa
  768 sites
  69 patterns

  Using BEAGLE version: 3.0.2 resource 0: CPU
    with instance flags:  PRECISION_DOUBLE COMPUTATION_SYNCH EIGEN_REAL SCALING_MANUAL SCALERS_RAW VECTOR_NONE PROCESSOR_CPU FRAMEWORK_CPU
===============================================================================
Citations for this model:

Bouckaert RR, Heled J, Kuehnert D, Vaughan TG, Wu C-H, Xie D, Suchard MA,
  Rambaut A, Drummond AJ (2014) BEAST 2: A software platform for Bayesian
  evolutionary analysis. PLoS Computational Biology 10(4): e1003537

Heled J, Drummond AJ (2012) Calibrated Tree Priors for Relaxed Phylogenetics
  and Divergence Time Estimation. Systematic Biology 61(1):138-149.

Hasegawa M, Kishino H, Yano T (1985) Dating the human-ape splitting by a
  molecular clock of mitochondrial DNA. Journal of Molecular Evolution
  22:160-174.

===============================================================================
Done testYuleCalibrated.xml

test_ThatXmlExamplesRun::Failed for : [testJukesCantorShortUncertain2.xml, testExponentialGrowth.xml, testMultipleAlignments_randomTaxaOrder.xml, testCoalescent.xml, testOpSubSchedule.xml, testBSP.xml, testPlates.xml, testJukesCantorShortUncertain.xml, testHKY.xml, testJukesCantorShortUncertain2MLE.xml, testYuleOneSite.xml, testSimulatedAlignment.xml, testStarBeast.xml, testJukesCantorShort.xml, bitflip.xml, testClassicRootCalibrationPrior.xml, testDirectSimulator2.xml, testJukesCantor.xml, testConditionalRootCalibrationPrior.xml, testDirectSimulator.xml, testCalibration.xml, testTipDates.xml, testTipDates2.xml, testCalYule_5t_2c.xml, testDirectSimulatorHierarchical.xml, testRelaxedClock.xml, testTwoCalibrationsPrior.xml, testSliceHKY.xml, testEBSP.xml, testRandomLocalClock.xml, testSeqGen.xml]
Test XML Examples in /Users/lr411/Documents/workspace/LeoBEAST2_local/beast2/examples
Processing testJukesCantorShortUncertain2.xml
ExampleXmlParsing::Failed for testJukesCantorShortUncertain2.xml: 
Error 110 parsing the xml input file

validate and intialize error: null

Error detected about here:
  <beast>
      <tree id='tree'>

Done testJukesCantorShortUncertain2.xml
Processing testExponentialGrowth.xml
ExampleXmlParsing::Failed for testExponentialGrowth.xml: 
Error 110 parsing the xml input file

validate and intialize error: null

Error detected about here:
  <beast>
      <parameter id='growthRate'>

Done testExponentialGrowth.xml
Processing testMultipleAlignments_randomTaxaOrder.xml
ExampleXmlParsing::Failed for testMultipleAlignments_randomTaxaOrder.xml: at unknown node (null)

Error 110 parsing the xml input file

validate and intialize error: null
Done testMultipleAlignments_randomTaxaOrder.xml
Processing testCoalescent.xml
ExampleXmlParsing::Failed for testCoalescent.xml: 
Error 110 parsing the xml input file

validate and intialize error: null

Error detected about here:
  <beast>
      <input id='popSize' spec='beast.core.parameter.RealParameter'>

Done testCoalescent.xml
Processing testGTR.xml
Lemur_catta: 898 4
Homo_sapiens: 898 4
Pan: 898 4
Gorilla: 898 4
Pongo: 898 4
Hylobates: 898 4
Macaca_fuscata: 898 4
M._mulatta: 898 4
M._fascicularis: 898 4
M._sylvanus: 898 4
Saimiri_sciureus: 898 4
Tarsius_syrichta: 898 4
Alignment(primate-mtDNA)
  12 taxa
  898 sites
  413 patterns

Filter 2-457,660-896
12 taxa
693 sites
361 patterns
  Using BEAGLE version: 3.0.2 resource 0: CPU
    with instance flags:  PRECISION_DOUBLE COMPUTATION_SYNCH EIGEN_REAL SCALING_MANUAL SCALERS_RAW VECTOR_NONE PROCESSOR_CPU FRAMEWORK_CPU
Filter 1,458-659,897-898
12 taxa
205 sites
79 patterns
  Using BEAGLE version: 3.0.2 resource 0: CPU
    with instance flags:  PRECISION_DOUBLE COMPUTATION_SYNCH EIGEN_REAL SCALING_MANUAL SCALERS_RAW VECTOR_NONE PROCESSOR_CPU FRAMEWORK_CPU
===============================================================================
Citations for this model:

Bouckaert RR, Heled J, Kuehnert D, Vaughan TG, Wu C-H, Xie D, Suchard MA,
  Rambaut A, Drummond AJ (2014) BEAST 2: A software platform for Bayesian
  evolutionary analysis. PLoS Computational Biology 10(4): e1003537

===============================================================================
Done testGTR.xml
Processing testOpSubSchedule.xml
ExampleXmlParsing::Failed for testOpSubSchedule.xml: 
Error 110 parsing the xml input file

validate and intialize error: null

Error detected about here:
  <beast>
      <tree id='tree'>

Done testOpSubSchedule.xml
Processing testBSP.xml
ExampleXmlParsing::Failed for testBSP.xml: 
Error 110 parsing the xml input file

validate and intialize error: null

Error detected about here:
  <beast>
      <distribution id='posterior' spec='CompoundDistribution'>
          <distribution id='likelihood' spec='TreeLikelihood'>
              <siteModel id='siteModel' spec='SiteModel'>
                  <substModel id='hky' spec='HKY'>
                      <parameter id='hky.kappa' name='kappa'>

Done testBSP.xml
Processing testPlates.xml
ExampleXmlParsing::Failed for testPlates.xml: 
Error 110 parsing the xml input file

validate and intialize error: null

Error detected about here:
  <beast>
      <parameter id='hky.kappa.p3'>

Done testPlates.xml
Processing testJukesCantorShortUncertain.xml
ExampleXmlParsing::Failed for testJukesCantorShortUncertain.xml: 
Error 110 parsing the xml input file

validate and intialize error: null

Error detected about here:
  <beast>
      <tree id='tree'>

Done testJukesCantorShortUncertain.xml
Processing testSRD06.xml
Tarsius_syrichta: 898 4
Lemur_catta: 898 4
Homo_sapiens: 898 4
Pan: 898 4
Gorilla: 898 4
Pongo: 898 4
Hylobates: 898 4
Macaca_fuscata: 898 4
M_mulatta: 898 4
M_fascicularis: 898 4
M_sylvanus: 898 4
Saimiri_sciureus: 898 4
Alignment(Primates)
  12 taxa
  898 sites
  413 patterns

Filter 1::3,2::3
12 taxa
599 sites
342 patterns
  Using BEAGLE version: 3.0.2 resource 0: CPU
    with instance flags:  PRECISION_DOUBLE COMPUTATION_SYNCH EIGEN_REAL SCALING_MANUAL SCALERS_RAW VECTOR_NONE PROCESSOR_CPU FRAMEWORK_CPU
Filter 3::3
12 taxa
299 sites
109 patterns
  Using BEAGLE version: 3.0.2 resource 0: CPU
    with instance flags:  PRECISION_DOUBLE COMPUTATION_SYNCH EIGEN_REAL SCALING_MANUAL SCALERS_RAW VECTOR_NONE PROCESSOR_CPU FRAMEWORK_CPU
===============================================================================
Citations for this model:

Bouckaert RR, Heled J, Kuehnert D, Vaughan TG, Wu C-H, Xie D, Suchard MA,
  Rambaut A, Drummond AJ (2014) BEAST 2: A software platform for Bayesian
  evolutionary analysis. PLoS Computational Biology 10(4): e1003537

Hasegawa M, Kishino H, Yano T (1985) Dating the human-ape splitting by a
  molecular clock of mitochondrial DNA. Journal of Molecular Evolution
  22:160-174.

===============================================================================
Done testSRD06.xml
Processing testHKY.xml
ExampleXmlParsing::Failed for testHKY.xml: 
Error 110 parsing the xml input file

validate and intialize error: null

Error detected about here:
  <beast>
      <tree id='tree'>

Done testHKY.xml
Processing testJukesCantorShortUncertain2MLE.xml
ExampleXmlParsing::Failed for testJukesCantorShortUncertain2MLE.xml: 
Error 110 parsing the xml input file

validate and intialize error: null

Error detected about here:
  <beast>
      <tree id='tree'>

Done testJukesCantorShortUncertain2MLE.xml
Processing testRestrictedGTR.xml
Lemur_catta: 898 4
Homo_sapiens: 898 4
Pan: 898 4
Gorilla: 898 4
Pongo: 898 4
Hylobates: 898 4
Macaca_fuscata: 898 4
M._mulatta: 898 4
M._fascicularis: 898 4
M._sylvanus: 898 4
Saimiri_sciureus: 898 4
Tarsius_syrichta: 898 4
Alignment(primate-mtDNA)
  12 taxa
  898 sites
  413 patterns

Filter 2-457,660-896
12 taxa
693 sites
361 patterns
  Using BEAGLE version: 3.0.2 resource 0: CPU
    with instance flags:  PRECISION_DOUBLE COMPUTATION_SYNCH EIGEN_REAL SCALING_MANUAL SCALERS_RAW VECTOR_NONE PROCESSOR_CPU FRAMEWORK_CPU
Filter 1,458-659,897-898
12 taxa
205 sites
79 patterns
  Using BEAGLE version: 3.0.2 resource 0: CPU
    with instance flags:  PRECISION_DOUBLE COMPUTATION_SYNCH EIGEN_REAL SCALING_MANUAL SCALERS_RAW VECTOR_NONE PROCESSOR_CPU FRAMEWORK_CPU
===============================================================================
Citations for this model:

Bouckaert RR, Heled J, Kuehnert D, Vaughan TG, Wu C-H, Xie D, Suchard MA,
  Rambaut A, Drummond AJ (2014) BEAST 2: A software platform for Bayesian
  evolutionary analysis. PLoS Computational Biology 10(4): e1003537

===============================================================================
Done testRestrictedGTR.xml
Processing testRNA.xml
Lemur_catta: 898 4
Homo_sapiens: 898 4
Pan: 898 4
Gorilla: 898 4
Pongo: 898 4
Hylobates: 898 4
Macaca_fuscata: 898 4
M._mulatta: 898 4
M._fascicularis: 898 4
M._sylvanus: 898 4
Saimiri_sciureus: 898 4
Tarsius_syrichta: 898 4
Alignment(primate-mtDNA)
  12 taxa
  898 sites
  413 patterns

Filter 2-457,660-896
12 taxa
693 sites
361 patterns
  Using BEAGLE version: 3.0.2 resource 0: CPU
    with instance flags:  PRECISION_DOUBLE COMPUTATION_SYNCH EIGEN_REAL SCALING_MANUAL SCALERS_RAW VECTOR_NONE PROCESSOR_CPU FRAMEWORK_CPU
Filter 1,458-659,897-898
12 taxa
205 sites
79 patterns
  Using BEAGLE version: 3.0.2 resource 0: CPU
    with instance flags:  PRECISION_DOUBLE COMPUTATION_SYNCH EIGEN_REAL SCALING_MANUAL SCALERS_RAW VECTOR_NONE PROCESSOR_CPU FRAMEWORK_CPU
===============================================================================
Citations for this model:

Bouckaert RR, Heled J, Kuehnert D, Vaughan TG, Wu C-H, Xie D, Suchard MA,
  Rambaut A, Drummond AJ (2014) BEAST 2: A software platform for Bayesian
  evolutionary analysis. PLoS Computational Biology 10(4): e1003537

===============================================================================
Done testRNA.xml
Processing testYuleOneSite.xml
ExampleXmlParsing::Failed for testYuleOneSite.xml: at unknown node (null)

Error 110 parsing the xml input file

validate and intialize error: null
Done testYuleOneSite.xml
Processing testSimulatedAlignment.xml
ExampleXmlParsing::Failed for testSimulatedAlignment.xml: 
Error 110 parsing the xml input file

validate and intialize error: null

Error detected about here:
  <beast>
      <input id='popSize' spec='beast.core.parameter.RealParameter'>

Done testSimulatedAlignment.xml
Processing testSYM.xml
Lemur_catta: 898 4
Homo_sapiens: 898 4
Pan: 898 4
Gorilla: 898 4
Pongo: 898 4
Hylobates: 898 4
Macaca_fuscata: 898 4
M._mulatta: 898 4
M._fascicularis: 898 4
M._sylvanus: 898 4
Saimiri_sciureus: 898 4
Tarsius_syrichta: 898 4
Alignment(primate-mtDNA)
  12 taxa
  898 sites
  413 patterns

Filter 2-457,660-896
12 taxa
693 sites
361 patterns
  Using BEAGLE version: 3.0.2 resource 0: CPU
    with instance flags:  PRECISION_DOUBLE COMPUTATION_SYNCH EIGEN_REAL SCALING_MANUAL SCALERS_RAW VECTOR_NONE PROCESSOR_CPU FRAMEWORK_CPU
Filter 1,458-659,897-898
12 taxa
205 sites
79 patterns
  Using BEAGLE version: 3.0.2 resource 0: CPU
    with instance flags:  PRECISION_DOUBLE COMPUTATION_SYNCH EIGEN_REAL SCALING_MANUAL SCALERS_RAW VECTOR_NONE PROCESSOR_CPU FRAMEWORK_CPU
===============================================================================
Citations for this model:

Bouckaert RR, Heled J, Kuehnert D, Vaughan TG, Wu C-H, Xie D, Suchard MA,
  Rambaut A, Drummond AJ (2014) BEAST 2: A software platform for Bayesian
  evolutionary analysis. PLoS Computational Biology 10(4): e1003537

===============================================================================
Done testSYM.xml
Processing testStarBeast.xml
ExampleXmlParsing::Failed for testStarBeast.xml: 
Error 110 parsing the xml input file

validate and intialize error: null

Error detected about here:
  <beast>
      <run id='mcmc' spec='MCMC'>
          <state id='State0'>
              <tree id='tree26' name='stateNode'>

Done testStarBeast.xml
Processing testJukesCantorShort.xml
ExampleXmlParsing::Failed for testJukesCantorShort.xml: 
Error 110 parsing the xml input file

validate and intialize error: null

Error detected about here:
  <beast>
      <tree id='tree'>

Done testJukesCantorShort.xml
Processing bitflip.xml
ExampleXmlParsing::Failed for bitflip.xml: 
Error 110 parsing the xml input file

validate and intialize error: null

Error detected about here:
  <beast>
      <parameter id='indicators' name='indicators' spec='BooleanParameter'>

Done bitflip.xml
Processing testClassicRootCalibrationPrior.xml
ExampleXmlParsing::Failed for testClassicRootCalibrationPrior.xml: at unknown node (null)

Error 110 parsing the xml input file

validate and intialize error: null
Done testClassicRootCalibrationPrior.xml
Processing testDirectSimulator2.xml
ExampleXmlParsing::Failed for testDirectSimulator2.xml: at unknown node (null)

Error 110 parsing the xml input file

validate and intialize error: null
Done testDirectSimulator2.xml
Processing testTN93.xml
Lemur_catta: 898 4
Homo_sapiens: 898 4
Pan: 898 4
Gorilla: 898 4
Pongo: 898 4
Hylobates: 898 4
Macaca_fuscata: 898 4
M._mulatta: 898 4
M._fascicularis: 898 4
M._sylvanus: 898 4
Saimiri_sciureus: 898 4
Tarsius_syrichta: 898 4
Alignment(primate-mtDNA)
  12 taxa
  898 sites
  413 patterns

Filter 2-457,660-896
12 taxa
693 sites
361 patterns
  Using BEAGLE version: 3.0.2 resource 0: CPU
    with instance flags:  PRECISION_DOUBLE COMPUTATION_SYNCH EIGEN_REAL SCALING_MANUAL SCALERS_RAW VECTOR_NONE PROCESSOR_CPU FRAMEWORK_CPU
Filter 1,458-659,897-898
12 taxa
205 sites
79 patterns
  Using BEAGLE version: 3.0.2 resource 0: CPU
    with instance flags:  PRECISION_DOUBLE COMPUTATION_SYNCH EIGEN_REAL SCALING_MANUAL SCALERS_RAW VECTOR_NONE PROCESSOR_CPU FRAMEWORK_CPU
===============================================================================
Citations for this model:

Bouckaert RR, Heled J, Kuehnert D, Vaughan TG, Wu C-H, Xie D, Suchard MA,
  Rambaut A, Drummond AJ (2014) BEAST 2: A software platform for Bayesian
  evolutionary analysis. PLoS Computational Biology 10(4): e1003537

Tamura, K., & Nei, M. (1993). Estimation of the number of nucleotide substitutions in the control region of mitochondrial DNA in humans and chimpanzees. Molecular Biology and Evolution, 10(3), 512-526.

===============================================================================
Done testTN93.xml
Processing testJukesCantor.xml
ExampleXmlParsing::Failed for testJukesCantor.xml: 
Error 110 parsing the xml input file

validate and intialize error: null

Error detected about here:
  <beast>
      <tree id='tree'>

Done testJukesCantor.xml
Processing testTIM.xml
Lemur_catta: 898 4
Homo_sapiens: 898 4
Pan: 898 4
Gorilla: 898 4
Pongo: 898 4
Hylobates: 898 4
Macaca_fuscata: 898 4
M._mulatta: 898 4
M._fascicularis: 898 4
M._sylvanus: 898 4
Saimiri_sciureus: 898 4
Tarsius_syrichta: 898 4
Alignment(primate-mtDNA)
  12 taxa
  898 sites
  413 patterns

Filter 2-457,660-896
12 taxa
693 sites
361 patterns
  Using BEAGLE version: 3.0.2 resource 0: CPU
    with instance flags:  PRECISION_DOUBLE COMPUTATION_SYNCH EIGEN_REAL SCALING_MANUAL SCALERS_RAW VECTOR_NONE PROCESSOR_CPU FRAMEWORK_CPU
Filter 1,458-659,897-898
12 taxa
205 sites
79 patterns
  Using BEAGLE version: 3.0.2 resource 0: CPU
    with instance flags:  PRECISION_DOUBLE COMPUTATION_SYNCH EIGEN_REAL SCALING_MANUAL SCALERS_RAW VECTOR_NONE PROCESSOR_CPU FRAMEWORK_CPU
===============================================================================
Citations for this model:

Bouckaert RR, Heled J, Kuehnert D, Vaughan TG, Wu C-H, Xie D, Suchard MA,
  Rambaut A, Drummond AJ (2014) BEAST 2: A software platform for Bayesian
  evolutionary analysis. PLoS Computational Biology 10(4): e1003537

===============================================================================
Done testTIM.xml
Processing testConditionalRootCalibrationPrior.xml
ExampleXmlParsing::Failed for testConditionalRootCalibrationPrior.xml: at unknown node (null)

Error 110 parsing the xml input file

validate and intialize error: null
Done testConditionalRootCalibrationPrior.xml
Processing testDirectSimulator.xml
ExampleXmlParsing::Failed for testDirectSimulator.xml: 
Error 110 parsing the xml input file

validate and intialize error: null

Error detected about here:
  <beast>
      <run spec='DirectSimulator'>
          <distribution id='fullModel' spec='CompoundDistribution'>
              <distribution id='yuleModel' spec='YuleModel'>
                  <tree id='tree' spec='Tree'>
                      <taxonset spec='TaxonSet'>
                          <taxon id='t5' spec='Taxon'>

Done testDirectSimulator.xml
Processing testCalibration.xml
ExampleXmlParsing::Failed for testCalibration.xml: at unknown node (null)

Error 110 parsing the xml input file

validate and intialize error: null
Done testCalibration.xml
Processing testTipDates.xml
ExampleXmlParsing::Failed for testTipDates.xml: 
Error 110 parsing the xml input file

validate and intialize error: null

Error detected about here:
  <beast>
      <distribution id='posterior' spec='util.CompoundDistribution'>
          <distribution id='likelihood' spec='util.CompoundDistribution'>
              <distribution id='treeLikelihood' spec='TreeLikelihood'>
                  <branchRateModel id='StrictClockModel' spec='beast.evolution.branchratemodel.StrictClockModel'>
                      <parameter id='clockRate' name='clock.rate'>

Done testTipDates.xml
Processing testTipDates2.xml
Tarsius_syrichta: 898 4
Lemur_catta: 898 4
Homo_sapiens: 898 4
Pan: 898 4
Gorilla: 898 4
Pongo: 898 4
Hylobates: 898 4
Macaca_fuscata: 898 4
M_mulatta: 898 4
M_fascicularis: 898 4
M_sylvanus: 898 4
Saimiri_sciureus: 898 4
Alignment(Primates)
  12 taxa
  898 sites
  413 patterns

ExampleXmlParsing::Failed for testTipDates2.xml: 
Error 110 parsing the xml input file

validate and intialize error: null

Error detected about here:
  <beast>
      <data id='Primates'>

Done testTipDates2.xml
Processing testTVM.xml
Lemur_catta: 898 4
Homo_sapiens: 898 4
Pan: 898 4
Gorilla: 898 4
Pongo: 898 4
Hylobates: 898 4
Macaca_fuscata: 898 4
M._mulatta: 898 4
M._fascicularis: 898 4
M._sylvanus: 898 4
Saimiri_sciureus: 898 4
Tarsius_syrichta: 898 4
Alignment(primate-mtDNA)
  12 taxa
  898 sites
  413 patterns

Filter 2-457,660-896
12 taxa
693 sites
361 patterns
  Using BEAGLE version: 3.0.2 resource 0: CPU
    with instance flags:  PRECISION_DOUBLE COMPUTATION_SYNCH EIGEN_REAL SCALING_MANUAL SCALERS_RAW VECTOR_NONE PROCESSOR_CPU FRAMEWORK_CPU
Filter 1,458-659,897-898
12 taxa
205 sites
79 patterns
  Using BEAGLE version: 3.0.2 resource 0: CPU
    with instance flags:  PRECISION_DOUBLE COMPUTATION_SYNCH EIGEN_REAL SCALING_MANUAL SCALERS_RAW VECTOR_NONE PROCESSOR_CPU FRAMEWORK_CPU
===============================================================================
Citations for this model:

Bouckaert RR, Heled J, Kuehnert D, Vaughan TG, Wu C-H, Xie D, Suchard MA,
  Rambaut A, Drummond AJ (2014) BEAST 2: A software platform for Bayesian
  evolutionary analysis. PLoS Computational Biology 10(4): e1003537

===============================================================================
Done testTVM.xml
Processing testCalYule_5t_2c.xml
ExampleXmlParsing::Failed for testCalYule_5t_2c.xml: 
Error 110 parsing the xml input file

validate and intialize error: null

Error detected about here:
  <beast>
      <taxonset id='taxa' spec='TaxonSet'>
          <taxon id='b' spec='Taxon'>

Done testCalYule_5t_2c.xml
Processing testDirectSimulatorHierarchical.xml
ExampleXmlParsing::Failed for testDirectSimulatorHierarchical.xml: 
Error 110 parsing the xml input file

validate and intialize error: null

Error detected about here:
  <beast>
      <run spec='DirectSimulator'>
          <distribution spec='CompoundDistribution'>
              <distribution id='meanPriorDist' spec='beast.math.distributions.Prior'>

Done testDirectSimulatorHierarchical.xml
Processing testRelaxedClock.xml
ExampleXmlParsing::Failed for testRelaxedClock.xml: 
Error 110 parsing the xml input file

validate and intialize error: null

Error detected about here:
  <beast>
      <input id='branchRates' spec='UCRelaxedClockModel'>
          <distr id='lognormal' spec='beast.math.distributions.LogNormalDistributionModel'>
              <parameter id='ucld.stdev' name='S'>

Done testRelaxedClock.xml
Processing testTwoCalibrationsPrior.xml
ExampleXmlParsing::Failed for testTwoCalibrationsPrior.xml: at unknown node (null)

Error 110 parsing the xml input file

validate and intialize error: null
Done testTwoCalibrationsPrior.xml
Processing testSliceHKY.xml
ExampleXmlParsing::Failed for testSliceHKY.xml: 
Error 110 parsing the xml input file

validate and intialize error: null

Error detected about here:
  <beast>
      <tree id='tree'>

Done testSliceHKY.xml
Processing testEBSP.xml
ExampleXmlParsing::Failed for testEBSP.xml: 
Error 110 parsing the xml input file

validate and intialize error: null

Error detected about here:
  <beast>
      <run id='mcmc' spec='MCMC'>
          <state>
              <parameter id='populationMean' name='stateNode'>

Done testEBSP.xml
Processing testRandomLocalClock.xml
ExampleXmlParsing::Failed for testRandomLocalClock.xml: 
Error 110 parsing the xml input file

validate and intialize error: null

Error detected about here:
  <beast>
      <input id='branchRates' spec='RandomLocalClockModel'>
          <parameter id='rates' name='rates'>

Done testRandomLocalClock.xml
Processing testYuleUncalibrated.xml
human: 768 4
chimp: 768 4
bonobo: 768 4
gorilla: 768 4
orangutan: 768 4
siamang: 768 4
Alignment(alignment)
  6 taxa
  768 sites
  69 patterns

  Using BEAGLE version: 3.0.2 resource 0: CPU
    with instance flags:  PRECISION_DOUBLE COMPUTATION_SYNCH EIGEN_REAL SCALING_MANUAL SCALERS_RAW VECTOR_NONE PROCESSOR_CPU FRAMEWORK_CPU
===============================================================================
Citations for this model:

Bouckaert RR, Heled J, Kuehnert D, Vaughan TG, Wu C-H, Xie D, Suchard MA,
  Rambaut A, Drummond AJ (2014) BEAST 2: A software platform for Bayesian
  evolutionary analysis. PLoS Computational Biology 10(4): e1003537

Hasegawa M, Kishino H, Yano T (1985) Dating the human-ape splitting by a
  molecular clock of mitochondrial DNA. Journal of Molecular Evolution
  22:160-174.

===============================================================================
Done testYuleUncalibrated.xml
Processing testSeqGen.xml
ExampleXmlParsing::Failed for testSeqGen.xml: at unknown node (null)

Error 110 parsing the xml input file

validate and intialize error: null
Done testSeqGen.xml
Processing testYuleCalibrated.xml
human: 768 4
chimp: 768 4
bonobo: 768 4
gorilla: 768 4
orangutan: 768 4
siamang: 768 4
Alignment(alignment)
  6 taxa
  768 sites
  69 patterns

  Using BEAGLE version: 3.0.2 resource 0: CPU
    with instance flags:  PRECISION_DOUBLE COMPUTATION_SYNCH EIGEN_REAL SCALING_MANUAL SCALERS_RAW VECTOR_NONE PROCESSOR_CPU FRAMEWORK_CPU
===============================================================================
Citations for this model:

Bouckaert RR, Heled J, Kuehnert D, Vaughan TG, Wu C-H, Xie D, Suchard MA,
  Rambaut A, Drummond AJ (2014) BEAST 2: A software platform for Bayesian
  evolutionary analysis. PLoS Computational Biology 10(4): e1003537

Heled J, Drummond AJ (2012) Calibrated Tree Priors for Relaxed Phylogenetics
  and Divergence Time Estimation. Systematic Biology 61(1):138-149.

Hasegawa M, Kishino H, Yano T (1985) Dating the human-ape splitting by a
  molecular clock of mitochondrial DNA. Journal of Molecular Evolution
  22:160-174.

===============================================================================
Done testYuleCalibrated.xml

test_ThatXmlExamplesParse::Failed for : [testJukesCantorShortUncertain2.xml, testExponentialGrowth.xml, testMultipleAlignments_randomTaxaOrder.xml, testCoalescent.xml, testOpSubSchedule.xml, testBSP.xml, testPlates.xml, testJukesCantorShortUncertain.xml, testHKY.xml, testJukesCantorShortUncertain2MLE.xml, testYuleOneSite.xml, testSimulatedAlignment.xml, testStarBeast.xml, testJukesCantorShort.xml, bitflip.xml, testClassicRootCalibrationPrior.xml, testDirectSimulator2.xml, testJukesCantor.xml, testConditionalRootCalibrationPrior.xml, testDirectSimulator.xml, testCalibration.xml, testTipDates.xml, testTipDates2.xml, testCalYule_5t_2c.xml, testDirectSimulatorHierarchical.xml, testRelaxedClock.xml, testTwoCalibrationsPrior.xml, testSliceHKY.xml, testEBSP.xml, testRandomLocalClock.xml, testSeqGen.xml]
]]></system-out>
  <system-err><![CDATA[java.lang.NullPointerException
	at beast.util.XMLParser.initBEASTObjects(Unknown Source)
	at beast.util.XMLParser.parse(Unknown Source)
	at beast.util.XMLParser.parseFile(Unknown Source)
	at beast.util.XMLParser.parseFile(Unknown Source)
	at test.beast.integration.ExampleXmlParsingTest.test_ThatXmlExamplesRun(Unknown Source)
	at test.beast.integration.ExampleXmlParsingTest.test_ThatXmlExamplesRun(Unknown Source)
	at sun.reflect.NativeMethodAccessorImpl.invoke0(Native Method)
	at sun.reflect.NativeMethodAccessorImpl.invoke(NativeMethodAccessorImpl.java:62)
	at sun.reflect.DelegatingMethodAccessorImpl.invoke(DelegatingMethodAccessorImpl.java:43)
	at java.lang.reflect.Method.invoke(Method.java:498)
	at junit.framework.TestCase.runTest(TestCase.java:168)
	at junit.framework.TestCase.runBare(TestCase.java:134)
	at junit.framework.TestResult$1.protect(TestResult.java:110)
	at junit.framework.TestResult.runProtected(TestResult.java:128)
	at junit.framework.TestResult.run(TestResult.java:113)
	at junit.framework.TestCase.run(TestCase.java:124)
	at junit.framework.TestSuite.runTest(TestSuite.java:243)
	at junit.framework.TestSuite.run(TestSuite.java:238)
	at org.apache.tools.ant.taskdefs.optional.junit.JUnitTestRunner.run(JUnitTestRunner.java:534)
	at org.apache.tools.ant.taskdefs.optional.junit.JUnitTestRunner.launch(JUnitTestRunner.java:1196)
	at org.apache.tools.ant.taskdefs.optional.junit.JUnitTestRunner.main(JUnitTestRunner.java:1041)
java.lang.NullPointerException
	at beast.util.XMLParser.initBEASTObjects(Unknown Source)
	at beast.util.XMLParser.parse(Unknown Source)
	at beast.util.XMLParser.parseFile(Unknown Source)
	at beast.util.XMLParser.parseFile(Unknown Source)
	at test.beast.integration.ExampleXmlParsingTest.test_ThatXmlExamplesRun(Unknown Source)
	at test.beast.integration.ExampleXmlParsingTest.test_ThatXmlExamplesRun(Unknown Source)
	at sun.reflect.NativeMethodAccessorImpl.invoke0(Native Method)
	at sun.reflect.NativeMethodAccessorImpl.invoke(NativeMethodAccessorImpl.java:62)
	at sun.reflect.DelegatingMethodAccessorImpl.invoke(DelegatingMethodAccessorImpl.java:43)
	at java.lang.reflect.Method.invoke(Method.java:498)
	at junit.framework.TestCase.runTest(TestCase.java:168)
	at junit.framework.TestCase.runBare(TestCase.java:134)
	at junit.framework.TestResult$1.protect(TestResult.java:110)
	at junit.framework.TestResult.runProtected(TestResult.java:128)
	at junit.framework.TestResult.run(TestResult.java:113)
	at junit.framework.TestCase.run(TestCase.java:124)
	at junit.framework.TestSuite.runTest(TestSuite.java:243)
	at junit.framework.TestSuite.run(TestSuite.java:238)
	at org.apache.tools.ant.taskdefs.optional.junit.JUnitTestRunner.run(JUnitTestRunner.java:534)
	at org.apache.tools.ant.taskdefs.optional.junit.JUnitTestRunner.launch(JUnitTestRunner.java:1196)
	at org.apache.tools.ant.taskdefs.optional.junit.JUnitTestRunner.main(JUnitTestRunner.java:1041)
Element trait found with idref='dateTrait.t:gene1'. All other attributes are ignored.

Element trait found with idref='dateTrait.t:gene1'. All other attributes are ignored.

java.lang.NullPointerException
	at beast.util.XMLParser.initBEASTObjects(Unknown Source)
	at beast.util.XMLParser.parse(Unknown Source)
	at beast.util.XMLParser.parseFile(Unknown Source)
	at beast.util.XMLParser.parseFile(Unknown Source)
	at test.beast.integration.ExampleXmlParsingTest.test_ThatXmlExamplesRun(Unknown Source)
	at test.beast.integration.ExampleXmlParsingTest.test_ThatXmlExamplesRun(Unknown Source)
	at sun.reflect.NativeMethodAccessorImpl.invoke0(Native Method)
	at sun.reflect.NativeMethodAccessorImpl.invoke(NativeMethodAccessorImpl.java:62)
	at sun.reflect.DelegatingMethodAccessorImpl.invoke(DelegatingMethodAccessorImpl.java:43)
	at java.lang.reflect.Method.invoke(Method.java:498)
	at junit.framework.TestCase.runTest(TestCase.java:168)
	at junit.framework.TestCase.runBare(TestCase.java:134)
	at junit.framework.TestResult$1.protect(TestResult.java:110)
	at junit.framework.TestResult.runProtected(TestResult.java:128)
	at junit.framework.TestResult.run(TestResult.java:113)
	at junit.framework.TestCase.run(TestCase.java:124)
	at junit.framework.TestSuite.runTest(TestSuite.java:243)
	at junit.framework.TestSuite.run(TestSuite.java:238)
	at org.apache.tools.ant.taskdefs.optional.junit.JUnitTestRunner.run(JUnitTestRunner.java:534)
	at org.apache.tools.ant.taskdefs.optional.junit.JUnitTestRunner.launch(JUnitTestRunner.java:1196)
	at org.apache.tools.ant.taskdefs.optional.junit.JUnitTestRunner.main(JUnitTestRunner.java:1041)
java.lang.NullPointerException
	at beast.util.XMLParser.initBEASTObjects(Unknown Source)
	at beast.util.XMLParser.parse(Unknown Source)
	at beast.util.XMLParser.parseFile(Unknown Source)
	at beast.util.XMLParser.parseFile(Unknown Source)
	at test.beast.integration.ExampleXmlParsingTest.test_ThatXmlExamplesRun(Unknown Source)
	at test.beast.integration.ExampleXmlParsingTest.test_ThatXmlExamplesRun(Unknown Source)
	at sun.reflect.NativeMethodAccessorImpl.invoke0(Native Method)
	at sun.reflect.NativeMethodAccessorImpl.invoke(NativeMethodAccessorImpl.java:62)
	at sun.reflect.DelegatingMethodAccessorImpl.invoke(DelegatingMethodAccessorImpl.java:43)
	at java.lang.reflect.Method.invoke(Method.java:498)
	at junit.framework.TestCase.runTest(TestCase.java:168)
	at junit.framework.TestCase.runBare(TestCase.java:134)
	at junit.framework.TestResult$1.protect(TestResult.java:110)
	at junit.framework.TestResult.runProtected(TestResult.java:128)
	at junit.framework.TestResult.run(TestResult.java:113)
	at junit.framework.TestCase.run(TestCase.java:124)
	at junit.framework.TestSuite.runTest(TestSuite.java:243)
	at junit.framework.TestSuite.run(TestSuite.java:238)
	at org.apache.tools.ant.taskdefs.optional.junit.JUnitTestRunner.run(JUnitTestRunner.java:534)
	at org.apache.tools.ant.taskdefs.optional.junit.JUnitTestRunner.launch(JUnitTestRunner.java:1196)
	at org.apache.tools.ant.taskdefs.optional.junit.JUnitTestRunner.main(JUnitTestRunner.java:1041)
  Ignoring ambiguities in tree likelihood.
  Ignoring character uncertainty in tree likelihood.
  With 361 unique site patterns.
  Using rescaling scheme : dynamic
  Ignoring ambiguities in tree likelihood.
  Ignoring character uncertainty in tree likelihood.
  With 79 unique site patterns.
  Using rescaling scheme : dynamic
java.lang.NullPointerException
	at beast.util.XMLParser.initBEASTObjects(Unknown Source)
	at beast.util.XMLParser.parse(Unknown Source)
	at beast.util.XMLParser.parseFile(Unknown Source)
	at beast.util.XMLParser.parseFile(Unknown Source)
	at test.beast.integration.ExampleXmlParsingTest.test_ThatXmlExamplesRun(Unknown Source)
	at test.beast.integration.ExampleXmlParsingTest.test_ThatXmlExamplesRun(Unknown Source)
	at sun.reflect.NativeMethodAccessorImpl.invoke0(Native Method)
	at sun.reflect.NativeMethodAccessorImpl.invoke(NativeMethodAccessorImpl.java:62)
	at sun.reflect.DelegatingMethodAccessorImpl.invoke(DelegatingMethodAccessorImpl.java:43)
	at java.lang.reflect.Method.invoke(Method.java:498)
	at junit.framework.TestCase.runTest(TestCase.java:168)
	at junit.framework.TestCase.runBare(TestCase.java:134)
	at junit.framework.TestResult$1.protect(TestResult.java:110)
	at junit.framework.TestResult.runProtected(TestResult.java:128)
	at junit.framework.TestResult.run(TestResult.java:113)
	at junit.framework.TestCase.run(TestCase.java:124)
	at junit.framework.TestSuite.runTest(TestSuite.java:243)
	at junit.framework.TestSuite.run(TestSuite.java:238)
	at org.apache.tools.ant.taskdefs.optional.junit.JUnitTestRunner.run(JUnitTestRunner.java:534)
	at org.apache.tools.ant.taskdefs.optional.junit.JUnitTestRunner.launch(JUnitTestRunner.java:1196)
	at org.apache.tools.ant.taskdefs.optional.junit.JUnitTestRunner.main(JUnitTestRunner.java:1041)
java.lang.NullPointerException
	at beast.util.XMLParser.initBEASTObjects(Unknown Source)
	at beast.util.XMLParser.parse(Unknown Source)
	at beast.util.XMLParser.parseFile(Unknown Source)
	at beast.util.XMLParser.parseFile(Unknown Source)
	at test.beast.integration.ExampleXmlParsingTest.test_ThatXmlExamplesRun(Unknown Source)
	at test.beast.integration.ExampleXmlParsingTest.test_ThatXmlExamplesRun(Unknown Source)
	at sun.reflect.NativeMethodAccessorImpl.invoke0(Native Method)
	at sun.reflect.NativeMethodAccessorImpl.invoke(NativeMethodAccessorImpl.java:62)
	at sun.reflect.DelegatingMethodAccessorImpl.invoke(DelegatingMethodAccessorImpl.java:43)
	at java.lang.reflect.Method.invoke(Method.java:498)
	at junit.framework.TestCase.runTest(TestCase.java:168)
	at junit.framework.TestCase.runBare(TestCase.java:134)
	at junit.framework.TestResult$1.protect(TestResult.java:110)
	at junit.framework.TestResult.runProtected(TestResult.java:128)
	at junit.framework.TestResult.run(TestResult.java:113)
	at junit.framework.TestCase.run(TestCase.java:124)
	at junit.framework.TestSuite.runTest(TestSuite.java:243)
	at junit.framework.TestSuite.run(TestSuite.java:238)
	at org.apache.tools.ant.taskdefs.optional.junit.JUnitTestRunner.run(JUnitTestRunner.java:534)
	at org.apache.tools.ant.taskdefs.optional.junit.JUnitTestRunner.launch(JUnitTestRunner.java:1196)
	at org.apache.tools.ant.taskdefs.optional.junit.JUnitTestRunner.main(JUnitTestRunner.java:1041)
java.lang.NullPointerException
	at beast.util.XMLParser.initBEASTObjects(Unknown Source)
	at beast.util.XMLParser.parse(Unknown Source)
	at beast.util.XMLParser.parseFile(Unknown Source)
	at beast.util.XMLParser.parseFile(Unknown Source)
	at test.beast.integration.ExampleXmlParsingTest.test_ThatXmlExamplesRun(Unknown Source)
	at test.beast.integration.ExampleXmlParsingTest.test_ThatXmlExamplesRun(Unknown Source)
	at sun.reflect.NativeMethodAccessorImpl.invoke0(Native Method)
	at sun.reflect.NativeMethodAccessorImpl.invoke(NativeMethodAccessorImpl.java:62)
	at sun.reflect.DelegatingMethodAccessorImpl.invoke(DelegatingMethodAccessorImpl.java:43)
	at java.lang.reflect.Method.invoke(Method.java:498)
	at junit.framework.TestCase.runTest(TestCase.java:168)
	at junit.framework.TestCase.runBare(TestCase.java:134)
	at junit.framework.TestResult$1.protect(TestResult.java:110)
	at junit.framework.TestResult.runProtected(TestResult.java:128)
	at junit.framework.TestResult.run(TestResult.java:113)
	at junit.framework.TestCase.run(TestCase.java:124)
	at junit.framework.TestSuite.runTest(TestSuite.java:243)
	at junit.framework.TestSuite.run(TestSuite.java:238)
	at org.apache.tools.ant.taskdefs.optional.junit.JUnitTestRunner.run(JUnitTestRunner.java:534)
	at org.apache.tools.ant.taskdefs.optional.junit.JUnitTestRunner.launch(JUnitTestRunner.java:1196)
	at org.apache.tools.ant.taskdefs.optional.junit.JUnitTestRunner.main(JUnitTestRunner.java:1041)
java.lang.NullPointerException
	at beast.util.XMLParser.initBEASTObjects(Unknown Source)
	at beast.util.XMLParser.parse(Unknown Source)
	at beast.util.XMLParser.parseFile(Unknown Source)
	at beast.util.XMLParser.parseFile(Unknown Source)
	at test.beast.integration.ExampleXmlParsingTest.test_ThatXmlExamplesRun(Unknown Source)
	at test.beast.integration.ExampleXmlParsingTest.test_ThatXmlExamplesRun(Unknown Source)
	at sun.reflect.NativeMethodAccessorImpl.invoke0(Native Method)
	at sun.reflect.NativeMethodAccessorImpl.invoke(NativeMethodAccessorImpl.java:62)
	at sun.reflect.DelegatingMethodAccessorImpl.invoke(DelegatingMethodAccessorImpl.java:43)
	at java.lang.reflect.Method.invoke(Method.java:498)
	at junit.framework.TestCase.runTest(TestCase.java:168)
	at junit.framework.TestCase.runBare(TestCase.java:134)
	at junit.framework.TestResult$1.protect(TestResult.java:110)
	at junit.framework.TestResult.runProtected(TestResult.java:128)
	at junit.framework.TestResult.run(TestResult.java:113)
	at junit.framework.TestCase.run(TestCase.java:124)
	at junit.framework.TestSuite.runTest(TestSuite.java:243)
	at junit.framework.TestSuite.run(TestSuite.java:238)
	at org.apache.tools.ant.taskdefs.optional.junit.JUnitTestRunner.run(JUnitTestRunner.java:534)
	at org.apache.tools.ant.taskdefs.optional.junit.JUnitTestRunner.launch(JUnitTestRunner.java:1196)
	at org.apache.tools.ant.taskdefs.optional.junit.JUnitTestRunner.main(JUnitTestRunner.java:1041)
  Ignoring ambiguities in tree likelihood.
  Ignoring character uncertainty in tree likelihood.
  With 342 unique site patterns.
  Using rescaling scheme : dynamic
  Ignoring ambiguities in tree likelihood.
  Ignoring character uncertainty in tree likelihood.
  With 109 unique site patterns.
  Using rescaling scheme : dynamic

WARNING: StateNode (RealParameter7) found that has no effect on posterior!


WARNING: StateNode (RealParameter6) found that has no effect on posterior!

Warning: state contains a node RealParameter7 for which there is no operator.
Warning: state contains a node RealParameter6 for which there is no operator.
java.lang.NullPointerException
	at beast.util.XMLParser.initBEASTObjects(Unknown Source)
	at beast.util.XMLParser.parse(Unknown Source)
	at beast.util.XMLParser.parseFile(Unknown Source)
	at beast.util.XMLParser.parseFile(Unknown Source)
	at test.beast.integration.ExampleXmlParsingTest.test_ThatXmlExamplesRun(Unknown Source)
	at test.beast.integration.ExampleXmlParsingTest.test_ThatXmlExamplesRun(Unknown Source)
	at sun.reflect.NativeMethodAccessorImpl.invoke0(Native Method)
	at sun.reflect.NativeMethodAccessorImpl.invoke(NativeMethodAccessorImpl.java:62)
	at sun.reflect.DelegatingMethodAccessorImpl.invoke(DelegatingMethodAccessorImpl.java:43)
	at java.lang.reflect.Method.invoke(Method.java:498)
	at junit.framework.TestCase.runTest(TestCase.java:168)
	at junit.framework.TestCase.runBare(TestCase.java:134)
	at junit.framework.TestResult$1.protect(TestResult.java:110)
	at junit.framework.TestResult.runProtected(TestResult.java:128)
	at junit.framework.TestResult.run(TestResult.java:113)
	at junit.framework.TestCase.run(TestCase.java:124)
	at junit.framework.TestSuite.runTest(TestSuite.java:243)
	at junit.framework.TestSuite.run(TestSuite.java:238)
	at org.apache.tools.ant.taskdefs.optional.junit.JUnitTestRunner.run(JUnitTestRunner.java:534)
	at org.apache.tools.ant.taskdefs.optional.junit.JUnitTestRunner.launch(JUnitTestRunner.java:1196)
	at org.apache.tools.ant.taskdefs.optional.junit.JUnitTestRunner.main(JUnitTestRunner.java:1041)
java.lang.NullPointerException
	at beast.util.XMLParser.initBEASTObjects(Unknown Source)
	at beast.util.XMLParser.parse(Unknown Source)
	at beast.util.XMLParser.parseFile(Unknown Source)
	at beast.util.XMLParser.parseFile(Unknown Source)
	at test.beast.integration.ExampleXmlParsingTest.test_ThatXmlExamplesRun(Unknown Source)
	at test.beast.integration.ExampleXmlParsingTest.test_ThatXmlExamplesRun(Unknown Source)
	at sun.reflect.NativeMethodAccessorImpl.invoke0(Native Method)
	at sun.reflect.NativeMethodAccessorImpl.invoke(NativeMethodAccessorImpl.java:62)
	at sun.reflect.DelegatingMethodAccessorImpl.invoke(DelegatingMethodAccessorImpl.java:43)
	at java.lang.reflect.Method.invoke(Method.java:498)
	at junit.framework.TestCase.runTest(TestCase.java:168)
	at junit.framework.TestCase.runBare(TestCase.java:134)
	at junit.framework.TestResult$1.protect(TestResult.java:110)
	at junit.framework.TestResult.runProtected(TestResult.java:128)
	at junit.framework.TestResult.run(TestResult.java:113)
	at junit.framework.TestCase.run(TestCase.java:124)
	at junit.framework.TestSuite.runTest(TestSuite.java:243)
	at junit.framework.TestSuite.run(TestSuite.java:238)
	at org.apache.tools.ant.taskdefs.optional.junit.JUnitTestRunner.run(JUnitTestRunner.java:534)
	at org.apache.tools.ant.taskdefs.optional.junit.JUnitTestRunner.launch(JUnitTestRunner.java:1196)
	at org.apache.tools.ant.taskdefs.optional.junit.JUnitTestRunner.main(JUnitTestRunner.java:1041)
  Ignoring ambiguities in tree likelihood.
  Ignoring character uncertainty in tree likelihood.
  With 361 unique site patterns.
  Using rescaling scheme : dynamic
  Ignoring ambiguities in tree likelihood.
  Ignoring character uncertainty in tree likelihood.
  With 79 unique site patterns.
  Using rescaling scheme : dynamic
  Ignoring ambiguities in tree likelihood.
  Ignoring character uncertainty in tree likelihood.
  With 361 unique site patterns.
  Using rescaling scheme : dynamic
  Ignoring ambiguities in tree likelihood.
  Ignoring character uncertainty in tree likelihood.
  With 79 unique site patterns.
  Using rescaling scheme : dynamic
java.lang.NullPointerException
	at beast.util.XMLParser.initBEASTObjects(Unknown Source)
	at beast.util.XMLParser.parse(Unknown Source)
	at beast.util.XMLParser.parseFile(Unknown Source)
	at beast.util.XMLParser.parseFile(Unknown Source)
	at test.beast.integration.ExampleXmlParsingTest.test_ThatXmlExamplesRun(Unknown Source)
	at test.beast.integration.ExampleXmlParsingTest.test_ThatXmlExamplesRun(Unknown Source)
	at sun.reflect.NativeMethodAccessorImpl.invoke0(Native Method)
	at sun.reflect.NativeMethodAccessorImpl.invoke(NativeMethodAccessorImpl.java:62)
	at sun.reflect.DelegatingMethodAccessorImpl.invoke(DelegatingMethodAccessorImpl.java:43)
	at java.lang.reflect.Method.invoke(Method.java:498)
	at junit.framework.TestCase.runTest(TestCase.java:168)
	at junit.framework.TestCase.runBare(TestCase.java:134)
	at junit.framework.TestResult$1.protect(TestResult.java:110)
	at junit.framework.TestResult.runProtected(TestResult.java:128)
	at junit.framework.TestResult.run(TestResult.java:113)
	at junit.framework.TestCase.run(TestCase.java:124)
	at junit.framework.TestSuite.runTest(TestSuite.java:243)
	at junit.framework.TestSuite.run(TestSuite.java:238)
	at org.apache.tools.ant.taskdefs.optional.junit.JUnitTestRunner.run(JUnitTestRunner.java:534)
	at org.apache.tools.ant.taskdefs.optional.junit.JUnitTestRunner.launch(JUnitTestRunner.java:1196)
	at org.apache.tools.ant.taskdefs.optional.junit.JUnitTestRunner.main(JUnitTestRunner.java:1041)
java.lang.NullPointerException
	at beast.util.XMLParser.initBEASTObjects(Unknown Source)
	at beast.util.XMLParser.parse(Unknown Source)
	at beast.util.XMLParser.parseFile(Unknown Source)
	at beast.util.XMLParser.parseFile(Unknown Source)
	at test.beast.integration.ExampleXmlParsingTest.test_ThatXmlExamplesRun(Unknown Source)
	at test.beast.integration.ExampleXmlParsingTest.test_ThatXmlExamplesRun(Unknown Source)
	at sun.reflect.NativeMethodAccessorImpl.invoke0(Native Method)
	at sun.reflect.NativeMethodAccessorImpl.invoke(NativeMethodAccessorImpl.java:62)
	at sun.reflect.DelegatingMethodAccessorImpl.invoke(DelegatingMethodAccessorImpl.java:43)
	at java.lang.reflect.Method.invoke(Method.java:498)
	at junit.framework.TestCase.runTest(TestCase.java:168)
	at junit.framework.TestCase.runBare(TestCase.java:134)
	at junit.framework.TestResult$1.protect(TestResult.java:110)
	at junit.framework.TestResult.runProtected(TestResult.java:128)
	at junit.framework.TestResult.run(TestResult.java:113)
	at junit.framework.TestCase.run(TestCase.java:124)
	at junit.framework.TestSuite.runTest(TestSuite.java:243)
	at junit.framework.TestSuite.run(TestSuite.java:238)
	at org.apache.tools.ant.taskdefs.optional.junit.JUnitTestRunner.run(JUnitTestRunner.java:534)
	at org.apache.tools.ant.taskdefs.optional.junit.JUnitTestRunner.launch(JUnitTestRunner.java:1196)
	at org.apache.tools.ant.taskdefs.optional.junit.JUnitTestRunner.main(JUnitTestRunner.java:1041)
  Ignoring ambiguities in tree likelihood.
  Ignoring character uncertainty in tree likelihood.
  With 361 unique site patterns.
  Using rescaling scheme : dynamic
  Ignoring ambiguities in tree likelihood.
  Ignoring character uncertainty in tree likelihood.
  With 79 unique site patterns.
  Using rescaling scheme : dynamic
Warning: state contains a node freqParameter.s:primate for which there is no operator.
java.lang.NullPointerException
	at beast.util.XMLParser.initBEASTObjects(Unknown Source)
	at beast.util.XMLParser.parse(Unknown Source)
	at beast.util.XMLParser.parseFile(Unknown Source)
	at beast.util.XMLParser.parseFile(Unknown Source)
	at test.beast.integration.ExampleXmlParsingTest.test_ThatXmlExamplesRun(Unknown Source)
	at test.beast.integration.ExampleXmlParsingTest.test_ThatXmlExamplesRun(Unknown Source)
	at sun.reflect.NativeMethodAccessorImpl.invoke0(Native Method)
	at sun.reflect.NativeMethodAccessorImpl.invoke(NativeMethodAccessorImpl.java:62)
	at sun.reflect.DelegatingMethodAccessorImpl.invoke(DelegatingMethodAccessorImpl.java:43)
	at java.lang.reflect.Method.invoke(Method.java:498)
	at junit.framework.TestCase.runTest(TestCase.java:168)
	at junit.framework.TestCase.runBare(TestCase.java:134)
	at junit.framework.TestResult$1.protect(TestResult.java:110)
	at junit.framework.TestResult.runProtected(TestResult.java:128)
	at junit.framework.TestResult.run(TestResult.java:113)
	at junit.framework.TestCase.run(TestCase.java:124)
	at junit.framework.TestSuite.runTest(TestSuite.java:243)
	at junit.framework.TestSuite.run(TestSuite.java:238)
	at org.apache.tools.ant.taskdefs.optional.junit.JUnitTestRunner.run(JUnitTestRunner.java:534)
	at org.apache.tools.ant.taskdefs.optional.junit.JUnitTestRunner.launch(JUnitTestRunner.java:1196)
	at org.apache.tools.ant.taskdefs.optional.junit.JUnitTestRunner.main(JUnitTestRunner.java:1041)
java.lang.NullPointerException
	at beast.util.XMLParser.initBEASTObjects(Unknown Source)
	at beast.util.XMLParser.parse(Unknown Source)
	at beast.util.XMLParser.parseFile(Unknown Source)
	at beast.util.XMLParser.parseFile(Unknown Source)
	at test.beast.integration.ExampleXmlParsingTest.test_ThatXmlExamplesRun(Unknown Source)
	at test.beast.integration.ExampleXmlParsingTest.test_ThatXmlExamplesRun(Unknown Source)
	at sun.reflect.NativeMethodAccessorImpl.invoke0(Native Method)
	at sun.reflect.NativeMethodAccessorImpl.invoke(NativeMethodAccessorImpl.java:62)
	at sun.reflect.DelegatingMethodAccessorImpl.invoke(DelegatingMethodAccessorImpl.java:43)
	at java.lang.reflect.Method.invoke(Method.java:498)
	at junit.framework.TestCase.runTest(TestCase.java:168)
	at junit.framework.TestCase.runBare(TestCase.java:134)
	at junit.framework.TestResult$1.protect(TestResult.java:110)
	at junit.framework.TestResult.runProtected(TestResult.java:128)
	at junit.framework.TestResult.run(TestResult.java:113)
	at junit.framework.TestCase.run(TestCase.java:124)
	at junit.framework.TestSuite.runTest(TestSuite.java:243)
	at junit.framework.TestSuite.run(TestSuite.java:238)
	at org.apache.tools.ant.taskdefs.optional.junit.JUnitTestRunner.run(JUnitTestRunner.java:534)
	at org.apache.tools.ant.taskdefs.optional.junit.JUnitTestRunner.launch(JUnitTestRunner.java:1196)
	at org.apache.tools.ant.taskdefs.optional.junit.JUnitTestRunner.main(JUnitTestRunner.java:1041)
java.lang.NullPointerException
	at beast.util.XMLParser.initBEASTObjects(Unknown Source)
	at beast.util.XMLParser.parse(Unknown Source)
	at beast.util.XMLParser.parseFile(Unknown Source)
	at beast.util.XMLParser.parseFile(Unknown Source)
	at test.beast.integration.ExampleXmlParsingTest.test_ThatXmlExamplesRun(Unknown Source)
	at test.beast.integration.ExampleXmlParsingTest.test_ThatXmlExamplesRun(Unknown Source)
	at sun.reflect.NativeMethodAccessorImpl.invoke0(Native Method)
	at sun.reflect.NativeMethodAccessorImpl.invoke(NativeMethodAccessorImpl.java:62)
	at sun.reflect.DelegatingMethodAccessorImpl.invoke(DelegatingMethodAccessorImpl.java:43)
	at java.lang.reflect.Method.invoke(Method.java:498)
	at junit.framework.TestCase.runTest(TestCase.java:168)
	at junit.framework.TestCase.runBare(TestCase.java:134)
	at junit.framework.TestResult$1.protect(TestResult.java:110)
	at junit.framework.TestResult.runProtected(TestResult.java:128)
	at junit.framework.TestResult.run(TestResult.java:113)
	at junit.framework.TestCase.run(TestCase.java:124)
	at junit.framework.TestSuite.runTest(TestSuite.java:243)
	at junit.framework.TestSuite.run(TestSuite.java:238)
	at org.apache.tools.ant.taskdefs.optional.junit.JUnitTestRunner.run(JUnitTestRunner.java:534)
	at org.apache.tools.ant.taskdefs.optional.junit.JUnitTestRunner.launch(JUnitTestRunner.java:1196)
	at org.apache.tools.ant.taskdefs.optional.junit.JUnitTestRunner.main(JUnitTestRunner.java:1041)
java.lang.NullPointerException
	at beast.util.XMLParser.initBEASTObjects(Unknown Source)
	at beast.util.XMLParser.parse(Unknown Source)
	at beast.util.XMLParser.parseFile(Unknown Source)
	at beast.util.XMLParser.parseFile(Unknown Source)
	at test.beast.integration.ExampleXmlParsingTest.test_ThatXmlExamplesRun(Unknown Source)
	at test.beast.integration.ExampleXmlParsingTest.test_ThatXmlExamplesRun(Unknown Source)
	at sun.reflect.NativeMethodAccessorImpl.invoke0(Native Method)
	at sun.reflect.NativeMethodAccessorImpl.invoke(NativeMethodAccessorImpl.java:62)
	at sun.reflect.DelegatingMethodAccessorImpl.invoke(DelegatingMethodAccessorImpl.java:43)
	at java.lang.reflect.Method.invoke(Method.java:498)
	at junit.framework.TestCase.runTest(TestCase.java:168)
	at junit.framework.TestCase.runBare(TestCase.java:134)
	at junit.framework.TestResult$1.protect(TestResult.java:110)
	at junit.framework.TestResult.runProtected(TestResult.java:128)
	at junit.framework.TestResult.run(TestResult.java:113)
	at junit.framework.TestCase.run(TestCase.java:124)
	at junit.framework.TestSuite.runTest(TestSuite.java:243)
	at junit.framework.TestSuite.run(TestSuite.java:238)
	at org.apache.tools.ant.taskdefs.optional.junit.JUnitTestRunner.run(JUnitTestRunner.java:534)
	at org.apache.tools.ant.taskdefs.optional.junit.JUnitTestRunner.launch(JUnitTestRunner.java:1196)
	at org.apache.tools.ant.taskdefs.optional.junit.JUnitTestRunner.main(JUnitTestRunner.java:1041)
java.lang.NullPointerException
	at beast.util.XMLParser.initBEASTObjects(Unknown Source)
	at beast.util.XMLParser.parse(Unknown Source)
	at beast.util.XMLParser.parseFile(Unknown Source)
	at beast.util.XMLParser.parseFile(Unknown Source)
	at test.beast.integration.ExampleXmlParsingTest.test_ThatXmlExamplesRun(Unknown Source)
	at test.beast.integration.ExampleXmlParsingTest.test_ThatXmlExamplesRun(Unknown Source)
	at sun.reflect.NativeMethodAccessorImpl.invoke0(Native Method)
	at sun.reflect.NativeMethodAccessorImpl.invoke(NativeMethodAccessorImpl.java:62)
	at sun.reflect.DelegatingMethodAccessorImpl.invoke(DelegatingMethodAccessorImpl.java:43)
	at java.lang.reflect.Method.invoke(Method.java:498)
	at junit.framework.TestCase.runTest(TestCase.java:168)
	at junit.framework.TestCase.runBare(TestCase.java:134)
	at junit.framework.TestResult$1.protect(TestResult.java:110)
	at junit.framework.TestResult.runProtected(TestResult.java:128)
	at junit.framework.TestResult.run(TestResult.java:113)
	at junit.framework.TestCase.run(TestCase.java:124)
	at junit.framework.TestSuite.runTest(TestSuite.java:243)
	at junit.framework.TestSuite.run(TestSuite.java:238)
	at org.apache.tools.ant.taskdefs.optional.junit.JUnitTestRunner.run(JUnitTestRunner.java:534)
	at org.apache.tools.ant.taskdefs.optional.junit.JUnitTestRunner.launch(JUnitTestRunner.java:1196)
	at org.apache.tools.ant.taskdefs.optional.junit.JUnitTestRunner.main(JUnitTestRunner.java:1041)
  Ignoring ambiguities in tree likelihood.
  Ignoring character uncertainty in tree likelihood.
  With 361 unique site patterns.
  Using rescaling scheme : dynamic
  Ignoring ambiguities in tree likelihood.
  Ignoring character uncertainty in tree likelihood.
  With 79 unique site patterns.
  Using rescaling scheme : dynamic
java.lang.NullPointerException
	at beast.util.XMLParser.initBEASTObjects(Unknown Source)
	at beast.util.XMLParser.parse(Unknown Source)
	at beast.util.XMLParser.parseFile(Unknown Source)
	at beast.util.XMLParser.parseFile(Unknown Source)
	at test.beast.integration.ExampleXmlParsingTest.test_ThatXmlExamplesRun(Unknown Source)
	at test.beast.integration.ExampleXmlParsingTest.test_ThatXmlExamplesRun(Unknown Source)
	at sun.reflect.NativeMethodAccessorImpl.invoke0(Native Method)
	at sun.reflect.NativeMethodAccessorImpl.invoke(NativeMethodAccessorImpl.java:62)
	at sun.reflect.DelegatingMethodAccessorImpl.invoke(DelegatingMethodAccessorImpl.java:43)
	at java.lang.reflect.Method.invoke(Method.java:498)
	at junit.framework.TestCase.runTest(TestCase.java:168)
	at junit.framework.TestCase.runBare(TestCase.java:134)
	at junit.framework.TestResult$1.protect(TestResult.java:110)
	at junit.framework.TestResult.runProtected(TestResult.java:128)
	at junit.framework.TestResult.run(TestResult.java:113)
	at junit.framework.TestCase.run(TestCase.java:124)
	at junit.framework.TestSuite.runTest(TestSuite.java:243)
	at junit.framework.TestSuite.run(TestSuite.java:238)
	at org.apache.tools.ant.taskdefs.optional.junit.JUnitTestRunner.run(JUnitTestRunner.java:534)
	at org.apache.tools.ant.taskdefs.optional.junit.JUnitTestRunner.launch(JUnitTestRunner.java:1196)
	at org.apache.tools.ant.taskdefs.optional.junit.JUnitTestRunner.main(JUnitTestRunner.java:1041)
  Ignoring ambiguities in tree likelihood.
  Ignoring character uncertainty in tree likelihood.
  With 361 unique site patterns.
  Using rescaling scheme : dynamic
  Ignoring ambiguities in tree likelihood.
  Ignoring character uncertainty in tree likelihood.
  With 79 unique site patterns.
  Using rescaling scheme : dynamic
java.lang.NullPointerException
	at beast.util.XMLParser.initBEASTObjects(Unknown Source)
	at beast.util.XMLParser.parse(Unknown Source)
	at beast.util.XMLParser.parseFile(Unknown Source)
	at beast.util.XMLParser.parseFile(Unknown Source)
	at test.beast.integration.ExampleXmlParsingTest.test_ThatXmlExamplesRun(Unknown Source)
	at test.beast.integration.ExampleXmlParsingTest.test_ThatXmlExamplesRun(Unknown Source)
	at sun.reflect.NativeMethodAccessorImpl.invoke0(Native Method)
	at sun.reflect.NativeMethodAccessorImpl.invoke(NativeMethodAccessorImpl.java:62)
	at sun.reflect.DelegatingMethodAccessorImpl.invoke(DelegatingMethodAccessorImpl.java:43)
	at java.lang.reflect.Method.invoke(Method.java:498)
	at junit.framework.TestCase.runTest(TestCase.java:168)
	at junit.framework.TestCase.runBare(TestCase.java:134)
	at junit.framework.TestResult$1.protect(TestResult.java:110)
	at junit.framework.TestResult.runProtected(TestResult.java:128)
	at junit.framework.TestResult.run(TestResult.java:113)
	at junit.framework.TestCase.run(TestCase.java:124)
	at junit.framework.TestSuite.runTest(TestSuite.java:243)
	at junit.framework.TestSuite.run(TestSuite.java:238)
	at org.apache.tools.ant.taskdefs.optional.junit.JUnitTestRunner.run(JUnitTestRunner.java:534)
	at org.apache.tools.ant.taskdefs.optional.junit.JUnitTestRunner.launch(JUnitTestRunner.java:1196)
	at org.apache.tools.ant.taskdefs.optional.junit.JUnitTestRunner.main(JUnitTestRunner.java:1041)
Element x found with idref='birthDiffRateParam'. All other attributes are ignored.

java.lang.NullPointerException
	at beast.util.XMLParser.initBEASTObjects(Unknown Source)
	at beast.util.XMLParser.parse(Unknown Source)
	at beast.util.XMLParser.parseFile(Unknown Source)
	at beast.util.XMLParser.parseFile(Unknown Source)
	at test.beast.integration.ExampleXmlParsingTest.test_ThatXmlExamplesRun(Unknown Source)
	at test.beast.integration.ExampleXmlParsingTest.test_ThatXmlExamplesRun(Unknown Source)
	at sun.reflect.NativeMethodAccessorImpl.invoke0(Native Method)
	at sun.reflect.NativeMethodAccessorImpl.invoke(NativeMethodAccessorImpl.java:62)
	at sun.reflect.DelegatingMethodAccessorImpl.invoke(DelegatingMethodAccessorImpl.java:43)
	at java.lang.reflect.Method.invoke(Method.java:498)
	at junit.framework.TestCase.runTest(TestCase.java:168)
	at junit.framework.TestCase.runBare(TestCase.java:134)
	at junit.framework.TestResult$1.protect(TestResult.java:110)
	at junit.framework.TestResult.runProtected(TestResult.java:128)
	at junit.framework.TestResult.run(TestResult.java:113)
	at junit.framework.TestCase.run(TestCase.java:124)
	at junit.framework.TestSuite.runTest(TestSuite.java:243)
	at junit.framework.TestSuite.run(TestSuite.java:238)
	at org.apache.tools.ant.taskdefs.optional.junit.JUnitTestRunner.run(JUnitTestRunner.java:534)
	at org.apache.tools.ant.taskdefs.optional.junit.JUnitTestRunner.launch(JUnitTestRunner.java:1196)
	at org.apache.tools.ant.taskdefs.optional.junit.JUnitTestRunner.main(JUnitTestRunner.java:1041)
Element taxon found with idref='human'. All other attributes are ignored.

Element taxon found with idref='chimp'. All other attributes are ignored.

java.lang.NullPointerException
	at beast.util.XMLParser.initBEASTObjects(Unknown Source)
	at beast.util.XMLParser.parse(Unknown Source)
	at beast.util.XMLParser.parseFile(Unknown Source)
	at beast.util.XMLParser.parseFile(Unknown Source)
	at test.beast.integration.ExampleXmlParsingTest.test_ThatXmlExamplesRun(Unknown Source)
	at test.beast.integration.ExampleXmlParsingTest.test_ThatXmlExamplesRun(Unknown Source)
	at sun.reflect.NativeMethodAccessorImpl.invoke0(Native Method)
	at sun.reflect.NativeMethodAccessorImpl.invoke(NativeMethodAccessorImpl.java:62)
	at sun.reflect.DelegatingMethodAccessorImpl.invoke(DelegatingMethodAccessorImpl.java:43)
	at java.lang.reflect.Method.invoke(Method.java:498)
	at junit.framework.TestCase.runTest(TestCase.java:168)
	at junit.framework.TestCase.runBare(TestCase.java:134)
	at junit.framework.TestResult$1.protect(TestResult.java:110)
	at junit.framework.TestResult.runProtected(TestResult.java:128)
	at junit.framework.TestResult.run(TestResult.java:113)
	at junit.framework.TestCase.run(TestCase.java:124)
	at junit.framework.TestSuite.runTest(TestSuite.java:243)
	at junit.framework.TestSuite.run(TestSuite.java:238)
	at org.apache.tools.ant.taskdefs.optional.junit.JUnitTestRunner.run(JUnitTestRunner.java:534)
	at org.apache.tools.ant.taskdefs.optional.junit.JUnitTestRunner.launch(JUnitTestRunner.java:1196)
	at org.apache.tools.ant.taskdefs.optional.junit.JUnitTestRunner.main(JUnitTestRunner.java:1041)
java.lang.NullPointerException
	at beast.util.XMLParser.initBEASTObjects(Unknown Source)
	at beast.util.XMLParser.parse(Unknown Source)
	at beast.util.XMLParser.parseFile(Unknown Source)
	at beast.util.XMLParser.parseFile(Unknown Source)
	at test.beast.integration.ExampleXmlParsingTest.test_ThatXmlExamplesRun(Unknown Source)
	at test.beast.integration.ExampleXmlParsingTest.test_ThatXmlExamplesRun(Unknown Source)
	at sun.reflect.NativeMethodAccessorImpl.invoke0(Native Method)
	at sun.reflect.NativeMethodAccessorImpl.invoke(NativeMethodAccessorImpl.java:62)
	at sun.reflect.DelegatingMethodAccessorImpl.invoke(DelegatingMethodAccessorImpl.java:43)
	at java.lang.reflect.Method.invoke(Method.java:498)
	at junit.framework.TestCase.runTest(TestCase.java:168)
	at junit.framework.TestCase.runBare(TestCase.java:134)
	at junit.framework.TestResult$1.protect(TestResult.java:110)
	at junit.framework.TestResult.runProtected(TestResult.java:128)
	at junit.framework.TestResult.run(TestResult.java:113)
	at junit.framework.TestCase.run(TestCase.java:124)
	at junit.framework.TestSuite.runTest(TestSuite.java:243)
	at junit.framework.TestSuite.run(TestSuite.java:238)
	at org.apache.tools.ant.taskdefs.optional.junit.JUnitTestRunner.run(JUnitTestRunner.java:534)
	at org.apache.tools.ant.taskdefs.optional.junit.JUnitTestRunner.launch(JUnitTestRunner.java:1196)
	at org.apache.tools.ant.taskdefs.optional.junit.JUnitTestRunner.main(JUnitTestRunner.java:1041)
java.lang.NullPointerException
	at beast.util.XMLParser.initBEASTObjects(Unknown Source)
	at beast.util.XMLParser.parse(Unknown Source)
	at beast.util.XMLParser.parseFile(Unknown Source)
	at beast.util.XMLParser.parseFile(Unknown Source)
	at test.beast.integration.ExampleXmlParsingTest.test_ThatXmlExamplesRun(Unknown Source)
	at test.beast.integration.ExampleXmlParsingTest.test_ThatXmlExamplesRun(Unknown Source)
	at sun.reflect.NativeMethodAccessorImpl.invoke0(Native Method)
	at sun.reflect.NativeMethodAccessorImpl.invoke(NativeMethodAccessorImpl.java:62)
	at sun.reflect.DelegatingMethodAccessorImpl.invoke(DelegatingMethodAccessorImpl.java:43)
	at java.lang.reflect.Method.invoke(Method.java:498)
	at junit.framework.TestCase.runTest(TestCase.java:168)
	at junit.framework.TestCase.runBare(TestCase.java:134)
	at junit.framework.TestResult$1.protect(TestResult.java:110)
	at junit.framework.TestResult.runProtected(TestResult.java:128)
	at junit.framework.TestResult.run(TestResult.java:113)
	at junit.framework.TestCase.run(TestCase.java:124)
	at junit.framework.TestSuite.runTest(TestSuite.java:243)
	at junit.framework.TestSuite.run(TestSuite.java:238)
	at org.apache.tools.ant.taskdefs.optional.junit.JUnitTestRunner.run(JUnitTestRunner.java:534)
	at org.apache.tools.ant.taskdefs.optional.junit.JUnitTestRunner.launch(JUnitTestRunner.java:1196)
	at org.apache.tools.ant.taskdefs.optional.junit.JUnitTestRunner.main(JUnitTestRunner.java:1041)
  Ignoring ambiguities in tree likelihood.
  Ignoring character uncertainty in tree likelihood.
  With 361 unique site patterns.
  Using rescaling scheme : dynamic
  Ignoring ambiguities in tree likelihood.
  Ignoring character uncertainty in tree likelihood.
  With 79 unique site patterns.
  Using rescaling scheme : dynamic
java.lang.NullPointerException
	at beast.util.XMLParser.initBEASTObjects(Unknown Source)
	at beast.util.XMLParser.parse(Unknown Source)
	at beast.util.XMLParser.parseFile(Unknown Source)
	at beast.util.XMLParser.parseFile(Unknown Source)
	at test.beast.integration.ExampleXmlParsingTest.test_ThatXmlExamplesRun(Unknown Source)
	at test.beast.integration.ExampleXmlParsingTest.test_ThatXmlExamplesRun(Unknown Source)
	at sun.reflect.NativeMethodAccessorImpl.invoke0(Native Method)
	at sun.reflect.NativeMethodAccessorImpl.invoke(NativeMethodAccessorImpl.java:62)
	at sun.reflect.DelegatingMethodAccessorImpl.invoke(DelegatingMethodAccessorImpl.java:43)
	at java.lang.reflect.Method.invoke(Method.java:498)
	at junit.framework.TestCase.runTest(TestCase.java:168)
	at junit.framework.TestCase.runBare(TestCase.java:134)
	at junit.framework.TestResult$1.protect(TestResult.java:110)
	at junit.framework.TestResult.runProtected(TestResult.java:128)
	at junit.framework.TestResult.run(TestResult.java:113)
	at junit.framework.TestCase.run(TestCase.java:124)
	at junit.framework.TestSuite.runTest(TestSuite.java:243)
	at junit.framework.TestSuite.run(TestSuite.java:238)
	at org.apache.tools.ant.taskdefs.optional.junit.JUnitTestRunner.run(JUnitTestRunner.java:534)
	at org.apache.tools.ant.taskdefs.optional.junit.JUnitTestRunner.launch(JUnitTestRunner.java:1196)
	at org.apache.tools.ant.taskdefs.optional.junit.JUnitTestRunner.main(JUnitTestRunner.java:1041)
Element x found with idref='meanParam'. All other attributes are ignored.

java.lang.NullPointerException
	at beast.util.XMLParser.initBEASTObjects(Unknown Source)
	at beast.util.XMLParser.parse(Unknown Source)
	at beast.util.XMLParser.parseFile(Unknown Source)
	at beast.util.XMLParser.parseFile(Unknown Source)
	at test.beast.integration.ExampleXmlParsingTest.test_ThatXmlExamplesRun(Unknown Source)
	at test.beast.integration.ExampleXmlParsingTest.test_ThatXmlExamplesRun(Unknown Source)
	at sun.reflect.NativeMethodAccessorImpl.invoke0(Native Method)
	at sun.reflect.NativeMethodAccessorImpl.invoke(NativeMethodAccessorImpl.java:62)
	at sun.reflect.DelegatingMethodAccessorImpl.invoke(DelegatingMethodAccessorImpl.java:43)
	at java.lang.reflect.Method.invoke(Method.java:498)
	at junit.framework.TestCase.runTest(TestCase.java:168)
	at junit.framework.TestCase.runBare(TestCase.java:134)
	at junit.framework.TestResult$1.protect(TestResult.java:110)
	at junit.framework.TestResult.runProtected(TestResult.java:128)
	at junit.framework.TestResult.run(TestResult.java:113)
	at junit.framework.TestCase.run(TestCase.java:124)
	at junit.framework.TestSuite.runTest(TestSuite.java:243)
	at junit.framework.TestSuite.run(TestSuite.java:238)
	at org.apache.tools.ant.taskdefs.optional.junit.JUnitTestRunner.run(JUnitTestRunner.java:534)
	at org.apache.tools.ant.taskdefs.optional.junit.JUnitTestRunner.launch(JUnitTestRunner.java:1196)
	at org.apache.tools.ant.taskdefs.optional.junit.JUnitTestRunner.main(JUnitTestRunner.java:1041)
java.lang.NullPointerException
	at beast.util.XMLParser.initBEASTObjects(Unknown Source)
	at beast.util.XMLParser.parse(Unknown Source)
	at beast.util.XMLParser.parseFile(Unknown Source)
	at beast.util.XMLParser.parseFile(Unknown Source)
	at test.beast.integration.ExampleXmlParsingTest.test_ThatXmlExamplesRun(Unknown Source)
	at test.beast.integration.ExampleXmlParsingTest.test_ThatXmlExamplesRun(Unknown Source)
	at sun.reflect.NativeMethodAccessorImpl.invoke0(Native Method)
	at sun.reflect.NativeMethodAccessorImpl.invoke(NativeMethodAccessorImpl.java:62)
	at sun.reflect.DelegatingMethodAccessorImpl.invoke(DelegatingMethodAccessorImpl.java:43)
	at java.lang.reflect.Method.invoke(Method.java:498)
	at junit.framework.TestCase.runTest(TestCase.java:168)
	at junit.framework.TestCase.runBare(TestCase.java:134)
	at junit.framework.TestResult$1.protect(TestResult.java:110)
	at junit.framework.TestResult.runProtected(TestResult.java:128)
	at junit.framework.TestResult.run(TestResult.java:113)
	at junit.framework.TestCase.run(TestCase.java:124)
	at junit.framework.TestSuite.runTest(TestSuite.java:243)
	at junit.framework.TestSuite.run(TestSuite.java:238)
	at org.apache.tools.ant.taskdefs.optional.junit.JUnitTestRunner.run(JUnitTestRunner.java:534)
	at org.apache.tools.ant.taskdefs.optional.junit.JUnitTestRunner.launch(JUnitTestRunner.java:1196)
	at org.apache.tools.ant.taskdefs.optional.junit.JUnitTestRunner.main(JUnitTestRunner.java:1041)
java.lang.NullPointerException
	at beast.util.XMLParser.initBEASTObjects(Unknown Source)
	at beast.util.XMLParser.parse(Unknown Source)
	at beast.util.XMLParser.parseFile(Unknown Source)
	at beast.util.XMLParser.parseFile(Unknown Source)
	at test.beast.integration.ExampleXmlParsingTest.test_ThatXmlExamplesRun(Unknown Source)
	at test.beast.integration.ExampleXmlParsingTest.test_ThatXmlExamplesRun(Unknown Source)
	at sun.reflect.NativeMethodAccessorImpl.invoke0(Native Method)
	at sun.reflect.NativeMethodAccessorImpl.invoke(NativeMethodAccessorImpl.java:62)
	at sun.reflect.DelegatingMethodAccessorImpl.invoke(DelegatingMethodAccessorImpl.java:43)
	at java.lang.reflect.Method.invoke(Method.java:498)
	at junit.framework.TestCase.runTest(TestCase.java:168)
	at junit.framework.TestCase.runBare(TestCase.java:134)
	at junit.framework.TestResult$1.protect(TestResult.java:110)
	at junit.framework.TestResult.runProtected(TestResult.java:128)
	at junit.framework.TestResult.run(TestResult.java:113)
	at junit.framework.TestCase.run(TestCase.java:124)
	at junit.framework.TestSuite.runTest(TestSuite.java:243)
	at junit.framework.TestSuite.run(TestSuite.java:238)
	at org.apache.tools.ant.taskdefs.optional.junit.JUnitTestRunner.run(JUnitTestRunner.java:534)
	at org.apache.tools.ant.taskdefs.optional.junit.JUnitTestRunner.launch(JUnitTestRunner.java:1196)
	at org.apache.tools.ant.taskdefs.optional.junit.JUnitTestRunner.main(JUnitTestRunner.java:1041)
java.lang.NullPointerException
	at beast.util.XMLParser.initBEASTObjects(Unknown Source)
	at beast.util.XMLParser.parse(Unknown Source)
	at beast.util.XMLParser.parseFile(Unknown Source)
	at beast.util.XMLParser.parseFile(Unknown Source)
	at test.beast.integration.ExampleXmlParsingTest.test_ThatXmlExamplesRun(Unknown Source)
	at test.beast.integration.ExampleXmlParsingTest.test_ThatXmlExamplesRun(Unknown Source)
	at sun.reflect.NativeMethodAccessorImpl.invoke0(Native Method)
	at sun.reflect.NativeMethodAccessorImpl.invoke(NativeMethodAccessorImpl.java:62)
	at sun.reflect.DelegatingMethodAccessorImpl.invoke(DelegatingMethodAccessorImpl.java:43)
	at java.lang.reflect.Method.invoke(Method.java:498)
	at junit.framework.TestCase.runTest(TestCase.java:168)
	at junit.framework.TestCase.runBare(TestCase.java:134)
	at junit.framework.TestResult$1.protect(TestResult.java:110)
	at junit.framework.TestResult.runProtected(TestResult.java:128)
	at junit.framework.TestResult.run(TestResult.java:113)
	at junit.framework.TestCase.run(TestCase.java:124)
	at junit.framework.TestSuite.runTest(TestSuite.java:243)
	at junit.framework.TestSuite.run(TestSuite.java:238)
	at org.apache.tools.ant.taskdefs.optional.junit.JUnitTestRunner.run(JUnitTestRunner.java:534)
	at org.apache.tools.ant.taskdefs.optional.junit.JUnitTestRunner.launch(JUnitTestRunner.java:1196)
	at org.apache.tools.ant.taskdefs.optional.junit.JUnitTestRunner.main(JUnitTestRunner.java:1041)
java.lang.NullPointerException
	at beast.util.XMLParser.initBEASTObjects(Unknown Source)
	at beast.util.XMLParser.parse(Unknown Source)
	at beast.util.XMLParser.parseFile(Unknown Source)
	at beast.util.XMLParser.parseFile(Unknown Source)
	at test.beast.integration.ExampleXmlParsingTest.test_ThatXmlExamplesRun(Unknown Source)
	at test.beast.integration.ExampleXmlParsingTest.test_ThatXmlExamplesRun(Unknown Source)
	at sun.reflect.NativeMethodAccessorImpl.invoke0(Native Method)
	at sun.reflect.NativeMethodAccessorImpl.invoke(NativeMethodAccessorImpl.java:62)
	at sun.reflect.DelegatingMethodAccessorImpl.invoke(DelegatingMethodAccessorImpl.java:43)
	at java.lang.reflect.Method.invoke(Method.java:498)
	at junit.framework.TestCase.runTest(TestCase.java:168)
	at junit.framework.TestCase.runBare(TestCase.java:134)
	at junit.framework.TestResult$1.protect(TestResult.java:110)
	at junit.framework.TestResult.runProtected(TestResult.java:128)
	at junit.framework.TestResult.run(TestResult.java:113)
	at junit.framework.TestCase.run(TestCase.java:124)
	at junit.framework.TestSuite.runTest(TestSuite.java:243)
	at junit.framework.TestSuite.run(TestSuite.java:238)
	at org.apache.tools.ant.taskdefs.optional.junit.JUnitTestRunner.run(JUnitTestRunner.java:534)
	at org.apache.tools.ant.taskdefs.optional.junit.JUnitTestRunner.launch(JUnitTestRunner.java:1196)
	at org.apache.tools.ant.taskdefs.optional.junit.JUnitTestRunner.main(JUnitTestRunner.java:1041)
java.lang.NullPointerException
	at beast.util.XMLParser.initBEASTObjects(Unknown Source)
	at beast.util.XMLParser.parse(Unknown Source)
	at beast.util.XMLParser.parseFile(Unknown Source)
	at beast.util.XMLParser.parseFile(Unknown Source)
	at test.beast.integration.ExampleXmlParsingTest.test_ThatXmlExamplesRun(Unknown Source)
	at test.beast.integration.ExampleXmlParsingTest.test_ThatXmlExamplesRun(Unknown Source)
	at sun.reflect.NativeMethodAccessorImpl.invoke0(Native Method)
	at sun.reflect.NativeMethodAccessorImpl.invoke(NativeMethodAccessorImpl.java:62)
	at sun.reflect.DelegatingMethodAccessorImpl.invoke(DelegatingMethodAccessorImpl.java:43)
	at java.lang.reflect.Method.invoke(Method.java:498)
	at junit.framework.TestCase.runTest(TestCase.java:168)
	at junit.framework.TestCase.runBare(TestCase.java:134)
	at junit.framework.TestResult$1.protect(TestResult.java:110)
	at junit.framework.TestResult.runProtected(TestResult.java:128)
	at junit.framework.TestResult.run(TestResult.java:113)
	at junit.framework.TestCase.run(TestCase.java:124)
	at junit.framework.TestSuite.runTest(TestSuite.java:243)
	at junit.framework.TestSuite.run(TestSuite.java:238)
	at org.apache.tools.ant.taskdefs.optional.junit.JUnitTestRunner.run(JUnitTestRunner.java:534)
	at org.apache.tools.ant.taskdefs.optional.junit.JUnitTestRunner.launch(JUnitTestRunner.java:1196)
	at org.apache.tools.ant.taskdefs.optional.junit.JUnitTestRunner.main(JUnitTestRunner.java:1041)
  Ignoring ambiguities in tree likelihood.
  Ignoring character uncertainty in tree likelihood.
  With 69 unique site patterns.
  Using rescaling scheme : dynamic
java.lang.NullPointerException
	at beast.util.XMLParser.initBEASTObjects(Unknown Source)
	at beast.util.XMLParser.parse(Unknown Source)
	at beast.util.XMLParser.parseFile(Unknown Source)
	at beast.util.XMLParser.parseFile(Unknown Source)
	at test.beast.integration.ExampleXmlParsingTest.test_ThatXmlExamplesRun(Unknown Source)
	at test.beast.integration.ExampleXmlParsingTest.test_ThatXmlExamplesRun(Unknown Source)
	at sun.reflect.NativeMethodAccessorImpl.invoke0(Native Method)
	at sun.reflect.NativeMethodAccessorImpl.invoke(NativeMethodAccessorImpl.java:62)
	at sun.reflect.DelegatingMethodAccessorImpl.invoke(DelegatingMethodAccessorImpl.java:43)
	at java.lang.reflect.Method.invoke(Method.java:498)
	at junit.framework.TestCase.runTest(TestCase.java:168)
	at junit.framework.TestCase.runBare(TestCase.java:134)
	at junit.framework.TestResult$1.protect(TestResult.java:110)
	at junit.framework.TestResult.runProtected(TestResult.java:128)
	at junit.framework.TestResult.run(TestResult.java:113)
	at junit.framework.TestCase.run(TestCase.java:124)
	at junit.framework.TestSuite.runTest(TestSuite.java:243)
	at junit.framework.TestSuite.run(TestSuite.java:238)
	at org.apache.tools.ant.taskdefs.optional.junit.JUnitTestRunner.run(JUnitTestRunner.java:534)
	at org.apache.tools.ant.taskdefs.optional.junit.JUnitTestRunner.launch(JUnitTestRunner.java:1196)
	at org.apache.tools.ant.taskdefs.optional.junit.JUnitTestRunner.main(JUnitTestRunner.java:1041)
  Ignoring ambiguities in tree likelihood.
  Ignoring character uncertainty in tree likelihood.
  With 69 unique site patterns.
  Using rescaling scheme : dynamic
java.lang.NullPointerException
	at beast.util.XMLParser.initBEASTObjects(Unknown Source)
	at beast.util.XMLParser.parse(Unknown Source)
	at beast.util.XMLParser.parseFile(Unknown Source)
	at beast.util.XMLParser.parseFile(Unknown Source)
	at test.beast.integration.ExampleXmlParsingTest.test_ThatXmlExamplesParse(Unknown Source)
	at test.beast.integration.ExampleXmlParsingTest.test_ThatXmlExamplesParse(Unknown Source)
	at sun.reflect.NativeMethodAccessorImpl.invoke0(Native Method)
	at sun.reflect.NativeMethodAccessorImpl.invoke(NativeMethodAccessorImpl.java:62)
	at sun.reflect.DelegatingMethodAccessorImpl.invoke(DelegatingMethodAccessorImpl.java:43)
	at java.lang.reflect.Method.invoke(Method.java:498)
	at junit.framework.TestCase.runTest(TestCase.java:168)
	at junit.framework.TestCase.runBare(TestCase.java:134)
	at junit.framework.TestResult$1.protect(TestResult.java:110)
	at junit.framework.TestResult.runProtected(TestResult.java:128)
	at junit.framework.TestResult.run(TestResult.java:113)
	at junit.framework.TestCase.run(TestCase.java:124)
	at junit.framework.TestSuite.runTest(TestSuite.java:243)
	at junit.framework.TestSuite.run(TestSuite.java:238)
	at org.apache.tools.ant.taskdefs.optional.junit.JUnitTestRunner.run(JUnitTestRunner.java:534)
	at org.apache.tools.ant.taskdefs.optional.junit.JUnitTestRunner.launch(JUnitTestRunner.java:1196)
	at org.apache.tools.ant.taskdefs.optional.junit.JUnitTestRunner.main(JUnitTestRunner.java:1041)
java.lang.NullPointerException
	at beast.util.XMLParser.initBEASTObjects(Unknown Source)
	at beast.util.XMLParser.parse(Unknown Source)
	at beast.util.XMLParser.parseFile(Unknown Source)
	at beast.util.XMLParser.parseFile(Unknown Source)
	at test.beast.integration.ExampleXmlParsingTest.test_ThatXmlExamplesParse(Unknown Source)
	at test.beast.integration.ExampleXmlParsingTest.test_ThatXmlExamplesParse(Unknown Source)
	at sun.reflect.NativeMethodAccessorImpl.invoke0(Native Method)
	at sun.reflect.NativeMethodAccessorImpl.invoke(NativeMethodAccessorImpl.java:62)
	at sun.reflect.DelegatingMethodAccessorImpl.invoke(DelegatingMethodAccessorImpl.java:43)
	at java.lang.reflect.Method.invoke(Method.java:498)
	at junit.framework.TestCase.runTest(TestCase.java:168)
	at junit.framework.TestCase.runBare(TestCase.java:134)
	at junit.framework.TestResult$1.protect(TestResult.java:110)
	at junit.framework.TestResult.runProtected(TestResult.java:128)
	at junit.framework.TestResult.run(TestResult.java:113)
	at junit.framework.TestCase.run(TestCase.java:124)
	at junit.framework.TestSuite.runTest(TestSuite.java:243)
	at junit.framework.TestSuite.run(TestSuite.java:238)
	at org.apache.tools.ant.taskdefs.optional.junit.JUnitTestRunner.run(JUnitTestRunner.java:534)
	at org.apache.tools.ant.taskdefs.optional.junit.JUnitTestRunner.launch(JUnitTestRunner.java:1196)
	at org.apache.tools.ant.taskdefs.optional.junit.JUnitTestRunner.main(JUnitTestRunner.java:1041)
Element trait found with idref='dateTrait.t:gene1'. All other attributes are ignored.

Element trait found with idref='dateTrait.t:gene1'. All other attributes are ignored.

java.lang.NullPointerException
	at beast.util.XMLParser.initBEASTObjects(Unknown Source)
	at beast.util.XMLParser.parse(Unknown Source)
	at beast.util.XMLParser.parseFile(Unknown Source)
	at beast.util.XMLParser.parseFile(Unknown Source)
	at test.beast.integration.ExampleXmlParsingTest.test_ThatXmlExamplesParse(Unknown Source)
	at test.beast.integration.ExampleXmlParsingTest.test_ThatXmlExamplesParse(Unknown Source)
	at sun.reflect.NativeMethodAccessorImpl.invoke0(Native Method)
	at sun.reflect.NativeMethodAccessorImpl.invoke(NativeMethodAccessorImpl.java:62)
	at sun.reflect.DelegatingMethodAccessorImpl.invoke(DelegatingMethodAccessorImpl.java:43)
	at java.lang.reflect.Method.invoke(Method.java:498)
	at junit.framework.TestCase.runTest(TestCase.java:168)
	at junit.framework.TestCase.runBare(TestCase.java:134)
	at junit.framework.TestResult$1.protect(TestResult.java:110)
	at junit.framework.TestResult.runProtected(TestResult.java:128)
	at junit.framework.TestResult.run(TestResult.java:113)
	at junit.framework.TestCase.run(TestCase.java:124)
	at junit.framework.TestSuite.runTest(TestSuite.java:243)
	at junit.framework.TestSuite.run(TestSuite.java:238)
	at org.apache.tools.ant.taskdefs.optional.junit.JUnitTestRunner.run(JUnitTestRunner.java:534)
	at org.apache.tools.ant.taskdefs.optional.junit.JUnitTestRunner.launch(JUnitTestRunner.java:1196)
	at org.apache.tools.ant.taskdefs.optional.junit.JUnitTestRunner.main(JUnitTestRunner.java:1041)
java.lang.NullPointerException
	at beast.util.XMLParser.initBEASTObjects(Unknown Source)
	at beast.util.XMLParser.parse(Unknown Source)
	at beast.util.XMLParser.parseFile(Unknown Source)
	at beast.util.XMLParser.parseFile(Unknown Source)
	at test.beast.integration.ExampleXmlParsingTest.test_ThatXmlExamplesParse(Unknown Source)
	at test.beast.integration.ExampleXmlParsingTest.test_ThatXmlExamplesParse(Unknown Source)
	at sun.reflect.NativeMethodAccessorImpl.invoke0(Native Method)
	at sun.reflect.NativeMethodAccessorImpl.invoke(NativeMethodAccessorImpl.java:62)
	at sun.reflect.DelegatingMethodAccessorImpl.invoke(DelegatingMethodAccessorImpl.java:43)
	at java.lang.reflect.Method.invoke(Method.java:498)
	at junit.framework.TestCase.runTest(TestCase.java:168)
	at junit.framework.TestCase.runBare(TestCase.java:134)
	at junit.framework.TestResult$1.protect(TestResult.java:110)
	at junit.framework.TestResult.runProtected(TestResult.java:128)
	at junit.framework.TestResult.run(TestResult.java:113)
	at junit.framework.TestCase.run(TestCase.java:124)
	at junit.framework.TestSuite.runTest(TestSuite.java:243)
	at junit.framework.TestSuite.run(TestSuite.java:238)
	at org.apache.tools.ant.taskdefs.optional.junit.JUnitTestRunner.run(JUnitTestRunner.java:534)
	at org.apache.tools.ant.taskdefs.optional.junit.JUnitTestRunner.launch(JUnitTestRunner.java:1196)
	at org.apache.tools.ant.taskdefs.optional.junit.JUnitTestRunner.main(JUnitTestRunner.java:1041)
  Ignoring ambiguities in tree likelihood.
  Ignoring character uncertainty in tree likelihood.
  With 361 unique site patterns.
  Using rescaling scheme : dynamic
  Ignoring ambiguities in tree likelihood.
  Ignoring character uncertainty in tree likelihood.
  With 79 unique site patterns.
  Using rescaling scheme : dynamic
java.lang.NullPointerException
	at beast.util.XMLParser.initBEASTObjects(Unknown Source)
	at beast.util.XMLParser.parse(Unknown Source)
	at beast.util.XMLParser.parseFile(Unknown Source)
	at beast.util.XMLParser.parseFile(Unknown Source)
	at test.beast.integration.ExampleXmlParsingTest.test_ThatXmlExamplesParse(Unknown Source)
	at test.beast.integration.ExampleXmlParsingTest.test_ThatXmlExamplesParse(Unknown Source)
	at sun.reflect.NativeMethodAccessorImpl.invoke0(Native Method)
	at sun.reflect.NativeMethodAccessorImpl.invoke(NativeMethodAccessorImpl.java:62)
	at sun.reflect.DelegatingMethodAccessorImpl.invoke(DelegatingMethodAccessorImpl.java:43)
	at java.lang.reflect.Method.invoke(Method.java:498)
	at junit.framework.TestCase.runTest(TestCase.java:168)
	at junit.framework.TestCase.runBare(TestCase.java:134)
	at junit.framework.TestResult$1.protect(TestResult.java:110)
	at junit.framework.TestResult.runProtected(TestResult.java:128)
	at junit.framework.TestResult.run(TestResult.java:113)
	at junit.framework.TestCase.run(TestCase.java:124)
	at junit.framework.TestSuite.runTest(TestSuite.java:243)
	at junit.framework.TestSuite.run(TestSuite.java:238)
	at org.apache.tools.ant.taskdefs.optional.junit.JUnitTestRunner.run(JUnitTestRunner.java:534)
	at org.apache.tools.ant.taskdefs.optional.junit.JUnitTestRunner.launch(JUnitTestRunner.java:1196)
	at org.apache.tools.ant.taskdefs.optional.junit.JUnitTestRunner.main(JUnitTestRunner.java:1041)
java.lang.NullPointerException
	at beast.util.XMLParser.initBEASTObjects(Unknown Source)
	at beast.util.XMLParser.parse(Unknown Source)
	at beast.util.XMLParser.parseFile(Unknown Source)
	at beast.util.XMLParser.parseFile(Unknown Source)
	at test.beast.integration.ExampleXmlParsingTest.test_ThatXmlExamplesParse(Unknown Source)
	at test.beast.integration.ExampleXmlParsingTest.test_ThatXmlExamplesParse(Unknown Source)
	at sun.reflect.NativeMethodAccessorImpl.invoke0(Native Method)
	at sun.reflect.NativeMethodAccessorImpl.invoke(NativeMethodAccessorImpl.java:62)
	at sun.reflect.DelegatingMethodAccessorImpl.invoke(DelegatingMethodAccessorImpl.java:43)
	at java.lang.reflect.Method.invoke(Method.java:498)
	at junit.framework.TestCase.runTest(TestCase.java:168)
	at junit.framework.TestCase.runBare(TestCase.java:134)
	at junit.framework.TestResult$1.protect(TestResult.java:110)
	at junit.framework.TestResult.runProtected(TestResult.java:128)
	at junit.framework.TestResult.run(TestResult.java:113)
	at junit.framework.TestCase.run(TestCase.java:124)
	at junit.framework.TestSuite.runTest(TestSuite.java:243)
	at junit.framework.TestSuite.run(TestSuite.java:238)
	at org.apache.tools.ant.taskdefs.optional.junit.JUnitTestRunner.run(JUnitTestRunner.java:534)
	at org.apache.tools.ant.taskdefs.optional.junit.JUnitTestRunner.launch(JUnitTestRunner.java:1196)
	at org.apache.tools.ant.taskdefs.optional.junit.JUnitTestRunner.main(JUnitTestRunner.java:1041)
java.lang.NullPointerException
	at beast.util.XMLParser.initBEASTObjects(Unknown Source)
	at beast.util.XMLParser.parse(Unknown Source)
	at beast.util.XMLParser.parseFile(Unknown Source)
	at beast.util.XMLParser.parseFile(Unknown Source)
	at test.beast.integration.ExampleXmlParsingTest.test_ThatXmlExamplesParse(Unknown Source)
	at test.beast.integration.ExampleXmlParsingTest.test_ThatXmlExamplesParse(Unknown Source)
	at sun.reflect.NativeMethodAccessorImpl.invoke0(Native Method)
	at sun.reflect.NativeMethodAccessorImpl.invoke(NativeMethodAccessorImpl.java:62)
	at sun.reflect.DelegatingMethodAccessorImpl.invoke(DelegatingMethodAccessorImpl.java:43)
	at java.lang.reflect.Method.invoke(Method.java:498)
	at junit.framework.TestCase.runTest(TestCase.java:168)
	at junit.framework.TestCase.runBare(TestCase.java:134)
	at junit.framework.TestResult$1.protect(TestResult.java:110)
	at junit.framework.TestResult.runProtected(TestResult.java:128)
	at junit.framework.TestResult.run(TestResult.java:113)
	at junit.framework.TestCase.run(TestCase.java:124)
	at junit.framework.TestSuite.runTest(TestSuite.java:243)
	at junit.framework.TestSuite.run(TestSuite.java:238)
	at org.apache.tools.ant.taskdefs.optional.junit.JUnitTestRunner.run(JUnitTestRunner.java:534)
	at org.apache.tools.ant.taskdefs.optional.junit.JUnitTestRunner.launch(JUnitTestRunner.java:1196)
	at org.apache.tools.ant.taskdefs.optional.junit.JUnitTestRunner.main(JUnitTestRunner.java:1041)
java.lang.NullPointerException
	at beast.util.XMLParser.initBEASTObjects(Unknown Source)
	at beast.util.XMLParser.parse(Unknown Source)
	at beast.util.XMLParser.parseFile(Unknown Source)
	at beast.util.XMLParser.parseFile(Unknown Source)
	at test.beast.integration.ExampleXmlParsingTest.test_ThatXmlExamplesParse(Unknown Source)
	at test.beast.integration.ExampleXmlParsingTest.test_ThatXmlExamplesParse(Unknown Source)
	at sun.reflect.NativeMethodAccessorImpl.invoke0(Native Method)
	at sun.reflect.NativeMethodAccessorImpl.invoke(NativeMethodAccessorImpl.java:62)
	at sun.reflect.DelegatingMethodAccessorImpl.invoke(DelegatingMethodAccessorImpl.java:43)
	at java.lang.reflect.Method.invoke(Method.java:498)
	at junit.framework.TestCase.runTest(TestCase.java:168)
	at junit.framework.TestCase.runBare(TestCase.java:134)
	at junit.framework.TestResult$1.protect(TestResult.java:110)
	at junit.framework.TestResult.runProtected(TestResult.java:128)
	at junit.framework.TestResult.run(TestResult.java:113)
	at junit.framework.TestCase.run(TestCase.java:124)
	at junit.framework.TestSuite.runTest(TestSuite.java:243)
	at junit.framework.TestSuite.run(TestSuite.java:238)
	at org.apache.tools.ant.taskdefs.optional.junit.JUnitTestRunner.run(JUnitTestRunner.java:534)
	at org.apache.tools.ant.taskdefs.optional.junit.JUnitTestRunner.launch(JUnitTestRunner.java:1196)
	at org.apache.tools.ant.taskdefs.optional.junit.JUnitTestRunner.main(JUnitTestRunner.java:1041)
  Ignoring ambiguities in tree likelihood.
  Ignoring character uncertainty in tree likelihood.
  With 342 unique site patterns.
  Using rescaling scheme : dynamic
  Ignoring ambiguities in tree likelihood.
  Ignoring character uncertainty in tree likelihood.
  With 109 unique site patterns.
  Using rescaling scheme : dynamic

WARNING: StateNode (RealParameter7) found that has no effect on posterior!


WARNING: StateNode (RealParameter6) found that has no effect on posterior!

Warning: state contains a node RealParameter7 for which there is no operator.
Warning: state contains a node RealParameter6 for which there is no operator.
java.lang.NullPointerException
	at beast.util.XMLParser.initBEASTObjects(Unknown Source)
	at beast.util.XMLParser.parse(Unknown Source)
	at beast.util.XMLParser.parseFile(Unknown Source)
	at beast.util.XMLParser.parseFile(Unknown Source)
	at test.beast.integration.ExampleXmlParsingTest.test_ThatXmlExamplesParse(Unknown Source)
	at test.beast.integration.ExampleXmlParsingTest.test_ThatXmlExamplesParse(Unknown Source)
	at sun.reflect.NativeMethodAccessorImpl.invoke0(Native Method)
	at sun.reflect.NativeMethodAccessorImpl.invoke(NativeMethodAccessorImpl.java:62)
	at sun.reflect.DelegatingMethodAccessorImpl.invoke(DelegatingMethodAccessorImpl.java:43)
	at java.lang.reflect.Method.invoke(Method.java:498)
	at junit.framework.TestCase.runTest(TestCase.java:168)
	at junit.framework.TestCase.runBare(TestCase.java:134)
	at junit.framework.TestResult$1.protect(TestResult.java:110)
	at junit.framework.TestResult.runProtected(TestResult.java:128)
	at junit.framework.TestResult.run(TestResult.java:113)
	at junit.framework.TestCase.run(TestCase.java:124)
	at junit.framework.TestSuite.runTest(TestSuite.java:243)
	at junit.framework.TestSuite.run(TestSuite.java:238)
	at org.apache.tools.ant.taskdefs.optional.junit.JUnitTestRunner.run(JUnitTestRunner.java:534)
	at org.apache.tools.ant.taskdefs.optional.junit.JUnitTestRunner.launch(JUnitTestRunner.java:1196)
	at org.apache.tools.ant.taskdefs.optional.junit.JUnitTestRunner.main(JUnitTestRunner.java:1041)
java.lang.NullPointerException
	at beast.util.XMLParser.initBEASTObjects(Unknown Source)
	at beast.util.XMLParser.parse(Unknown Source)
	at beast.util.XMLParser.parseFile(Unknown Source)
	at beast.util.XMLParser.parseFile(Unknown Source)
	at test.beast.integration.ExampleXmlParsingTest.test_ThatXmlExamplesParse(Unknown Source)
	at test.beast.integration.ExampleXmlParsingTest.test_ThatXmlExamplesParse(Unknown Source)
	at sun.reflect.NativeMethodAccessorImpl.invoke0(Native Method)
	at sun.reflect.NativeMethodAccessorImpl.invoke(NativeMethodAccessorImpl.java:62)
	at sun.reflect.DelegatingMethodAccessorImpl.invoke(DelegatingMethodAccessorImpl.java:43)
	at java.lang.reflect.Method.invoke(Method.java:498)
	at junit.framework.TestCase.runTest(TestCase.java:168)
	at junit.framework.TestCase.runBare(TestCase.java:134)
	at junit.framework.TestResult$1.protect(TestResult.java:110)
	at junit.framework.TestResult.runProtected(TestResult.java:128)
	at junit.framework.TestResult.run(TestResult.java:113)
	at junit.framework.TestCase.run(TestCase.java:124)
	at junit.framework.TestSuite.runTest(TestSuite.java:243)
	at junit.framework.TestSuite.run(TestSuite.java:238)
	at org.apache.tools.ant.taskdefs.optional.junit.JUnitTestRunner.run(JUnitTestRunner.java:534)
	at org.apache.tools.ant.taskdefs.optional.junit.JUnitTestRunner.launch(JUnitTestRunner.java:1196)
	at org.apache.tools.ant.taskdefs.optional.junit.JUnitTestRunner.main(JUnitTestRunner.java:1041)
  Ignoring ambiguities in tree likelihood.
  Ignoring character uncertainty in tree likelihood.
  With 361 unique site patterns.
  Using rescaling scheme : dynamic
  Ignoring ambiguities in tree likelihood.
  Ignoring character uncertainty in tree likelihood.
  With 79 unique site patterns.
  Using rescaling scheme : dynamic
  Ignoring ambiguities in tree likelihood.
  Ignoring character uncertainty in tree likelihood.
  With 361 unique site patterns.
  Using rescaling scheme : dynamic
  Ignoring ambiguities in tree likelihood.
  Ignoring character uncertainty in tree likelihood.
  With 79 unique site patterns.
  Using rescaling scheme : dynamic
java.lang.NullPointerException
	at beast.util.XMLParser.initBEASTObjects(Unknown Source)
	at beast.util.XMLParser.parse(Unknown Source)
	at beast.util.XMLParser.parseFile(Unknown Source)
	at beast.util.XMLParser.parseFile(Unknown Source)
	at test.beast.integration.ExampleXmlParsingTest.test_ThatXmlExamplesParse(Unknown Source)
	at test.beast.integration.ExampleXmlParsingTest.test_ThatXmlExamplesParse(Unknown Source)
	at sun.reflect.NativeMethodAccessorImpl.invoke0(Native Method)
	at sun.reflect.NativeMethodAccessorImpl.invoke(NativeMethodAccessorImpl.java:62)
	at sun.reflect.DelegatingMethodAccessorImpl.invoke(DelegatingMethodAccessorImpl.java:43)
	at java.lang.reflect.Method.invoke(Method.java:498)
	at junit.framework.TestCase.runTest(TestCase.java:168)
	at junit.framework.TestCase.runBare(TestCase.java:134)
	at junit.framework.TestResult$1.protect(TestResult.java:110)
	at junit.framework.TestResult.runProtected(TestResult.java:128)
	at junit.framework.TestResult.run(TestResult.java:113)
	at junit.framework.TestCase.run(TestCase.java:124)
	at junit.framework.TestSuite.runTest(TestSuite.java:243)
	at junit.framework.TestSuite.run(TestSuite.java:238)
	at org.apache.tools.ant.taskdefs.optional.junit.JUnitTestRunner.run(JUnitTestRunner.java:534)
	at org.apache.tools.ant.taskdefs.optional.junit.JUnitTestRunner.launch(JUnitTestRunner.java:1196)
	at org.apache.tools.ant.taskdefs.optional.junit.JUnitTestRunner.main(JUnitTestRunner.java:1041)
java.lang.NullPointerException
	at beast.util.XMLParser.initBEASTObjects(Unknown Source)
	at beast.util.XMLParser.parse(Unknown Source)
	at beast.util.XMLParser.parseFile(Unknown Source)
	at beast.util.XMLParser.parseFile(Unknown Source)
	at test.beast.integration.ExampleXmlParsingTest.test_ThatXmlExamplesParse(Unknown Source)
	at test.beast.integration.ExampleXmlParsingTest.test_ThatXmlExamplesParse(Unknown Source)
	at sun.reflect.NativeMethodAccessorImpl.invoke0(Native Method)
	at sun.reflect.NativeMethodAccessorImpl.invoke(NativeMethodAccessorImpl.java:62)
	at sun.reflect.DelegatingMethodAccessorImpl.invoke(DelegatingMethodAccessorImpl.java:43)
	at java.lang.reflect.Method.invoke(Method.java:498)
	at junit.framework.TestCase.runTest(TestCase.java:168)
	at junit.framework.TestCase.runBare(TestCase.java:134)
	at junit.framework.TestResult$1.protect(TestResult.java:110)
	at junit.framework.TestResult.runProtected(TestResult.java:128)
	at junit.framework.TestResult.run(TestResult.java:113)
	at junit.framework.TestCase.run(TestCase.java:124)
	at junit.framework.TestSuite.runTest(TestSuite.java:243)
	at junit.framework.TestSuite.run(TestSuite.java:238)
	at org.apache.tools.ant.taskdefs.optional.junit.JUnitTestRunner.run(JUnitTestRunner.java:534)
	at org.apache.tools.ant.taskdefs.optional.junit.JUnitTestRunner.launch(JUnitTestRunner.java:1196)
	at org.apache.tools.ant.taskdefs.optional.junit.JUnitTestRunner.main(JUnitTestRunner.java:1041)
  Ignoring ambiguities in tree likelihood.
  Ignoring character uncertainty in tree likelihood.
  With 361 unique site patterns.
  Using rescaling scheme : dynamic
  Ignoring ambiguities in tree likelihood.
  Ignoring character uncertainty in tree likelihood.
  With 79 unique site patterns.
  Using rescaling scheme : dynamic
Warning: state contains a node freqParameter.s:primate for which there is no operator.
java.lang.NullPointerException
	at beast.util.XMLParser.initBEASTObjects(Unknown Source)
	at beast.util.XMLParser.parse(Unknown Source)
	at beast.util.XMLParser.parseFile(Unknown Source)
	at beast.util.XMLParser.parseFile(Unknown Source)
	at test.beast.integration.ExampleXmlParsingTest.test_ThatXmlExamplesParse(Unknown Source)
	at test.beast.integration.ExampleXmlParsingTest.test_ThatXmlExamplesParse(Unknown Source)
	at sun.reflect.NativeMethodAccessorImpl.invoke0(Native Method)
	at sun.reflect.NativeMethodAccessorImpl.invoke(NativeMethodAccessorImpl.java:62)
	at sun.reflect.DelegatingMethodAccessorImpl.invoke(DelegatingMethodAccessorImpl.java:43)
	at java.lang.reflect.Method.invoke(Method.java:498)
	at junit.framework.TestCase.runTest(TestCase.java:168)
	at junit.framework.TestCase.runBare(TestCase.java:134)
	at junit.framework.TestResult$1.protect(TestResult.java:110)
	at junit.framework.TestResult.runProtected(TestResult.java:128)
	at junit.framework.TestResult.run(TestResult.java:113)
	at junit.framework.TestCase.run(TestCase.java:124)
	at junit.framework.TestSuite.runTest(TestSuite.java:243)
	at junit.framework.TestSuite.run(TestSuite.java:238)
	at org.apache.tools.ant.taskdefs.optional.junit.JUnitTestRunner.run(JUnitTestRunner.java:534)
	at org.apache.tools.ant.taskdefs.optional.junit.JUnitTestRunner.launch(JUnitTestRunner.java:1196)
	at org.apache.tools.ant.taskdefs.optional.junit.JUnitTestRunner.main(JUnitTestRunner.java:1041)
java.lang.NullPointerException
	at beast.util.XMLParser.initBEASTObjects(Unknown Source)
	at beast.util.XMLParser.parse(Unknown Source)
	at beast.util.XMLParser.parseFile(Unknown Source)
	at beast.util.XMLParser.parseFile(Unknown Source)
	at test.beast.integration.ExampleXmlParsingTest.test_ThatXmlExamplesParse(Unknown Source)
	at test.beast.integration.ExampleXmlParsingTest.test_ThatXmlExamplesParse(Unknown Source)
	at sun.reflect.NativeMethodAccessorImpl.invoke0(Native Method)
	at sun.reflect.NativeMethodAccessorImpl.invoke(NativeMethodAccessorImpl.java:62)
	at sun.reflect.DelegatingMethodAccessorImpl.invoke(DelegatingMethodAccessorImpl.java:43)
	at java.lang.reflect.Method.invoke(Method.java:498)
	at junit.framework.TestCase.runTest(TestCase.java:168)
	at junit.framework.TestCase.runBare(TestCase.java:134)
	at junit.framework.TestResult$1.protect(TestResult.java:110)
	at junit.framework.TestResult.runProtected(TestResult.java:128)
	at junit.framework.TestResult.run(TestResult.java:113)
	at junit.framework.TestCase.run(TestCase.java:124)
	at junit.framework.TestSuite.runTest(TestSuite.java:243)
	at junit.framework.TestSuite.run(TestSuite.java:238)
	at org.apache.tools.ant.taskdefs.optional.junit.JUnitTestRunner.run(JUnitTestRunner.java:534)
	at org.apache.tools.ant.taskdefs.optional.junit.JUnitTestRunner.launch(JUnitTestRunner.java:1196)
	at org.apache.tools.ant.taskdefs.optional.junit.JUnitTestRunner.main(JUnitTestRunner.java:1041)
java.lang.NullPointerException
	at beast.util.XMLParser.initBEASTObjects(Unknown Source)
	at beast.util.XMLParser.parse(Unknown Source)
	at beast.util.XMLParser.parseFile(Unknown Source)
	at beast.util.XMLParser.parseFile(Unknown Source)
	at test.beast.integration.ExampleXmlParsingTest.test_ThatXmlExamplesParse(Unknown Source)
	at test.beast.integration.ExampleXmlParsingTest.test_ThatXmlExamplesParse(Unknown Source)
	at sun.reflect.NativeMethodAccessorImpl.invoke0(Native Method)
	at sun.reflect.NativeMethodAccessorImpl.invoke(NativeMethodAccessorImpl.java:62)
	at sun.reflect.DelegatingMethodAccessorImpl.invoke(DelegatingMethodAccessorImpl.java:43)
	at java.lang.reflect.Method.invoke(Method.java:498)
	at junit.framework.TestCase.runTest(TestCase.java:168)
	at junit.framework.TestCase.runBare(TestCase.java:134)
	at junit.framework.TestResult$1.protect(TestResult.java:110)
	at junit.framework.TestResult.runProtected(TestResult.java:128)
	at junit.framework.TestResult.run(TestResult.java:113)
	at junit.framework.TestCase.run(TestCase.java:124)
	at junit.framework.TestSuite.runTest(TestSuite.java:243)
	at junit.framework.TestSuite.run(TestSuite.java:238)
	at org.apache.tools.ant.taskdefs.optional.junit.JUnitTestRunner.run(JUnitTestRunner.java:534)
	at org.apache.tools.ant.taskdefs.optional.junit.JUnitTestRunner.launch(JUnitTestRunner.java:1196)
	at org.apache.tools.ant.taskdefs.optional.junit.JUnitTestRunner.main(JUnitTestRunner.java:1041)
java.lang.NullPointerException
	at beast.util.XMLParser.initBEASTObjects(Unknown Source)
	at beast.util.XMLParser.parse(Unknown Source)
	at beast.util.XMLParser.parseFile(Unknown Source)
	at beast.util.XMLParser.parseFile(Unknown Source)
	at test.beast.integration.ExampleXmlParsingTest.test_ThatXmlExamplesParse(Unknown Source)
	at test.beast.integration.ExampleXmlParsingTest.test_ThatXmlExamplesParse(Unknown Source)
	at sun.reflect.NativeMethodAccessorImpl.invoke0(Native Method)
	at sun.reflect.NativeMethodAccessorImpl.invoke(NativeMethodAccessorImpl.java:62)
	at sun.reflect.DelegatingMethodAccessorImpl.invoke(DelegatingMethodAccessorImpl.java:43)
	at java.lang.reflect.Method.invoke(Method.java:498)
	at junit.framework.TestCase.runTest(TestCase.java:168)
	at junit.framework.TestCase.runBare(TestCase.java:134)
	at junit.framework.TestResult$1.protect(TestResult.java:110)
	at junit.framework.TestResult.runProtected(TestResult.java:128)
	at junit.framework.TestResult.run(TestResult.java:113)
	at junit.framework.TestCase.run(TestCase.java:124)
	at junit.framework.TestSuite.runTest(TestSuite.java:243)
	at junit.framework.TestSuite.run(TestSuite.java:238)
	at org.apache.tools.ant.taskdefs.optional.junit.JUnitTestRunner.run(JUnitTestRunner.java:534)
	at org.apache.tools.ant.taskdefs.optional.junit.JUnitTestRunner.launch(JUnitTestRunner.java:1196)
	at org.apache.tools.ant.taskdefs.optional.junit.JUnitTestRunner.main(JUnitTestRunner.java:1041)
java.lang.NullPointerException
	at beast.util.XMLParser.initBEASTObjects(Unknown Source)
	at beast.util.XMLParser.parse(Unknown Source)
	at beast.util.XMLParser.parseFile(Unknown Source)
	at beast.util.XMLParser.parseFile(Unknown Source)
	at test.beast.integration.ExampleXmlParsingTest.test_ThatXmlExamplesParse(Unknown Source)
	at test.beast.integration.ExampleXmlParsingTest.test_ThatXmlExamplesParse(Unknown Source)
	at sun.reflect.NativeMethodAccessorImpl.invoke0(Native Method)
	at sun.reflect.NativeMethodAccessorImpl.invoke(NativeMethodAccessorImpl.java:62)
	at sun.reflect.DelegatingMethodAccessorImpl.invoke(DelegatingMethodAccessorImpl.java:43)
	at java.lang.reflect.Method.invoke(Method.java:498)
	at junit.framework.TestCase.runTest(TestCase.java:168)
	at junit.framework.TestCase.runBare(TestCase.java:134)
	at junit.framework.TestResult$1.protect(TestResult.java:110)
	at junit.framework.TestResult.runProtected(TestResult.java:128)
	at junit.framework.TestResult.run(TestResult.java:113)
	at junit.framework.TestCase.run(TestCase.java:124)
	at junit.framework.TestSuite.runTest(TestSuite.java:243)
	at junit.framework.TestSuite.run(TestSuite.java:238)
	at org.apache.tools.ant.taskdefs.optional.junit.JUnitTestRunner.run(JUnitTestRunner.java:534)
	at org.apache.tools.ant.taskdefs.optional.junit.JUnitTestRunner.launch(JUnitTestRunner.java:1196)
	at org.apache.tools.ant.taskdefs.optional.junit.JUnitTestRunner.main(JUnitTestRunner.java:1041)
  Ignoring ambiguities in tree likelihood.
  Ignoring character uncertainty in tree likelihood.
  With 361 unique site patterns.
  Using rescaling scheme : dynamic
  Ignoring ambiguities in tree likelihood.
  Ignoring character uncertainty in tree likelihood.
  With 79 unique site patterns.
  Using rescaling scheme : dynamic
java.lang.NullPointerException
	at beast.util.XMLParser.initBEASTObjects(Unknown Source)
	at beast.util.XMLParser.parse(Unknown Source)
	at beast.util.XMLParser.parseFile(Unknown Source)
	at beast.util.XMLParser.parseFile(Unknown Source)
	at test.beast.integration.ExampleXmlParsingTest.test_ThatXmlExamplesParse(Unknown Source)
	at test.beast.integration.ExampleXmlParsingTest.test_ThatXmlExamplesParse(Unknown Source)
	at sun.reflect.NativeMethodAccessorImpl.invoke0(Native Method)
	at sun.reflect.NativeMethodAccessorImpl.invoke(NativeMethodAccessorImpl.java:62)
	at sun.reflect.DelegatingMethodAccessorImpl.invoke(DelegatingMethodAccessorImpl.java:43)
	at java.lang.reflect.Method.invoke(Method.java:498)
	at junit.framework.TestCase.runTest(TestCase.java:168)
	at junit.framework.TestCase.runBare(TestCase.java:134)
	at junit.framework.TestResult$1.protect(TestResult.java:110)
	at junit.framework.TestResult.runProtected(TestResult.java:128)
	at junit.framework.TestResult.run(TestResult.java:113)
	at junit.framework.TestCase.run(TestCase.java:124)
	at junit.framework.TestSuite.runTest(TestSuite.java:243)
	at junit.framework.TestSuite.run(TestSuite.java:238)
	at org.apache.tools.ant.taskdefs.optional.junit.JUnitTestRunner.run(JUnitTestRunner.java:534)
	at org.apache.tools.ant.taskdefs.optional.junit.JUnitTestRunner.launch(JUnitTestRunner.java:1196)
	at org.apache.tools.ant.taskdefs.optional.junit.JUnitTestRunner.main(JUnitTestRunner.java:1041)
  Ignoring ambiguities in tree likelihood.
  Ignoring character uncertainty in tree likelihood.
  With 361 unique site patterns.
  Using rescaling scheme : dynamic
  Ignoring ambiguities in tree likelihood.
  Ignoring character uncertainty in tree likelihood.
  With 79 unique site patterns.
  Using rescaling scheme : dynamic
java.lang.NullPointerException
	at beast.util.XMLParser.initBEASTObjects(Unknown Source)
	at beast.util.XMLParser.parse(Unknown Source)
	at beast.util.XMLParser.parseFile(Unknown Source)
	at beast.util.XMLParser.parseFile(Unknown Source)
	at test.beast.integration.ExampleXmlParsingTest.test_ThatXmlExamplesParse(Unknown Source)
	at test.beast.integration.ExampleXmlParsingTest.test_ThatXmlExamplesParse(Unknown Source)
	at sun.reflect.NativeMethodAccessorImpl.invoke0(Native Method)
	at sun.reflect.NativeMethodAccessorImpl.invoke(NativeMethodAccessorImpl.java:62)
	at sun.reflect.DelegatingMethodAccessorImpl.invoke(DelegatingMethodAccessorImpl.java:43)
	at java.lang.reflect.Method.invoke(Method.java:498)
	at junit.framework.TestCase.runTest(TestCase.java:168)
	at junit.framework.TestCase.runBare(TestCase.java:134)
	at junit.framework.TestResult$1.protect(TestResult.java:110)
	at junit.framework.TestResult.runProtected(TestResult.java:128)
	at junit.framework.TestResult.run(TestResult.java:113)
	at junit.framework.TestCase.run(TestCase.java:124)
	at junit.framework.TestSuite.runTest(TestSuite.java:243)
	at junit.framework.TestSuite.run(TestSuite.java:238)
	at org.apache.tools.ant.taskdefs.optional.junit.JUnitTestRunner.run(JUnitTestRunner.java:534)
	at org.apache.tools.ant.taskdefs.optional.junit.JUnitTestRunner.launch(JUnitTestRunner.java:1196)
	at org.apache.tools.ant.taskdefs.optional.junit.JUnitTestRunner.main(JUnitTestRunner.java:1041)
Element x found with idref='birthDiffRateParam'. All other attributes are ignored.

java.lang.NullPointerException
	at beast.util.XMLParser.initBEASTObjects(Unknown Source)
	at beast.util.XMLParser.parse(Unknown Source)
	at beast.util.XMLParser.parseFile(Unknown Source)
	at beast.util.XMLParser.parseFile(Unknown Source)
	at test.beast.integration.ExampleXmlParsingTest.test_ThatXmlExamplesParse(Unknown Source)
	at test.beast.integration.ExampleXmlParsingTest.test_ThatXmlExamplesParse(Unknown Source)
	at sun.reflect.NativeMethodAccessorImpl.invoke0(Native Method)
	at sun.reflect.NativeMethodAccessorImpl.invoke(NativeMethodAccessorImpl.java:62)
	at sun.reflect.DelegatingMethodAccessorImpl.invoke(DelegatingMethodAccessorImpl.java:43)
	at java.lang.reflect.Method.invoke(Method.java:498)
	at junit.framework.TestCase.runTest(TestCase.java:168)
	at junit.framework.TestCase.runBare(TestCase.java:134)
	at junit.framework.TestResult$1.protect(TestResult.java:110)
	at junit.framework.TestResult.runProtected(TestResult.java:128)
	at junit.framework.TestResult.run(TestResult.java:113)
	at junit.framework.TestCase.run(TestCase.java:124)
	at junit.framework.TestSuite.runTest(TestSuite.java:243)
	at junit.framework.TestSuite.run(TestSuite.java:238)
	at org.apache.tools.ant.taskdefs.optional.junit.JUnitTestRunner.run(JUnitTestRunner.java:534)
	at org.apache.tools.ant.taskdefs.optional.junit.JUnitTestRunner.launch(JUnitTestRunner.java:1196)
	at org.apache.tools.ant.taskdefs.optional.junit.JUnitTestRunner.main(JUnitTestRunner.java:1041)
Element taxon found with idref='human'. All other attributes are ignored.

Element taxon found with idref='chimp'. All other attributes are ignored.

java.lang.NullPointerException
	at beast.util.XMLParser.initBEASTObjects(Unknown Source)
	at beast.util.XMLParser.parse(Unknown Source)
	at beast.util.XMLParser.parseFile(Unknown Source)
	at beast.util.XMLParser.parseFile(Unknown Source)
	at test.beast.integration.ExampleXmlParsingTest.test_ThatXmlExamplesParse(Unknown Source)
	at test.beast.integration.ExampleXmlParsingTest.test_ThatXmlExamplesParse(Unknown Source)
	at sun.reflect.NativeMethodAccessorImpl.invoke0(Native Method)
	at sun.reflect.NativeMethodAccessorImpl.invoke(NativeMethodAccessorImpl.java:62)
	at sun.reflect.DelegatingMethodAccessorImpl.invoke(DelegatingMethodAccessorImpl.java:43)
	at java.lang.reflect.Method.invoke(Method.java:498)
	at junit.framework.TestCase.runTest(TestCase.java:168)
	at junit.framework.TestCase.runBare(TestCase.java:134)
	at junit.framework.TestResult$1.protect(TestResult.java:110)
	at junit.framework.TestResult.runProtected(TestResult.java:128)
	at junit.framework.TestResult.run(TestResult.java:113)
	at junit.framework.TestCase.run(TestCase.java:124)
	at junit.framework.TestSuite.runTest(TestSuite.java:243)
	at junit.framework.TestSuite.run(TestSuite.java:238)
	at org.apache.tools.ant.taskdefs.optional.junit.JUnitTestRunner.run(JUnitTestRunner.java:534)
	at org.apache.tools.ant.taskdefs.optional.junit.JUnitTestRunner.launch(JUnitTestRunner.java:1196)
	at org.apache.tools.ant.taskdefs.optional.junit.JUnitTestRunner.main(JUnitTestRunner.java:1041)
java.lang.NullPointerException
	at beast.util.XMLParser.initBEASTObjects(Unknown Source)
	at beast.util.XMLParser.parse(Unknown Source)
	at beast.util.XMLParser.parseFile(Unknown Source)
	at beast.util.XMLParser.parseFile(Unknown Source)
	at test.beast.integration.ExampleXmlParsingTest.test_ThatXmlExamplesParse(Unknown Source)
	at test.beast.integration.ExampleXmlParsingTest.test_ThatXmlExamplesParse(Unknown Source)
	at sun.reflect.NativeMethodAccessorImpl.invoke0(Native Method)
	at sun.reflect.NativeMethodAccessorImpl.invoke(NativeMethodAccessorImpl.java:62)
	at sun.reflect.DelegatingMethodAccessorImpl.invoke(DelegatingMethodAccessorImpl.java:43)
	at java.lang.reflect.Method.invoke(Method.java:498)
	at junit.framework.TestCase.runTest(TestCase.java:168)
	at junit.framework.TestCase.runBare(TestCase.java:134)
	at junit.framework.TestResult$1.protect(TestResult.java:110)
	at junit.framework.TestResult.runProtected(TestResult.java:128)
	at junit.framework.TestResult.run(TestResult.java:113)
	at junit.framework.TestCase.run(TestCase.java:124)
	at junit.framework.TestSuite.runTest(TestSuite.java:243)
	at junit.framework.TestSuite.run(TestSuite.java:238)
	at org.apache.tools.ant.taskdefs.optional.junit.JUnitTestRunner.run(JUnitTestRunner.java:534)
	at org.apache.tools.ant.taskdefs.optional.junit.JUnitTestRunner.launch(JUnitTestRunner.java:1196)
	at org.apache.tools.ant.taskdefs.optional.junit.JUnitTestRunner.main(JUnitTestRunner.java:1041)
java.lang.NullPointerException
	at beast.util.XMLParser.initBEASTObjects(Unknown Source)
	at beast.util.XMLParser.parse(Unknown Source)
	at beast.util.XMLParser.parseFile(Unknown Source)
	at beast.util.XMLParser.parseFile(Unknown Source)
	at test.beast.integration.ExampleXmlParsingTest.test_ThatXmlExamplesParse(Unknown Source)
	at test.beast.integration.ExampleXmlParsingTest.test_ThatXmlExamplesParse(Unknown Source)
	at sun.reflect.NativeMethodAccessorImpl.invoke0(Native Method)
	at sun.reflect.NativeMethodAccessorImpl.invoke(NativeMethodAccessorImpl.java:62)
	at sun.reflect.DelegatingMethodAccessorImpl.invoke(DelegatingMethodAccessorImpl.java:43)
	at java.lang.reflect.Method.invoke(Method.java:498)
	at junit.framework.TestCase.runTest(TestCase.java:168)
	at junit.framework.TestCase.runBare(TestCase.java:134)
	at junit.framework.TestResult$1.protect(TestResult.java:110)
	at junit.framework.TestResult.runProtected(TestResult.java:128)
	at junit.framework.TestResult.run(TestResult.java:113)
	at junit.framework.TestCase.run(TestCase.java:124)
	at junit.framework.TestSuite.runTest(TestSuite.java:243)
	at junit.framework.TestSuite.run(TestSuite.java:238)
	at org.apache.tools.ant.taskdefs.optional.junit.JUnitTestRunner.run(JUnitTestRunner.java:534)
	at org.apache.tools.ant.taskdefs.optional.junit.JUnitTestRunner.launch(JUnitTestRunner.java:1196)
	at org.apache.tools.ant.taskdefs.optional.junit.JUnitTestRunner.main(JUnitTestRunner.java:1041)
  Ignoring ambiguities in tree likelihood.
  Ignoring character uncertainty in tree likelihood.
  With 361 unique site patterns.
  Using rescaling scheme : dynamic
  Ignoring ambiguities in tree likelihood.
  Ignoring character uncertainty in tree likelihood.
  With 79 unique site patterns.
  Using rescaling scheme : dynamic
java.lang.NullPointerException
	at beast.util.XMLParser.initBEASTObjects(Unknown Source)
	at beast.util.XMLParser.parse(Unknown Source)
	at beast.util.XMLParser.parseFile(Unknown Source)
	at beast.util.XMLParser.parseFile(Unknown Source)
	at test.beast.integration.ExampleXmlParsingTest.test_ThatXmlExamplesParse(Unknown Source)
	at test.beast.integration.ExampleXmlParsingTest.test_ThatXmlExamplesParse(Unknown Source)
	at sun.reflect.NativeMethodAccessorImpl.invoke0(Native Method)
	at sun.reflect.NativeMethodAccessorImpl.invoke(NativeMethodAccessorImpl.java:62)
	at sun.reflect.DelegatingMethodAccessorImpl.invoke(DelegatingMethodAccessorImpl.java:43)
	at java.lang.reflect.Method.invoke(Method.java:498)
	at junit.framework.TestCase.runTest(TestCase.java:168)
	at junit.framework.TestCase.runBare(TestCase.java:134)
	at junit.framework.TestResult$1.protect(TestResult.java:110)
	at junit.framework.TestResult.runProtected(TestResult.java:128)
	at junit.framework.TestResult.run(TestResult.java:113)
	at junit.framework.TestCase.run(TestCase.java:124)
	at junit.framework.TestSuite.runTest(TestSuite.java:243)
	at junit.framework.TestSuite.run(TestSuite.java:238)
	at org.apache.tools.ant.taskdefs.optional.junit.JUnitTestRunner.run(JUnitTestRunner.java:534)
	at org.apache.tools.ant.taskdefs.optional.junit.JUnitTestRunner.launch(JUnitTestRunner.java:1196)
	at org.apache.tools.ant.taskdefs.optional.junit.JUnitTestRunner.main(JUnitTestRunner.java:1041)
Element x found with idref='meanParam'. All other attributes are ignored.

java.lang.NullPointerException
	at beast.util.XMLParser.initBEASTObjects(Unknown Source)
	at beast.util.XMLParser.parse(Unknown Source)
	at beast.util.XMLParser.parseFile(Unknown Source)
	at beast.util.XMLParser.parseFile(Unknown Source)
	at test.beast.integration.ExampleXmlParsingTest.test_ThatXmlExamplesParse(Unknown Source)
	at test.beast.integration.ExampleXmlParsingTest.test_ThatXmlExamplesParse(Unknown Source)
	at sun.reflect.NativeMethodAccessorImpl.invoke0(Native Method)
	at sun.reflect.NativeMethodAccessorImpl.invoke(NativeMethodAccessorImpl.java:62)
	at sun.reflect.DelegatingMethodAccessorImpl.invoke(DelegatingMethodAccessorImpl.java:43)
	at java.lang.reflect.Method.invoke(Method.java:498)
	at junit.framework.TestCase.runTest(TestCase.java:168)
	at junit.framework.TestCase.runBare(TestCase.java:134)
	at junit.framework.TestResult$1.protect(TestResult.java:110)
	at junit.framework.TestResult.runProtected(TestResult.java:128)
	at junit.framework.TestResult.run(TestResult.java:113)
	at junit.framework.TestCase.run(TestCase.java:124)
	at junit.framework.TestSuite.runTest(TestSuite.java:243)
	at junit.framework.TestSuite.run(TestSuite.java:238)
	at org.apache.tools.ant.taskdefs.optional.junit.JUnitTestRunner.run(JUnitTestRunner.java:534)
	at org.apache.tools.ant.taskdefs.optional.junit.JUnitTestRunner.launch(JUnitTestRunner.java:1196)
	at org.apache.tools.ant.taskdefs.optional.junit.JUnitTestRunner.main(JUnitTestRunner.java:1041)
java.lang.NullPointerException
	at beast.util.XMLParser.initBEASTObjects(Unknown Source)
	at beast.util.XMLParser.parse(Unknown Source)
	at beast.util.XMLParser.parseFile(Unknown Source)
	at beast.util.XMLParser.parseFile(Unknown Source)
	at test.beast.integration.ExampleXmlParsingTest.test_ThatXmlExamplesParse(Unknown Source)
	at test.beast.integration.ExampleXmlParsingTest.test_ThatXmlExamplesParse(Unknown Source)
	at sun.reflect.NativeMethodAccessorImpl.invoke0(Native Method)
	at sun.reflect.NativeMethodAccessorImpl.invoke(NativeMethodAccessorImpl.java:62)
	at sun.reflect.DelegatingMethodAccessorImpl.invoke(DelegatingMethodAccessorImpl.java:43)
	at java.lang.reflect.Method.invoke(Method.java:498)
	at junit.framework.TestCase.runTest(TestCase.java:168)
	at junit.framework.TestCase.runBare(TestCase.java:134)
	at junit.framework.TestResult$1.protect(TestResult.java:110)
	at junit.framework.TestResult.runProtected(TestResult.java:128)
	at junit.framework.TestResult.run(TestResult.java:113)
	at junit.framework.TestCase.run(TestCase.java:124)
	at junit.framework.TestSuite.runTest(TestSuite.java:243)
	at junit.framework.TestSuite.run(TestSuite.java:238)
	at org.apache.tools.ant.taskdefs.optional.junit.JUnitTestRunner.run(JUnitTestRunner.java:534)
	at org.apache.tools.ant.taskdefs.optional.junit.JUnitTestRunner.launch(JUnitTestRunner.java:1196)
	at org.apache.tools.ant.taskdefs.optional.junit.JUnitTestRunner.main(JUnitTestRunner.java:1041)
java.lang.NullPointerException
	at beast.util.XMLParser.initBEASTObjects(Unknown Source)
	at beast.util.XMLParser.parse(Unknown Source)
	at beast.util.XMLParser.parseFile(Unknown Source)
	at beast.util.XMLParser.parseFile(Unknown Source)
	at test.beast.integration.ExampleXmlParsingTest.test_ThatXmlExamplesParse(Unknown Source)
	at test.beast.integration.ExampleXmlParsingTest.test_ThatXmlExamplesParse(Unknown Source)
	at sun.reflect.NativeMethodAccessorImpl.invoke0(Native Method)
	at sun.reflect.NativeMethodAccessorImpl.invoke(NativeMethodAccessorImpl.java:62)
	at sun.reflect.DelegatingMethodAccessorImpl.invoke(DelegatingMethodAccessorImpl.java:43)
	at java.lang.reflect.Method.invoke(Method.java:498)
	at junit.framework.TestCase.runTest(TestCase.java:168)
	at junit.framework.TestCase.runBare(TestCase.java:134)
	at junit.framework.TestResult$1.protect(TestResult.java:110)
	at junit.framework.TestResult.runProtected(TestResult.java:128)
	at junit.framework.TestResult.run(TestResult.java:113)
	at junit.framework.TestCase.run(TestCase.java:124)
	at junit.framework.TestSuite.runTest(TestSuite.java:243)
	at junit.framework.TestSuite.run(TestSuite.java:238)
	at org.apache.tools.ant.taskdefs.optional.junit.JUnitTestRunner.run(JUnitTestRunner.java:534)
	at org.apache.tools.ant.taskdefs.optional.junit.JUnitTestRunner.launch(JUnitTestRunner.java:1196)
	at org.apache.tools.ant.taskdefs.optional.junit.JUnitTestRunner.main(JUnitTestRunner.java:1041)
java.lang.NullPointerException
	at beast.util.XMLParser.initBEASTObjects(Unknown Source)
	at beast.util.XMLParser.parse(Unknown Source)
	at beast.util.XMLParser.parseFile(Unknown Source)
	at beast.util.XMLParser.parseFile(Unknown Source)
	at test.beast.integration.ExampleXmlParsingTest.test_ThatXmlExamplesParse(Unknown Source)
	at test.beast.integration.ExampleXmlParsingTest.test_ThatXmlExamplesParse(Unknown Source)
	at sun.reflect.NativeMethodAccessorImpl.invoke0(Native Method)
	at sun.reflect.NativeMethodAccessorImpl.invoke(NativeMethodAccessorImpl.java:62)
	at sun.reflect.DelegatingMethodAccessorImpl.invoke(DelegatingMethodAccessorImpl.java:43)
	at java.lang.reflect.Method.invoke(Method.java:498)
	at junit.framework.TestCase.runTest(TestCase.java:168)
	at junit.framework.TestCase.runBare(TestCase.java:134)
	at junit.framework.TestResult$1.protect(TestResult.java:110)
	at junit.framework.TestResult.runProtected(TestResult.java:128)
	at junit.framework.TestResult.run(TestResult.java:113)
	at junit.framework.TestCase.run(TestCase.java:124)
	at junit.framework.TestSuite.runTest(TestSuite.java:243)
	at junit.framework.TestSuite.run(TestSuite.java:238)
	at org.apache.tools.ant.taskdefs.optional.junit.JUnitTestRunner.run(JUnitTestRunner.java:534)
	at org.apache.tools.ant.taskdefs.optional.junit.JUnitTestRunner.launch(JUnitTestRunner.java:1196)
	at org.apache.tools.ant.taskdefs.optional.junit.JUnitTestRunner.main(JUnitTestRunner.java:1041)
java.lang.NullPointerException
	at beast.util.XMLParser.initBEASTObjects(Unknown Source)
	at beast.util.XMLParser.parse(Unknown Source)
	at beast.util.XMLParser.parseFile(Unknown Source)
	at beast.util.XMLParser.parseFile(Unknown Source)
	at test.beast.integration.ExampleXmlParsingTest.test_ThatXmlExamplesParse(Unknown Source)
	at test.beast.integration.ExampleXmlParsingTest.test_ThatXmlExamplesParse(Unknown Source)
	at sun.reflect.NativeMethodAccessorImpl.invoke0(Native Method)
	at sun.reflect.NativeMethodAccessorImpl.invoke(NativeMethodAccessorImpl.java:62)
	at sun.reflect.DelegatingMethodAccessorImpl.invoke(DelegatingMethodAccessorImpl.java:43)
	at java.lang.reflect.Method.invoke(Method.java:498)
	at junit.framework.TestCase.runTest(TestCase.java:168)
	at junit.framework.TestCase.runBare(TestCase.java:134)
	at junit.framework.TestResult$1.protect(TestResult.java:110)
	at junit.framework.TestResult.runProtected(TestResult.java:128)
	at junit.framework.TestResult.run(TestResult.java:113)
	at junit.framework.TestCase.run(TestCase.java:124)
	at junit.framework.TestSuite.runTest(TestSuite.java:243)
	at junit.framework.TestSuite.run(TestSuite.java:238)
	at org.apache.tools.ant.taskdefs.optional.junit.JUnitTestRunner.run(JUnitTestRunner.java:534)
	at org.apache.tools.ant.taskdefs.optional.junit.JUnitTestRunner.launch(JUnitTestRunner.java:1196)
	at org.apache.tools.ant.taskdefs.optional.junit.JUnitTestRunner.main(JUnitTestRunner.java:1041)
java.lang.NullPointerException
	at beast.util.XMLParser.initBEASTObjects(Unknown Source)
	at beast.util.XMLParser.parse(Unknown Source)
	at beast.util.XMLParser.parseFile(Unknown Source)
	at beast.util.XMLParser.parseFile(Unknown Source)
	at test.beast.integration.ExampleXmlParsingTest.test_ThatXmlExamplesParse(Unknown Source)
	at test.beast.integration.ExampleXmlParsingTest.test_ThatXmlExamplesParse(Unknown Source)
	at sun.reflect.NativeMethodAccessorImpl.invoke0(Native Method)
	at sun.reflect.NativeMethodAccessorImpl.invoke(NativeMethodAccessorImpl.java:62)
	at sun.reflect.DelegatingMethodAccessorImpl.invoke(DelegatingMethodAccessorImpl.java:43)
	at java.lang.reflect.Method.invoke(Method.java:498)
	at junit.framework.TestCase.runTest(TestCase.java:168)
	at junit.framework.TestCase.runBare(TestCase.java:134)
	at junit.framework.TestResult$1.protect(TestResult.java:110)
	at junit.framework.TestResult.runProtected(TestResult.java:128)
	at junit.framework.TestResult.run(TestResult.java:113)
	at junit.framework.TestCase.run(TestCase.java:124)
	at junit.framework.TestSuite.runTest(TestSuite.java:243)
	at junit.framework.TestSuite.run(TestSuite.java:238)
	at org.apache.tools.ant.taskdefs.optional.junit.JUnitTestRunner.run(JUnitTestRunner.java:534)
	at org.apache.tools.ant.taskdefs.optional.junit.JUnitTestRunner.launch(JUnitTestRunner.java:1196)
	at org.apache.tools.ant.taskdefs.optional.junit.JUnitTestRunner.main(JUnitTestRunner.java:1041)
  Ignoring ambiguities in tree likelihood.
  Ignoring character uncertainty in tree likelihood.
  With 69 unique site patterns.
  Using rescaling scheme : dynamic
java.lang.NullPointerException
	at beast.util.XMLParser.initBEASTObjects(Unknown Source)
	at beast.util.XMLParser.parse(Unknown Source)
	at beast.util.XMLParser.parseFile(Unknown Source)
	at beast.util.XMLParser.parseFile(Unknown Source)
	at test.beast.integration.ExampleXmlParsingTest.test_ThatXmlExamplesParse(Unknown Source)
	at test.beast.integration.ExampleXmlParsingTest.test_ThatXmlExamplesParse(Unknown Source)
	at sun.reflect.NativeMethodAccessorImpl.invoke0(Native Method)
	at sun.reflect.NativeMethodAccessorImpl.invoke(NativeMethodAccessorImpl.java:62)
	at sun.reflect.DelegatingMethodAccessorImpl.invoke(DelegatingMethodAccessorImpl.java:43)
	at java.lang.reflect.Method.invoke(Method.java:498)
	at junit.framework.TestCase.runTest(TestCase.java:168)
	at junit.framework.TestCase.runBare(TestCase.java:134)
	at junit.framework.TestResult$1.protect(TestResult.java:110)
	at junit.framework.TestResult.runProtected(TestResult.java:128)
	at junit.framework.TestResult.run(TestResult.java:113)
	at junit.framework.TestCase.run(TestCase.java:124)
	at junit.framework.TestSuite.runTest(TestSuite.java:243)
	at junit.framework.TestSuite.run(TestSuite.java:238)
	at org.apache.tools.ant.taskdefs.optional.junit.JUnitTestRunner.run(JUnitTestRunner.java:534)
	at org.apache.tools.ant.taskdefs.optional.junit.JUnitTestRunner.launch(JUnitTestRunner.java:1196)
	at org.apache.tools.ant.taskdefs.optional.junit.JUnitTestRunner.main(JUnitTestRunner.java:1041)
  Ignoring ambiguities in tree likelihood.
  Ignoring character uncertainty in tree likelihood.
  With 69 unique site patterns.
  Using rescaling scheme : dynamic
]]></system-err>
</testsuite>
