<?xml version="1.0" encoding="UTF-8" ?>
<testsuite errors="1" failures="0" hostname="Leonardos-MacBook-Pro.local" name="test.beast.math.distributions.LogNormalDistributionModelTest" skipped="0" tests="8" time="3.345" timestamp="2019-06-11T12:13:46">
  <properties>
    <property name="java.vendor" value="Oracle Corporation" />
    <property name="sun.java.launcher" value="SUN_STANDARD" />
    <property name="BEAUti_name" value="BEAUti" />
    <property name="sun.management.compiler" value="HotSpot 64-Bit Tiered Compilers" />
    <property name="dist" value="/Users/lr411/Documents/workspace/LeoBEAST2_local/beast2/build/dist" />
    <property name="lib" value="/Users/lr411/Documents/workspace/LeoBEAST2_local/beast2/lib" />
    <property name="os.name" value="Mac OS X" />
    <property name="sun.boot.class.path" value="/Library/Java/JavaVirtualMachines/jdk1.8.0_192.jdk/Contents/Home/jre/lib/resources.jar:/Library/Java/JavaVirtualMachines/jdk1.8.0_192.jdk/Contents/Home/jre/lib/rt.jar:/Library/Java/JavaVirtualMachines/jdk1.8.0_192.jdk/Contents/Home/jre/lib/sunrsasign.jar:/Library/Java/JavaVirtualMachines/jdk1.8.0_192.jdk/Contents/Home/jre/lib/jsse.jar:/Library/Java/JavaVirtualMachines/jdk1.8.0_192.jdk/Contents/Home/jre/lib/jce.jar:/Library/Java/JavaVirtualMachines/jdk1.8.0_192.jdk/Contents/Home/jre/lib/charsets.jar:/Library/Java/JavaVirtualMachines/jdk1.8.0_192.jdk/Contents/Home/jre/lib/jfr.jar:/Library/Java/JavaVirtualMachines/jdk1.8.0_192.jdk/Contents/Home/jre/classes" />
    <property name="report" value="build/junitreport" />
    <property name="common_dir" value="release/common" />
    <property name="java.vm.specification.vendor" value="Oracle Corporation" />
    <property name="ant.home" value="/usr/local/Cellar/ant/1.10.6/libexec" />
    <property name="java.runtime.version" value="1.8.0_192-b12" />
    <property name="main_class_BEAST" value="beast.app.beastapp.BeastMain" />
    <property name="Mac_package_dir" value="release/Mac/BEAST" />
    <property name="user.name" value="lr411" />
    <property name="AppleSigner" value="Developer ID Application: Remco Bouckaert (LHFJWE5U63)" />
    <property name="LogAnalyser_name" value="LogAnalyser" />
    <property name="user.language" value="en" />
    <property name="build" value="/Users/lr411/Documents/workspace/LeoBEAST2_local/beast2/build" />
    <property name="sun.boot.library.path" value="/Library/Java/JavaVirtualMachines/jdk1.8.0_192.jdk/Contents/Home/jre/lib" />
    <property name="ant.project.default-target" value="build_jar_all_BEAST" />
    <property name="tools_dir" value="release/common/tools" />
    <property name="ant.project.name" value="BUILD_BEAST_2" />
    <property name="java.version" value="1.8.0_192" />
    <property name="version" value="2.5.1" />
    <property name="user.timezone" value="" />
    <property name="sun.arch.data.model" value="64" />
    <property name="Linux_dir" value="release/Linux" />
    <property name="http.nonProxyHosts" value="local|*.local|169.254/16|*.169.254/16" />
    <property name="java.endorsed.dirs" value="/Library/Java/JavaVirtualMachines/jdk1.8.0_192.jdk/Contents/Home/jre/lib/endorsed" />
    <property name="doc" value="/Users/lr411/Documents/workspace/LeoBEAST2_local/beast2/doc" />
    <property name="version_number" value="2.5.1" />
    <property name="sun.cpu.isalist" value="" />
    <property name="sun.jnu.encoding" value="UTF-8" />
    <property name="file.encoding.pkg" value="sun.io" />
    <property name="file.separator" value="/" />
    <property name="java.specification.name" value="Java Platform API Specification" />
    <property name="java.class.version" value="52.0" />
    <property name="src" value="/Users/lr411/Documents/workspace/LeoBEAST2_local/beast2/src" />
    <property name="Mac_bundle_dir" value="release/Mac/BEAST/BEAST" />
    <property name="user.country" value="GB" />
    <property name="java.home" value="/Library/Java/JavaVirtualMachines/jdk1.8.0_192.jdk/Contents/Home/jre" />
    <property name="java.vm.info" value="mixed mode" />
    <property name="Mac_dir" value="release/Mac" />
    <property name="ant.file" value="/Users/lr411/Documents/workspace/LeoBEAST2_local/beast2/build.xml" />
    <property name="os.version" value="10.14" />
    <property name="release_dir" value="release" />
    <property name="path.separator" value=":" />
    <property name="java.vm.version" value="25.192-b12" />
    <property name="ant.library.dir" value="/usr/local/Cellar/ant/1.10.6/libexec/lib" />
    <property name="java.awt.printerjob" value="sun.lwawt.macosx.CPrinterJob" />
    <property name="sun.io.unicode.encoding" value="UnicodeBig" />
    <property name="beast1_dir" value="release/common/beast1" />
    <property name="awt.toolkit" value="sun.lwawt.macosx.LWCToolkit" />
    <property name="socksNonProxyHosts" value="local|*.local|169.254/16|*.169.254/16" />
    <property name="ftp.nonProxyHosts" value="local|*.local|169.254/16|*.169.254/16" />
    <property name="BEAST_name" value="BEAST" />
    <property name="TreeAnnotator_name" value="TreeAnnotator" />
    <property name="user.home" value="/Users/lr411" />
    <property name="java.specification.vendor" value="Oracle Corporation" />
    <property name="test" value="/Users/lr411/Documents/workspace/LeoBEAST2_local/beast2/test" />
    <property name="ant.file.BUILD_BEAST_2" value="/Users/lr411/Documents/workspace/LeoBEAST2_local/beast2/build.xml" />
    <property name="java.library.path" value="/Users/lr411/Library/Java/Extensions:/Library/Java/Extensions:/Network/Library/Java/Extensions:/System/Library/Java/Extensions:/usr/lib/java:." />
    <property name="java.vendor.url" value="http://java.oracle.com/" />
    <property name="java.vm.vendor" value="Oracle Corporation" />
    <property name="gopherProxySet" value="false" />
    <property name="copyright" value="Beast 2 development team 2011-2018" />
    <property name="java.runtime.name" value="Java(TM) SE Runtime Environment" />
    <property name="ant.version" value="Apache Ant(TM) version 1.10.6 compiled on May 2 2019" />
    <property name="sun.java.command" value="org.apache.tools.ant.taskdefs.optional.junit.JUnitTestRunner test.beast.math.distributions.LogNormalDistributionModelTest skipNonTests=false filtertrace=true haltOnError=false haltOnFailure=false formatter=org.apache.tools.ant.taskdefs.optional.junit.SummaryJUnitResultFormatter showoutput=false outputtoformatters=true logfailedtests=true threadid=0 logtestlistenerevents=false formatter=org.apache.tools.ant.taskdefs.optional.junit.XMLJUnitResultFormatter,/Users/lr411/Documents/workspace/LeoBEAST2_local/beast2/build/junitreport/TEST-test.beast.math.distributions.LogNormalDistributionModelTest.xml crashfile=/Users/lr411/Documents/workspace/LeoBEAST2_local/beast2/junitvmwatcher5957902026405860105.properties propsfile=/Users/lr411/Documents/workspace/LeoBEAST2_local/beast2/junit5084251782326334954.properties" />
    <property name="java.class.path" value="/Users/lr411/Documents/workspace/LeoBEAST2_local/beast2/lib/beagle.jar:/Users/lr411/Documents/workspace/LeoBEAST2_local/beast2/lib/jam.jar:/Users/lr411/Documents/workspace/LeoBEAST2_local/beast2/lib/colt.jar:/Users/lr411/Documents/workspace/LeoBEAST2_local/beast2/lib/fest.jar:/Users/lr411/Documents/workspace/LeoBEAST2_local/beast2/lib/junit-4.8.2.jar:/Users/lr411/Documents/workspace/LeoBEAST2_local/beast2/lib/antlr-runtime-4.7.jar:/Users/lr411/Documents/workspace/LeoBEAST2_local/beast2/build:/usr/local/Cellar/ant/1.10.6/libexec/lib/ant-launcher.jar:/usr/local/Cellar/ant/1.10.6/libexec/lib/ant.jar:/usr/local/Cellar/ant/1.10.6/libexec/lib/ant-junit.jar:/usr/local/Cellar/ant/1.10.6/libexec/lib/ant-junit4.jar" />
    <property name="sdk_dir" value="release/BEAST_SDK" />
    <property name="junitfailed" value="true" />
    <property name="ant.file.type.BUILD_BEAST_2" value="file" />
    <property name="java.vm.specification.name" value="Java Virtual Machine Specification" />
    <property name="ant.file.type" value="file" />
    <property name="java.vm.specification.version" value="1.8" />
    <property name="sun.os.patch.level" value="unknown" />
    <property name="sun.cpu.endian" value="little" />
    <property name="Linux_package_dir" value="release/Linux/beast" />
    <property name="java.io.tmpdir" value="/var/folders/gf/rwhntprj2sqd6lkt8254md2m0000gn/T/" />
    <property name="beast_name" value="beast" />
    <property name="java.vendor.url.bug" value="http://bugreport.sun.com/bugreport/" />
    <property name="java.awt.graphicsenv" value="sun.awt.CGraphicsEnvironment" />
    <property name="os.arch" value="x86_64" />
    <property name="java.ext.dirs" value="/Users/lr411/Library/Java/Extensions:/Library/Java/JavaVirtualMachines/jdk1.8.0_192.jdk/Contents/Home/jre/lib/ext:/Library/Java/Extensions:/Network/Library/Java/Extensions:/System/Library/Java/Extensions:/usr/lib/java" />
    <property name="user.dir" value="/Users/lr411/Documents/workspace/LeoBEAST2_local/beast2" />
    <property name="line.separator" value="&#xa;" />
    <property name="java.vm.name" value="Java HotSpot(TM) 64-Bit Server VM" />
    <property name="basedir" value="/Users/lr411/Documents/workspace/LeoBEAST2_local/beast2" />
    <property name="ant.java.version" value="1.8" />
    <property name="ant.core.lib" value="/usr/local/Cellar/ant/1.10.6/libexec/lib/ant.jar" />
    <property name="Windows_dir" value="release/Windows" />
    <property name="LogCombiner_name" value="LogCombiner" />
    <property name="file.encoding" value="UTF-8" />
    <property name="java.specification.version" value="1.8" />
    <property name="ant.project.invoked-targets" value="build_jar_all_BEAST" />
    <property name="AppLauncher_name" value="AppLauncher" />
    <property name="Windows_package_dir" value="release/Windows/BEAST" />
  </properties>
  <testcase classname="test.beast.math.distributions.LogNormalDistributionModelTest" name="testMean" time="0.232" />
  <testcase classname="test.beast.math.distributions.LogNormalDistributionModelTest" name="testPdf" time="0.914" />
  <testcase classname="test.beast.math.distributions.LogNormalDistributionModelTest" name="testPDF" time="0.493" />
  <testcase classname="test.beast.math.distributions.LogNormalDistributionModelTest" name="testCalcLogP" time="0.001" />
  <testcase classname="test.beast.math.distributions.LogNormalDistributionModelTest" name="testCalcLogP2" time="0.782">
    <error message="at unknown node (null)&#xa;&#xa;Error 110 parsing the xml input file&#xa;&#xa;validate and intialize error: null" type="beast.util.XMLParserException">beast.util.XMLParserException: at unknown node (null)

Error 110 parsing the xml input file

validate and intialize error: null
	at beast.util.XMLParser.initBEASTObjects(Unknown Source)
	at beast.util.XMLParser.parseFragment(Unknown Source)
	at beast.util.XMLParser.parseBareFragment(Unknown Source)
	at test.beast.math.distributions.LogNormalDistributionModelTest.testCalcLogP2(Unknown Source)
</error>
  </testcase>
  <testcase classname="test.beast.math.distributions.LogNormalDistributionModelTest" name="testCalcLogP3" time="0.001" />
  <testcase classname="test.beast.math.distributions.LogNormalDistributionModelTest" name="testMedian" time="0.591" />
  <testcase classname="test.beast.math.distributions.LogNormalDistributionModelTest" name="testCDFAndQuantile" time="0.283" />
  <system-out><![CDATA[Testing 10000 random pdf calls
Testing 10000 random pdf calls
Testing logNormal[M=0.8170007222327076 S=0.7818061691292355].pdf(1.1914069371517657)
Testing logNormal[M=-1.624053989469875 S=0.5670103549704719].pdf(2.22286365109385)
Testing logNormal[M=-0.24289355027674464 S=7.50987110230445].pdf(1.2226785452820397)
Testing logNormal[M=-4.819953078525042 S=9.157198683177144].pdf(1.96127103806054)
Testing logNormal[M=4.254896156676262 S=5.200719524442711].pdf(1.5258400021349412)
Testing logNormal[M=-0.619373471918486 S=6.294913037915966].pdf(1.7731032816892407)
Testing logNormal[M=4.218264911891062 S=5.533569747376986].pdf(2.0391383135932983)
Testing logNormal[M=4.005237988785041 S=7.325518099229216].pdf(2.2542425693151995)
Testing logNormal[M=2.8936892603253668 S=9.16072040294657].pdf(2.003433760871605)
Testing logNormal[M=2.211672639158709 S=8.026512128444242].pdf(2.0794339113443514)
Testing logNormal[M=-4.0129632784530544 S=3.1829823482488404].pdf(1.74249692211751)
Testing logNormal[M=1.9572859951459272 S=6.705099738551543].pdf(2.0679898521433997)
Testing logNormal[M=2.341025824297258 S=1.41488431738789].pdf(2.2073326540651665)
Testing logNormal[M=-2.100556795521645 S=5.3093713997254905].pdf(2.232384629642756)
Testing logNormal[M=3.7833900989706457 S=3.1933657579984045].pdf(2.173865948903974)
Testing logNormal[M=0.022544294351671823 S=1.0294021998769876].pdf(2.2797545622058233)
Testing logNormal[M=2.681806607555828 S=9.83400037352755].pdf(1.2165617616816726)
Testing logNormal[M=-3.295865704622938 S=5.335811606978451].pdf(0.9610585990225239)
Testing logNormal[M=3.5230386523916977 S=2.743721195344928].pdf(1.1178832055719115)
Testing logNormal[M=2.9667807765486245 S=7.772017611361446].pdf(0.7391277616747142)
Testing logNormal[M=-4.367212571461739 S=3.891311817718096].pdf(2.060465989807966)
Testing logNormal[M=-3.1116979596832395 S=8.945744138130912].pdf(2.2267021138122822)
Testing logNormal[M=-1.007223029947225 S=1.3614080627037384].pdf(1.6335001461129615)
Testing logNormal[M=-3.7225615148918667 S=5.113183127994761].pdf(1.2571700171745601)
Testing logNormal[M=2.864576223531058 S=5.742949478171701].pdf(1.011314435577617)
Testing logNormal[M=1.851630680743387 S=7.441058678820921].pdf(2.1023917584147065)
Testing logNormal[M=-4.521641096660549 S=6.535034470343516].pdf(2.1058484181425063)
Testing logNormal[M=4.265780593132016 S=9.093620482239457].pdf(2.1677774209491334)
Testing logNormal[M=-3.901679520479057 S=1.977323492785893].pdf(2.1882495023663786)
Testing logNormal[M=3.1095119085588916 S=2.2442039968126037].pdf(0.42207579860978567)
Testing logNormal[M=-4.52738202318063 S=7.944173130529294].pdf(1.7786794557807963)
Testing logNormal[M=-4.253379906115075 S=5.493664595816].pdf(1.9565705430756077)
Testing logNormal[M=-1.0030561571824204 S=1.8736524322052606].pdf(2.1527995697950386)
Testing logNormal[M=-0.8989685581162989 S=7.881074696547712].pdf(1.2853797050757552)
Testing logNormal[M=-4.460427678749283 S=5.968636130366524].pdf(1.94246173620112)
Testing logNormal[M=1.9232719604126727 S=1.2528113313514022].pdf(1.8216871217201318)
Testing logNormal[M=3.7929864511802123 S=9.370948172309273].pdf(2.1939683207683562)
Testing logNormal[M=-3.665472606346616 S=2.810216346649723].pdf(1.9367572842409877)
Testing logNormal[M=-2.888607539459872 S=8.436696501659599].pdf(1.834861171308994)
Testing logNormal[M=-2.435200298085367 S=6.491422703027383].pdf(1.6370130751052836)
Testing logNormal[M=4.713070623955611 S=2.672217793158642].pdf(0.4141829294002234)
Testing logNormal[M=3.6917980731445983 S=7.540174261823703].pdf(2.2577408768036094)
Testing logNormal[M=2.1765830856855874 S=9.977870336861805].pdf(1.4168161390784917)
Testing logNormal[M=-1.829688977884918 S=4.4693164201466296].pdf(0.34728196939162875)
Testing logNormal[M=1.0321743498831495 S=4.862891458612186].pdf(2.0941160234983585)
Testing logNormal[M=4.233746604774405 S=1.8374363439572972].pdf(2.0963452931689637)
Testing logNormal[M=3.6895420702133706 S=5.942366018016685].pdf(2.0616450392088503)
Testing logNormal[M=1.6508812741828223 S=8.127512838155674].pdf(2.2468952595243343)
Testing logNormal[M=-0.6866776784148261 S=5.373179619681863].pdf(1.5919527698684077)
Testing logNormal[M=-0.542864171395415 S=5.573284605668772].pdf(2.2781356858365354)
Testing logNormal[M=-0.995536048416211 S=4.843028708088427].pdf(0.7186182723807792)
Testing logNormal[M=-1.3540296569413544 S=5.7375394827326325].pdf(1.9006734286014584)
Testing logNormal[M=-3.4075798516839795 S=4.361748927575531].pdf(2.2968364898047136)
Testing logNormal[M=-2.2316074726434074 S=0.9088214260004468].pdf(2.1055353469391624)
Testing logNormal[M=-0.13663030619912497 S=7.833124521958431].pdf(0.7566623284727393)
Testing logNormal[M=3.1238811101398554 S=4.561482766209641].pdf(0.19159691125568207)
Testing logNormal[M=2.4261896317279783 S=0.985512044395328].pdf(1.9559364398019856)
Testing logNormal[M=3.398512363878055 S=2.7029142652963256].pdf(1.7465973411728932)
Testing logNormal[M=4.5372957704399965 S=0.5014784643354275].pdf(1.4963460913539155)
Testing logNormal[M=-3.641383256194357 S=7.654656489123268].pdf(0.9718419962180989)
Testing logNormal[M=3.3393164829078135 S=0.382647140066954].pdf(0.8906529144632058)
Testing logNormal[M=4.211398687778868 S=4.606559457523454].pdf(2.137999079153031)
Testing logNormal[M=-4.020569265569792 S=2.9966772147781007].pdf(0.7303565422160464)
Testing logNormal[M=-4.081021234178309 S=8.670452538922934].pdf(0.986075537024366)
Testing logNormal[M=3.2604567639446973 S=6.8013847693661535].pdf(1.2698139480178383)
Testing logNormal[M=4.863247895849938 S=7.86138063903997].pdf(1.6063135464771225)
Testing logNormal[M=1.1883544652194562 S=8.537617414453415].pdf(1.2365782721263296)
Testing logNormal[M=1.655718718369977 S=2.785178954656382].pdf(2.1348518697304297)
Testing logNormal[M=-4.458864296151644 S=0.30679364083063154].pdf(0.6386398291042665)
Testing logNormal[M=-0.20328360558988834 S=1.4771622531042217].pdf(1.8413439375156029)
Testing logNormal[M=-0.6773676325024516 S=1.490272951773488].pdf(2.0046586005803615)
Testing logNormal[M=0.547881685994617 S=4.752141279601608].pdf(2.008657454934991)
Testing logNormal[M=4.340003654097115 S=5.320048076649532].pdf(1.9824076827980384)
Testing logNormal[M=-0.6722584906233022 S=3.401117685631303].pdf(2.061473767905852)
Testing logNormal[M=0.5651244198967138 S=4.7602951148694554].pdf(2.051922398205611)
Testing logNormal[M=-3.9927850925491204 S=2.9350209064217925].pdf(1.7462103344264563)
Testing logNormal[M=-2.7762903950085516 S=1.7895188592259004].pdf(1.5179370152541287)
Testing logNormal[M=0.7309244881205936 S=5.904988750916221].pdf(2.062439915862319)
Testing logNormal[M=-0.10047040484712433 S=8.930715858287133].pdf(2.1453670603357153)
Testing logNormal[M=-1.2874128785614305 S=8.53301361961803].pdf(0.9233424693363892)
Testing logNormal[M=3.067588078131587 S=2.859834427835082].pdf(0.8980453926861292)
Testing logNormal[M=-2.142330792815769 S=8.398094342540007].pdf(1.510741712079743)
Testing logNormal[M=-3.894672948616668 S=4.63595454603094].pdf(1.8352855987825978)
Testing logNormal[M=1.4598393750460232 S=1.452612244220547].pdf(0.9013140790762347)
Testing logNormal[M=2.740342536351746 S=9.560704198986569].pdf(2.241810228640799)
Testing logNormal[M=3.861822815716483 S=7.225426598198149].pdf(2.0914747448722713)
Testing logNormal[M=1.8240412294056538 S=0.12523421547721014].pdf(2.2143189272203987)
Testing logNormal[M=-2.7931464370457784 S=6.213800141599968].pdf(1.9745080408682039)
Testing logNormal[M=2.7042423290857345 S=1.4888305886200348].pdf(0.8384936724202362)
Testing logNormal[M=4.834517512476609 S=5.3626282566754835].pdf(1.8456823735570393)
Testing logNormal[M=0.34965482179344676 S=5.980113130323662].pdf(2.225370547028847)
Testing logNormal[M=-1.9299825971071694 S=7.039302426364279].pdf(1.8690808344438594)
Testing logNormal[M=0.016335418151892434 S=4.5722486402448].pdf(2.279277647285363)
Testing logNormal[M=0.4957653264448938 S=2.743613409298127].pdf(0.8693026321712027)
Testing logNormal[M=-4.2031222568038595 S=5.786443815993118].pdf(0.5094334068082044)
Testing logNormal[M=4.570928580170859 S=1.5824671668731893].pdf(1.3111527583945959)
Testing logNormal[M=-2.6662005075229747 S=6.918426682988561].pdf(1.7620717490241853)
Testing logNormal[M=2.449500831618762 S=1.2265068832103787].pdf(2.2512527213486155)
Testing logNormal[M=2.830537984340891 S=3.4913080392323415].pdf(1.524651230122865)
Testing logNormal[M=0.35969621832198584 S=4.932907803190735].pdf(2.103064919410751)
Testing logNormal[M=1.4589746149989775 S=1.3345352350980066].pdf(1.0024154016895344)
Testing logNormal[M=-0.4423742432535862 S=6.1839307048041405].pdf(1.5411812891112113)
Testing logNormal[M=-1.736837076138431 S=6.126510142060614].pdf(1.6473900805319674)
Testing logNormal[M=-2.308099402274907 S=6.32266292102806].pdf(1.982348959044852)
Testing logNormal[M=4.090155419347145 S=8.766709965922733].pdf(1.8696845522990542)
Testing logNormal[M=-1.9173931836332603 S=0.06548025262428259].pdf(2.060792932866676)
Testing logNormal[M=-4.966860194296329 S=7.576205820883192].pdf(1.9097451504812917)
Testing logNormal[M=-4.742499875280409 S=9.08088100581709].pdf(0.25342392178296697)
Testing logNormal[M=-3.1120844172839215 S=4.805946200968995].pdf(1.6775887695999392)
Testing logNormal[M=2.004953565871932 S=2.075394119240299].pdf(0.827177395802966)
Testing logNormal[M=1.5807606880841485 S=7.814222765647132].pdf(1.6012061287746937)
Testing logNormal[M=2.259058047558703 S=3.5745482627347203].pdf(1.7799655439458522)
Testing logNormal[M=4.589397846759901 S=0.21816189930134566].pdf(0.09372493678844901)
Testing logNormal[M=4.087694881104717 S=7.719310780071744].pdf(0.7110567791987179)
Testing logNormal[M=2.2806005903297057 S=8.077468719313917].pdf(2.22687154128858)
Testing logNormal[M=0.9701523359136175 S=7.001032070272287].pdf(0.8182013755249348)
Testing logNormal[M=1.3597219272221057 S=6.776359889888593].pdf(1.5252378507091198)
Testing logNormal[M=-1.4617478032460096 S=6.1792011734708545].pdf(0.7888895650920531)
Testing logNormal[M=2.315007908815704 S=8.658164951037433].pdf(2.018733560771673)
Testing logNormal[M=-0.13825479970736687 S=4.747170573770818].pdf(2.0121829087344434)
Testing logNormal[M=-0.17492370894294673 S=1.2891516729544727].pdf(1.5918545339367307)
Testing logNormal[M=4.044448870161892 S=4.754623251418661].pdf(2.0485935104554636)
Testing logNormal[M=-3.940683403978027 S=2.027839234819262].pdf(0.8010918698704973)
Testing logNormal[M=-2.092892258842287 S=1.5335155541397638].pdf(0.39740034723827306)
Testing logNormal[M=2.518923717731746 S=1.7082039491150858].pdf(1.4010775260640849)
Testing logNormal[M=1.0066491165961562 S=2.681348609908568].pdf(1.045320394691128)
Testing logNormal[M=-0.1691455041213068 S=1.74437478085551].pdf(1.5900733544425993)
Testing logNormal[M=2.7314079535524893 S=1.081215034302927].pdf(1.1397631559623198)
Testing logNormal[M=2.8582491866572006 S=1.109520782868929].pdf(0.8757409318470559)
Testing logNormal[M=-0.672035078042656 S=5.775129407404357].pdf(1.038037773790106)
Testing logNormal[M=3.288384259637322 S=5.555067371761268].pdf(1.4406908608718372)
Testing logNormal[M=-2.0476700556366856 S=5.407814908392213].pdf(1.1790425703510885)
Testing logNormal[M=-1.7770653739539641 S=6.37164304949827].pdf(1.875837418550161)
Testing logNormal[M=3.085685459299711 S=4.739858624424028].pdf(0.5054606402381677)
Testing logNormal[M=-3.5614204942466388 S=7.372820918201141].pdf(2.0386470613924152)
Testing logNormal[M=-1.958392320828326 S=6.2402927392634755].pdf(1.9353710942797946)
Testing logNormal[M=4.955493806363183 S=1.3641730814254804].pdf(2.2543700788899894)
Testing logNormal[M=-4.911813242875027 S=1.2554954108006844].pdf(1.9813714234429518)
Testing logNormal[M=0.07099804763332518 S=0.24468507681050133].pdf(2.1830270244209857)
Testing logNormal[M=-1.286248920043811 S=2.1546163811033434].pdf(0.7558950391715415)
Testing logNormal[M=-3.7063094143917397 S=6.651846677422794].pdf(1.4766453832814677)
Testing logNormal[M=3.632569923535776 S=5.180078529709677].pdf(1.0332577602781494)
Testing logNormal[M=-2.772292223101682 S=0.21490401396237369].pdf(1.6302091845149678)
Testing logNormal[M=0.5762815916667758 S=4.750509489683915].pdf(2.181015887822959)
Testing logNormal[M=4.536589491300555 S=4.549411424980869].pdf(1.7154952825860763)
Testing logNormal[M=3.7137101261460863 S=7.513501147121459].pdf(2.2149530474179104)
Testing logNormal[M=-4.747597942216948 S=0.44687900140865655].pdf(1.0115698478199395)
Testing logNormal[M=-4.2545691521449855 S=8.587634193557017].pdf(1.5036319248512373)
Testing logNormal[M=-0.19839149288024238 S=6.165287563169917].pdf(0.6867931664084372)
Testing logNormal[M=4.082495427310214 S=4.572069178922655].pdf(1.3333382831670477)
Testing logNormal[M=1.897577372988236 S=6.8826444386077075].pdf(1.5713808447051354)
Testing logNormal[M=-0.6338240822427412 S=9.449758475454].pdf(1.4860899949357023)
Testing logNormal[M=3.5930010296945323 S=9.201581797168787].pdf(2.1912495641806005)
Testing logNormal[M=3.209065105232069 S=9.602799457375292].pdf(0.8319879910779917)
Testing logNormal[M=-1.7980302734626563 S=1.621153728438136].pdf(1.828283816349387)
Testing logNormal[M=0.34581391481895896 S=9.726244727676942].pdf(2.2141861205302438)
Testing logNormal[M=3.027579924059493 S=5.4337635014099295].pdf(0.9806267454568592)
Testing logNormal[M=-2.4284510752293977 S=9.618252247334025].pdf(2.1476284011224385)
Testing logNormal[M=-1.3684491292516086 S=1.3485800954533789].pdf(1.6700831869997705)
Testing logNormal[M=0.851191305505 S=4.578789416980674].pdf(2.2809424817958184)
Testing logNormal[M=1.8438957983932447 S=1.8217144214753167].pdf(2.065719146360078)
Testing logNormal[M=0.8509337205568714 S=2.656670446790966].pdf(1.8490797582221246)
Testing logNormal[M=1.3024958015779546 S=5.60743526792016].pdf(1.8940714697888104)
Testing logNormal[M=1.270739260124536 S=3.388976432668862].pdf(1.9568305116163829)
Testing logNormal[M=1.1542179474568854 S=3.903891866623627].pdf(1.1188345168343312)
Testing logNormal[M=3.8636986037921908 S=3.4264975597067604].pdf(1.5599550329081642)
Testing logNormal[M=2.1970588457766915 S=0.5284646334896781].pdf(1.1596550964341354)
Testing logNormal[M=2.245761405136001 S=9.771139263566194].pdf(0.49948397032675446)
Testing logNormal[M=-2.8701166462442416 S=0.06392896003309279].pdf(1.182907895437202)
Testing logNormal[M=1.3673967103769673 S=9.880870436524038].pdf(0.3461204336733749)
Testing logNormal[M=-2.834543881304712 S=7.23975275724986].pdf(1.9564341443487643)
Testing logNormal[M=-1.5937675089088943 S=0.07804095262928912].pdf(0.5058984620477718)
Testing logNormal[M=-3.661925219268074 S=8.061285214469866].pdf(1.8004161003492498)
Testing logNormal[M=-1.1843046579404337 S=3.507808315791573].pdf(1.1765980128763573)
Testing logNormal[M=2.444415218349957 S=3.4947270809583575].pdf(1.2364837306004635)
Testing logNormal[M=4.2751049108284604 S=9.655298031388579].pdf(0.8817033392632052)
Testing logNormal[M=-0.4353654041513879 S=7.255390523484438].pdf(1.7361257414358076)
Testing logNormal[M=-4.21596397004266 S=8.730556042479598].pdf(0.27703812627666957)
Testing logNormal[M=2.0212615728399053 S=1.9800285224315284].pdf(2.1361059526751354)
Testing logNormal[M=2.8301354185847503 S=1.8927864592495647].pdf(1.760073295231005)
Testing logNormal[M=4.67205517744233 S=6.966445745234773].pdf(0.7839532255199821)
Testing logNormal[M=1.0463660271068935 S=3.1251195328583736].pdf(2.095781607817636)
Testing logNormal[M=-2.938179308391086 S=0.1924925982521608].pdf(1.124691149962078)
Testing logNormal[M=-1.709691538720417 S=8.2029658178966].pdf(2.2049128156991498)
Testing logNormal[M=0.7584022281809926 S=3.918299559045045].pdf(1.5842372136535987)
Testing logNormal[M=-0.8424851272532132 S=4.877105710539691].pdf(2.1184608037422406)
Testing logNormal[M=-1.2126159956870275 S=1.1747833747583936].pdf(1.312872167571176)
Testing logNormal[M=-1.3591982437274641 S=5.268835172532512].pdf(1.8758250131471215)
Testing logNormal[M=2.5223911964691954 S=7.148051076786413].pdf(2.2285116505877687)
Testing logNormal[M=-3.466991479366641 S=6.210266988402683].pdf(2.0936470171310644)
Testing logNormal[M=-0.27642897540155964 S=3.273408707947488].pdf(0.6145616135793119)
Testing logNormal[M=3.27825784863942 S=1.791437855947553].pdf(1.8513067319094871)
Testing logNormal[M=4.938221624349946 S=5.5937082332568195].pdf(2.123468378412193)
Testing logNormal[M=2.0623735801862884 S=1.5792400114487315].pdf(1.8169822739651953)
Testing logNormal[M=-2.6410300899742865 S=2.7734379035136856].pdf(2.2440674657045285)
Testing logNormal[M=-0.7271096564501756 S=7.160160819626562].pdf(2.2315590299607795)
Testing logNormal[M=-2.4329543978219337 S=3.1681350271963584].pdf(1.8122237452567338)
Testing logNormal[M=-3.6191605552339556 S=3.303300350168813].pdf(1.9289703127513855)
Testing logNormal[M=4.370038953449374 S=1.589080763048304].pdf(2.133077622109741)
Testing logNormal[M=-4.861391853631131 S=2.018453243293137].pdf(1.6487114114543513)
Testing logNormal[M=0.6809773614669714 S=4.361223698959883].pdf(2.2419032845028117)
Testing logNormal[M=-1.2362266476133597 S=9.992565177517154].pdf(2.069507575007702)
Testing logNormal[M=-0.9246695332454378 S=4.68652934572844].pdf(0.7270890762923381)
Testing logNormal[M=3.245501434882378 S=4.932915038584607].pdf(1.358795451231774)
Testing logNormal[M=-1.3565379662133639 S=4.3637978343415575].pdf(1.0491864879569293)
Testing logNormal[M=-3.610703745537993 S=9.484006353217984].pdf(0.337136989436847)
Testing logNormal[M=3.436584289030849 S=8.567035165891957].pdf(1.7308680962265328)
Testing logNormal[M=-1.214453640835127 S=0.12071345135049927].pdf(0.15366123634206236)
Testing logNormal[M=-3.888475380231532 S=4.08098569587266].pdf(1.078181705004008)
Testing logNormal[M=1.8072981366453442 S=2.008141155627341].pdf(2.255454048677365)
Testing logNormal[M=-0.13753773151832682 S=9.621128501544169].pdf(0.5216031859286556)
Testing logNormal[M=-0.18885424709932597 S=5.590330731329411].pdf(0.8191121054002425)
Testing logNormal[M=4.849205424694944 S=5.034015385811202].pdf(2.1002856422821594)
Testing logNormal[M=-0.17269158686730357 S=8.338988330638704].pdf(1.4873477310139271)
Testing logNormal[M=1.998959024743697 S=8.650314933613316].pdf(2.243179005572097)
Testing logNormal[M=-0.24740473232841875 S=9.263634672703324].pdf(1.8230219659996743)
Testing logNormal[M=2.856289851168537 S=5.6469456448910265].pdf(1.9828674149362089)
Testing logNormal[M=3.298086405221378 S=8.618618890452058].pdf(2.1818443854338003)
Testing logNormal[M=1.938667034152333 S=3.420689707126725].pdf(1.0765930093726046)
Testing logNormal[M=4.742147516169023 S=2.069741740753991].pdf(1.5110064150452518)
Testing logNormal[M=1.7859979861676205 S=0.7185146177412582].pdf(1.3809441349323905)
Testing logNormal[M=-2.4064267292800325 S=6.051974892821867].pdf(1.9590416345810353)
Testing logNormal[M=-3.1359266718186687 S=2.144700407021368].pdf(1.1265915714673176)
Testing logNormal[M=1.6122552119074518 S=3.6044718151266384].pdf(2.2646567585801223)
Testing logNormal[M=2.2213638212471576 S=7.009762685061255].pdf(1.5740757553063085)
Testing logNormal[M=-4.5794391683403655 S=9.863432206175181].pdf(2.0006881799587335)
Testing logNormal[M=1.3889367040509724 S=7.229748461955573].pdf(1.7655109253635495)
Testing logNormal[M=4.874556424514971 S=8.304976947995579].pdf(1.2824635962907933)
Testing logNormal[M=-4.137882472780683 S=4.584962918025984].pdf(0.33268049552508716)
Testing logNormal[M=0.031246288372706488 S=4.358942025690945].pdf(1.0544449169516308)
Testing logNormal[M=-4.78033505160516 S=7.202803105582235].pdf(2.276015309564683)
Testing logNormal[M=1.514553500277792 S=6.139950127110193].pdf(1.7774055773517297)
Testing logNormal[M=4.24439464561093 S=8.062044604974536].pdf(2.3004333269760346)
Testing logNormal[M=-1.8195585706995567 S=5.897741679483853].pdf(2.032265391981468)
Testing logNormal[M=1.1307523018794283 S=0.10494399951879729].pdf(1.3801308117873)
Testing logNormal[M=-0.06080690667350819 S=2.851536729222998].pdf(1.8923884658360874)
Testing logNormal[M=1.0684539891959588 S=7.887631112848395].pdf(1.5174013477842359)
Testing logNormal[M=2.760956876829016 S=8.645834183248946].pdf(0.6152124180087816)
Testing logNormal[M=-2.524396059547996 S=4.533107795029264].pdf(0.8734867432011248)
Testing logNormal[M=0.9773577247453442 S=6.031435217104937].pdf(2.2794108625634837)
Testing logNormal[M=-1.4856493537351332 S=6.048448912283703].pdf(1.2710610740016326)
Testing logNormal[M=3.805337485392764 S=4.294646687453216].pdf(2.2740451295568045)
Testing logNormal[M=2.5225556772063795 S=9.127608936706352].pdf(1.7594151652626169)
Testing logNormal[M=-0.5364292370895543 S=1.0828280476832386].pdf(0.2014534314736006)
Testing logNormal[M=-4.456533385979952 S=9.417244914551212].pdf(1.2094524714534396)
Testing logNormal[M=-1.7436561462220448 S=0.4528277059564134].pdf(2.069150645006665)
Testing logNormal[M=4.530352361087539 S=2.6624810495966136].pdf(2.0175373242284262)
Testing logNormal[M=3.4687254752927537 S=0.5044926090921398].pdf(2.264576506242832)
Testing logNormal[M=-1.5973824648120427 S=7.386901916455382].pdf(2.2407672580742273)
Testing logNormal[M=3.982221835510698 S=6.112895451946301].pdf(1.6694844142273892)
Testing logNormal[M=-2.734597326240502 S=5.54724505740328].pdf(1.5923517846509492)
Testing logNormal[M=0.639303730523876 S=9.551978916869654].pdf(1.4441622074442788)
Testing logNormal[M=-4.677075513018064 S=6.463132081068803].pdf(1.4039304578266583)
Testing logNormal[M=1.9043866556131528 S=4.0975085190333305].pdf(1.1651748846545797)
Testing logNormal[M=1.7455920227287116 S=0.13471126809328382].pdf(1.8067777127087459)
Testing logNormal[M=0.1188618142875395 S=9.927546304206178].pdf(2.1331305315141673)
Testing logNormal[M=1.9413082454975363 S=6.2282163569548175].pdf(0.7016857713945625)
Testing logNormal[M=-3.3573082791191435 S=4.853573385673213].pdf(1.422849816650359)
Testing logNormal[M=0.520254595344527 S=7.523531398793044].pdf(0.5660305444489792)
Testing logNormal[M=-3.4509457322794725 S=5.30221225854993].pdf(1.7460019260198911)
Testing logNormal[M=-4.831574464278391 S=8.469368707162674].pdf(2.1769180150517777)
Testing logNormal[M=-0.3242435816863365 S=0.21864745350343218].pdf(1.4325378836174454)
Testing logNormal[M=-4.997446708324283 S=5.976027558330656].pdf(2.196804497753523)
Testing logNormal[M=2.5304190940850733 S=5.751661162653442].pdf(2.1920883200704493)
Testing logNormal[M=-1.2141607777890684 S=8.62225348253159].pdf(1.9796337776121653)
Testing logNormal[M=-3.8637360750600536 S=5.42649393165336].pdf(1.7383096392680966)
Testing logNormal[M=-0.827331037937876 S=4.967343334109858].pdf(2.2817414305705332)
Testing logNormal[M=4.751122135716345 S=2.5657327840710664].pdf(1.0033169692754196)
Testing logNormal[M=-2.64801326931813 S=1.914064676048588].pdf(1.3297865742036408)
Testing logNormal[M=-4.697662627459438 S=2.1924976358277815].pdf(0.42906822425311225)
Testing logNormal[M=0.7001011398026922 S=1.2336094514595974].pdf(0.3984601597679696)
Testing logNormal[M=-1.8210404833592833 S=0.06746414925104083].pdf(1.3681540440925493)
Testing logNormal[M=-2.354724749386139 S=9.036777956570702].pdf(2.1238760436273116)
Testing logNormal[M=-4.2852590468142076 S=5.006535210651304].pdf(1.6109986797448386)
Testing logNormal[M=-4.515462513728919 S=1.562077150711615].pdf(1.1145455897256011)
Testing logNormal[M=3.6739176557721542 S=0.16510102512554692].pdf(1.8295389322001192)
Testing logNormal[M=2.8228566229398844 S=2.8113031926062506].pdf(1.361766763640483)
Testing logNormal[M=3.26220781816842 S=9.374576080084644].pdf(0.4782992809807404)
Testing logNormal[M=0.9177135127936253 S=4.246846274601826].pdf(2.1430548554123003)
Testing logNormal[M=0.2506674220580365 S=3.7487769569049734].pdf(1.2771297446794938)
Testing logNormal[M=0.3949753351061167 S=4.200762873038554].pdf(1.1538745425268424)
Testing logNormal[M=0.7585456910111166 S=1.8640128773857378].pdf(2.1263874268044725)
Testing logNormal[M=-0.6756575324971328 S=2.8116332334597125].pdf(1.8256810399895675)
Testing logNormal[M=4.394841387462764 S=1.3292068228813136].pdf(1.83280187651282)
Testing logNormal[M=-2.5009263839899987 S=1.1575499662139488].pdf(2.175956463763535)
Testing logNormal[M=-2.7004388950994294 S=7.226923807689289].pdf(1.7669813853201806)
Testing logNormal[M=0.6979508916129245 S=4.021489927711441].pdf(2.1910793443650505)
Testing logNormal[M=1.5004915967111465 S=4.970840573084114].pdf(2.0424099974896497)
Testing logNormal[M=3.9508424359417322 S=4.658757554726325].pdf(0.8775803898280088)
Testing logNormal[M=2.536702885767923 S=9.167954366440297].pdf(1.0077791227585469)
Testing logNormal[M=1.717321770111985 S=9.862446941611353].pdf(1.784662124049882)
Testing logNormal[M=4.033673815161503 S=9.849160046823798].pdf(2.1429871276962027)
Testing logNormal[M=-1.1072746760134233 S=6.672699323109857].pdf(2.2902030854663096)
Testing logNormal[M=1.3708521937349305 S=0.9275514157073461].pdf(2.245341487114327)
Testing logNormal[M=-0.4090780262926872 S=2.440675646553924].pdf(2.086598967106003)
Testing logNormal[M=-3.109858605438877 S=1.5740659299510829].pdf(1.4917632569550574)
Testing logNormal[M=4.103501606257682 S=9.063152733045536].pdf(1.0621724836664657)
Testing logNormal[M=0.501711442773547 S=6.424559955254492].pdf(2.027400355837823)
Testing logNormal[M=2.5473132880867277 S=3.9429449231638625].pdf(1.908201115135541)
Testing logNormal[M=-0.09328362504241294 S=0.8096428404198364].pdf(0.8831736919451864)
Testing logNormal[M=-3.195689280423779 S=1.5550745988898917].pdf(1.4926982151675254)
Testing logNormal[M=0.15277250668515663 S=1.3052366956782557].pdf(2.1912451469817213)
Testing logNormal[M=-0.8741082732695249 S=7.003975552862528].pdf(2.090585318232422)
Testing logNormal[M=0.6177992645899453 S=6.699261271884762].pdf(1.0797168097080319)
Testing logNormal[M=3.746070110916108 S=2.5488092933621385].pdf(2.05233811724353)
Testing logNormal[M=2.58323724472716 S=3.5155944223088733].pdf(2.268620660882746)
Testing logNormal[M=4.1072235823254495 S=4.295236311918265].pdf(1.6946418691019427)
Testing logNormal[M=-1.3332123419569886 S=4.146218768031915].pdf(2.2387315575157363)
Testing logNormal[M=2.118166774612998 S=2.295215930248009].pdf(1.3848476483807033)
Testing logNormal[M=-0.6585258479757243 S=3.530716191752793].pdf(1.9998388141319012)
Testing logNormal[M=-3.8130302490091053 S=7.962381552019375].pdf(1.2372239751907268)
Testing logNormal[M=-2.3259830188771113 S=5.2895855166317745].pdf(1.809097937070102)
Testing logNormal[M=-2.426852696013616 S=5.296571195506182].pdf(0.21478101020801524)
Testing logNormal[M=-1.346644499748658 S=5.884857466738259].pdf(1.9448292177656281)
Testing logNormal[M=-2.6904059163576024 S=1.0486126638088533].pdf(1.1545630021936537)
Testing logNormal[M=1.7565749009949148 S=6.056516188419316].pdf(0.4619193800026467)
Testing logNormal[M=3.259623413176577 S=0.588027215757726].pdf(1.3553860134322089)
Testing logNormal[M=3.9067652734898832 S=5.102906462474122].pdf(1.8219782907857858)
Testing logNormal[M=3.827287138442033 S=2.2580112094628593].pdf(1.5991211290513336)
Testing logNormal[M=2.948503947443518 S=3.870109964211399].pdf(1.5764063414402416)
Testing logNormal[M=-4.270670481820044 S=4.257559042544208].pdf(0.5464058086558721)
Testing logNormal[M=4.370524852774663 S=8.531587565584012].pdf(0.7955062635945719)
Testing logNormal[M=-1.3989108117224456 S=9.305217662576549].pdf(1.9366351693722061)
Testing logNormal[M=1.431048153666957 S=5.505558176380755].pdf(1.786537373171357)
Testing logNormal[M=-2.5193757037959488 S=6.238990354994382].pdf(1.9822187378055127)
Testing logNormal[M=-4.779379030723323 S=2.5693808307656885].pdf(1.0128352959053795)
Testing logNormal[M=3.597369721956124 S=8.475777561139386].pdf(1.5552509872101625)
Testing logNormal[M=-3.2162397280472876 S=0.690637994703468].pdf(1.9072895916066765)
Testing logNormal[M=1.0740278267933547 S=8.628629860471511].pdf(2.1832193927568566)
Testing logNormal[M=-4.034304761301676 S=6.251229983095058].pdf(1.9418044794936953)
Testing logNormal[M=4.924093247915124 S=9.438613886714377].pdf(2.0279967422546727)
Testing logNormal[M=-3.863175934497077 S=2.05079264547782].pdf(1.9285631437160293)
Testing logNormal[M=0.15869279730236752 S=0.7356312464127701].pdf(1.8355968145283619)
Testing logNormal[M=1.3241138505617132 S=1.728214786595904].pdf(0.8845062227183239)
Testing logNormal[M=3.579188679157202 S=7.061080531383983].pdf(1.5153698512576048)
Testing logNormal[M=2.1732996160569673 S=2.721404589149995].pdf(2.09545746406683)
Testing logNormal[M=-4.351055049440262 S=5.005049923452964].pdf(1.9679207495506972)
Testing logNormal[M=4.737579942963485 S=0.792690751723939].pdf(1.785216289669498)
Testing logNormal[M=-1.6572548329281487 S=4.764251844877041].pdf(2.207673215799193)
Testing logNormal[M=1.7319855396480595 S=3.0601660317187274].pdf(2.043350800682019)
Testing logNormal[M=-3.574600454162499 S=0.09729643646438246].pdf(2.241630235554289)
Testing logNormal[M=-3.1529644533851253 S=4.757351652587154].pdf(1.9612358420039315)
Testing logNormal[M=-1.0367743477653613 S=8.124805739488949].pdf(1.388871294057229)
Testing logNormal[M=-1.131999324619505 S=0.7356933314201053].pdf(1.6286677275553618)
Testing logNormal[M=3.509665685333289 S=5.047985657078744].pdf(1.3929068991508835)
Testing logNormal[M=-2.416465976627049 S=6.5025397321269445].pdf(1.4558363183965157)
Testing logNormal[M=-4.161438670078137 S=8.59560116450011].pdf(0.17654625411613092)
Testing logNormal[M=-3.078357043476163 S=2.756007975669583].pdf(2.177547029488465)
Testing logNormal[M=3.8818275423379127 S=4.197144878315299].pdf(1.8686918772364423)
Testing logNormal[M=-0.1294986857787217 S=3.6677387987592667].pdf(1.4627317665656479)
Testing logNormal[M=-1.8515632917009794 S=5.43452854510854].pdf(0.7136689407475325)
Testing logNormal[M=-1.473113558102952 S=6.843426026666562].pdf(0.555193157247845)
Testing logNormal[M=-0.5475765069030754 S=3.7757863310211226].pdf(1.6932324308709217)
Testing logNormal[M=0.22188271275242233 S=7.874108161068233].pdf(2.2834053891644754)
Testing logNormal[M=-3.518710949734889 S=1.381141790684327].pdf(1.8983068849344826)
Testing logNormal[M=3.5056525917983823 S=2.498966962904725].pdf(2.110134233759622)
Testing logNormal[M=-1.2484036748425922 S=7.244059912284612].pdf(1.6861156184788912)
Testing logNormal[M=-2.201338387860239 S=2.6856405250117543].pdf(1.8727468630889654)
Testing logNormal[M=2.943128667562428 S=8.900485654324324].pdf(1.6293748109028792)
Testing logNormal[M=0.21486299314183643 S=4.27074495108955].pdf(2.071508478871764)
Testing logNormal[M=4.334434314290672 S=6.502007036725871].pdf(1.9863856881775095)
Testing logNormal[M=-4.285612482945082 S=5.001117380324224].pdf(1.923176551831305)
Testing logNormal[M=-3.0716603717652413 S=8.923488483273516].pdf(2.293436642765234)
Testing logNormal[M=4.015280803533642 S=7.340353296740727].pdf(2.012602688525831)
Testing logNormal[M=-3.779243092052136 S=5.824613919912816].pdf(0.2685605097732259)
Testing logNormal[M=-2.3039754571078253 S=0.8298565624904253].pdf(1.1969869521765681)
Testing logNormal[M=-1.7307318332097177 S=2.132582637192928].pdf(1.8034163649855937)
Testing logNormal[M=-0.3532669896948608 S=7.58228397120087].pdf(1.2708648916479854)
Testing logNormal[M=4.03398813034363 S=3.01279859317133].pdf(2.1963810302092517)
Testing logNormal[M=-4.841641994006581 S=2.7588694794343196].pdf(1.0765420997508037)
Testing logNormal[M=2.9248178224354815 S=0.4627204327700518].pdf(0.6154358546477133)
Testing logNormal[M=-3.0092704628120046 S=3.253114318647594].pdf(1.4456685332514836)
Testing logNormal[M=-3.4610413808328557 S=5.273075905841624].pdf(2.01281768257365)
Testing logNormal[M=2.003998239226009 S=6.740820982701601].pdf(1.6573132241368937)
Testing logNormal[M=2.2990013547325283 S=0.302297444341576].pdf(1.6884156654779428)
Testing logNormal[M=-0.3781166433893768 S=5.5815071918760095].pdf(1.9907467410963298)
Testing logNormal[M=3.1724972116265864 S=6.557658679226589].pdf(2.0439836828389137)
Testing logNormal[M=-3.4312976914248816 S=2.8357692619298716].pdf(2.1967808475655013)
Testing logNormal[M=3.156865046063883 S=9.280807494687306].pdf(2.2501742985103608)
Testing logNormal[M=4.218322479434011 S=7.688002638738455].pdf(1.9749269638462394)
Testing logNormal[M=-2.918823752933275 S=3.762331688457914].pdf(2.240436205265984)
Testing logNormal[M=0.37260223598977316 S=3.5311491782941284].pdf(1.1993334813152654)
Testing logNormal[M=1.3033416474581019 S=2.7126609352308293].pdf(1.7851736668703113)
Testing logNormal[M=4.489931427614222 S=9.742410380904602].pdf(1.117491942145699)
Testing logNormal[M=3.2966986558363125 S=6.402612965864733].pdf(2.2991152553620684)
Testing logNormal[M=0.8126925790785302 S=3.414041349814462].pdf(1.6033888451571714)
Testing logNormal[M=1.7801018059049936 S=8.860069671787667].pdf(0.9513294865875527)
Testing logNormal[M=1.6778727760967271 S=4.823255059032179].pdf(0.4703482030820003)
Testing logNormal[M=-0.41482378530829145 S=4.075717129185476].pdf(1.6948320596171318)
Testing logNormal[M=3.1044059317264256 S=3.2404398537144594].pdf(1.7523430470142503)
Testing logNormal[M=3.5580160743387736 S=6.278207886333702].pdf(2.035565286537735)
Testing logNormal[M=0.7331521442675619 S=9.423448575947019].pdf(2.1674590077485574)
Testing logNormal[M=3.850073662337513 S=5.444974940081774].pdf(1.7258121262814212)
Testing logNormal[M=-3.020840093706678 S=1.2600592762887075].pdf(2.005250798265613)
Testing logNormal[M=-4.447603096283615 S=5.46482489398813].pdf(1.632510175302011)
Testing logNormal[M=4.301030352433322 S=9.212760498392614].pdf(2.072452949038198)
Testing logNormal[M=0.3406627861363525 S=1.5308097177619684].pdf(1.5136569549796968)
Testing logNormal[M=-2.6028351251330473 S=1.3560335796399614].pdf(2.2441625981884235)
Testing logNormal[M=-2.084594474760708 S=1.5018935917104215].pdf(0.884338001578334)
Testing logNormal[M=-2.305727340730843 S=0.6411444656705989].pdf(1.924685583871035)
Testing logNormal[M=-0.9740024191883876 S=7.032901797798537].pdf(1.7249092192622204)
Testing logNormal[M=1.1660085811277954 S=7.717346337274096].pdf(1.9604357273411246)
Testing logNormal[M=-3.2760157402100964 S=2.3173377317639643].pdf(2.062828502028262)
Testing logNormal[M=-0.22276523830471184 S=9.301396664392806].pdf(1.1806833225598166)
Testing logNormal[M=2.9580034962676818 S=5.3375033203095255].pdf(1.4342290220741851)
Testing logNormal[M=-1.5530234146934996 S=2.4341279429584817].pdf(1.8037573097935802)
Testing logNormal[M=1.30047518549675 S=7.95244201352983].pdf(1.8406895448433875)
Testing logNormal[M=0.11821635559831645 S=0.9744823653169599].pdf(1.8703816148321215)
Testing logNormal[M=2.9846297217504265 S=7.116013976385847].pdf(2.144912204960153)
Testing logNormal[M=4.580413260868827 S=1.3448071869899025].pdf(1.2187954191318653)
Testing logNormal[M=-4.197873722118715 S=2.6427081608340286].pdf(2.263668713018356)
Testing logNormal[M=1.3886063563102589 S=6.26361113391788].pdf(1.484327105985605)
Testing logNormal[M=4.981432400650741 S=3.4703821067546334].pdf(1.3124974167155514)
Testing logNormal[M=-3.8801593132319145 S=0.24870007271043826].pdf(2.2279769564179115)
Testing logNormal[M=0.2848123100714268 S=3.2544132834012283].pdf(1.9321337831245229)
Testing logNormal[M=-1.9833207283662269 S=2.204745436503707].pdf(2.2869244730538743)
Testing logNormal[M=1.7315016872126066 S=5.3898311616353025].pdf(1.1463413507085412)
Testing logNormal[M=3.259203699558162 S=1.5467506610391268].pdf(1.9321678768025727)
Testing logNormal[M=3.2143382198552857 S=7.628501346589997].pdf(1.2543384455995876)
Testing logNormal[M=-4.883720762421771 S=1.9091885015367382].pdf(1.7429842339568569)
Testing logNormal[M=-1.024955616035017 S=9.094637078222977].pdf(2.0914265595536556)
Testing logNormal[M=4.855016123073792 S=4.130052309457323].pdf(1.8066473927478761)
Testing logNormal[M=-0.1686347147283973 S=7.572748998903162].pdf(1.8605088773508236)
Testing logNormal[M=3.7172920332372517 S=0.08361520155649171].pdf(1.5939953940265623)
Testing logNormal[M=4.648729126564707 S=9.874799723548142].pdf(1.379980028485265)
Testing logNormal[M=3.81742088528404 S=8.741326912702648].pdf(0.23406602856841527)
Testing logNormal[M=1.4190153261380711 S=1.5724870374395972].pdf(1.9514821305244576)
Testing logNormal[M=4.766073815589081 S=7.448034439762463].pdf(0.5164857762755101)
Testing logNormal[M=-4.938062165787923 S=3.5536567280886877].pdf(2.1399306641167715)
Testing logNormal[M=-0.7902600471653045 S=9.362765174037659].pdf(2.216543532690054)
Testing logNormal[M=-4.658576991494555 S=8.312125683426899].pdf(2.280105592843124)
Testing logNormal[M=3.1538453649386593 S=5.417444177974699].pdf(1.3767553313694187)
Testing logNormal[M=-1.1934930583979595 S=4.309959231088584].pdf(2.055387772963388)
Testing logNormal[M=1.4485116754298186 S=2.25668349909548].pdf(0.8278401039058099)
Testing logNormal[M=-3.4373779161688156 S=4.150159380470461].pdf(1.9060338976931401)
Testing logNormal[M=3.8765412413597478 S=8.098728787205143].pdf(1.8671106918664215)
Testing logNormal[M=2.652081906202665 S=7.5962736305362375].pdf(2.158738776582813)
Testing logNormal[M=-1.1417479326644764 S=8.081334536417778].pdf(0.9194348299702048)
Testing logNormal[M=-3.404066641108654 S=0.03492591075364815].pdf(1.8592497497540965)
Testing logNormal[M=-4.580443453715319 S=9.510721430059311].pdf(2.2371421128316835)
Testing logNormal[M=-4.980143966839272 S=6.483846713491555].pdf(1.7792615292884437)
Testing logNormal[M=-4.597238567417239 S=0.6662160084302171].pdf(2.097290732675244)
Testing logNormal[M=1.3098258529552513 S=2.903405096824824].pdf(0.6925971835300084)
Testing logNormal[M=4.186478275747437 S=0.38912177413565563].pdf(0.8754752764974968)
Testing logNormal[M=0.7230151056049792 S=8.751755753373704].pdf(1.9565116702273666)
Testing logNormal[M=4.660721621301477 S=5.3727799537681085].pdf(0.2018684352312705)
Testing logNormal[M=-4.917459090190402 S=0.1667737610377784].pdf(0.4197026278097905)
Testing logNormal[M=-2.7203899394425965 S=4.381621467083335].pdf(2.1637397823605937)
Testing logNormal[M=-4.606814355784769 S=1.3827555596595564].pdf(2.2660557511416233)
Testing logNormal[M=-2.110769764261172 S=3.3363729827765685].pdf(1.6729485270736577)
Testing logNormal[M=-0.5205028975138726 S=7.6615378979283335].pdf(1.8893286208587154)
Testing logNormal[M=-0.10659661487128513 S=8.13262163090571].pdf(0.8803019247049461)
Testing logNormal[M=-0.6543963065285716 S=2.408556598626239].pdf(2.1808849815056455)
Testing logNormal[M=1.6101312001133197 S=2.286588297990276].pdf(2.036037574135949)
Testing logNormal[M=-0.16992576577989738 S=9.258881522393324].pdf(2.229176247056772)
Testing logNormal[M=3.4804785818720863 S=6.7201761483257405].pdf(2.2007652428160096)
Testing logNormal[M=0.9888779016388591 S=7.920675760421857].pdf(1.9658453476498239)
Testing logNormal[M=3.943216522838366 S=3.2700619782950113].pdf(0.7438164084961821)
Testing logNormal[M=-0.5515352314029087 S=1.992866545156966].pdf(2.1082789335796526)
Testing logNormal[M=0.9752684564745886 S=9.382016764822609].pdf(2.1991930001554425)
Testing logNormal[M=-4.042803120029113 S=7.82200411451865].pdf(0.6547540341390249)
Testing logNormal[M=-1.7029387493207562 S=9.49041682694872].pdf(2.219251813440038)
Testing logNormal[M=-3.5842515288060173 S=5.792913289810121].pdf(1.4789286665561532)
Testing logNormal[M=-0.18249253543754484 S=7.411422107702491].pdf(2.283803407663361)
Testing logNormal[M=0.4196930594483197 S=0.9932467858605498].pdf(1.5575605854416843)
Testing logNormal[M=-1.9075707583372892 S=1.5874875892105156].pdf(1.8275806177383178)
Testing logNormal[M=2.7623754210562677 S=6.763682329149133].pdf(0.3267354983715412)
Testing logNormal[M=-0.8847507026454746 S=9.11843915946362].pdf(2.297723558931851)
Testing logNormal[M=1.1983779880000176 S=7.438000041186351].pdf(1.3224682918207267)
Testing logNormal[M=-2.041048051089367 S=5.861600507760551].pdf(0.5397777316841835)
Testing logNormal[M=1.1067555593711385 S=4.912712197850885].pdf(1.5385357035105716)
Testing logNormal[M=0.7168944329597506 S=9.696248436243325].pdf(1.9854130817138718)
Testing logNormal[M=4.026626737079846 S=9.201080488542223].pdf(2.146773638916211)
Testing logNormal[M=2.7490991438680012 S=3.400305815212581].pdf(0.9001062996129876)
Testing logNormal[M=1.8529984342589367 S=8.226864616990778].pdf(2.3004656940047608)
Testing logNormal[M=2.532833904518186 S=6.060563755787128].pdf(1.5948725904362429)
Testing logNormal[M=-0.639080596266643 S=6.9955816121130425].pdf(1.935244854950724)
Testing logNormal[M=-1.1627625667633437 S=2.980520134572754].pdf(1.5517297362071127)
Testing logNormal[M=1.1840516361150168 S=3.062434560593099].pdf(2.2239505831784676)
Testing logNormal[M=3.5773824952639277 S=5.146280876720116].pdf(1.2036620003424483)
Testing logNormal[M=4.942723442290228 S=7.919356411799713].pdf(1.4599122268897027)
Testing logNormal[M=0.005802710737628836 S=6.977818764860673].pdf(1.424006268479192)
Testing logNormal[M=3.2728200538524135 S=5.480751628729527].pdf(2.11962386548481)
Testing logNormal[M=-0.5071328959871968 S=1.5043578640956756].pdf(0.861647442759766)
Testing logNormal[M=-0.20881267197670184 S=9.878381121310396].pdf(1.8236286406208533)
Testing logNormal[M=4.1612469043692215 S=3.6758400158230033].pdf(0.9010661514295983)
Testing logNormal[M=-1.239476158557812 S=9.98765101452025].pdf(1.7278674836439318)
Testing logNormal[M=-0.43566339568894286 S=7.1434865748819565].pdf(1.0984313179033356)
Testing logNormal[M=-3.9696348464803943 S=5.013393857076456].pdf(1.627185075411754)
Testing logNormal[M=0.7633695766008097 S=9.098503134816964].pdf(1.640301553257498)
Testing logNormal[M=-2.3779177353310086 S=1.2786278005785134].pdf(0.18584278089943876)
Testing logNormal[M=-4.743121009684254 S=6.645625875065618].pdf(2.1772964464132785)
Testing logNormal[M=2.5960297973988835 S=2.5113193113312473].pdf(0.5428457522799168)
Testing logNormal[M=0.21064652720114374 S=6.6347153819093565].pdf(2.1799714866050794)
Testing logNormal[M=1.4676562740728416 S=7.207397530537855].pdf(1.8863611548409598)
Testing logNormal[M=-0.500408686101153 S=5.63361293808779].pdf(1.9169211829250976)
Testing logNormal[M=-4.907070446250611 S=5.432015318778238].pdf(1.209786411001768)
Testing logNormal[M=3.032046091958854 S=8.047541484271221].pdf(0.9977052437363638)
Testing logNormal[M=-0.28795782790964175 S=8.122124122891641].pdf(1.6706034749615208)
Testing logNormal[M=4.493052518310854 S=4.472357188005822].pdf(2.16121055807417)
Testing logNormal[M=2.9193358040555495 S=7.065657102485096].pdf(2.0041420696283687)
Testing logNormal[M=1.7355554234514168 S=7.520750123380187].pdf(0.819472458806483)
Testing logNormal[M=-2.1842634358835724 S=5.259784395212747].pdf(1.882985231174769)
Testing logNormal[M=-1.5418693203124945 S=1.1450747006578266].pdf(2.0443843975194635)
Testing logNormal[M=-4.812239455669998 S=8.313403409296665].pdf(1.7481535206390888)
Testing logNormal[M=2.5192584101748015 S=0.676880607558521].pdf(2.1304683671676545)
Testing logNormal[M=-2.3665305431575847 S=8.678473451925704].pdf(2.1098668849923565)
Testing logNormal[M=0.6499895501567661 S=7.552963817990335].pdf(0.6762838577032964)
Testing logNormal[M=-2.172032520828439 S=2.1051488876323763].pdf(2.0761459114834624)
Testing logNormal[M=0.7152629892307534 S=0.9431896650373728].pdf(2.039145594083841)
Testing logNormal[M=1.4265575445522316 S=9.987427969038707].pdf(0.1023643166297743)
Testing logNormal[M=2.1475187887256464 S=2.1137610936856364].pdf(2.0431395349710506)
Testing logNormal[M=-2.130239743251452 S=2.805081698979417].pdf(1.814244498017349)
Testing logNormal[M=-4.898335058400516 S=7.502395477679171].pdf(2.2596343159377565)
Testing logNormal[M=-3.342654567998501 S=9.043850384025255].pdf(2.2764421847967493)
Testing logNormal[M=-2.8479410276531625 S=9.718171566229966].pdf(2.046324680156527)
Testing logNormal[M=2.2143903378284078 S=1.2830684411026416].pdf(0.9989452585833284)
Testing logNormal[M=-3.0558831933383566 S=9.696409493482022].pdf(2.2491211863733023)
Testing logNormal[M=2.187015775714488 S=9.679226954550128].pdf(1.1780939605972487)
Testing logNormal[M=-1.8871376741161217 S=5.073244708472904].pdf(2.10527511669064)
Testing logNormal[M=4.406239072025869 S=9.524549203919399].pdf(1.766773025668866)
Testing logNormal[M=-1.1305695494684729 S=3.2113472189108503].pdf(1.9998891023121808)
Testing logNormal[M=1.4570251577260187 S=6.321408489760858].pdf(1.8634807655274401)
Testing logNormal[M=3.575988008042142 S=1.1948601276017867].pdf(2.084424032013186)
Testing logNormal[M=2.6146653297372495 S=3.84258072643364].pdf(1.8141723123532127)
Testing logNormal[M=1.3641654386944824 S=3.38431322940047].pdf(2.2294674504442757)
Testing logNormal[M=-2.898724042302759 S=3.433068899576628].pdf(2.2650193634047397)
Testing logNormal[M=4.215349871308213 S=8.66235832456049].pdf(0.039523641147207945)
Testing logNormal[M=-3.458490060056457 S=5.677146598441942].pdf(0.98949532698612)
Testing logNormal[M=0.23327560464457875 S=3.2195118578172].pdf(1.0347071044763525)
Testing logNormal[M=-1.8371475682997849 S=2.6491058611867535].pdf(1.1495384798055293)
Testing logNormal[M=4.877181407581364 S=8.139640990380078].pdf(1.2690152589022354)
Testing logNormal[M=-1.9617204801060497 S=2.246607640942817].pdf(2.2318358181071547)
Testing logNormal[M=2.052348552140664 S=6.255160098911519].pdf(0.8232964136522444)
Testing logNormal[M=1.3061566880994206 S=2.3819137414018243].pdf(2.0349237762410195)
Testing logNormal[M=0.9803409789978224 S=0.6238269615987613].pdf(2.2154418936177622)
Testing logNormal[M=-4.21456065204144 S=5.809502408116327].pdf(0.9593612030173188)
Testing logNormal[M=-1.58912374197436 S=1.2487453891862255].pdf(2.2410266850192766)
Testing logNormal[M=1.4186621685955796 S=6.0805454766852645].pdf(1.296931088298181)
Testing logNormal[M=-1.3129157056242535 S=4.805565266646053].pdf(0.6317973528465662)
Testing logNormal[M=-2.287305719671288 S=7.305429286345274].pdf(2.17906697530563)
Testing logNormal[M=-0.4730331201356641 S=3.5040621083344146].pdf(0.10980690143361821)
Testing logNormal[M=4.243420309921538 S=0.7843057239709073].pdf(0.994428402490287)
Testing logNormal[M=3.9272652530192946 S=9.295024594000894].pdf(2.1578624593423887)
Testing logNormal[M=3.00123630315297 S=4.155088969900711].pdf(2.008243177672679)
Testing logNormal[M=-0.25572391186953514 S=5.795139514540644].pdf(2.2332810115570743)
Testing logNormal[M=-1.7315146105916615 S=1.8186236997000627].pdf(1.6603324147616252)
Testing logNormal[M=-2.7596290578254914 S=1.4857686725138586].pdf(2.2272802736001385)
Testing logNormal[M=-3.532161002146271 S=6.126607386725107].pdf(0.3737916559422238)
Testing logNormal[M=3.0621431789274123 S=5.898534305406981].pdf(2.110191200275627)
Testing logNormal[M=4.406732923220941 S=1.1220469549652345].pdf(1.1620310475381905)
Testing logNormal[M=-1.8154261338304534 S=1.9767891677728922].pdf(2.169796759676502)
Testing logNormal[M=2.1214036654010746 S=8.66898454588522].pdf(2.1180540961745704)
Testing logNormal[M=-3.5464513069970414 S=1.3611200321194294].pdf(1.0836612968422454)
Testing logNormal[M=-3.274040795696518 S=5.847956294974526].pdf(1.6543939678842339)
Testing logNormal[M=-1.3499902926815754 S=6.564108907190422].pdf(0.30998976792873767)
Testing logNormal[M=4.36109775973256 S=9.707392358789292].pdf(2.126811805819198)
Testing logNormal[M=2.727357672350954 S=1.5532848985187153].pdf(2.2567685402123843)
Testing logNormal[M=0.2825283107012675 S=7.79058105556085].pdf(1.7691094751597634)
Testing logNormal[M=1.5916587397209172 S=7.852060992864453].pdf(1.443900291976365)
Testing logNormal[M=1.6696831735063045 S=4.642607468100348].pdf(1.444063681519185)
Testing logNormal[M=0.8719534753026341 S=9.967747318342232].pdf(2.1724383278697172)
Testing logNormal[M=-3.7660584220274265 S=5.058509084257977].pdf(2.005298006451646)
Testing logNormal[M=2.1648015926686863 S=7.573950124216669].pdf(1.903314875560972)
Testing logNormal[M=3.5888170791052936 S=9.698419803059766].pdf(1.9910647964081054)
Testing logNormal[M=3.055203518902955 S=0.23935386907341982].pdf(2.0318963446859977)
Testing logNormal[M=-4.849409848396275 S=7.461047867166294].pdf(0.890295630920265)
Testing logNormal[M=-1.2976359102300918 S=1.2584960564103942].pdf(1.5449470920336839)
Testing logNormal[M=2.9985385990606623 S=3.9321310094714947].pdf(1.845595165790607)
Testing logNormal[M=3.9285709233041857 S=8.970014142602045].pdf(2.1368319080415805)
Testing logNormal[M=-1.6190342257838153 S=8.136051065947711].pdf(2.221225476561127)
Testing logNormal[M=-4.4875625984424685 S=7.402931801038807].pdf(1.1364961121185595)
Testing logNormal[M=3.123786743460027 S=0.9505085468512409].pdf(1.389959149597788)
Testing logNormal[M=-0.5640869301963658 S=9.772118153319152].pdf(1.1892887610193865)
Testing logNormal[M=-2.0534550054566236 S=7.842493592087639].pdf(2.278567016520035)
Testing logNormal[M=-3.6138900118190556 S=4.7343138513104845].pdf(1.540327963972006)
Testing logNormal[M=4.531461457760642 S=2.434504317046212].pdf(1.9487749329631376)
Testing logNormal[M=-3.4962544791599717 S=7.873157679946921].pdf(0.2738456749334687)
Testing logNormal[M=-3.1278848242816726 S=2.3294471567419484].pdf(1.9284728106998938)
Testing logNormal[M=1.4476825196033012 S=9.300829339942528].pdf(1.315193592675218)
Testing logNormal[M=1.5789680643284898 S=8.062523399520298].pdf(2.2710943305107087)
Testing logNormal[M=1.4389850413283423 S=3.042398721885143].pdf(1.5260994551794997)
Testing logNormal[M=4.613469931518853 S=2.8102999991252564].pdf(2.219004124691356)
Testing logNormal[M=-0.6382519298155369 S=0.8890568308897029].pdf(1.7595952695552317)
Testing logNormal[M=-1.3746393753542607 S=6.084695680837202].pdf(1.0055308311322182)
Testing logNormal[M=-2.7271397262497588 S=3.704720625196366].pdf(0.269504806819001)
Testing logNormal[M=-2.4595134797587126 S=5.939112792969574].pdf(2.00923955063109)
Testing logNormal[M=-0.6077062082270608 S=8.943834399694772].pdf(1.8336208642970042)
Testing logNormal[M=2.2569062815872662 S=3.2892218339707413].pdf(1.9878887073546747)
Testing logNormal[M=-1.3217140895365667 S=5.566233026364448].pdf(1.086019037129496)
Testing logNormal[M=0.26702882317708987 S=3.9689179830650687].pdf(0.9981165111303413)
Testing logNormal[M=-2.216576534344873 S=2.3340762514323754].pdf(1.9861992169647733)
Testing logNormal[M=-1.1216483859717306 S=9.450632697175744].pdf(1.9041976676029775)
Testing logNormal[M=-0.07044494227070253 S=1.6318122184079698].pdf(2.109031727778632)
Testing logNormal[M=3.6793720842722664 S=1.3912354191082676].pdf(0.9579277573833215)
Testing logNormal[M=0.6231251398576374 S=7.585261594272989].pdf(1.8502036829112256)
Testing logNormal[M=0.6680754243823994 S=4.006284449147593].pdf(1.2271585524882445)
Testing logNormal[M=-2.111497508695459 S=1.3676164081748687].pdf(0.8311879230145914)
Testing logNormal[M=-1.2451575119274647 S=1.8319622507399391].pdf(0.7935750063439503)
Testing logNormal[M=3.315209461257206 S=5.668306492705767].pdf(0.5814849315977673)
Testing logNormal[M=-2.658660105723032 S=8.994789381118496].pdf(1.7895149387644556)
Testing logNormal[M=2.4016407573544765 S=0.7836848430814758].pdf(1.7356512273911944)
Testing logNormal[M=-2.697868096337712 S=6.772914263590523].pdf(1.0746095772513429)
Testing logNormal[M=4.221894554036563 S=8.063268797357098].pdf(1.7827623545566151)
Testing logNormal[M=-2.6366576925019403 S=4.075968124044258].pdf(2.1103909216294756)
Testing logNormal[M=-3.2579502235230837 S=6.454238136029222].pdf(1.1779982543694931)
Testing logNormal[M=0.4655056577285528 S=0.812283414800925].pdf(1.6184298409461402)
Testing logNormal[M=-4.866353190037643 S=3.167382316364561].pdf(2.2670262819280484)
Testing logNormal[M=-1.6899213662430714 S=0.14814984309398094].pdf(1.0277607071300674)
Testing logNormal[M=4.486960663975545 S=7.9901740242928785].pdf(2.094260626097483)
Testing logNormal[M=3.0398374181456376 S=6.906393778886298].pdf(0.9769923715512607)
Testing logNormal[M=-0.4667344037940371 S=8.862068569657705].pdf(1.5789949143875184)
Testing logNormal[M=-4.3908056490334815 S=5.1817318700647705].pdf(1.7850786341754128)
Testing logNormal[M=0.24763006501491525 S=0.8130931667648555].pdf(1.286018038820497)
Testing logNormal[M=-3.694775093368893 S=6.7549908290729554].pdf(2.087397449332772)
Testing logNormal[M=4.687234167392408 S=1.7200117713537888].pdf(1.1599187535832116)
Testing logNormal[M=-3.7210503443254606 S=5.297450861753673].pdf(0.4917748414287612)
Testing logNormal[M=0.6872895875553819 S=1.6361483820334821].pdf(1.4936786411862846)
Testing logNormal[M=4.857114040852151 S=1.1611406795305934].pdf(1.073787664803784)
Testing logNormal[M=1.3367928089361332 S=4.898549226331287].pdf(2.1604560492072173)
Testing logNormal[M=0.5239609798519593 S=7.078424277650033].pdf(2.236410552906509)
Testing logNormal[M=-0.09938291329329019 S=8.624914148916204].pdf(2.291066255574959)
Testing logNormal[M=0.6508092719813243 S=8.419426229400658].pdf(2.1588252703461444)
Testing logNormal[M=4.270274330111972 S=0.020002876909095413].pdf(1.4432045448643482)
Testing logNormal[M=2.5965631498948234 S=9.800582691071838].pdf(2.1393019490422365)
Testing logNormal[M=4.115337398894379 S=9.728307415073829].pdf(0.11469601886440185)
Testing logNormal[M=1.7032025934907145 S=5.0347217359901215].pdf(0.7769241648543475)
Testing logNormal[M=-2.9642381714382084 S=0.9655526915274704].pdf(1.860544803722312)
Testing logNormal[M=-0.751748363820079 S=2.3882348115218788].pdf(1.7943597673219795)
Testing logNormal[M=-3.9631563580494964 S=1.4063996353015251].pdf(1.3225420272928483)
Testing logNormal[M=3.571115881896775 S=3.143417580237764].pdf(2.019814663505624)
Testing logNormal[M=1.5425367752894132 S=1.6557173870391717].pdf(2.117675690091494)
Testing logNormal[M=3.9616126683608535 S=2.196562488409095].pdf(1.188629454393412)
Testing logNormal[M=-2.9674451584157637 S=2.898236720554539].pdf(1.8874637064741153)
Testing logNormal[M=1.7260932920961336 S=7.320834110807628].pdf(1.8333491192731468)
Testing logNormal[M=-1.176285774731518 S=1.7624146651943473].pdf(2.2035456840800114)
Testing logNormal[M=1.4100836585429564 S=5.853039000688948].pdf(1.5198214936259704)
Testing logNormal[M=3.699732829700208 S=8.824814345423157].pdf(1.223508699032678)
Testing logNormal[M=0.6707608912313283 S=0.9738969382410945].pdf(2.001232674368242)
Testing logNormal[M=2.6403859535881047 S=4.117938503997529].pdf(2.0750840247107267)
Testing logNormal[M=2.7884325878567857 S=2.4628532291687266].pdf(2.058527130813018)
Testing logNormal[M=1.9287829051609418 S=8.252448841015658].pdf(1.52591309314434)
Testing logNormal[M=-3.190435445411708 S=7.043531136180965].pdf(1.351271813811598)
Testing logNormal[M=2.6504814387544426 S=2.6576562285180927].pdf(1.5818609708654932)
Testing logNormal[M=0.7833777350158115 S=5.4947315060413615].pdf(1.7195599209380474)
Testing logNormal[M=0.010548777070239268 S=6.526240701979241].pdf(1.0193703289657736)
Testing logNormal[M=-2.275486220698401 S=3.9789933335081784].pdf(1.4726761226436573)
Testing logNormal[M=-4.844436367100231 S=3.628170239098154].pdf(1.3175680666501566)
Testing logNormal[M=-1.6436951732625915 S=9.08339847327322].pdf(1.293128634241748)
Testing logNormal[M=-4.0700919608211015 S=7.443070357766781].pdf(1.6914483960562965)
Testing logNormal[M=-2.654107172851842 S=1.913746525071116].pdf(1.5496043557487686)
Testing logNormal[M=4.148536403321332 S=4.112432190814543].pdf(0.18983434579208508)
Testing logNormal[M=3.0678260887652637 S=4.958941166953937].pdf(1.3282029083523272)
Testing logNormal[M=-3.834180219530545 S=4.838654762544955].pdf(1.0417676091206602)
Testing logNormal[M=4.368871657291745 S=8.045656968953718].pdf(0.9584009806577184)
Testing logNormal[M=-1.6202199232731251 S=9.169538791103356].pdf(0.7300162709995486)
Testing logNormal[M=4.575110818195068 S=7.542332369849365].pdf(2.2115388187142617)
Testing logNormal[M=1.3658755183881075 S=2.5465675602231865].pdf(1.0225162849768052)
Testing logNormal[M=-1.8754353242436137 S=3.4696859924186363].pdf(2.193059786221228)
Testing logNormal[M=-4.32848248216602 S=9.492737315847357].pdf(1.9325609811459452)
Testing logNormal[M=-1.7969955208096344 S=3.400284951167042].pdf(2.22495137540283)
Testing logNormal[M=3.260767006217751 S=1.818225161815058].pdf(2.1987935162773478)
Testing logNormal[M=-4.360620133798992 S=2.916401815707249].pdf(2.0441677239624902)
Testing logNormal[M=4.994778468931717 S=7.300812981494184].pdf(2.2027232327696926)
Testing logNormal[M=-1.0815186984811564 S=4.940394201118473].pdf(0.28238315384485113)
Testing logNormal[M=2.057515081256792 S=1.5000963764323105].pdf(2.1240481630798453)
Testing logNormal[M=3.098536832647415 S=0.2547867963863071].pdf(1.7519426669434957)
Testing logNormal[M=-3.8288891905125277 S=8.70843878238554].pdf(2.043432516743257)
Testing logNormal[M=-3.0958882610686125 S=0.5734282195046225].pdf(2.1639721271125354)
Testing logNormal[M=-0.09926061899473027 S=6.858071561765044].pdf(1.9630512358694652)
Testing logNormal[M=-3.7208188624585627 S=7.763802857307854].pdf(1.0634075626837058)
Testing logNormal[M=0.7430229447577839 S=8.168734947445994].pdf(1.8225781300034458)
Testing logNormal[M=1.763269099207827 S=8.595203935293936].pdf(2.183677655937118)
Testing logNormal[M=3.058784569332328 S=0.5049151504402427].pdf(1.818436234771451)
Testing logNormal[M=-0.5942734464251878 S=6.353606427886678].pdf(0.06958969976955862)
Testing logNormal[M=-3.1374760572756486 S=3.7512962462496624].pdf(0.4605602971557675)
Testing logNormal[M=-3.1690620931693236 S=5.204319312234524].pdf(1.8578861942421714)
Testing logNormal[M=-4.014601799843023 S=3.279608322694658].pdf(2.223603864285004)
Testing logNormal[M=4.9551888769264 S=7.138335664059138].pdf(1.9450663420845489)
Testing logNormal[M=4.630356855298775 S=6.034881602999048].pdf(1.7322337832788142)
Testing logNormal[M=0.2581454098852003 S=9.970217044212026].pdf(2.157294348822382)
Testing logNormal[M=4.6229142912009245 S=2.8322886560302662].pdf(1.543658691012473)
Testing logNormal[M=4.130854026890473 S=5.965852332370874].pdf(2.098560278364661)
Testing logNormal[M=-1.2167501385040613 S=4.149406479467764].pdf(0.9703920832261878)
Testing logNormal[M=-3.772926102583413 S=8.345217300045263].pdf(1.934203234588647)
Testing logNormal[M=1.488365017325263 S=5.575759508233857].pdf(1.9593379197821954)
Testing logNormal[M=2.578942500018079 S=3.5599424989540585].pdf(2.2016440520658875)
Testing logNormal[M=-3.5543462937528227 S=3.545767384326769].pdf(2.256322452157946)
Testing logNormal[M=2.023343957310379 S=0.3774530363529527].pdf(2.0031826728949875)
Testing logNormal[M=1.4574917126365703 S=7.533528382598616].pdf(2.1465584026499234)
Testing logNormal[M=1.3284330743684523 S=3.237605117092496].pdf(1.6435355669180574)
Testing logNormal[M=-0.46213972254465574 S=1.4882082903185878].pdf(1.8686907317108383)
Testing logNormal[M=1.860780046085181 S=3.0662317966311003].pdf(1.6926815525166505)
Testing logNormal[M=-4.744426424352197 S=9.017839107326433].pdf(1.1057876097958221)
Testing logNormal[M=-2.3983118465392286 S=7.500189787741453].pdf(2.045615485283385)
Testing logNormal[M=3.458662442265098 S=5.272407678061426].pdf(2.1414877453710512)
Testing logNormal[M=-3.315573153769665 S=6.163897917510077].pdf(1.1604529973748496)
Testing logNormal[M=2.4190253278952953 S=8.315220753659354].pdf(1.7082954607319538)
Testing logNormal[M=-2.7987826800683724 S=5.34866524324944].pdf(1.201202154767421)
Testing logNormal[M=-0.5212186466750746 S=7.760919136994829].pdf(0.8548496110812481)
Testing logNormal[M=-1.7995054792814589 S=2.991079776836764].pdf(1.8664399866159893)
Testing logNormal[M=-3.312626570875019 S=8.190651292948019].pdf(1.0199687751771938)
Testing logNormal[M=-0.9541125801286787 S=1.1685863780577155].pdf(2.2207950838731225)
Testing logNormal[M=-4.967936417589875 S=3.2732628902382475].pdf(2.12834340818735)
Testing logNormal[M=-4.383115559666363 S=4.329213137705642].pdf(2.260942915983716)
Testing logNormal[M=4.25543974795303 S=4.576902682710612].pdf(1.7241841327245857)
Testing logNormal[M=0.22524899457781622 S=4.948771858780832].pdf(0.11242788086162561)
Testing logNormal[M=2.2455275513977195 S=5.96896552988249].pdf(1.166716131825212)
Testing logNormal[M=0.8853885151516625 S=1.4563754512222982].pdf(0.820815929719014)
Testing logNormal[M=-1.6800249716099036 S=1.821422058882577].pdf(2.2990705183055073)
Testing logNormal[M=-3.362589994884959 S=9.992481380288181].pdf(1.36938839833897)
Testing logNormal[M=-4.757586180604187 S=5.884448542593245].pdf(0.30162043988794984)
Testing logNormal[M=3.522140972062779 S=5.919845854341881].pdf(2.2271114467745856)
Testing logNormal[M=2.0453366995904574 S=5.476575849258439].pdf(0.8413761932270818)
Testing logNormal[M=0.6279155443914499 S=3.3158632071423453].pdf(2.057137516853016)
Testing logNormal[M=3.63427523287495 S=2.157245027207366].pdf(1.8499963882469392)
Testing logNormal[M=-0.36125116841777505 S=0.6559039491036045].pdf(1.8358793126612503)
Testing logNormal[M=-2.990919980586665 S=4.240606124778948].pdf(1.5318750472176779)
Testing logNormal[M=1.211976032312383 S=7.188212171165615].pdf(2.086601828321317)
Testing logNormal[M=-2.9505937817745718 S=6.978200917407488].pdf(2.1218935220108297)
Testing logNormal[M=4.091249712879128 S=6.198191364078505].pdf(1.8984336939801978)
Testing logNormal[M=2.0183414421229875 S=7.570837783534742].pdf(1.5683903783438176)
Testing logNormal[M=-3.226322293843137 S=2.7430575674611877].pdf(2.144299854581703)
Testing logNormal[M=-0.4722489614190568 S=9.70996976791949].pdf(2.2443483295807733)
Testing logNormal[M=-2.73658592518648 S=6.663866338327863].pdf(2.081961477653867)
Testing logNormal[M=2.717148072728291 S=8.019694370043986].pdf(0.9698660198318186)
Testing logNormal[M=-7.275752874482677E-4 S=5.891402878120816].pdf(2.1637862519617044)
Testing logNormal[M=-3.8820886955589664 S=8.807950986798616].pdf(0.08428383918545296)
Testing logNormal[M=-1.9279275187104128 S=3.407727510812286].pdf(1.999283042042176)
Testing logNormal[M=-3.808849046140148 S=3.310180974939475].pdf(1.8788223954569665)
Testing logNormal[M=-2.6000821380458463 S=4.108302248215498].pdf(1.937949390891237)
Testing logNormal[M=1.5693740819770339 S=8.20084699209888].pdf(1.1110382241926406)
Testing logNormal[M=-0.7577806807371861 S=0.4820976823427836].pdf(1.796123617162902)
Testing logNormal[M=0.6014614087440497 S=2.6711171790047494].pdf(2.1352871295222102)
Testing logNormal[M=4.051150344672488 S=4.801230910588923].pdf(1.957828943406098)
Testing logNormal[M=3.8764913934325698 S=3.72544894541785].pdf(1.5456909521959912)
Testing logNormal[M=1.151180128543638 S=1.2915308280224191].pdf(1.0992365425978063)
Testing logNormal[M=2.5666041208383827 S=3.351508255720508].pdf(1.3048498309373784)
Testing logNormal[M=4.143233407524814 S=4.7204389451226305].pdf(1.969401046704958)
Testing logNormal[M=2.1615796733482213 S=9.809127516994625].pdf(1.5863584676702955)
Testing logNormal[M=-3.30143856479024 S=3.113153479887114].pdf(2.140795438097541)
Testing logNormal[M=0.8167405695265479 S=9.149327333748468].pdf(1.3794605185977373)
Testing logNormal[M=-0.04258070666881686 S=1.3143569925590204].pdf(2.0101862395945957)
Testing logNormal[M=-3.096901862863679 S=6.870977545798661].pdf(0.02053869806871123)
Testing logNormal[M=4.275421854977958 S=4.479541133988761].pdf(0.8712790364657366)
Testing logNormal[M=4.5042228333077325 S=6.335827217123544].pdf(1.6256781037554173)
Testing logNormal[M=-0.42248319051261785 S=7.863434021309274].pdf(1.3680572126976858)
Testing logNormal[M=2.857067522615112 S=7.374714550469719].pdf(0.9864179616719698)
Testing logNormal[M=2.8977219147819175 S=1.5024198238311137].pdf(0.04048553855685535)
Testing logNormal[M=1.7451168852148324 S=4.799894980050641].pdf(1.4995452894207513)
Testing logNormal[M=-4.811905492935747 S=1.907686323331409].pdf(2.2061780526063637)
Testing logNormal[M=4.430926735859217 S=6.461818988832034].pdf(1.6412391299660511)
Testing logNormal[M=-0.6193356442000084 S=6.259339746703109].pdf(2.207198193009941)
Testing logNormal[M=1.1589040371942794 S=9.754465208281783].pdf(1.912770529448903)
Testing logNormal[M=-2.503370409239988 S=7.2470428272540035].pdf(2.1083741627896853)
Testing logNormal[M=-1.9602483876857333 S=0.2961853795944036].pdf(1.3736064713037115)
Testing logNormal[M=-2.556494742259021 S=2.3179484538514075].pdf(1.880340300211399)
Testing logNormal[M=-2.703404409866571 S=0.7021140929686931].pdf(1.9238768818415386)
Testing logNormal[M=-0.7242178493593538 S=6.488901718457538].pdf(2.281338228145197)
Testing logNormal[M=1.9611199128232695 S=2.477245013631497].pdf(1.4992001888921314)
Testing logNormal[M=2.51007788959242 S=7.039329797021848].pdf(0.6839867364390606)
Testing logNormal[M=-2.4872445991638292 S=9.548733656601721].pdf(1.8460441360181057)
Testing logNormal[M=-0.5135353457506984 S=4.031742991605247].pdf(2.265660603772921)
Testing logNormal[M=-2.9891692247683177 S=9.538766804040836].pdf(0.2076862207711119)
Testing logNormal[M=-1.0560132453710747 S=4.437161802631674].pdf(1.2850523092613557)
Testing logNormal[M=-4.19251028061558 S=3.735231726399312].pdf(1.9465295138681964)
Testing logNormal[M=-3.684387701852102 S=5.038746575133636].pdf(0.9488438235781091)
Testing logNormal[M=0.2924931438742213 S=1.4592919803573945].pdf(1.7977306872239445)
Testing logNormal[M=-3.1797763354631425 S=9.18192294742865].pdf(1.8055569792475736)
Testing logNormal[M=2.709362667130928 S=7.606936161769372].pdf(0.42479960849854326)
Testing logNormal[M=2.396093729749352 S=4.766312955002796].pdf(2.1991043139388684)
Testing logNormal[M=-3.6395176619394887 S=7.842602392279236].pdf(1.7712215614279367)
Testing logNormal[M=-2.6288089852729337 S=0.8221075291894508].pdf(1.7049797304740504)
Testing logNormal[M=2.6353119231227495 S=1.8001299703127105].pdf(1.3847513350196081)
Testing logNormal[M=4.174812999635229 S=0.15317152632842945].pdf(2.2171454607006083)
Testing logNormal[M=2.936357463134942 S=6.9164934338435335].pdf(1.7683548734329853)
Testing logNormal[M=-3.8244964730724496 S=6.321892535268706].pdf(1.8982510858426846)
Testing logNormal[M=2.7100006845454994 S=1.845615559101491].pdf(1.3420889773964022)
Testing logNormal[M=-0.6609437961295805 S=4.525467592920619].pdf(2.144423759319619)
Testing logNormal[M=-2.4376526225377093 S=6.045404962514878].pdf(1.7527068743180199)
Testing logNormal[M=-4.138857702846012 S=6.781478303911635].pdf(0.01500747259236933)
Testing logNormal[M=2.5926455232617798 S=9.74184060308626].pdf(1.1714458803049004)
Testing logNormal[M=2.7081494319179136 S=5.06059416481606].pdf(1.300182497580283)
Testing logNormal[M=-2.5815225419560073 S=3.673392057732613].pdf(1.4263140689143567)
Testing logNormal[M=-1.0218230944845876 S=7.5253135932813].pdf(1.808886113466799)
Testing logNormal[M=-4.7293506023198635 S=0.8238626140271166].pdf(2.2383003448850394)
Testing logNormal[M=-3.2293845190528216 S=0.2957296858928793].pdf(1.5713584469711717)
Testing logNormal[M=0.18971222704750357 S=5.928428831541586].pdf(2.037108157453193)
Testing logNormal[M=1.957523407364981 S=7.354206722687778].pdf(1.7252919098904367)
Testing logNormal[M=1.2965173234374117 S=7.144003205019218].pdf(1.8747931287420287)
Testing logNormal[M=0.4866652322544365 S=0.6039353641726086].pdf(2.2752258494643836)
Testing logNormal[M=4.440662755846976 S=2.195601510398917].pdf(1.074242290602553)
Testing logNormal[M=-2.3816793672727368 S=3.5301420687674456].pdf(1.82209893391005)
Testing logNormal[M=-4.028335248368888 S=9.113473109805152].pdf(1.7351557056555635)
Testing logNormal[M=2.6563260712068857 S=2.68230293682858].pdf(0.20855482304503292)
Testing logNormal[M=-4.429218633753971 S=3.6292117869429785].pdf(2.300787201675136)
Testing logNormal[M=2.3499020889049858 S=2.32734886451077].pdf(1.7476036869806804)
Testing logNormal[M=-0.8363262853497746 S=9.317356930330817].pdf(1.9130772429147544)
Testing logNormal[M=-2.839102092988642 S=5.091006466592801].pdf(0.5718822831153769)
Testing logNormal[M=4.756311291288517 S=9.372045385011857].pdf(1.7341454102671028)
Testing logNormal[M=0.27733876448816197 S=3.892758618601012].pdf(1.7492859545404504)
Testing logNormal[M=-1.0231282769042052 S=0.28971949725408397].pdf(0.7489405467091975)
Testing logNormal[M=2.026346978195609 S=7.835510727221074].pdf(2.059965524061387)
Testing logNormal[M=0.7633685447869034 S=9.167830924274327].pdf(0.8590835745189571)
Testing logNormal[M=1.5562494977072294 S=1.6292747322583412].pdf(1.5794819775971687)
Testing logNormal[M=-0.2407561214160916 S=9.52899013337158].pdf(0.8788983874757591)
Testing logNormal[M=3.6837405458598838 S=1.5633234974757726].pdf(1.8353374305749892)
Testing logNormal[M=2.265363648040405 S=8.281545934401594].pdf(2.2043636448700017)
Testing logNormal[M=-4.7857753562530245 S=6.446539279281853].pdf(2.1760372649413715)
Testing logNormal[M=2.4884180513978817 S=5.58589716381082].pdf(1.5279455053760518)
Testing logNormal[M=-3.081405433721991 S=7.270118629766229].pdf(2.2169016411785063)
Testing logNormal[M=2.784668407527775 S=2.7830923829001].pdf(0.35887728509193056)
Testing logNormal[M=-0.3674552539649598 S=9.817823176066659].pdf(2.163198363790286)
Testing logNormal[M=1.4073192219921138 S=7.793876530196].pdf(1.4848584232340845)
Testing logNormal[M=-3.3861204382767998 S=3.6980761447461283].pdf(1.5016226185920225)
Testing logNormal[M=-0.04332725592768405 S=9.479033924606227].pdf(1.6382817779579053)
Testing logNormal[M=-3.783097579976168 S=9.520895083683058].pdf(1.9189234680303138)
Testing logNormal[M=-4.538239036146275 S=5.352818765310325].pdf(1.6616205395473769)
Testing logNormal[M=-3.011090468396731 S=2.662102578796197].pdf(1.0543337515846936)
Testing logNormal[M=-3.2056679257723286 S=2.447461913492559].pdf(0.86846204285543)
Testing logNormal[M=-2.825509196333061 S=8.760530580852917].pdf(2.1009045776178654)
Testing logNormal[M=2.991218248137618 S=9.472044261080681].pdf(2.1169513638096573)
Testing logNormal[M=-4.4140201212292 S=4.970371095488425].pdf(0.6049522034806583)
Testing logNormal[M=2.20426542381111 S=0.4931262623665478].pdf(1.3203124060864475)
Testing logNormal[M=0.4018887026031237 S=0.7505823840892789].pdf(1.1843142767721955)
Testing logNormal[M=2.3260326038727097 S=6.5548052866166815].pdf(1.6407685460091972)
Testing logNormal[M=-4.169385539594666 S=2.1905412056335005].pdf(1.9177789596835144)
Testing logNormal[M=2.459055108596047 S=8.222460819133055].pdf(2.0850924788774856)
Testing logNormal[M=-0.6483132026777341 S=2.567385352451892].pdf(1.78389905126209)
Testing logNormal[M=3.4664170756287565 S=7.781666976879684].pdf(2.0835310551370556)
Testing logNormal[M=-2.1995441082985288 S=6.368401291565586].pdf(2.2755494624927994)
Testing logNormal[M=0.23907719605385402 S=9.685472735043426].pdf(2.272593875049761)
Testing logNormal[M=-3.349877804942336 S=9.101117033951521].pdf(1.9630660561916564)
Testing logNormal[M=-4.665432292531343 S=0.1466391933382738].pdf(0.8055231001905971)
Testing logNormal[M=-2.587213570040258 S=2.896388246089524].pdf(1.187177408517406)
Testing logNormal[M=-0.6554156226022148 S=4.772522614300206].pdf(1.8280589387609072)
Testing logNormal[M=3.5524134309878512 S=4.43955554309038].pdf(1.274702438749316)
Testing logNormal[M=0.8069000468240919 S=9.76328781046973].pdf(0.7779581760183426)
Testing logNormal[M=-2.297382037383786 S=0.8929669866763978].pdf(2.084368915086644)
Testing logNormal[M=4.4839973142295975 S=8.9949615903542].pdf(1.263874096388313)
Testing logNormal[M=-2.476849937976567 S=9.599941678673519].pdf(2.1291823468395137)
Testing logNormal[M=-4.727138712300766 S=2.998260694693291].pdf(1.2054179198930886)
Testing logNormal[M=-2.3919867233789196 S=0.8791940549095145].pdf(0.7830226378135766)
Testing logNormal[M=-3.4934747683146394 S=1.6062709324194147].pdf(1.0678924552015794)
Testing logNormal[M=0.1024935053986109 S=7.344175112500175].pdf(2.0268489911763523)
Testing logNormal[M=-2.66659793835623 S=0.4566757014293188].pdf(2.029767571838423)
Testing logNormal[M=-2.0109686072136923 S=5.825042218464896].pdf(1.8426855889045004)
Testing logNormal[M=-1.6017987938099543 S=9.886227558381748].pdf(2.25036461626035)
Testing logNormal[M=3.6136689209102606 S=5.6232031128473725].pdf(2.245312494138382)
Testing logNormal[M=-0.2721120800191219 S=7.3739928080335115].pdf(1.5915689365701813)
Testing logNormal[M=-3.1862911030561425 S=6.368161454634578].pdf(1.895790691611452)
Testing logNormal[M=-1.6755107990228248 S=9.004494952656692].pdf(2.0962724547504985)
Testing logNormal[M=4.294919634180234 S=7.098444182687194].pdf(2.264747714025878)
Testing logNormal[M=2.0311503603567687 S=1.7884911596337438].pdf(2.176325365720654)
Testing logNormal[M=-2.2641896893946347 S=3.822288813383201].pdf(0.16231293417385292)
Testing logNormal[M=0.2824318663370393 S=2.783211858685528].pdf(2.259805077794582)
Testing logNormal[M=4.076936991962027 S=2.3239854469582366].pdf(2.1784927702504406)
Testing logNormal[M=4.878739887577684 S=8.963021120829294].pdf(1.2209889926528898)
Testing logNormal[M=0.10812970880317163 S=2.6492180075003224].pdf(1.6925221749486952)
Testing logNormal[M=2.7920933139609794 S=7.502534765175368].pdf(1.129351096425582)
Testing logNormal[M=-2.7509769435517817 S=4.951911517312012].pdf(1.1653248275667163)
Testing logNormal[M=-1.1611629206540917 S=9.481206712060047].pdf(1.6167576716326222)
Testing logNormal[M=-2.8259251960926903 S=2.3607652822136895].pdf(0.9450314244186924)
Testing logNormal[M=4.678960014392878 S=1.2186465289605453].pdf(0.8145879297321198)
Testing logNormal[M=1.3330054202404789 S=9.726672963726044].pdf(2.1624809670997585)
Testing logNormal[M=4.371248399220574 S=0.53905501471611].pdf(1.6102867112726083)
Testing logNormal[M=3.512963357759487 S=8.56375173046178].pdf(2.205048602193222)
Testing logNormal[M=-0.07139755855092744 S=6.644913142088683].pdf(2.1885556066532295)
Testing logNormal[M=0.23097188564077342 S=3.0491046803594357].pdf(0.22078974023162057)
Testing logNormal[M=-2.263302480039182 S=9.136224880235563].pdf(2.2478843632954253)
Testing logNormal[M=4.248970914039301 S=2.806469698954529].pdf(1.636943868282191)
Testing logNormal[M=-2.950336371111162 S=1.1844012057997244].pdf(1.569193637928327)
Testing logNormal[M=2.0254609652304865 S=2.7773238901214423].pdf(1.7711776685815486)
Testing logNormal[M=-1.1707532639037534 S=8.763476037559148].pdf(2.126748085779615)
Testing logNormal[M=0.4358260443775226 S=4.025218144366322].pdf(2.2010896858618483)
Testing logNormal[M=4.8685841498591405 S=1.366030979271996].pdf(1.3660073805279398)
Testing logNormal[M=0.8276157650985958 S=1.1018505244307475].pdf(0.8630425108284929)
Testing logNormal[M=2.111962050769826 S=3.3496077952406846].pdf(0.5709759418371109)
Testing logNormal[M=0.12096143732776987 S=5.6248703034766585].pdf(1.2827293379617069)
Testing logNormal[M=4.7273722124339415 S=1.9508324973955826].pdf(1.6289824373854953)
Testing logNormal[M=-3.673139346945775 S=5.524750629487939].pdf(0.7686100732456825)
Testing logNormal[M=1.6820401189393932 S=1.936652172773633].pdf(0.3181043246039942)
Testing logNormal[M=-2.2333544071778566 S=2.2761820779840125].pdf(1.4469255599599635)
Testing logNormal[M=1.9845039395628756 S=6.858064521234026].pdf(2.194558861861782)
Testing logNormal[M=2.228922001927236 S=0.43661525841415916].pdf(1.8262618274986928)
Testing logNormal[M=0.4956080967961256 S=4.3433237517228775].pdf(1.6187963483993728)
Testing logNormal[M=-3.8981148406363597 S=0.831913930569449].pdf(2.2697883070514777)
Testing logNormal[M=-4.915700822819772 S=0.7338090476052284].pdf(1.2260201939018402)
Testing logNormal[M=-4.379397346370252 S=6.534726131776711].pdf(0.5532435925649622)
Testing logNormal[M=-3.627471799192387 S=8.760609321691387].pdf(0.843025373082972)
Testing logNormal[M=2.9935380075910842 S=1.8049114202808925].pdf(2.1598400221157092)
Testing logNormal[M=-3.340001193709133 S=1.0455262820041922].pdf(1.727584872073296)
Testing logNormal[M=-3.9073320215031937 S=5.429508227857016].pdf(2.2885565515332598)
Testing logNormal[M=-1.279839145128021 S=4.454204115543532].pdf(0.22507336920478482)
Testing logNormal[M=-3.5921811459898 S=7.083700667186815].pdf(1.6082785939967197)
Testing logNormal[M=-4.987024665373432 S=2.116698419787576].pdf(2.2308509219945205)
Testing logNormal[M=2.7242786364698386 S=6.2240249160779].pdf(2.0693893466186304)
Testing logNormal[M=-1.3706588099628645 S=5.107147385277479].pdf(0.36793892839481573)
Testing logNormal[M=4.787003933368435 S=7.110201883549276].pdf(2.2700301668987355)
Testing logNormal[M=3.539334869914784 S=7.893288934655132].pdf(1.5278894663354325)
Testing logNormal[M=-3.312341207149424 S=9.700433618599572].pdf(0.8795348104253934)
Testing logNormal[M=1.8558626625577013 S=0.883928614355658].pdf(1.7156703686832748)
Testing logNormal[M=-4.207164186199236 S=9.579744810156907].pdf(1.185409850834708)
Testing logNormal[M=4.93724287082641 S=8.56043009950877].pdf(0.9219975251077477)
Testing logNormal[M=0.5587618152563909 S=5.382755833913823].pdf(2.294101888882626)
Testing logNormal[M=-1.0558604449793627 S=4.61182037816932].pdf(1.1743559025509607)
Testing logNormal[M=0.8533066557714841 S=8.177896991238216].pdf(1.8000597095362405)
Testing logNormal[M=-0.8466574306585706 S=9.591912243276207].pdf(1.1191977126361972)
Testing logNormal[M=-3.6829779038063837 S=8.782872700232666].pdf(0.956821841469451)
Testing logNormal[M=2.756353544102586 S=1.034355724284386].pdf(1.1353955284787962)
Testing logNormal[M=3.1898150642834846 S=2.0363199580524705].pdf(1.5434804875211754)
Testing logNormal[M=-4.207187007158387 S=8.794285604766001].pdf(1.334250958304241)
Testing logNormal[M=-2.4886358323643143 S=3.744854786217886].pdf(0.6700160895792383)
Testing logNormal[M=3.0197435154766463 S=7.170804600592739].pdf(1.837747663791707)
Testing logNormal[M=-4.821173832783538 S=8.751015402088903].pdf(1.5754574038376778)
Testing logNormal[M=3.1510212987445545 S=9.540751731013781].pdf(2.293965531197299)
Testing logNormal[M=2.728930351632398 S=5.896612901145931].pdf(1.305551262367206)
Testing logNormal[M=1.4109884197906473 S=0.8453696570195035].pdf(1.6061771732819259)
Testing logNormal[M=-1.8344539672883164 S=4.64893737946677].pdf(1.1404115916326583)
Testing logNormal[M=-0.7105832167016928 S=5.49671479123231].pdf(2.104737094288004)
Testing logNormal[M=4.312686388275662 S=3.7856096295849593].pdf(1.3325979144954014)
Testing logNormal[M=1.3499418804333585 S=8.843309422813304].pdf(1.5940581023873064)
Testing logNormal[M=4.742849075267641 S=3.6511052307241263].pdf(0.019548212760425197)
Testing logNormal[M=-2.579878262745897 S=4.512660198509762].pdf(1.5956035394346468)
Testing logNormal[M=-3.1173739084992533 S=3.475147621093143].pdf(1.08870619753475)
Testing logNormal[M=-3.4593032970588133 S=7.89230284340076].pdf(1.348069479145815)
Testing logNormal[M=-1.3388596926463645 S=3.313215286728478].pdf(0.8645507631900162)
Testing logNormal[M=-0.021687558263106865 S=2.0667320756009113].pdf(2.2045140537471184)
Testing logNormal[M=-3.3567536650186147 S=6.921697954669458].pdf(2.191733183588454)
Testing logNormal[M=-0.616771769475811 S=0.7523438268277927].pdf(2.161074370085031)
Testing logNormal[M=2.193526236909939 S=0.0931814308325718].pdf(1.735162694908915)
Testing logNormal[M=-0.977364521162599 S=4.285766437970362].pdf(0.17195250492039416)
Testing logNormal[M=3.942725315133586 S=2.1965786163194947].pdf(0.1819640141075877)
Testing logNormal[M=3.97146638986686 S=6.323593975974752].pdf(1.6739844018099352)
Testing logNormal[M=4.043494273789365 S=4.717916718188783].pdf(2.1099534957122477)
Testing logNormal[M=4.783477988191059 S=6.359645337769296].pdf(1.8790109299386164)
Testing logNormal[M=-0.759976465086714 S=2.408902041790437].pdf(1.6593703563336357)
Testing logNormal[M=-2.7471842245198586 S=1.4211097512970805].pdf(0.6104479055596703)
Testing logNormal[M=3.9448392878968264 S=1.2374835726307898].pdf(1.4468382150709878)
Testing logNormal[M=-0.4682487986747228 S=1.369684726165965].pdf(1.8985657978493762)
Testing logNormal[M=-2.8490844006205585 S=6.231566337089398].pdf(0.7399901764572072)
Testing logNormal[M=-2.4053685935511493 S=3.0679562023298224].pdf(1.599052214848091)
Testing logNormal[M=-1.6581939053557515 S=6.141911466298015].pdf(1.8805847827048532)
Testing logNormal[M=-3.3754359986526525 S=6.868306593026894].pdf(1.9018974091480085)
Testing logNormal[M=4.426172499247361 S=5.2161306342311695].pdf(2.1490678000944077)
Testing logNormal[M=4.708035337134843 S=2.553976869623317].pdf(1.22817837551943)
Testing logNormal[M=1.9564520905316751 S=3.8823316510429406].pdf(1.6446906885152943)
Testing logNormal[M=4.373995157614056 S=7.361751607294689].pdf(1.9159537924928816)
Testing logNormal[M=0.33980035762055927 S=8.387985646981612].pdf(1.441322262755782)
Testing logNormal[M=-4.870184437926067 S=5.136760238315707].pdf(1.8711032711724698)
Testing logNormal[M=3.515523820769296 S=2.5058812317195156].pdf(1.185068380539416)
Testing logNormal[M=-4.058413449673949 S=8.293537635688038].pdf(1.7736080412504107)
Testing logNormal[M=2.2118557420347855 S=1.2256042587858718].pdf(2.235573460761825)
Testing logNormal[M=3.7087705392741572 S=9.314102122501755].pdf(1.6444719854057752)
Testing logNormal[M=3.796132371630117 S=3.3013425572389234].pdf(1.5401342678646441)
Testing logNormal[M=1.0084274522346721 S=1.889459040039052].pdf(1.9006556605717566)
Testing logNormal[M=0.6881792445310886 S=4.040790854655293].pdf(0.37776350903785244)
Testing logNormal[M=-2.6248657845897228 S=0.8022216547579286].pdf(0.9362641607407525)
Testing logNormal[M=-2.38638250564013 S=8.861584932786098].pdf(0.209110944609672)
Testing logNormal[M=1.8543916884539238 S=3.0975798081429384].pdf(2.0025008108699973)
Testing logNormal[M=-0.776716774299758 S=8.65839244684372].pdf(1.4959111722117526)
Testing logNormal[M=1.4326636980870964 S=9.629854090576615].pdf(2.084466676949752)
Testing logNormal[M=4.176584273733274 S=9.762773451999431].pdf(0.9483855776295742)
Testing logNormal[M=4.7149183529319565 S=3.5710765784497625].pdf(0.8768978146225679)
Testing logNormal[M=2.022940996271866 S=3.1464309889045285].pdf(0.8927534250630405)
Testing logNormal[M=-1.8910629857005326 S=5.924101703455741].pdf(1.7586067389139093)
Testing logNormal[M=3.0162509050779214 S=7.702133037698906].pdf(2.112534271593687)
Testing logNormal[M=-3.727967901875676 S=8.869727374014417].pdf(0.21292095703416425)
Testing logNormal[M=-2.1690880098913325 S=9.131273490923766].pdf(1.7261224327318256)
Testing logNormal[M=-2.4973007502042144 S=2.517019900919679].pdf(1.7472351235147945)
Testing logNormal[M=4.916959600263679 S=0.07533214796634047].pdf(1.3395855873268476)
Testing logNormal[M=3.271644360137632 S=2.4685423936887565].pdf(1.1077829044752545)
Testing logNormal[M=3.0376067676390566 S=6.169452572839322].pdf(0.786665463177193)
Testing logNormal[M=-0.22912312629560638 S=4.336106557741629].pdf(2.2919999948349425)
Testing logNormal[M=-2.328445836841564 S=9.95598616928043].pdf(2.0496671004096134)
Testing logNormal[M=2.226349471828776 S=5.228661006977669].pdf(1.4307363569783749)
Testing logNormal[M=-4.970379893674347 S=7.229570144464338].pdf(1.7197024294654382)
Testing logNormal[M=0.29673393843306783 S=3.3990749245709004].pdf(2.1288031616845293)
Testing logNormal[M=1.9010807937421212 S=3.8229233640921487].pdf(1.6121058441960008)
Testing logNormal[M=1.6274420220753152 S=3.730387572829086].pdf(1.5358949244750493)
Testing logNormal[M=-4.357959795524429 S=5.789146343867956].pdf(1.5483362193125485)
Testing logNormal[M=-4.194416858409174 S=5.770189656340058].pdf(1.356527965060479)
Testing logNormal[M=2.3312007121647955 S=4.299466862729072].pdf(0.9943047890353811)
Testing logNormal[M=0.23837642081574373 S=6.054545488516129].pdf(2.3019382355349087)
Testing logNormal[M=-4.02497071582927 S=4.763053181514523].pdf(0.8409157701327149)
Testing logNormal[M=4.596739889618618 S=3.900257413163901].pdf(1.561833292132325)
Testing logNormal[M=-4.616165638182473 S=8.503757032246268].pdf(1.6700383080621497)
Testing logNormal[M=0.18578555203497338 S=6.710308157978354].pdf(1.826505493875924)
Testing logNormal[M=-1.3545959390633042 S=9.822682716503298].pdf(1.1281337734865136)
Testing logNormal[M=-3.3223987524989598 S=1.7487854913469192].pdf(0.28010516136160984)
Testing logNormal[M=2.608689099294054 S=9.262037129751171].pdf(0.3312888493449409)
Testing logNormal[M=3.7639776562580156 S=2.382750752881223].pdf(0.41450779663014137)
Testing logNormal[M=-1.9647823566100806 S=1.7956967901948717].pdf(1.5785119082055237)
Testing logNormal[M=4.703984701856834 S=5.750332270180968].pdf(0.20478767069469558)
Testing logNormal[M=0.0016011822592565395 S=7.657830205017567].pdf(0.09728053296420754)
Testing logNormal[M=-2.7437567025161878 S=6.208694830273234].pdf(1.8846676942925047)
Testing logNormal[M=1.0466175492697394 S=3.989318518346284].pdf(2.0516042194961015)
Testing logNormal[M=-1.785391657400015 S=9.04758492421542].pdf(2.278255624784646)
Testing logNormal[M=-2.938583937800927 S=2.0609884391493583].pdf(2.004041864452657)
Testing logNormal[M=4.364953735921684 S=6.599617924416792].pdf(2.0733745164672492)
Testing logNormal[M=1.3555529213032234 S=1.37965271227106].pdf(2.27546013168828)
Testing logNormal[M=2.6978533254373716 S=8.120717708226262].pdf(1.430381760017196)
Testing logNormal[M=-1.658054282066146 S=7.383143931885401].pdf(0.4804964460282)
Testing logNormal[M=0.5879617458853978 S=4.037359080120777].pdf(1.79505968121289)
Testing logNormal[M=4.742691047202417 S=7.616756097188752].pdf(1.2604182716186134)
Testing logNormal[M=-0.947301162116986 S=5.795668797476185].pdf(1.1272438130058826)
Testing logNormal[M=1.6762104953509436 S=8.577259475534317].pdf(1.7850530083104064)
Testing logNormal[M=-3.173556111075281 S=2.2013962912707354].pdf(1.5705901904414339)
Testing logNormal[M=-4.335897243096591 S=0.6463840805636756].pdf(2.0560620631981985)
Testing logNormal[M=0.5600522386599156 S=4.880112506483977].pdf(2.041312752695335)
Testing logNormal[M=0.8828103542484786 S=3.708517232779723].pdf(1.2820541790851063)
Testing logNormal[M=3.724855643426018 S=2.9381160339732215].pdf(1.5339872822244036)
Testing logNormal[M=0.48793212953841003 S=6.700745364347828].pdf(1.5956100989546171)
Testing logNormal[M=4.120299949568711 S=8.30366994823507].pdf(0.5859494286010716)
Testing logNormal[M=-4.570074081272861 S=8.826950996856747].pdf(1.8969424018270555)
Testing logNormal[M=-3.3116227653238695 S=9.475017327538819].pdf(2.277519416829849)
Testing logNormal[M=-0.7171533448146858 S=1.8202635521337263].pdf(0.844974207640471)
Testing logNormal[M=-2.4437032520275737 S=5.77579314860854].pdf(2.033505259120654)
Testing logNormal[M=-4.4652793701077425 S=0.776709660201863].pdf(1.1696284738410034)
Testing logNormal[M=-3.648870798388094 S=2.6256763494039372].pdf(1.905141591376012)
Testing logNormal[M=1.6585877917770748 S=3.7131056443081634].pdf(2.0567345986322634)
Testing logNormal[M=2.981343745766446 S=1.7547997001185522].pdf(1.08984058500672)
Testing logNormal[M=-3.8819981812063764 S=2.198880335679878].pdf(0.23620638183733522)
Testing logNormal[M=2.56642581927336 S=1.2730280120608373].pdf(1.163900661861971)
Testing logNormal[M=-2.2442400428342726 S=7.340979395320222].pdf(2.2493634269902736)
Testing logNormal[M=2.169184284947927 S=1.0598546827195243].pdf(1.9648571380441833)
Testing logNormal[M=-4.3548075106962925 S=6.307467503939587].pdf(0.1730082947279818)
Testing logNormal[M=0.5762543460113125 S=9.525669152545639].pdf(1.1497858310840026)
Testing logNormal[M=-1.2981536611128028 S=7.175688740003633].pdf(0.9146170943741463)
Testing logNormal[M=1.9965748196548807 S=2.5441740765594933].pdf(1.6174757863058769)
Testing logNormal[M=4.22818886235582 S=0.8685741135372105].pdf(1.791754536137406)
Testing logNormal[M=-4.358394524749035 S=0.2882048452577257].pdf(1.4220906398951736)
Testing logNormal[M=-3.435964056155144 S=5.213245173056241].pdf(0.6901438399299493)
Testing logNormal[M=-2.594620295279353 S=5.532766653931487].pdf(1.2453784812695345)
Testing logNormal[M=0.9632492835755988 S=8.358954688566243].pdf(2.105617626357253)
Testing logNormal[M=1.085555082961518 S=0.40254321879080845].pdf(0.5282930431332887)
Testing logNormal[M=-1.3364894070168942 S=7.976920090820445].pdf(0.8090900141381514)
Testing logNormal[M=-0.6997811407359711 S=5.461501476276234].pdf(0.5088880630441097)
Testing logNormal[M=-2.7993856646927027 S=3.5782545790257245].pdf(2.1209112831413433)
Testing logNormal[M=3.285521312487173 S=7.167906286936812].pdf(0.2812098298199433)
Testing logNormal[M=-3.4863330752066712 S=1.4370878404781584].pdf(1.6483797748613873)
Testing logNormal[M=4.972318040846734 S=9.111816375426008].pdf(1.897161831727756)
Testing logNormal[M=-0.32158002027887456 S=7.17530527082324].pdf(1.2185903523062598)
Testing logNormal[M=1.5801265646817564 S=6.786388623480651].pdf(2.2256349569646923)
Testing logNormal[M=1.3434735267871396 S=2.1158053949464772].pdf(1.5354082941584726)
Testing logNormal[M=-4.286553259973713 S=3.717323706372122].pdf(1.8673257845125313)
Testing logNormal[M=1.2368325935419957 S=1.2989152332110498].pdf(1.2119454603258548)
Testing logNormal[M=4.188742273608982 S=8.902345339976161].pdf(1.9130820089817113)
Testing logNormal[M=3.688209420280934 S=0.13740543344226586].pdf(2.200068831389229)
Testing logNormal[M=-2.582535285689649 S=1.2243674740984778].pdf(2.1073944309018997)
Testing logNormal[M=0.30069689253168264 S=1.479529533630135].pdf(0.7041063287099375)
Testing logNormal[M=0.11581227772848024 S=2.324237332537775].pdf(2.094218470533855)
Testing logNormal[M=-4.432555109426023 S=0.8303601127590465].pdf(2.277452412960668)
Testing logNormal[M=-1.7577405007003133 S=4.515604496988102].pdf(2.220789683719128)
Testing logNormal[M=2.9392786014241103 S=7.209968095756215].pdf(1.2560882272767586)
Testing logNormal[M=1.5067679353579315 S=1.045301518449826].pdf(1.3991055650914825)
Testing logNormal[M=-0.09818155585687993 S=2.190315449011462].pdf(1.9701882702134423)
Testing logNormal[M=4.724869581096476 S=1.9539168507981242].pdf(0.9091146530538294)
Testing logNormal[M=-2.5347563985455834 S=7.963533349480385].pdf(1.1781438412608711)
Testing logNormal[M=4.3348061589860745 S=7.552745765706684].pdf(1.7971344826730187)
Testing logNormal[M=1.9059030249140907 S=9.315284051028254].pdf(1.6354048869456523)
Testing logNormal[M=-2.403585848861669 S=8.220474415119591].pdf(1.9102483524472413)
Testing logNormal[M=-0.9518406252665876 S=2.770154715530264].pdf(1.018777446338777)
Testing logNormal[M=-1.2629660842215298 S=3.7496431791454885].pdf(1.3401343981050957)
Testing logNormal[M=4.718892102872168 S=5.344963444658621].pdf(2.1094350137534787)
Testing logNormal[M=0.5899016476477819 S=7.9342686362431305].pdf(2.117536110328789)
Testing logNormal[M=2.511903924612695 S=3.014851756185503].pdf(1.315026793444853)
Testing logNormal[M=3.267119888132328 S=8.279179403025934].pdf(1.0632019698565591)
Testing logNormal[M=-0.9053280399076851 S=1.147500822835651].pdf(1.22605235447874)
Testing logNormal[M=-0.5663835194224207 S=0.37203534831030005].pdf(2.1667116504856185)
Testing logNormal[M=2.5357780715450042 S=7.028072373643153].pdf(2.153251588189011)
Testing logNormal[M=-2.294139313077257 S=1.9820961439384588].pdf(1.307652882595206)
Testing logNormal[M=2.7209522181307797 S=6.23990723945512].pdf(2.1247880648693322)
Testing logNormal[M=1.7831688764018843 S=0.43794668277511106].pdf(2.1711888317543884)
Testing logNormal[M=2.519282181293251 S=3.139409941730361].pdf(0.9692865579483099)
Testing logNormal[M=1.087131412938258 S=5.637908232518264].pdf(1.9566769246228533)
Testing logNormal[M=4.937140514017365 S=5.644339313333524].pdf(2.1420229168075444)
Testing logNormal[M=3.3447543779492133 S=6.035741597925689].pdf(2.1108514569566306)
Testing logNormal[M=-0.05674641223329058 S=0.2620127718969323].pdf(2.2538805111733464)
Testing logNormal[M=-4.8106668588582835 S=3.6233105089131867].pdf(2.0934799360067182)
Testing logNormal[M=-1.1156235793695215 S=8.712665017507367].pdf(0.2680402471900445)
Testing logNormal[M=4.304796734826176 S=5.7404714670636885].pdf(1.8105739091980821)
Testing logNormal[M=-3.385088376166412 S=1.6720928261014756].pdf(0.5443720188775014)
Testing logNormal[M=-0.4281390096967117 S=5.457938914112519].pdf(2.1029157199782693)
Testing logNormal[M=0.6332619219052908 S=6.0356042046355896].pdf(1.4349651679344646)
Testing logNormal[M=-4.928367387441803 S=3.2566952180879305].pdf(1.23117190708245)
Testing logNormal[M=1.6811765647972878 S=1.8572047359915034].pdf(1.8112207751709901)
Testing logNormal[M=0.7026088465875695 S=0.9456468260056439].pdf(1.0370128320864318)
Testing logNormal[M=0.48391776095187033 S=7.739654222086165].pdf(0.5295110112546264)
Testing logNormal[M=-4.000490671379572 S=9.772915718481899].pdf(2.110188214053105)
Testing logNormal[M=-4.4493985843835695 S=3.807773957970755].pdf(1.860186500746612)
Testing logNormal[M=4.135053000209053 S=6.661590203412773].pdf(1.6829427223514628)
Testing logNormal[M=-4.863899787525932 S=5.4109065425492195].pdf(1.887776283098339)
Testing logNormal[M=2.7104240712688323 S=9.816602080130464].pdf(1.0542549329643072)
Testing logNormal[M=-3.823197121406369 S=2.3091730221779105].pdf(1.158967383769488)
Testing logNormal[M=3.288430469600817 S=5.812067387646702].pdf(1.9947607758966328)
Testing logNormal[M=-0.8067156561831066 S=3.1934442404931085].pdf(1.861802790011318)
Testing logNormal[M=4.515037972173303 S=6.348646133527151].pdf(0.7962456854697997)
Testing logNormal[M=-0.9625758658854515 S=5.036266773399597].pdf(1.9758652037603224)
Testing logNormal[M=1.8267785687225269 S=0.9570512844933676].pdf(0.32106348971285137)
Testing logNormal[M=2.275951879896404 S=2.2506407647452487].pdf(2.07431752769373)
Testing logNormal[M=-1.4002154152372848 S=5.680111600468088].pdf(0.8720054868286814)
Testing logNormal[M=2.5702868273082817 S=3.2296495294515526].pdf(1.9189266285427564)
Testing logNormal[M=-3.7256527621989433 S=4.164373663192905].pdf(2.2314523887558084)
Testing logNormal[M=-0.13085434857262612 S=8.216031267033278].pdf(2.0271180180186774)
Testing logNormal[M=2.1024611269900673 S=2.5127972251303463].pdf(2.1579264446298185)
Testing logNormal[M=2.963449360350433 S=8.305028378246499].pdf(1.5288239639124037)
Testing logNormal[M=3.196898715456756 S=2.257228208793408].pdf(2.138672556071688)
Testing logNormal[M=1.925601904349791 S=9.655321452697319].pdf(2.2336217666186857)
Testing logNormal[M=2.1222029077872016 S=4.6463244096599325].pdf(2.015487254110829)
Testing logNormal[M=3.884608095967847 S=6.271568739791546].pdf(1.4280659854068265)
Testing logNormal[M=2.489795802905803 S=5.642969614827198].pdf(1.5793197786855353)
Testing logNormal[M=-3.17281766364933 S=2.8768998361645393].pdf(1.8050813618122616)
Testing logNormal[M=-1.576583334252116 S=9.199222817742182].pdf(1.8720322600213337)
Testing logNormal[M=3.304266704904018 S=3.157524760661442].pdf(1.6464591716216874)
Testing logNormal[M=4.521863232049345 S=0.0055865712074509855].pdf(2.2854573340566593)
Testing logNormal[M=-3.8273054625809575 S=7.495807114718324].pdf(2.291655320841481)
Testing logNormal[M=-1.0841808156404498 S=9.026182755095776].pdf(1.0861890785760862)
Testing logNormal[M=-1.5227559367611865 S=1.6367607008560303].pdf(1.6621360543252695)
Testing logNormal[M=4.347651287280707 S=9.573514219221739].pdf(1.9483604565145363)
Testing logNormal[M=0.8951240508253395 S=5.793010998313082].pdf(1.6923678570320746)
Testing logNormal[M=-2.0839081472081444 S=4.888380380883525].pdf(1.6541789899046777)
Testing logNormal[M=-1.7165499939950557 S=0.24678917899710107].pdf(2.0489422577124277)
Testing logNormal[M=0.26401497348967684 S=5.474217762909772].pdf(2.1535235319170423)
Testing logNormal[M=-1.7243856659130685 S=6.679035637438378].pdf(2.253397270918895)
Testing logNormal[M=4.4053075705071 S=6.079370003634032].pdf(0.9772068576148268)
Testing logNormal[M=-3.890651777053533 S=0.020814507000218585].pdf(1.1087562083530529)
Testing logNormal[M=-0.5591422423722854 S=2.4990938916000083].pdf(2.221921279018915)
Testing logNormal[M=-0.44445694964517024 S=9.113408569349142].pdf(0.673598477109234)
Testing logNormal[M=-4.234123466637297 S=6.370574275674244].pdf(0.6699739903383408)
Testing logNormal[M=2.4779111252249315 S=9.315742123354154].pdf(2.072438288191504)
Testing logNormal[M=-3.1772001827782157 S=5.6983542370344695].pdf(2.288334643725235)
Testing logNormal[M=2.360035786555006 S=9.841878662368387].pdf(1.9976200508547806)
Testing logNormal[M=-2.6393824091723808 S=7.0290852079996675].pdf(0.4853524406831722)
Testing logNormal[M=3.0805665064552485 S=0.17398339222836068].pdf(1.9282191706945409)
Testing logNormal[M=2.5083745529647192 S=9.263073804711766].pdf(1.8418518665145482)
Testing logNormal[M=0.3291830172786758 S=0.6115048009813018].pdf(0.35997893287209853)
Testing logNormal[M=4.901386136611764 S=6.12206560260402].pdf(1.805917746450615)
Testing logNormal[M=-0.03862501690261588 S=7.0525548789887225].pdf(1.9159133024988009)
Testing logNormal[M=-1.9096450582770377 S=7.520921213160841].pdf(1.4882854192618598)
Testing logNormal[M=-4.94579026160049 S=1.9106586657573321].pdf(1.9748021624463343)
Testing logNormal[M=-1.1711019480156204 S=7.794562282695104].pdf(0.2649167392849523)
Testing logNormal[M=-3.637655899736456 S=8.628838978348591].pdf(1.8717401888302967)
Testing logNormal[M=2.516653675638856 S=4.2749883996353955].pdf(2.176369276748599)
Testing logNormal[M=4.019393930456323 S=7.819003587039047].pdf(2.2853753688741336)
Testing logNormal[M=-1.2424215283038045 S=5.08815288456284].pdf(1.3855159253796983)
Testing logNormal[M=1.3008943713967849 S=0.07176692112945693].pdf(0.695982965962714)
Testing logNormal[M=3.3611964460898864 S=9.158943283760127].pdf(1.4988046229021899)
Testing logNormal[M=-3.352677510981412 S=7.439256303169881].pdf(2.208309138692401)
Testing logNormal[M=1.0254202525772484 S=5.417945635167368].pdf(2.0719872067266163)
Testing logNormal[M=1.046987270301968 S=8.707080795430441].pdf(0.1880056460138815)
Testing logNormal[M=-0.01824934547295598 S=3.221993311215907].pdf(1.5526889644559698)
Testing logNormal[M=1.371537365804575 S=8.761218414861174].pdf(1.0280869124077858)
Testing logNormal[M=4.119751532640755 S=1.6984730054298003].pdf(1.9017734399015653)
Testing logNormal[M=3.6122141260531855 S=2.596547759503972].pdf(1.7677788690950358)
Testing logNormal[M=4.503591029147682 S=5.519287929689737].pdf(0.7314596395555513)
Testing logNormal[M=0.3395704328252762 S=5.927231757537033].pdf(1.7912524885914187)
Testing logNormal[M=3.733975217073546 S=7.9159309430913085].pdf(1.6462140086544979)
Testing logNormal[M=-3.6130464937376816 S=5.324944388969678].pdf(2.208497130881173)
Testing logNormal[M=2.991115277328059 S=2.1691304076721907].pdf(1.9892475911735352)
Testing logNormal[M=4.409172998439814 S=8.697220904122592].pdf(2.1557533423550077)
Testing logNormal[M=1.2161396403348244 S=0.19933410244993066].pdf(2.006201105346633)
Testing logNormal[M=-4.045253550500627 S=8.377368547679692].pdf(2.1007631839676577)
Testing logNormal[M=-0.008265308719487052 S=5.553028450837765].pdf(1.217736180352254)
Testing logNormal[M=1.1490121329520928 S=6.6995103166672].pdf(0.8571113872555636)
Testing logNormal[M=-3.2177444105950004 S=7.291584703844541].pdf(1.8054994945189333)
Testing logNormal[M=-0.2510955600417608 S=2.424561540307264].pdf(1.9075387143564755)
Testing logNormal[M=4.773502599391122 S=0.627133962206744].pdf(1.468228159667321)
Testing logNormal[M=-3.689798157805088 S=6.478768852956151].pdf(1.6159849469893215)
Testing logNormal[M=3.641902724813317 S=5.959908755375776].pdf(2.238599665161455)
Testing logNormal[M=2.418876777375104 S=5.300521129441411].pdf(1.1044880746812524)
Testing logNormal[M=-1.5868670417223942 S=4.484288824365614].pdf(1.5619644979627159)
Testing logNormal[M=-3.9777273304802074 S=4.180565514300505].pdf(2.2766203247831216)
Testing logNormal[M=-2.9113789983981917 S=8.924626448575847].pdf(2.2616679269812345)
Testing logNormal[M=-0.8619171936363763 S=1.2762003867164784].pdf(1.456362692259493)
Testing logNormal[M=-3.842021904391355 S=4.521736615784462].pdf(1.9916344147717364)
Testing logNormal[M=-2.847814507017221 S=6.768124958853723].pdf(1.023101207030787)
Testing logNormal[M=-0.5217024949023621 S=8.894724999639854].pdf(0.6599926210223301)
Testing logNormal[M=-4.820601358906051 S=5.050281406760629].pdf(1.9974350063043569)
Testing logNormal[M=-2.5767088742365605 S=0.5182939742810799].pdf(1.2632408161884126)
Testing logNormal[M=-4.6344137208086895 S=5.309322962464228].pdf(1.0505180281392064)
Testing logNormal[M=-3.8088234116746933 S=7.421347998636534].pdf(0.42530199026165216)
Testing logNormal[M=-0.6849924815087256 S=2.60586699019297].pdf(2.1552502292871547)
Testing logNormal[M=4.7650019456996 S=2.216421516865883].pdf(1.4794823596568798)
Testing logNormal[M=-1.9930194601922135 S=7.349942508677288].pdf(2.064827913780025)
Testing logNormal[M=3.411092122304133 S=5.833676304186318].pdf(1.814158840620185)
Testing logNormal[M=-4.692188446402815 S=8.836932698848326].pdf(1.5915168909046742)
Testing logNormal[M=-1.7551318657970647 S=6.663719884670394].pdf(1.873944090900761)
Testing logNormal[M=-0.7191760030019081 S=1.3758580409434684].pdf(1.5771837841482828)
Testing logNormal[M=-3.5767155769337955 S=4.275475698780075].pdf(1.223148048655775)
Testing logNormal[M=0.4443336387625756 S=3.151816615668773].pdf(1.8958870089012307)
Testing logNormal[M=1.75572887059852 S=0.010781475074534974].pdf(2.0537318443732078)
Testing logNormal[M=-1.994705444548226 S=4.755906515993226].pdf(1.0238352291701915)
Testing logNormal[M=-4.674822842788328 S=6.499299549025394].pdf(2.0826397987326777)
Testing logNormal[M=0.5237728177127599 S=8.035038940506356].pdf(1.5206705665608364)
Testing logNormal[M=-3.567807970902562 S=6.261631588718783].pdf(2.1092660758439568)
Testing logNormal[M=0.05389726302431175 S=1.373729758797243].pdf(1.9447665228849869)
Testing logNormal[M=4.700950844700008 S=4.3841129553125535].pdf(2.2110967285006815)
Testing logNormal[M=4.439286990910013 S=3.9419228389045458].pdf(1.6920473588180946)
Testing logNormal[M=2.3799013513867084 S=9.304237400674895].pdf(1.56321985007704)
Testing logNormal[M=0.23919366849780577 S=6.247187558803432].pdf(1.894646960431371)
Testing logNormal[M=3.5430862638271776 S=3.0323336380954933].pdf(1.9190095129733558)
Testing logNormal[M=3.49350749714511 S=2.723703748607785].pdf(1.6254898311000845)
Testing logNormal[M=2.1454312419180397 S=4.293550149291928].pdf(2.153971049378958)
Testing logNormal[M=1.1063809714098873 S=1.949934120884117].pdf(0.6167099494851158)
Testing logNormal[M=1.2510227487438286 S=1.7340729423808832].pdf(1.8788800142178474)
Testing logNormal[M=-0.2892517549381797 S=2.1968688459545005].pdf(0.6323776574071798)
Testing logNormal[M=2.9819160160668643 S=2.365668154164714].pdf(1.666502475971097)
Testing logNormal[M=-4.105186002066507 S=0.5340319799087079].pdf(2.0230757090013793)
Testing logNormal[M=4.126564146790582 S=3.6830961573631904].pdf(1.5402506683815742)
Testing logNormal[M=3.4280276490188157 S=1.2593514047525334].pdf(2.110276877267374)
Testing logNormal[M=-0.2950214749363633 S=7.049729224102484].pdf(2.123532549769987)
Testing logNormal[M=-3.3651546414634104 S=5.333235349610733].pdf(0.7300998212925237)
Testing logNormal[M=-2.1880244741714616 S=8.535839556413304].pdf(0.2118747253508623)
Testing logNormal[M=2.1664380668951067 S=8.734941944574569].pdf(2.169174688599132)
Testing logNormal[M=3.6330270585433304 S=9.255930025566599].pdf(1.1382355192348705)
Testing logNormal[M=-3.2912603806469454 S=0.7379259807997185].pdf(1.728344963853756)
Testing logNormal[M=2.6074625491240493 S=4.55950228678236].pdf(2.2394532967031497)
Testing logNormal[M=0.44681078164078336 S=5.822695149518125].pdf(1.7234397671516901)
Testing logNormal[M=-2.0485155666061914 S=5.314279956139498].pdf(1.9038057039237772)
Testing logNormal[M=-1.5251721645901406 S=5.055802700215192].pdf(2.1881222882969285)
Testing logNormal[M=4.61412352768375 S=2.3235006108735314].pdf(1.4585776441859053)
Testing logNormal[M=-4.49155583204533 S=6.598317571615942].pdf(0.7968525519860832)
Testing logNormal[M=-1.135690405154366 S=3.255986545454511].pdf(0.8686773400618371)
Testing logNormal[M=-4.119675098117522 S=6.56279675890503].pdf(0.8118034425339817)
Testing logNormal[M=-0.9945641530706739 S=9.33924880267307].pdf(1.857547079944627)
Testing logNormal[M=3.203182822481125 S=2.3691509192974616].pdf(2.0999647656536236)
Testing logNormal[M=-0.44249079745052633 S=7.440110462244256].pdf(0.4144533527495585)
Testing logNormal[M=-2.6237780900376473 S=7.604376008609954].pdf(2.2373681414944193)
Testing logNormal[M=-1.6024177714425472 S=1.0452032064235461].pdf(0.34064043823976353)
Testing logNormal[M=-1.2592738851018592 S=0.3521170156584652].pdf(1.7119490084896114)
Testing logNormal[M=4.148834581186829 S=7.255808174672536].pdf(1.5925132757280054)
Testing logNormal[M=2.064456043065527 S=9.735887299642325].pdf(1.9463231504918292)
Testing logNormal[M=1.14403334898598 S=8.411819663391585].pdf(2.172767950326249)
Testing logNormal[M=-1.7698034248423786 S=6.680518170270178].pdf(2.0196220583863647)
Testing logNormal[M=-0.062248211889647465 S=5.553489832684426].pdf(1.8462902626809043)
Testing logNormal[M=-1.4305585547055788 S=8.95188955797616].pdf(2.0481537337175397)
Testing logNormal[M=-1.298048615468966 S=9.528853927136458].pdf(2.0321086465773446)
Testing logNormal[M=-0.2892537250063558 S=5.032904124354104].pdf(0.9304022308385771)
Testing logNormal[M=-4.369421169175524 S=6.420675243068682].pdf(1.2703211701941401)
Testing logNormal[M=2.0498748477068247 S=1.0216407778879133].pdf(0.8247754407845745)
Testing logNormal[M=4.307794951599833 S=7.597711075623739].pdf(1.8213104132656188)
Testing logNormal[M=-1.223122230479853 S=2.8321782698293574].pdf(1.999085247904754)
Testing logNormal[M=3.2102054406158373 S=2.5805031969221814].pdf(2.116497009802674)
Testing logNormal[M=2.4137248296442433 S=1.3553818621802782].pdf(1.9292224277000463)
Testing logNormal[M=-4.996612877446602 S=9.206064864144533].pdf(0.5609320653956384)
Testing logNormal[M=-1.4367424788505936 S=9.662103445000996].pdf(1.8841497554222542)
Testing logNormal[M=3.8017304860761154 S=3.420380718515954].pdf(0.40062746677340205)
Testing logNormal[M=-1.468851789083577 S=1.7779734934936509].pdf(2.1723369279673928)
Testing logNormal[M=4.038729386085782 S=6.444253780143336].pdf(1.6057717128539197)
Testing logNormal[M=4.3061744210594775 S=3.3164669298460323].pdf(1.024719055022146)
Testing logNormal[M=-4.535520645130053 S=8.478432338774569].pdf(2.248398814049001)
Testing logNormal[M=4.179931199819968 S=4.10188702310311].pdf(2.2204229658567813)
Testing logNormal[M=-0.419702607282904 S=4.006071905840203].pdf(1.345076171448333)
Testing logNormal[M=-4.574252395537394 S=5.329616331229964].pdf(2.2100682683262494)
Testing logNormal[M=0.2568373296305033 S=4.585956124619282].pdf(1.9839798175294439)
Testing logNormal[M=4.510141286943838 S=0.5381666824879905].pdf(1.6598063596115253)
Testing logNormal[M=-2.728012411142985 S=4.60608719337244].pdf(1.6858520586733308)
Testing logNormal[M=2.1958051273682413 S=7.611342501783007].pdf(2.0917122865585194)
Testing logNormal[M=-4.2951908192590595 S=0.8945403098586824].pdf(0.08296345009000303)
Testing logNormal[M=-1.5164352694923808 S=3.594017834055995].pdf(2.088603384917695)
Testing logNormal[M=2.1790560704565918 S=1.2917901790672826].pdf(1.4944144331334246)
Testing logNormal[M=-2.8426416910182937 S=0.24685911277793293].pdf(1.8744769516470992)
Testing logNormal[M=-4.960822674868605 S=4.690803762904483].pdf(2.1875624606531585)
Testing logNormal[M=-2.0495806252356674 S=0.9626545736423942].pdf(0.31203645640227057)
Testing logNormal[M=0.4205509217446215 S=8.871732695063999].pdf(1.962865235369189)
Testing logNormal[M=-2.9539848523637757 S=6.693969932999314].pdf(1.4818087950176535)
Testing logNormal[M=-4.655333392172622 S=1.282522800678625].pdf(1.3462288551206958)
Testing logNormal[M=-4.236842640928752 S=5.797068923872889].pdf(1.82692215924921)
Testing logNormal[M=0.9936248728529904 S=2.488895137376815].pdf(1.4852379241671296)
Testing logNormal[M=0.42615772737394586 S=0.9523618041897575].pdf(0.3563675915694236)
Testing logNormal[M=-1.183483454882536 S=6.360105193867611].pdf(2.199959879616812)
Testing logNormal[M=-4.98824679230828 S=8.10357477325162].pdf(2.3023191968628294)
Testing logNormal[M=0.226264005806744 S=9.080572764000255].pdf(1.7010755365697332)
Testing logNormal[M=3.6255034453361183 S=5.584374204092141].pdf(1.4030545640542842)
Testing logNormal[M=-3.263251982602975 S=9.781908909385304].pdf(2.2011875455572802)
Testing logNormal[M=2.8008336586892915 S=7.771712611540547].pdf(1.4084685190656585)
Testing logNormal[M=-2.6587943001330783 S=7.617251035506806].pdf(1.9083070910857844)
Testing logNormal[M=1.0813348232255802 S=9.024777866377864].pdf(1.4373974405392873)
Testing logNormal[M=-2.465209528853669 S=8.41864074386441].pdf(0.3367167303327556)
Testing logNormal[M=-0.6146160903811193 S=1.5092242175392545].pdf(1.3434084755052491)
Testing logNormal[M=-2.141799785992405 S=5.129118839532904].pdf(2.0521780486958296)
Testing logNormal[M=0.8399175727899326 S=4.874545864503476].pdf(0.7222714398129081)
Testing logNormal[M=2.187993872582755 S=8.02362583165867].pdf(2.036899743671354)
Testing logNormal[M=-4.154956490568281 S=5.475156942624658].pdf(1.1772325501361125)
Testing logNormal[M=1.2650548817569103 S=6.078478303846779].pdf(1.6208127311900737)
Testing logNormal[M=-1.409619606999295 S=1.468441721437811].pdf(0.6192936545504626)
Testing logNormal[M=-2.791539181566379 S=6.208615354755262].pdf(2.114929232087755)
Testing logNormal[M=3.2345801431008994 S=6.4989391948886075].pdf(1.6648825678098127)
Testing logNormal[M=-1.6819910799761875 S=7.870233142170843].pdf(1.8504057495329778)
Testing logNormal[M=-1.494723703406696 S=7.3932633818184526].pdf(1.9901777581543705)
Testing logNormal[M=1.8954893759248428 S=4.345502267174982].pdf(1.9030842577833098)
Testing logNormal[M=1.0354961468949897 S=6.15629200671454].pdf(1.4355813586074961)
Testing logNormal[M=2.4653464461223527 S=2.758900553773315].pdf(2.226995818809174)
Testing logNormal[M=-2.4218050749911324 S=1.0034833904309526].pdf(2.1399955738366825)
Testing logNormal[M=2.567375958236015 S=4.840526008283723].pdf(1.955087052910065)
Testing logNormal[M=-0.6823100206548771 S=0.8339497476781066].pdf(2.0679597639022234)
Testing logNormal[M=-2.6316329674057473 S=4.05420230058418].pdf(0.5616850339166596)
Testing logNormal[M=-1.8924140263653246 S=4.5415180539027755].pdf(1.0334224631952633)
Testing logNormal[M=2.842197477351581 S=7.203378612801493].pdf(2.0712939663323917)
Testing logNormal[M=4.234881491166641 S=6.149699465164979].pdf(2.225513691915864)
Testing logNormal[M=-0.783361208285446 S=9.354160059325803].pdf(0.1638319443074499)
Testing logNormal[M=-2.3796821277687554 S=5.865323778044167].pdf(0.1877060945320558)
Testing logNormal[M=-4.412600999940382 S=1.694273473952811].pdf(2.284010930169229)
Testing logNormal[M=4.041694014868488 S=6.808691563206458].pdf(2.274933739662437)
Testing logNormal[M=4.345782842487665 S=8.358567377881275].pdf(1.9964084113091367)
Testing logNormal[M=2.0966593012038075 S=9.978559567816518].pdf(1.6048877597869533)
Testing logNormal[M=-4.666508972378218 S=6.992139420752236].pdf(1.7349081554911947)
Testing logNormal[M=-3.972769933339857 S=9.290578172155406].pdf(0.14143557602646642)
Testing logNormal[M=1.6718821196213547 S=2.592370191693074].pdf(0.873492520497467)
Testing logNormal[M=3.0067043709310504 S=5.395377778794087].pdf(1.2807630606297122)
Testing logNormal[M=4.381570872843252 S=5.848943138656416].pdf(0.4464441427468989)
Testing logNormal[M=3.3159783770985136 S=6.258265191527753].pdf(0.8491258628660476)
Testing logNormal[M=-3.817011322760644 S=4.1932936042866285].pdf(1.2585424426642342)
Testing logNormal[M=1.6783062108169151 S=3.7725691346355026].pdf(1.2771359661079988)
Testing logNormal[M=0.33808127071306693 S=8.755129025585154].pdf(1.5667533161885674)
Testing logNormal[M=-4.818318527872104 S=2.5477119906002677].pdf(1.2558928719250602)
Testing logNormal[M=-0.3620420978526484 S=5.641825667798662].pdf(2.062008870808958)
Testing logNormal[M=4.033297381108875 S=7.672266309150855].pdf(2.2159053851320385)
Testing logNormal[M=-4.409813461930682 S=8.406575718241786].pdf(0.6577957142079949)
Testing logNormal[M=-3.0529640622383694 S=2.232816846192087].pdf(2.1272646608367354)
Testing logNormal[M=1.5139223298368076 S=6.561674714263102].pdf(2.117890069733744)
Testing logNormal[M=-2.714015840558255 S=2.8566948671880277].pdf(2.170902321377266)
Testing logNormal[M=-0.5609046480073934 S=5.317460229560255].pdf(1.1513159391599883)
Testing logNormal[M=0.05906264631818292 S=5.7330592328863625].pdf(2.21384216127182)
Testing logNormal[M=0.7606424371759477 S=7.158166974327695].pdf(1.4120915364624582)
Testing logNormal[M=1.0682871672480907 S=0.07681590694907259].pdf(1.3801258415557431)
Testing logNormal[M=4.1013375203721285 S=4.074028198116576].pdf(0.914852039917828)
Testing logNormal[M=-0.7166730769659502 S=9.793555218083942].pdf(1.985123257682537)
Testing logNormal[M=1.6285010656212808 S=3.1517078639688734].pdf(2.0837515189702946)
Testing logNormal[M=0.19069867173982935 S=6.856406221135275].pdf(1.0846208708239917)
Testing logNormal[M=-1.0441694162013917 S=0.8361274171433841].pdf(2.219657327125736)
Testing logNormal[M=-4.820543351486071 S=7.218170592301647].pdf(2.057629362068606)
Testing logNormal[M=0.4154183862830907 S=7.688995654527854].pdf(2.1216237367838686)
Testing logNormal[M=-1.1806954523231594 S=1.238863785084794].pdf(0.6548470722150215)
Testing logNormal[M=-4.784919584300842 S=9.840410714646463].pdf(2.268769192786522)
Testing logNormal[M=-3.1929269942897975 S=9.14308644063099].pdf(0.9444526383505596)
Testing logNormal[M=0.9902766821005651 S=9.274198354769496].pdf(1.851315086986947)
Testing logNormal[M=-0.5400634962874502 S=4.546982299219779].pdf(1.9983858495769824)
Testing logNormal[M=-4.534963848719267 S=0.9166600689518023].pdf(1.912108086239134)
Testing logNormal[M=1.7551055595240932 S=8.676844238523651].pdf(0.14475332680237415)
Testing logNormal[M=-4.085708102766991 S=0.08622578792181756].pdf(0.9392747447087333)
Testing logNormal[M=-4.0887937476660525 S=5.032678837866963].pdf(1.9716046920400505)
Testing logNormal[M=3.5871527622670847 S=6.411293796060532].pdf(0.9631757130658346)
Testing logNormal[M=-2.2408051627769376 S=2.629060390588828].pdf(1.3280025521144434)
Testing logNormal[M=-0.6823209331219466 S=5.177651758396261].pdf(1.6861095946201994)
Testing logNormal[M=1.944743836558727 S=8.840462955532429].pdf(0.7687291323085582)
Testing logNormal[M=1.898326710515689 S=9.362615810095495].pdf(2.173983972067783)
Testing logNormal[M=1.6071435983228435 S=2.9176499283079913].pdf(1.011617950678528)
Testing logNormal[M=2.8886472556064184 S=0.36667816529957875].pdf(1.8583102827958053)
Testing logNormal[M=-4.959899409153562 S=1.4919240729069616].pdf(2.143293189136656)
Testing logNormal[M=4.821818379752296 S=5.363667100364275].pdf(2.154216372445976)
Testing logNormal[M=-4.694388646805349 S=5.947995357221676].pdf(0.6735899518489714)
Testing logNormal[M=-0.09099570555616854 S=5.915118593848012].pdf(2.0840656781120472)
Testing logNormal[M=-0.9060106652986653 S=2.1913049309109978].pdf(0.2999345118833201)
Testing logNormal[M=-1.6244449909617273 S=1.476690784345055].pdf(0.7676639065303072)
Testing logNormal[M=-0.26346747202901 S=4.300813354883859].pdf(1.9326732985346093)
Testing logNormal[M=-4.115541984301741 S=9.71649408916069].pdf(2.0616132558427607)
Testing logNormal[M=0.5192759801940907 S=0.35620855417412445].pdf(1.031841326342289)
Testing logNormal[M=0.14510914188969437 S=0.6251042161577247].pdf(2.0576835118213026)
Testing logNormal[M=2.1495867382709353 S=0.9980265679629219].pdf(1.7970856295622128)
Testing logNormal[M=-1.8143718935914643 S=7.633171045604645].pdf(2.112774916191247)
Testing logNormal[M=0.01614318005965565 S=1.7347674713260097].pdf(1.1670368359702306)
Testing logNormal[M=0.9814413326113591 S=7.067788654819916].pdf(1.8386241510552261)
Testing logNormal[M=-3.787063553324639 S=6.8459237321557165].pdf(2.1942914797462008)
Testing logNormal[M=-1.8168308397157595 S=1.562676628456896].pdf(1.7929039275478162)
Testing logNormal[M=-3.5516381501617356 S=2.5880131188405353].pdf(1.1094680903569447)
Testing logNormal[M=-4.617338258852962 S=5.954460726129486].pdf(1.8657274656124343)
Testing logNormal[M=2.926153368301244 S=1.005509877215196].pdf(0.3821705800879297)
Testing logNormal[M=-0.8610456807448816 S=8.470324969330584].pdf(2.1942896629641986)
Testing logNormal[M=-2.4539729710980964 S=3.461376926230032].pdf(1.2089748481199591)
Testing logNormal[M=4.468955807155918 S=6.065965231430428].pdf(0.06514751361420787)
Testing logNormal[M=-2.6894457885980905 S=4.565840552381939].pdf(1.0306042357365213)
Testing logNormal[M=2.7331520048096696 S=7.296901690454218].pdf(1.883078450273032)
Testing logNormal[M=0.06519454378235601 S=6.375878126418357].pdf(0.05265302273875097)
Testing logNormal[M=-3.8095734122718805 S=9.174314006647151].pdf(1.0896021741329571)
Testing logNormal[M=0.8705277380592191 S=3.0839402442708197].pdf(2.0600934449230217)
Testing logNormal[M=-3.9083557226213195 S=2.4859843922478078].pdf(0.6358767456250745)
Testing logNormal[M=2.434171276318404 S=5.135756807258716].pdf(1.7477846191323787)
Testing logNormal[M=-2.996025221973376 S=6.027937640004319].pdf(0.8605798917865638)
Testing logNormal[M=4.085386515088286 S=1.3338681384496032].pdf(1.9668569693179836)
Testing logNormal[M=-2.1270867035224406 S=3.5878551305890904].pdf(1.8332783453706905)
Testing logNormal[M=3.8749568115860917 S=5.832132929055752].pdf(1.2690419014416203)
Testing logNormal[M=2.4575840286958517 S=0.7980301543210067].pdf(0.661901801993196)
Testing logNormal[M=-4.8640710063029315 S=2.8282787420960984].pdf(1.102722621528436)
Testing logNormal[M=-4.5726568919496104 S=6.542309403771803].pdf(0.21142580459944113)
Testing logNormal[M=-4.531046930868577 S=2.0746034506521713].pdf(1.5726288242036128)
Testing logNormal[M=-0.1722249109324263 S=8.509071248088848].pdf(1.0814996075596226)
Testing logNormal[M=0.7376267202195965 S=4.323281041730279].pdf(0.7799375250580859)
Testing logNormal[M=-0.7222490025201544 S=7.441128924733826].pdf(0.2691618488960167)
Testing logNormal[M=3.022093137470245 S=6.489594875251711].pdf(0.49542313206237626)
Testing logNormal[M=-4.6235812381249985 S=0.7698269737048347].pdf(1.9528001317601489)
Testing logNormal[M=-0.643412831475918 S=2.562508673471479].pdf(1.6558027445920855)
Testing logNormal[M=1.079255813793493 S=6.91909783287945].pdf(1.5629833689749637)
Testing logNormal[M=-2.3515905429421666 S=2.5558986618911694].pdf(2.0222554292469153)
Testing logNormal[M=1.6217590621759364 S=4.203447459914113].pdf(1.2344786857222478)
Testing logNormal[M=-0.3861145571039062 S=8.99596682393528].pdf(2.2340197869897405)
Testing logNormal[M=0.3956257154117804 S=4.811017834520768].pdf(1.9678925466956643)
Testing logNormal[M=0.5965205013235186 S=8.620336966249042].pdf(2.2509753315625654)
Testing logNormal[M=-3.1142795549720392 S=9.453827980471864].pdf(2.0555247790341333)
Testing logNormal[M=-1.653085349614083 S=3.829811709506922].pdf(1.101589975214193)
Testing logNormal[M=4.181627419529647 S=4.988639524067824].pdf(1.3838873465274384)
Testing logNormal[M=-1.3819626009465114 S=2.28847082962775].pdf(0.33157496565250966)
Testing logNormal[M=1.5245330146062566 S=0.6803594632432108].pdf(1.0768625584112788)
Testing logNormal[M=2.941501812942846 S=4.502619774537378].pdf(1.5398170444668642)
Testing logNormal[M=0.6505768260011733 S=1.6559431911539402].pdf(1.5899598327196378)
Testing logNormal[M=3.6134901418982466 S=1.63682706982481].pdf(2.172545018330097)
Testing logNormal[M=4.632450950614459 S=4.886199673538685].pdf(1.0358888194108997)
Testing logNormal[M=2.415286819781749 S=0.34230625725954367].pdf(1.3746926494472838)
Testing logNormal[M=-4.716408000372908 S=6.739900191434773].pdf(0.11904084872460514)
Testing logNormal[M=-4.596028533256683 S=3.143593422887403].pdf(0.7638452584735483)
Testing logNormal[M=1.6293874206111427 S=7.8537411302810405].pdf(2.14097375415628)
Testing logNormal[M=-1.8387578827911644 S=2.460097922683272].pdf(1.5545561091691857)
Testing logNormal[M=-2.24754435271481 S=4.599125926507846].pdf(2.1869811223816558)
Testing logNormal[M=-2.0873029209282903 S=1.7582736100786955].pdf(0.14254961734802754)
Testing logNormal[M=2.6595129722952215 S=3.660099319541259].pdf(2.19289561914646)
Testing logNormal[M=-1.1870385711384746 S=2.4159205749024606].pdf(1.688072410677269)
Testing logNormal[M=2.5047428785763515 S=6.406709901767157].pdf(2.2785222723289693)
Testing logNormal[M=4.1181464219525115 S=9.976532748521628].pdf(2.022881378974954)
Testing logNormal[M=-1.8957972723680205 S=5.394245746747127].pdf(1.286372461328299)
Testing logNormal[M=-2.6090446839579373 S=3.6445540799927754].pdf(2.24519349617436)
Testing logNormal[M=0.3616351606130719 S=3.966398174760907].pdf(1.685353426505661)
Testing logNormal[M=1.6391832223854284 S=9.520533916112152].pdf(1.6357154427535479)
Testing logNormal[M=3.170874169386215 S=9.558298037447827].pdf(0.47590859560320775)
Testing logNormal[M=2.5984886067532775 S=1.7715731479749786].pdf(1.947248536559367)
Testing logNormal[M=-1.488573325118069 S=8.745680814429317].pdf(2.258691250757076)
Testing logNormal[M=4.219429474666214 S=2.186587658138305].pdf(2.110437339726141)
Testing logNormal[M=0.8395726657572675 S=9.501375364029004].pdf(0.9127292936221088)
Testing logNormal[M=-4.4900824372227675 S=2.889039023150338].pdf(0.6517101341588674)
Testing logNormal[M=-3.149080798089331 S=6.1824939301804].pdf(1.6742061423523715)
Testing logNormal[M=1.7714255930534222 S=3.2868951832077817].pdf(2.167268443915192)
Testing logNormal[M=-0.6625084498600788 S=1.561706551525106].pdf(2.0444468604078128)
Testing logNormal[M=-1.8204249163665356 S=5.32082822426172].pdf(0.4383571115872724)
Testing logNormal[M=-2.253762971487625 S=8.005792139555323].pdf(2.084072515325857)
Testing logNormal[M=-2.11557405223588 S=6.618001301849245].pdf(1.5512267527185783)
Testing logNormal[M=-4.42449950320063 S=0.2569187744857626].pdf(1.9907094545738366)
Testing logNormal[M=1.5352110665155418 S=6.892683958849842].pdf(0.8965301664846538)
Testing logNormal[M=-3.943527396459948 S=2.6277608982692966].pdf(2.10748667251276)
Testing logNormal[M=4.892404089294359 S=6.178701972159809].pdf(1.509949513444419)
Testing logNormal[M=1.9566446268421656 S=7.782094180371482].pdf(0.7636925843016702)
Testing logNormal[M=-0.23743616326731498 S=9.505090722821542].pdf(0.9716904451669705)
Testing logNormal[M=1.858899733038859 S=3.705474043063832].pdf(0.9989753990540282)
Testing logNormal[M=-4.48123187484491 S=4.871252436413612].pdf(2.1513521094897166)
Testing logNormal[M=-3.599733404961527 S=5.496767147715551].pdf(1.5554085922827423)
Testing logNormal[M=-0.11559567157439332 S=0.6581009695371076].pdf(1.837809271658025)
Testing logNormal[M=3.3424574031412764 S=9.760931250774949].pdf(1.6374552963134907)
Testing logNormal[M=-4.821938422044717 S=7.247933590235705].pdf(2.0275939197742145)
Testing logNormal[M=-1.991713827341206 S=3.715306453317644].pdf(0.6223028702853847)
Testing logNormal[M=-3.4722514898659504 S=7.3502831119025025].pdf(1.6647552883594643)
Testing logNormal[M=3.266282865662287 S=3.2362088409097645].pdf(0.9277274923282616)
Testing logNormal[M=-1.3869920145443873 S=6.443403336732293].pdf(1.408512050498857)
Testing logNormal[M=-4.883262304086852 S=8.977110030239848].pdf(1.5208524753816952)
Testing logNormal[M=4.412520858861884 S=2.6261388860724444].pdf(1.1835275490293904)
Testing logNormal[M=-0.05296411537330048 S=9.312294307267358].pdf(2.2586137671293254)
Testing logNormal[M=3.235720830994973 S=1.9839507789367372].pdf(1.3008772076157156)
Testing logNormal[M=3.4751192473475605 S=9.098992099312428].pdf(1.1383811793231626)
Testing logNormal[M=4.523036307209347 S=8.505318108788968].pdf(2.0802601160963694)
Testing logNormal[M=4.987042288618557 S=0.5241011556432573].pdf(0.872983293144103)
Testing logNormal[M=4.661901735775768 S=8.587201054738973].pdf(2.2822187773050806)
Testing logNormal[M=-4.778885574563184 S=5.422940769865342].pdf(2.281513359107785)
Testing logNormal[M=3.1143283968873288 S=1.7010978417489275].pdf(2.2643357739346404)
Testing logNormal[M=2.3548886091088175 S=0.4116975215560992].pdf(0.40866729302622534)
Testing logNormal[M=2.0261263005028027 S=7.814288787805795].pdf(1.1997740225488587)
Testing logNormal[M=3.0583382033752056 S=9.386845688140383].pdf(1.778734549131677)
Testing logNormal[M=-0.4283245183426416 S=2.178611783913368].pdf(2.284238959093968)
Testing logNormal[M=-4.773327571178598 S=0.17337392695123688].pdf(1.8444398620814004)
Testing logNormal[M=0.7850838058055833 S=2.1667380142832924].pdf(1.8772698056308301)
Testing logNormal[M=-3.1138751424876245 S=5.605505337357034].pdf(2.2259484808655006)
Testing logNormal[M=-2.370939238197586 S=1.8101435383859588].pdf(2.2803559474601753)
Testing logNormal[M=-4.860399969007289 S=7.900327596683125].pdf(2.01583189392539)
Testing logNormal[M=-2.5661406042241754 S=3.0073674053041346].pdf(1.239196658739853)
Testing logNormal[M=-1.0027235524265423 S=6.560792416465641].pdf(1.4494244665412412)
Testing logNormal[M=-4.55615641374854 S=1.990359157396232].pdf(1.4078473425657252)
Testing logNormal[M=2.319895619262531 S=2.426960142014678].pdf(0.722047184043159)
Testing logNormal[M=0.9982643581795454 S=4.870996335406396].pdf(1.3269703920746327)
Testing logNormal[M=2.9010205489493 S=7.448983835582982].pdf(0.26417018527287794)
Testing logNormal[M=4.258908490043101 S=6.800959235460606].pdf(2.0805216689769557)
Testing logNormal[M=-2.666090856550319 S=8.886698344847014].pdf(1.6922840083399018)
Testing logNormal[M=3.9513655226100433 S=5.012327937091564].pdf(1.8166184536382841)
Testing logNormal[M=1.0261413960276506 S=3.8397845094969307].pdf(1.854795789964831)
Testing logNormal[M=-2.9680150371392324 S=5.5483520750964335].pdf(2.122476188198225)
Testing logNormal[M=-0.672281242686573 S=6.683885797515165].pdf(1.9742534301769419)
Testing logNormal[M=4.071826598443929 S=6.733930109763119].pdf(2.2865409680985214)
Testing logNormal[M=-4.409968712960971 S=3.7483356241057777].pdf(1.4716738393958468)
Testing logNormal[M=2.9979040336332643 S=3.9553149907418583].pdf(2.186364261192356)
Testing logNormal[M=1.3483570226048212 S=0.6986317781052476].pdf(1.4657977661985246)
Testing logNormal[M=2.2916710447744295 S=7.096614636316674].pdf(2.198559681537383)
Testing logNormal[M=-2.2054031291617795 S=2.8091006032601684].pdf(0.9187120116688164)
Testing logNormal[M=3.9365009126024884 S=3.7067798180068454].pdf(0.682683685759415)
Testing logNormal[M=1.7392125048186386 S=0.4726228281128464].pdf(1.5489356239944247)
Testing logNormal[M=0.5285486241844959 S=4.1603289569157464].pdf(1.3873703402248396)
Testing logNormal[M=2.1314400723670115 S=2.1251868838102492].pdf(0.78316020449231)
Testing logNormal[M=4.549440101666635 S=5.399510868162989].pdf(0.9110892966812448)
Testing logNormal[M=-1.3703175034760253 S=6.525493726269785].pdf(1.779367161961482)
Testing logNormal[M=-3.7129584326510168 S=9.380494054402163].pdf(1.2489694223488763)
Testing logNormal[M=-1.3257906295867548 S=9.597792080940557].pdf(1.973022507717032)
Testing logNormal[M=0.250179485816842 S=0.62096304510881].pdf(1.9427655693391848)
Testing logNormal[M=4.661599422294454 S=0.9459178262996726].pdf(1.3808194438690542)
Testing logNormal[M=-2.7490545590286306 S=5.964452851525717].pdf(0.3169933278864649)
Testing logNormal[M=-1.092926581367999 S=5.169792125818999].pdf(1.317164697246515)
Testing logNormal[M=-0.9320502081284694 S=7.358476367422217].pdf(1.984938162686929)
Testing logNormal[M=-0.9842251853636643 S=9.319096825287811].pdf(1.935015951342918)
Testing logNormal[M=-1.0903289252401462 S=6.517306691953112].pdf(2.2692147987570737)
Testing logNormal[M=4.0780487313847456 S=4.737330207578498].pdf(1.2774220706045896)
Testing logNormal[M=2.5937494215619683 S=0.04291265934063149].pdf(1.781998762450157)
Testing logNormal[M=4.228664023743301 S=4.58530724905658].pdf(2.301575524146654)
Testing logNormal[M=-2.0792259383434297 S=8.377748921013842].pdf(2.091453255060398)
Testing logNormal[M=-3.3473472169364915 S=7.736263574264938].pdf(2.258328157939168)
Testing logNormal[M=3.22720281443379 S=0.8822797765808166].pdf(1.6099381925943537)
Testing logNormal[M=0.13020149935678926 S=7.2570359186489934].pdf(0.39044463144553043)
Testing logNormal[M=3.5848575547581802 S=2.721668066450038].pdf(1.295268535869381)
Testing logNormal[M=3.3936904186752397 S=1.804853048373053].pdf(2.0875676105317935)
Testing logNormal[M=-0.532794569042121 S=7.324595639533845].pdf(1.8952014795760812)
Testing logNormal[M=2.172518590662783 S=3.239279057149287].pdf(0.7464483607691483)
Testing logNormal[M=-2.893884032003152 S=0.05421398691219159].pdf(2.1977907966846284)
Testing logNormal[M=1.5286864391850923 S=3.776763550703145].pdf(2.2777063642836977)
Testing logNormal[M=4.79632739926568 S=6.747656080496239].pdf(0.13234508271432702)
Testing logNormal[M=3.194450318450148 S=9.476237751173088].pdf(0.5909345223146817)
Testing logNormal[M=3.9460951940940134 S=9.523766985133406].pdf(1.9723614952892043)
Testing logNormal[M=1.5614303277051986 S=9.817999288783062].pdf(1.7948774786406394)
Testing logNormal[M=0.4242401150497557 S=5.179851396151422].pdf(2.0375091183953735)
Testing logNormal[M=-3.30493740376315 S=3.411989432793222].pdf(1.418173765708023)
Testing logNormal[M=-3.1599389971504532 S=8.41062287947744].pdf(0.17993131784635089)
Testing logNormal[M=-3.203454372095851 S=1.1499535033536123].pdf(1.2679818048775708)
Testing logNormal[M=4.837088715712278 S=3.637525339534493].pdf(2.193962615251673)
Testing logNormal[M=3.7904480966904313 S=8.263640833020148].pdf(0.716043206848607)
Testing logNormal[M=3.254276087311304 S=1.7030844803081047].pdf(1.744396890448095)
Testing logNormal[M=-3.4009348189717334 S=3.1120235634306126].pdf(2.174109627958804)
Testing logNormal[M=-4.591829212703037 S=0.6726100772525834].pdf(1.2051032790725658)
Testing logNormal[M=-2.4899803335178117 S=1.0128956323620464].pdf(1.7728679605330704)
Testing logNormal[M=-4.1134451198187 S=5.014118781181192].pdf(0.959983359291131)
Testing logNormal[M=-2.468430321809377 S=7.45129120645203].pdf(0.6701368136770904)
Testing logNormal[M=-0.29719210516549577 S=2.1055569880534284].pdf(0.3709374940848917)
Testing logNormal[M=4.407577930448234 S=5.0241514099582085].pdf(0.5818771101511665)
Testing logNormal[M=-1.4817598165062194 S=8.059785362241477].pdf(2.1148675881037207)
Testing logNormal[M=0.8616326896339608 S=0.999373692624439].pdf(1.3694870221356985)
Testing logNormal[M=2.818922537458443 S=8.464236529780997].pdf(2.108823027089414)
Testing logNormal[M=-2.4687175894752587 S=9.366063552463489].pdf(1.300044253473587)
Testing logNormal[M=-3.9344033904617346 S=1.6703504458728302].pdf(1.5766278118465746)
Testing logNormal[M=-3.0470830121130197 S=8.60036570804324].pdf(1.900786380661608)
Testing logNormal[M=4.358743618041522 S=6.8438924788543565].pdf(2.0742081670722685)
Testing logNormal[M=-1.184882807012543 S=7.119000450799019].pdf(1.2627044458464267)
Testing logNormal[M=2.0503425816211083 S=3.201122092558748].pdf(1.6871995480789448)
Testing logNormal[M=3.0189089003493095 S=7.065468624471532].pdf(1.7938746245310364)
Testing logNormal[M=4.086993360972608 S=2.197606563135601].pdf(1.858731051954052)
Testing logNormal[M=-0.32876629531152 S=0.6433876770032143].pdf(1.7461229756178596)
Testing logNormal[M=-4.203315554047908 S=6.952553245785288].pdf(1.3237215565664933)
Testing logNormal[M=3.3989283153915597 S=7.284390096256335].pdf(2.217951567287981)
Testing logNormal[M=2.482277340149891 S=8.063222897608316].pdf(2.1142184083658604)
Testing logNormal[M=-1.7822387626076996 S=2.5347520023669032].pdf(2.2921524875600294)
Testing logNormal[M=4.252661405184874 S=1.928940256286078].pdf(1.5434584825805588)
Testing logNormal[M=-1.303155712627475 S=3.6912363185761885].pdf(1.840830331504412)
Testing logNormal[M=-2.6839899286091375 S=0.48403440238567796].pdf(2.2914034581756995)
Testing logNormal[M=-0.6031516874915024 S=3.105709706923837].pdf(1.9584249430215313)
Testing logNormal[M=-1.4355854790543807 S=3.9080091569633435].pdf(0.5806085411322409)
Testing logNormal[M=2.4212470809637754 S=1.6400542028655873].pdf(0.7178901526743535)
Testing logNormal[M=2.092045795473826 S=3.6500072794527494].pdf(1.9929678867096738)
Testing logNormal[M=-3.6151460764417767 S=5.001424305544603].pdf(0.9865051395755937)
Testing logNormal[M=-2.435901769479032 S=8.64796142140479].pdf(1.0576833270583843)
Testing logNormal[M=-0.9779491865329462 S=1.9920148235228807].pdf(1.739695955953999)
Testing logNormal[M=-1.481392954786588 S=3.6382866217079437].pdf(0.6620091447502222)
Testing logNormal[M=-3.025106956774649 S=2.957250234145664].pdf(1.191273711090963)
Testing logNormal[M=-3.1845215642875466 S=5.710656457337453].pdf(0.775341314168464)
Testing logNormal[M=1.9121903478965478 S=9.777187116021878].pdf(2.1943439706257233)
Testing logNormal[M=1.7841597266405902 S=9.691746135533663].pdf(1.6188291815683946)
Testing logNormal[M=4.701823887550985 S=9.048388383378843].pdf(0.6412445390465009)
Testing logNormal[M=-3.441536344632934 S=3.822653222753498].pdf(0.7537400655076791)
Testing logNormal[M=2.763553550675888 S=5.855129072351655].pdf(2.184741334654912)
Testing logNormal[M=-1.0236372050172324 S=9.630601933327341].pdf(0.6357495470046685)
Testing logNormal[M=4.270888846914962 S=9.293646407423662].pdf(0.6954628765557009)
Testing logNormal[M=4.5241968822627605 S=5.025000398393545].pdf(0.6772679425219807)
Testing logNormal[M=2.839158848688487 S=3.6356846554663202].pdf(1.5115417732493364)
Testing logNormal[M=-0.1812945584581671 S=9.962005018987853].pdf(2.04073388424936)
Testing logNormal[M=4.656116273989845 S=1.4086164114934663].pdf(1.3690640429940168)
Testing logNormal[M=2.286204743586379 S=8.396293946424429].pdf(1.4202423387769543)
Testing logNormal[M=-2.1225729627009535 S=2.807630406806092].pdf(2.160689501062474)
Testing logNormal[M=-3.004656165165734 S=8.24534633645678].pdf(0.9678305658421157)
Testing logNormal[M=0.6646495449722076 S=6.607035450603568].pdf(1.7893643084005006)
Testing logNormal[M=0.8951285678878556 S=6.2141817569425815].pdf(2.050809532272504)
Testing logNormal[M=-4.088935814225256 S=1.4943064380819226].pdf(2.0448005469782826)
Testing logNormal[M=2.7780372951890513 S=6.844691666907269].pdf(1.1367515037070535)
Testing logNormal[M=-4.578040126056903 S=5.449159622548562].pdf(0.42457355124805934)
Testing logNormal[M=-0.13353927451039027 S=9.946169392848997].pdf(0.280101476923211)
Testing logNormal[M=1.162475709210474 S=8.197109448403129].pdf(1.3419267459134128)
Testing logNormal[M=2.4290675774932327 S=7.982667997823737].pdf(0.8264778370000209)
Testing logNormal[M=-2.007476112165069 S=4.508658263798101].pdf(1.9171636700554098)
Testing logNormal[M=2.8665696728831485 S=3.710799463464005].pdf(2.192543732209395)
Testing logNormal[M=4.913799141899652 S=2.8944025718459034].pdf(0.9310424895234324)
Testing logNormal[M=-2.6736569335106264 S=3.365718447180479].pdf(1.1141934836075382)
Testing logNormal[M=0.854684805858545 S=3.8658907532428755].pdf(2.217044448124824)
Testing logNormal[M=-4.2834329749448905 S=6.083533853744017].pdf(1.4811070054460478)
Testing logNormal[M=-3.1580853217090468 S=2.6474669644692437].pdf(2.0018020849742575)
Testing logNormal[M=3.395088307074392 S=7.991576525870114].pdf(0.8805279561642867)
Testing logNormal[M=-0.446963984744122 S=7.050892408373511].pdf(2.1004581822871047)
Testing logNormal[M=0.46183474270087466 S=4.657270857564732].pdf(0.4809576860529165)
Testing logNormal[M=2.431899283276139 S=6.7080415602272705].pdf(1.2720944366969387)
Testing logNormal[M=2.118074562574849 S=2.2734611665364133].pdf(0.6475604425403397)
Testing logNormal[M=1.1392871192007759 S=8.798617549070991].pdf(2.2416370665311054)
Testing logNormal[M=-1.1749883799344785 S=5.512514766493649].pdf(1.6690394413002112)
Testing logNormal[M=0.8512810349915467 S=5.0336261872431525].pdf(2.2465165656863784)
Testing logNormal[M=-0.1626371763311516 S=0.8579985915112798].pdf(1.7064660697772096)
Testing logNormal[M=-3.511256723420937 S=7.61782092093288].pdf(1.7590461069643113)
Testing logNormal[M=-4.871506885923729 S=6.01752286392749].pdf(1.3668906055424648)
Testing logNormal[M=0.7759442759215744 S=8.354877332468519].pdf(2.0449627362042624)
Testing logNormal[M=-0.9015429488989755 S=6.404634470168831].pdf(2.13808858270414)
Testing logNormal[M=2.73100422627191 S=3.356963980200968].pdf(1.7779756917172296)
Testing logNormal[M=4.7086838116387035 S=6.097371680941466].pdf(2.0384825091100733)
Testing logNormal[M=0.08058425865622354 S=8.050328730235446].pdf(0.7134230774517144)
Testing logNormal[M=4.9645741975071935 S=7.690705162223244].pdf(1.8572001353618528)
Testing logNormal[M=-4.653404552422526 S=3.705531120720944].pdf(1.9343964985247277)
Testing logNormal[M=-3.3520325198041245 S=3.402083008466321].pdf(1.8035705458219415)
Testing logNormal[M=-3.1559912328157003 S=2.00146128689458].pdf(0.3038972677573525)
Testing logNormal[M=-2.0319803379913037 S=3.04257027216409].pdf(1.7129506513655102)
Testing logNormal[M=-2.313314545755545 S=1.9827826258128112].pdf(1.0421466105736303)
Testing logNormal[M=-1.5018864557406042 S=6.8537360728205465].pdf(1.7141368468138094)
Testing logNormal[M=-2.7333962760961263 S=1.720356383104381].pdf(1.5171637177034034)
Testing logNormal[M=4.545344308424234 S=7.005153780353016].pdf(1.5239480324892696)
Testing logNormal[M=-1.5190506556098828 S=2.596052030642001].pdf(2.121449698659071)
Testing logNormal[M=2.871211559170903 S=4.026354755141494].pdf(0.8569085332873547)
Testing logNormal[M=-1.0335807497120166 S=5.158493649652963].pdf(0.5182987512716958)
Testing logNormal[M=-3.737359436572488 S=6.603609818045037].pdf(0.4210988748027274)
Testing logNormal[M=3.963671544677327 S=9.765274957469995].pdf(0.5593803634716921)
Testing logNormal[M=3.178912301505779 S=3.8591285934873887].pdf(1.9793729262388686)
Testing logNormal[M=0.5701519672452582 S=0.5735173679666872].pdf(2.2661642167918)
Testing logNormal[M=-3.8364997116033783 S=3.737310812304153].pdf(1.8078241335652612)
Testing logNormal[M=-4.551441523118291 S=9.493027878180635].pdf(2.007589871226197)
Testing logNormal[M=4.3476209588586485 S=6.602681640510923].pdf(2.2383940118789516)
Testing logNormal[M=1.5527457409210124 S=3.353529153577056].pdf(1.0544448175916024)
Testing logNormal[M=0.2771260715056716 S=0.9849267414374241].pdf(1.2514812382748646)
Testing logNormal[M=-3.020568149751106 S=6.781267955206537].pdf(0.7398916323777934)
Testing logNormal[M=-3.0938395401642294 S=8.165164927787472].pdf(1.4262523872977009)
Testing logNormal[M=4.253492526605173 S=2.396776943268434].pdf(1.464484665759292)
Testing logNormal[M=4.2585753204267505 S=6.773909493052177].pdf(1.8129365800739563)
Testing logNormal[M=0.04207753807276138 S=9.8922830845713].pdf(1.4885656136024297)
Testing logNormal[M=3.414596767140228 S=3.900708954290626].pdf(2.1146573837743077)
Testing logNormal[M=-1.7757691004499931 S=6.557517285500367].pdf(0.8374240187479302)
Testing logNormal[M=1.656564415434687 S=8.11284416726814].pdf(0.913337605379958)
Testing logNormal[M=-1.9523430249686924 S=9.831197243657394].pdf(0.39981110906977974)
Testing logNormal[M=3.802576940052507 S=9.505787000575548].pdf(2.2167542397212356)
Testing logNormal[M=-1.609751917887181 S=0.5772393056531822].pdf(1.744049311072586)
Testing logNormal[M=-4.258857019628584 S=1.1798697267475755].pdf(0.8391176382221185)
Testing logNormal[M=-2.1037920087191795 S=4.954679193220798].pdf(0.7199584007808245)
Testing logNormal[M=-0.7618300762751655 S=7.48541855434933].pdf(1.4153949024856822)
Testing logNormal[M=-3.2224776956346313 S=0.8500119386639093].pdf(1.3000357563503253)
Testing logNormal[M=-3.7907288757647803 S=3.8191980075436014].pdf(1.60858055442479)
Testing logNormal[M=-0.5811642793380383 S=4.164152087672336].pdf(1.8725565688314725)
Testing logNormal[M=-2.381763388551298 S=0.4645247416045617].pdf(1.8672698085943904)
Testing logNormal[M=-0.8635215591173466 S=6.884660487242372].pdf(1.3278234504156061)
Testing logNormal[M=-4.8624782825669755 S=4.2978312873572].pdf(1.4023487234119651)
Testing logNormal[M=-0.10663076133762495 S=1.274717883479105].pdf(1.9013777748713423)
Testing logNormal[M=-2.2186463609064697 S=1.0096827737736458].pdf(0.8600787455088734)
Testing logNormal[M=-4.828857749648109 S=0.740613742948818].pdf(0.624895006910088)
Testing logNormal[M=-4.219925526073839 S=9.930063145350905].pdf(1.849859747518865)
Testing logNormal[M=0.06295819564995497 S=6.582119997223563].pdf(1.6284975098275878)
Testing logNormal[M=1.2159847422130063 S=3.3119713986453725].pdf(1.6300683541325822)
Testing logNormal[M=-3.3834158745350162 S=6.192861178810202].pdf(2.2580363448199763)
Testing logNormal[M=0.7764762245146359 S=9.636801246909556].pdf(2.1835466157948997)
Testing logNormal[M=-4.057751864433429 S=3.7875667301969127].pdf(2.1991358297291717)
Testing logNormal[M=4.409611919715344 S=5.156359355348298].pdf(1.8389369515705805)
Testing logNormal[M=3.945995509026412 S=8.375469718077785].pdf(2.039985368491537)
Testing logNormal[M=4.431608537914096 S=5.556800635144344].pdf(2.148388334863189)
Testing logNormal[M=0.5804854964835959 S=2.08627367398466].pdf(2.0843949097332386)
Testing logNormal[M=0.8654983178344624 S=7.396371642468109].pdf(1.279021771102301)
Testing logNormal[M=2.0983276391044248 S=6.7717780526442155].pdf(0.37284249157843197)
Testing logNormal[M=-4.023196956334491 S=7.589533875883715].pdf(1.2208710042413962)
Testing logNormal[M=4.722546043748546 S=8.408897499625814].pdf(1.5651900120151125)
Testing logNormal[M=4.648121311641832 S=7.446241578669194].pdf(2.0111494994235275)
Testing logNormal[M=3.3070294397283426 S=7.2725326251759705].pdf(2.069695928137925)
Testing logNormal[M=-3.366414392149961 S=8.577756013356371].pdf(1.7118866604692176)
Testing logNormal[M=0.2744960929411775 S=4.158537503204674].pdf(0.8592664207549228)
Testing logNormal[M=-2.0265523980621882 S=4.048301840493186].pdf(2.2088625237295005)
Testing logNormal[M=3.3168649634234413 S=6.724542201502378].pdf(0.17309234082456185)
Testing logNormal[M=1.8034174025218208 S=6.823442779678167].pdf(2.1976400020613327)
Testing logNormal[M=2.765112074089658 S=7.669362429782566].pdf(1.1396593644156356)
Testing logNormal[M=1.3613558403111226 S=5.336209406180745].pdf(0.4292106897916202)
Testing logNormal[M=4.39678374193141 S=2.6560197806787453].pdf(1.0260439214997243)
Testing logNormal[M=-1.6122384054820014 S=9.981944711311279].pdf(1.187575657798536)
Testing logNormal[M=3.206206785283925 S=9.478380347263805].pdf(1.1641211016809554)
Testing logNormal[M=-1.8057013028746525 S=8.139455734483262].pdf(2.1169689467926642)
Testing logNormal[M=-2.3360762548053104 S=8.976214999172555].pdf(1.8794645809703043)
Testing logNormal[M=-4.972997331454386 S=2.902719216218499].pdf(1.672152573110433)
Testing logNormal[M=-3.768717304662088 S=5.9712152168223795].pdf(0.22961002387254115)
Testing logNormal[M=0.9372364637215993 S=1.7284073412532974].pdf(2.127790198078835)
Testing logNormal[M=-0.4777194443109378 S=3.6178464976886913].pdf(1.8796396965738271)
Testing logNormal[M=2.4738159966658744 S=8.832255583662768].pdf(2.1181958265619825)
Testing logNormal[M=4.098738557537608 S=9.788955720400903].pdf(1.9532099693023013)
Testing logNormal[M=-1.9038419144116583 S=0.8395384656165261].pdf(1.9014202928899162)
Testing logNormal[M=-3.618083789924614 S=5.84803034888025].pdf(2.132122162382881)
Testing logNormal[M=-0.47771991320932194 S=0.4609727197066693].pdf(2.163231760279562)
Testing logNormal[M=2.521402938917757 S=8.46909940534782].pdf(1.7867260123482753)
Testing logNormal[M=-2.8509974594215013 S=7.74392479200118].pdf(1.887871279017075)
Testing logNormal[M=-2.111590452798049 S=6.369202250726182].pdf(1.1793692815852441)
Testing logNormal[M=1.1553962245411444 S=7.159950831742936].pdf(1.0338446574113827)
Testing logNormal[M=-2.587986144845691 S=8.238779044437697].pdf(2.1596051823081477)
Testing logNormal[M=0.6579348529997642 S=1.7222108729853325].pdf(2.220055526760144)
Testing logNormal[M=-1.3561204723792963 S=5.1605000368607445].pdf(1.2819843439976735)
Testing logNormal[M=-3.7407284640962057 S=0.5065274824393762].pdf(1.7165408652551295)
Testing logNormal[M=1.1663135240214935 S=7.107122250085633].pdf(1.3897926198508106)
Testing logNormal[M=-4.258630212465628 S=8.693868511589844].pdf(2.207959980226955)
Testing logNormal[M=-3.4094369179982875 S=3.5851750404725324].pdf(2.0365236425581297)
Testing logNormal[M=-1.4972507540684985 S=2.5441798480465216].pdf(1.8462618252884035)
Testing logNormal[M=-2.9047186502923905 S=6.001251573384582].pdf(1.3736571071318118)
Testing logNormal[M=-2.663695256549705 S=9.117096789663666].pdf(1.3659975477706379)
Testing logNormal[M=-2.0209014126869675 S=7.385147188360821].pdf(2.275149459074635)
Testing logNormal[M=2.132248200898534 S=2.086909461416683].pdf(1.7401889550527816)
Testing logNormal[M=-0.5103433799360202 S=0.09972523226867702].pdf(1.9376589978952872)
Testing logNormal[M=-3.568422090057762 S=3.858263403414277].pdf(1.8106945385572788)
Testing logNormal[M=-0.13005651480755276 S=1.5219241023244368].pdf(2.2426229793688828)
Testing logNormal[M=3.806726208467012 S=0.5520366655740749].pdf(2.09711115841899)
Testing logNormal[M=-2.3324407822626068 S=6.681834736863238].pdf(0.6458314469676686)
Testing logNormal[M=-2.5892903701154726 S=3.889243460894468].pdf(1.757301496482593)
Testing logNormal[M=-0.6594458460557657 S=2.017820949758252].pdf(0.9165430098314179)
Testing logNormal[M=-4.171883829811053 S=6.266354308244345].pdf(1.8943917036516416)
Testing logNormal[M=3.1905946192395707 S=9.102929808859477].pdf(2.0439526842282323)
Testing logNormal[M=0.599414000759376 S=2.062335322226353].pdf(1.6294610615662515)
Testing logNormal[M=4.596700720136969 S=0.4818013448775904].pdf(1.8458733203361979)
Testing logNormal[M=-3.4438761219019187 S=6.739951616094498].pdf(0.689496650954697)
Testing logNormal[M=-4.673346856601855 S=4.123253553915718].pdf(1.955065932271656)
Testing logNormal[M=2.2728052630044484 S=8.997759903350854].pdf(2.0810299297039863)
Testing logNormal[M=2.7137683204111767 S=2.584641651331231].pdf(1.2977459791130543)
Testing logNormal[M=-3.4627362565251616 S=6.471693715514073].pdf(2.093414261518017)
Testing logNormal[M=-3.101073997653103 S=8.252362177210184].pdf(2.211930030691716)
Testing logNormal[M=0.7094527197851512 S=9.276294506311997].pdf(1.9143583682473844)
Testing logNormal[M=-3.154759726656934 S=1.517075957445283].pdf(2.2314439680237377)
Testing logNormal[M=-3.3681687967068576 S=8.961779994271534].pdf(2.2140307995704656)
Testing logNormal[M=4.893285533321132 S=7.7546330968863355].pdf(1.8147972085460313)
Testing logNormal[M=-0.7174542204835941 S=4.005016585006832].pdf(1.901743796212191)
Testing logNormal[M=-0.5834631057899919 S=1.9556511212357042].pdf(0.7865764424138038)
Testing logNormal[M=1.6953140742242105 S=9.57414530957632].pdf(0.5998551239605727)
Testing logNormal[M=3.803975239501389 S=2.2307636749873785].pdf(1.9466901809842458)
Testing logNormal[M=1.167763022905981 S=1.1084220955753166].pdf(2.024646870698)
Testing logNormal[M=-0.44430258753466845 S=5.01572252754536].pdf(2.2470482289172806)
Testing logNormal[M=0.7560147579441647 S=7.450227943769344].pdf(1.3527563703638619)
Testing logNormal[M=-2.735533512101518 S=2.075338454727873].pdf(0.8072043627920065)
Testing logNormal[M=0.41520687718034743 S=1.683315038173011].pdf(1.513861217510584)
Testing logNormal[M=-1.3972166163650268 S=4.645502614427462].pdf(1.948784579027223)
Testing logNormal[M=-0.2611471315557701 S=0.2884502909694986].pdf(2.0948750315958367)
Testing logNormal[M=-3.799791446059564 S=7.321736393498238].pdf(2.145269604095429)
Testing logNormal[M=3.8024402305411815 S=5.272750980143094].pdf(0.16948575847719338)
Testing logNormal[M=2.2048994909063024 S=9.296355921593065].pdf(2.0530584031634556)
Testing logNormal[M=-1.7945691659672 S=0.28413559721331194].pdf(1.7505962786920897)
Testing logNormal[M=-4.947437798911119 S=3.488059306272908].pdf(0.30298067695982683)
Testing logNormal[M=-0.09955629600771232 S=1.006181160063736].pdf(1.5661110238640843)
Testing logNormal[M=-4.408670683081178 S=4.589978894852862].pdf(1.3058983859769655)
Testing logNormal[M=-3.518925459215624 S=6.327243070562499].pdf(2.2973241235127366)
Testing logNormal[M=0.677646026234525 S=3.125697693402344].pdf(1.1390955945924532)
Testing logNormal[M=0.7709834477448654 S=3.157715710726067].pdf(2.0005306123528914)
Testing logNormal[M=-0.1684459403883629 S=7.594431918317431].pdf(1.2395298795390413)
Testing logNormal[M=1.2415182864325658 S=8.550405633787735].pdf(1.9284151301332497)
Testing logNormal[M=-1.2680268518900673 S=3.1920331433752347].pdf(0.6940083470578882)
Testing logNormal[M=4.201209006330938 S=6.055051102320569].pdf(1.2126990427583533)
Testing logNormal[M=-2.672742619896702 S=2.3813934486279784].pdf(0.42956892171513905)
Testing logNormal[M=-1.3980738922340255 S=9.38457665271804].pdf(0.8162553951932149)
Testing logNormal[M=-3.6470064658360335 S=7.406423269381618].pdf(0.575027572260243)
Testing logNormal[M=-4.089926992574342 S=1.8168802510897886].pdf(0.3441958746732638)
Testing logNormal[M=0.18633021040299536 S=8.342992510657353].pdf(1.4943850828433771)
Testing logNormal[M=0.517448534976249 S=4.369036538978628].pdf(1.9996196108832678)
Testing logNormal[M=-3.9406420306954004 S=3.679175338644286].pdf(2.068367418336647)
Testing logNormal[M=3.985257898425468 S=0.11923653629134279].pdf(0.8040306289490311)
Testing logNormal[M=4.283614378842731 S=9.888475901490851].pdf(1.1943720511280755)
Testing logNormal[M=3.7102019499497576 S=0.46583032140043557].pdf(2.2080022601878766)
Testing logNormal[M=-4.072447040375229 S=0.5032057790203492].pdf(1.7908030521762077)
Testing logNormal[M=1.921423145127335 S=7.083442358660915].pdf(1.9238036924143547)
Testing logNormal[M=-2.5513309516328353 S=5.749790345221833].pdf(1.109650023055152)
Testing logNormal[M=-0.09683102274640021 S=9.676726593673788].pdf(1.891886428710809)
Testing logNormal[M=1.2534023536254129 S=8.016318232817826].pdf(1.776573601970211)
Testing logNormal[M=-4.656183166001584 S=5.349249806515123].pdf(0.8861584546179204)
Testing logNormal[M=-4.194768544662034 S=7.242948519440544].pdf(2.005660986719486)
Testing logNormal[M=0.19000340957740747 S=7.823742005825634].pdf(1.3868488351902966)
Testing logNormal[M=3.5430249531176266 S=9.417766304388039].pdf(1.9091391563453775)
Testing logNormal[M=-4.6372725083747115 S=6.586579354142975].pdf(1.2060542824931544)
Testing logNormal[M=2.554016031607719 S=7.7569213130839065].pdf(1.1279634090419142)
Testing logNormal[M=-0.39413581197374015 S=2.5617882585572094].pdf(1.993256194252628)
Testing logNormal[M=-3.797043085475238 S=1.6501367355232976].pdf(0.4823557860545211)
Testing logNormal[M=2.998883277234187 S=6.31064885768417].pdf(2.0495682619884716)
Testing logNormal[M=3.0900382226520122 S=2.793536478537532].pdf(1.5936759748284433)
Testing logNormal[M=4.755653079960606 S=2.4887832592794035].pdf(1.1408027170931616)
Testing logNormal[M=-0.10084057594381157 S=6.9846792646808975].pdf(0.45837490435111466)
Testing logNormal[M=-4.273295913993778 S=6.526929158384918].pdf(0.9311878610872252)
Testing logNormal[M=-4.525376999071894 S=5.061780731933776].pdf(2.14488234906532)
Testing logNormal[M=0.7835001820081118 S=3.401505791730054].pdf(2.185186560904371)
Testing logNormal[M=-1.7393094862749359 S=6.959000159489937].pdf(2.2339260976608326)
Testing logNormal[M=-2.583078622208493 S=1.9927941296327478].pdf(0.7002608073271193)
Testing logNormal[M=0.5806060791651628 S=1.496020699245727].pdf(2.1011980311246097)
Testing logNormal[M=0.08769790279016476 S=7.099749370926615].pdf(2.2977058495404954)
Testing logNormal[M=0.6389403387907331 S=8.64283500582345].pdf(1.5201288365182826)
Testing logNormal[M=-0.9043926639298929 S=4.455966479741984].pdf(2.1325314927686683)
Testing logNormal[M=2.8703601576560622 S=4.398480945899413].pdf(0.5317976995438808)
Testing logNormal[M=-2.4015344574428465 S=8.13091684908364].pdf(2.117498495573931)
Testing logNormal[M=-1.2671459749388658 S=6.247862042610582].pdf(2.0424059870409086)
Testing logNormal[M=-3.7964935888804097 S=0.4823459756403947].pdf(0.7655118302487545)
Testing logNormal[M=3.1314880822339557 S=3.6232335688407247].pdf(2.011697206653645)
Testing logNormal[M=1.5673523933228637 S=9.813767014693095].pdf(1.930092123412438)
Testing logNormal[M=-3.2021779040853504 S=7.641861721129696].pdf(1.781388564656544)
Testing logNormal[M=1.4335657883997364 S=8.82478728277494].pdf(2.2356465608001255)
Testing logNormal[M=2.5337473187548216 S=1.634916345801023].pdf(1.839701127046044)
Testing logNormal[M=-2.132932909124734 S=7.087637161255719].pdf(1.6152957647497879)
Testing logNormal[M=-3.7374430133863568 S=7.4939506987604885].pdf(1.8555829154353154)
Testing logNormal[M=-2.6088707895854526 S=4.939217559240615].pdf(1.8224419378521672)
Testing logNormal[M=1.367774866650782 S=1.6566974054992822].pdf(0.9595974854718249)
Testing logNormal[M=0.08787360797955479 S=1.313593606359592].pdf(0.6471558119375901)
Testing logNormal[M=0.9799096629769686 S=6.82806425537631].pdf(1.4330661541393168)
Testing logNormal[M=3.7017250527208034 S=7.2551086414407875].pdf(1.5090793404633134)
Testing logNormal[M=1.0052788565569077 S=0.9981410485942022].pdf(2.2788312214011195)
Testing logNormal[M=2.5891433517202405 S=7.613452123912648].pdf(0.05995629962640237)
Testing logNormal[M=4.867591087266058 S=9.375496856654452].pdf(2.0572645239131226)
Testing logNormal[M=-4.2114815921840245 S=7.056406947818134].pdf(0.8816912329743894)
Testing logNormal[M=1.4927791958212548 S=5.448782716664078].pdf(1.4593408541414001)
Testing logNormal[M=4.344108479334862 S=0.10565604336363332].pdf(1.1272804102670049)
Testing logNormal[M=-1.9645524982077553 S=6.546512042893468].pdf(1.3056409051967202)
Testing logNormal[M=-4.6523177230613 S=9.292601801369315].pdf(1.0527231959615164)
Testing logNormal[M=1.4081176512498743 S=1.8386403540204665].pdf(0.14147728738764354)
Testing logNormal[M=-2.2190627251858652 S=4.375422886877688].pdf(1.5260979647165522)
Testing logNormal[M=4.64965680442884 S=8.951127830871004].pdf(0.8977273280288827)
Testing logNormal[M=2.1360712239263844 S=5.4516197693010096].pdf(1.9946092431509594)
Testing logNormal[M=-0.9670184656792138 S=4.039862950409355].pdf(1.8259438753077752)
Testing logNormal[M=-0.36703557853302726 S=0.854920466102328].pdf(0.6310566723899869)
Testing logNormal[M=3.9170630592667166 S=9.376597100071573].pdf(1.6460159197539748)
Testing logNormal[M=-4.343834137940476 S=2.56560737528732].pdf(1.3634709379281584)
Testing logNormal[M=2.493608770262706 S=8.626967200763602].pdf(1.2744617646753098)
Testing logNormal[M=2.422094642631097 S=7.973238241202033].pdf(0.8386502908188297)
Testing logNormal[M=4.592537438751526 S=1.6779604540471993].pdf(1.3499765371422687)
Testing logNormal[M=-4.921826209113123 S=9.802496598124076].pdf(1.8827036534364956)
Testing logNormal[M=-1.3633255961547297 S=4.404022095052648].pdf(0.6695821372725719)
Testing logNormal[M=-2.0231225054644177 S=8.264380607328782].pdf(0.23602145331596297)
Testing logNormal[M=0.6485085403019388 S=9.824517161591968].pdf(0.641034970087139)
Testing logNormal[M=-4.851472496620499 S=8.427080458103333].pdf(2.0200119705813138)
Testing logNormal[M=-0.95083190288062 S=9.516137112768154].pdf(1.8244066260402416)
Testing logNormal[M=0.5046468022934718 S=5.732391494161618].pdf(1.6048164989944849)
Testing logNormal[M=-1.965063840822098 S=2.6322994600895933].pdf(2.0846125557711748)
Testing logNormal[M=-0.11127413349433457 S=9.062746076940865].pdf(0.8885054158157326)
Testing logNormal[M=-1.9837998449276926 S=1.2809947057076132].pdf(2.295249217668133)
Testing logNormal[M=-4.970635394900648 S=5.523372616108347].pdf(0.947145103166543)
Testing logNormal[M=-2.8463441783400767 S=1.2463690121579496].pdf(1.5859725724870233)
Testing logNormal[M=-0.13319481822355872 S=7.847789471450614].pdf(0.40550944204082084)
Testing logNormal[M=0.5973944229080104 S=4.624387456261559].pdf(2.15430092760852)
Testing logNormal[M=-3.1846247491775816 S=1.2766253106591552].pdf(1.2555520595268517)
Testing logNormal[M=4.028973429804189 S=2.2133588673197657].pdf(0.9177459445789611)
Testing logNormal[M=0.10493689038443055 S=7.701149658862587].pdf(0.7883040318864784)
Testing logNormal[M=1.101542652467474 S=8.30498315756159].pdf(1.710037938858436)
Testing logNormal[M=-4.576571811614869 S=2.829360414056803].pdf(2.2607348497319877)
Testing logNormal[M=-4.2023452419417096 S=3.099774505051862].pdf(0.564112289195176)
Testing logNormal[M=2.7968116348006227 S=2.7793023204818326].pdf(1.0383725628650777)
Testing logNormal[M=2.6600730409417475 S=7.039271035066811].pdf(2.280057681791889)
Testing logNormal[M=-2.4343679239135407 S=7.52924692981834].pdf(0.8000695270242266)
Testing logNormal[M=2.7964952902289024 S=5.1809048303756455].pdf(1.980424665114506)
Testing logNormal[M=0.10172382147532133 S=9.670420933373851].pdf(2.295155591888131)
Testing logNormal[M=4.547379606718621 S=7.363859316336655].pdf(1.664024486641855)
Testing logNormal[M=-3.5517013041471976 S=2.3091986401992113].pdf(1.4403308699577029)
Testing logNormal[M=3.172714033987523 S=5.068836184813414].pdf(0.9166746282434445)
Testing logNormal[M=-1.0430902962282005 S=0.8825989816981095].pdf(2.228346742757309)
Testing logNormal[M=0.04689411868338311 S=3.111100604426561].pdf(1.7018849853274862)
Testing logNormal[M=2.1802725928013817 S=8.837656386718914].pdf(1.8431232819119663)
Testing logNormal[M=-4.4781394084201676 S=0.5660798581851589].pdf(1.4277562163357638)
Testing logNormal[M=2.3326640292041514 S=2.6762090207489386].pdf(0.6095987199225515)
Testing logNormal[M=3.57577951911464 S=2.1105416329240545].pdf(0.09345764593690663)
Testing logNormal[M=-4.873035322872915 S=1.6664541954528778].pdf(1.1634578159157558)
Testing logNormal[M=-2.838984983727817 S=3.8943532866538555].pdf(2.234248458957636)
Testing logNormal[M=4.592374925850562 S=6.30706459079736].pdf(1.6014308875437542)
Testing logNormal[M=-2.496748636525312 S=0.997002583535973].pdf(1.226496256429092)
Testing logNormal[M=2.5841877750693465 S=6.561981529387479].pdf(0.4882080565994519)
Testing logNormal[M=4.240213872846537 S=9.339734105595971].pdf(1.9545270148322693)
Testing logNormal[M=4.3245425398318265 S=9.258594691323637].pdf(0.6204696342719143)
Testing logNormal[M=1.5358837418188198 S=4.266221997259427].pdf(1.0400440617180502)
Testing logNormal[M=1.9406998340261143 S=7.296828328545409].pdf(2.0749423252220076)
Testing logNormal[M=-3.944846093715232 S=2.359627563936273].pdf(1.0634426113880344)
Testing logNormal[M=-4.789628316867255 S=0.2019075251111968].pdf(0.16292137515955984)
Testing logNormal[M=-1.3192701401860485 S=6.53688253255975].pdf(0.9567222528033311)
Testing logNormal[M=-4.067919862292032 S=6.437229078099178].pdf(2.141653575731616)
Testing logNormal[M=3.8842681412165483 S=9.92947030475072].pdf(1.453072915095381)
Testing logNormal[M=-3.8447226738069364 S=4.968951172915533].pdf(1.1498058129568731)
Testing logNormal[M=-1.2594511628725549 S=2.9212474138112796].pdf(1.8854769946693304)
Testing logNormal[M=-0.5682174987160504 S=5.257255554219463].pdf(0.5467946085274367)
Testing logNormal[M=0.9278377014398398 S=8.327751224349335].pdf(2.23025684628401)
Testing logNormal[M=0.43620788454885595 S=0.12638339283733702].pdf(0.862265404654527)
Testing logNormal[M=0.129374322178756 S=1.5532191533045736].pdf(2.211604034097999)
Testing logNormal[M=-3.2300371315135976 S=3.2963438122814823].pdf(2.058505594181801)
Testing logNormal[M=3.5384257035848243 S=6.723343004115838].pdf(2.0216261919777745)
Testing logNormal[M=3.4566295474749253 S=9.24513824337902].pdf(2.0216247482882843)
Testing logNormal[M=0.9362624681698728 S=7.9926278381840445].pdf(2.1524789718582986)
Testing logNormal[M=4.0341375348214115 S=7.780393752567393].pdf(1.6900516760449968)
Testing logNormal[M=4.118931876836461 S=1.2812889549285955].pdf(1.418234365200561)
Testing logNormal[M=0.023652278335394072 S=4.630170492108423].pdf(2.248507389836569)
Testing logNormal[M=1.6511240286668016 S=6.108274928468429].pdf(1.5075225585351248)
Testing logNormal[M=-4.307716450104606 S=5.6925988506928284].pdf(0.4259579961346283)
Testing logNormal[M=3.7852127229611643 S=7.098807336783764].pdf(1.726477120857654)
Testing logNormal[M=1.252825394847469 S=2.9712548355842783].pdf(1.878493368358616)
Testing logNormal[M=-3.5654967687331762 S=0.11895099761505712].pdf(0.651302945101767)
Testing logNormal[M=-3.4973306562866013 S=7.246200303434904].pdf(1.8229036724672072)
Testing logNormal[M=-3.4686098317925085 S=8.191299697132795].pdf(1.0750136746378078)
Testing logNormal[M=0.4786984515776176 S=3.6926611486960703].pdf(1.5196091179355873)
Testing logNormal[M=-2.9634655575022704 S=1.7201452950431795].pdf(2.266391359163857)
Testing logNormal[M=-0.9282777178128025 S=0.7542250835184727].pdf(0.5825990384780233)
Testing logNormal[M=-3.9820262034128753 S=7.963795452514115].pdf(1.4176149023468365)
Testing logNormal[M=2.870480869356248 S=4.317719308491962].pdf(1.8585048794424004)
Testing logNormal[M=-4.2367385531565525 S=9.236123670629683].pdf(1.5565363748189454)
Testing logNormal[M=1.7785233019328341 S=1.1617204076225618].pdf(1.2667641315105418)
Testing logNormal[M=3.474563862614975 S=8.259887164661203].pdf(1.6152033052366632)
Testing logNormal[M=-1.9082142611479647 S=1.5611038072945294].pdf(1.0973807054194173)
Testing logNormal[M=-2.348213092006808 S=8.103927000368445].pdf(2.0875044264818734)
Testing logNormal[M=2.1673707560208406 S=2.903717444662389].pdf(1.6395489343621676)
Testing logNormal[M=1.0705883544178718 S=1.032036472075103].pdf(1.715094727732163)
Testing logNormal[M=-3.2115024504941525 S=4.285157908545748].pdf(1.7629809130746414)
Testing logNormal[M=-4.170598254300117 S=5.815500263743896].pdf(1.1750064467865176)
Testing logNormal[M=2.7753799167757887 S=2.181370914886762].pdf(1.1732904731882097)
Testing logNormal[M=4.7946962449722665 S=3.436174509704062].pdf(2.1343142750063273)
Testing logNormal[M=0.4358821017540251 S=7.9557546275982185].pdf(1.2443767174557465)
Testing logNormal[M=-1.8065284235763688 S=4.141877754765888].pdf(1.0254198398955838)
Testing logNormal[M=-0.8502041508913871 S=4.942634393109392].pdf(0.6539808728068961)
Testing logNormal[M=-2.939600179468246 S=4.605653634209156].pdf(0.676378123189211)
Testing logNormal[M=0.20248361117357394 S=4.447231263691659].pdf(2.094102654238939)
Testing logNormal[M=0.9818025153829186 S=3.8134786186847256].pdf(1.158757185060363)
Testing logNormal[M=4.0540584823893795 S=3.019366236500145].pdf(1.0859557507637432)
Testing logNormal[M=3.1134929335848227 S=8.900261247643611].pdf(1.8987954236374605)
Testing logNormal[M=-2.092058248595886 S=2.3266654500406614].pdf(2.183793473968632)
Testing logNormal[M=1.9833444910267906 S=2.0159616553190265].pdf(1.8566032636665697)
Testing logNormal[M=1.758088046280843 S=9.388749395233047].pdf(2.1780234448487823)
Testing logNormal[M=0.9923636067802057 S=4.2691284613426115].pdf(2.1862730866164433)
Testing logNormal[M=1.1904702467155461 S=6.488853733951908].pdf(1.721075571744712)
Testing logNormal[M=0.24174762036915887 S=0.1326739046705705].pdf(1.658490690841324)
Testing logNormal[M=2.745767573178803 S=7.291203541866471].pdf(1.4454830303209796)
Testing logNormal[M=0.2917411261530152 S=4.856492395744349].pdf(2.1945596562086482)
Testing logNormal[M=-0.5639458235031771 S=6.45274634946534].pdf(2.1618970653841636)
Testing logNormal[M=-1.4117463027821975 S=3.9408704166351747].pdf(0.3733419822904521)
Testing logNormal[M=2.9433021680407254 S=9.895499182203606].pdf(1.6344458586822916)
Testing logNormal[M=0.8025648804874299 S=5.054848536152674].pdf(1.866557376332241)
Testing logNormal[M=1.1134248447498916 S=9.037480402015944].pdf(1.6921460133169706)
Testing logNormal[M=0.05739169707697833 S=3.3191388828973367].pdf(1.916087578837769)
Testing logNormal[M=-2.0527037278622293 S=3.0971535401474393].pdf(0.0498634191482139)
Testing logNormal[M=2.2157953761073825 S=9.612269147278958].pdf(1.7708270902046175)
Testing logNormal[M=3.163166872501634 S=2.7829466204302333].pdf(2.054918234649119)
Testing logNormal[M=0.44267205846417923 S=5.327496725156466].pdf(2.121484159008262)
Testing logNormal[M=2.8511528439899188 S=9.837478910047714].pdf(2.09059033403098)
Testing logNormal[M=4.393931447402501 S=7.929383749123614].pdf(0.696358191396367)
Testing logNormal[M=2.7146401302437564 S=0.4629243735504984].pdf(1.9159465671074247)
Testing logNormal[M=2.066607019700295 S=5.011218532339507].pdf(2.252412502361336)
Testing logNormal[M=-2.2493873117609144 S=9.463435334875838].pdf(2.169762419922936)
Testing logNormal[M=-3.9511243362088755 S=3.0436887671584967].pdf(1.2300820234942615)
Testing logNormal[M=4.367920357544477 S=0.44467174545946286].pdf(1.724699356115088)
Testing logNormal[M=-4.074278964404311 S=5.310528369377491].pdf(0.4316695267954759)
Testing logNormal[M=1.4662685429715525 S=6.0153918493602845].pdf(1.14550539874994)
Testing logNormal[M=1.2935422604827371 S=3.730491415697421].pdf(1.4867365700687922)
Testing logNormal[M=3.9254685178571265 S=0.9552357893802599].pdf(1.9507873499483666)
Testing logNormal[M=-3.403177519437671 S=3.0569043604403245].pdf(0.8103756201791753)
Testing logNormal[M=3.0205560855972315 S=6.903359809155425].pdf(1.8782265799395694)
Testing logNormal[M=0.0816615063515691 S=9.82210530542465].pdf(1.311196908331267)
Testing logNormal[M=4.400325368863653 S=3.0318891216893142].pdf(1.5306715297122353)
Testing logNormal[M=-4.495972716766845 S=7.223495255899093].pdf(0.2640825609310272)
Testing logNormal[M=-3.750729147897469 S=0.6780435685476172].pdf(1.7066534333855716)
Testing logNormal[M=-3.783768254351437 S=1.1790867060241716].pdf(2.0460845900647557)
Testing logNormal[M=0.40851931341568637 S=4.322750962433557].pdf(1.8722398010281258)
Testing logNormal[M=2.152861123799875 S=2.1429794947941536].pdf(0.11439104442060495)
Testing logNormal[M=2.9042618412256926 S=1.548924495191567].pdf(1.5153940370212324)
Testing logNormal[M=-0.7698147440633187 S=6.173056021028404].pdf(2.18334056508452)
Testing logNormal[M=2.5945329063233755 S=7.590432288870771].pdf(1.211636700399171)
Testing logNormal[M=-2.1836005537480996 S=5.107758656581769].pdf(1.5875509489409174)
Testing logNormal[M=-2.923571993578642 S=8.03923661387436].pdf(1.3828610691055436)
Testing logNormal[M=4.7019710274484385 S=9.156184326252832].pdf(0.36790158994862165)
Testing logNormal[M=1.6541114944124686 S=8.397757564258].pdf(2.2659532415371624)
Testing logNormal[M=3.6730345395819644 S=6.402332708892051].pdf(2.1868358758584225)
Testing logNormal[M=-1.3111278465418943 S=3.1413944206930813].pdf(2.205336035883255)
Testing logNormal[M=0.11464515426692934 S=6.397823949205352].pdf(1.9858630384728886)
Testing logNormal[M=4.505930228280246 S=9.787870987130582].pdf(0.7999981243489058)
Testing logNormal[M=-2.604653670490875 S=0.41493929017398234].pdf(2.2490944058793136)
Testing logNormal[M=-4.392848265435543 S=6.436713796846584].pdf(1.9637195481174325)
Testing logNormal[M=3.7613710856188973 S=7.965223586792922].pdf(2.28693504566297)
Testing logNormal[M=1.5022201291148596 S=3.5143079427033594].pdf(1.8006175484668574)
Testing logNormal[M=-1.26980142470547 S=4.589088948524567].pdf(1.312652086535858)
Testing logNormal[M=4.383516340359796 S=7.532599210023014].pdf(1.9548417284694357)
Testing logNormal[M=4.692750737729723 S=4.364309759123088].pdf(1.7810216526374305)
Testing logNormal[M=-0.6569587603758524 S=1.1962264871883466].pdf(1.2148386835940774)
Testing logNormal[M=3.0841158711715693 S=4.102994021932412].pdf(1.9792110998559793)
Testing logNormal[M=-1.8268284355265338 S=1.5642313687147313].pdf(2.0103305641885596)
Testing logNormal[M=-3.184509525697071 S=1.8832074798997755].pdf(2.2408968023777405)
Testing logNormal[M=-0.6879800704273826 S=3.5875592104156184].pdf(1.9595425694817712)
Testing logNormal[M=1.422423728592995 S=2.776876185135657].pdf(1.623503355658948)
Testing logNormal[M=3.532125491673897 S=3.1056451092059048].pdf(2.0596938478902125)
Testing logNormal[M=2.510102285494983 S=0.3494415965856956].pdf(1.063051707213677)
Testing logNormal[M=-2.4579813998659983 S=0.42808367590745466].pdf(0.7331548209006409)
Testing logNormal[M=-1.04552805128042 S=2.3332612020136367].pdf(1.1396815587994775)
Testing logNormal[M=0.8876546582947391 S=1.015705380343992].pdf(0.47328105716529467)
Testing logNormal[M=-0.2064717493848658 S=2.7520679182271532].pdf(0.7007392640709976)
Testing logNormal[M=0.6952210171092155 S=2.7353533468387137].pdf(0.6526170419756516)
Testing logNormal[M=2.076345430357657 S=8.449564823815699].pdf(2.0561388533387093)
Testing logNormal[M=-0.6790141198147879 S=4.502185673225267].pdf(2.1300704474882615)
Testing logNormal[M=3.18194815497473 S=0.25759159854984004].pdf(1.8003650300239626)
Testing logNormal[M=4.513547294398686 S=7.461079993120504].pdf(2.0512151328800536)
Testing logNormal[M=4.126245681193826 S=2.385031036237147].pdf(1.4338826790296886)
Testing logNormal[M=-2.4000448319360745 S=7.599529404367321].pdf(0.9047582378142806)
Testing logNormal[M=-2.169450347872898 S=7.622453441960296].pdf(1.3025997480554123)
Testing logNormal[M=2.9859430005242915 S=2.4564926664820286].pdf(1.918849957820184)
Testing logNormal[M=-1.3548354414948092 S=9.617364488990322].pdf(1.5184593918016889)
Testing logNormal[M=-3.889467289875055 S=4.572695111583012].pdf(2.012955379403107)
Testing logNormal[M=-2.9827314230703106 S=5.853903096636312].pdf(1.4103854838498788)
Testing logNormal[M=-1.1592090421538415 S=0.3003196462056501].pdf(1.3670786018518004)
Testing logNormal[M=2.8928392189477625 S=5.524350073634547].pdf(2.187595125987102)
Testing logNormal[M=1.834150546464837 S=6.386480923231681].pdf(1.3793054917897307)
Testing logNormal[M=-0.930327547399199 S=2.0658262983104745].pdf(0.2716158932443932)
Testing logNormal[M=1.9873177579570616 S=6.656667922019343].pdf(2.1599985934049992)
Testing logNormal[M=-2.088880945405701 S=2.3894465005039045].pdf(1.8446479369206914)
Testing logNormal[M=-2.0156995281896215 S=4.754122710988328].pdf(2.220683946726525)
Testing logNormal[M=-4.859937354688092 S=9.786766405951987].pdf(1.8671840160692348)
Testing logNormal[M=1.970254204033739 S=8.462271942212723].pdf(1.2840532291139113)
Testing logNormal[M=0.3317035465035003 S=9.143198163478935].pdf(0.51643188817788)
Testing logNormal[M=-0.634476362449929 S=9.558439086431642].pdf(0.16964747087813395)
Testing logNormal[M=0.5296609435602928 S=1.880983330788455].pdf(1.981650248423503)
Testing logNormal[M=-1.0078509994227258 S=8.006155578923897].pdf(0.3930818400969386)
Testing logNormal[M=-3.788814062209458 S=3.1091974184474624].pdf(2.1770980134067206)
Testing logNormal[M=-0.9159560585803819 S=1.1548580765523042].pdf(1.7178665985593098)
Testing logNormal[M=4.040378818080699 S=2.052244916082163].pdf(2.0466892792974902)
Testing logNormal[M=0.43417602213965534 S=8.399217042658867].pdf(2.2638142077283483)
Testing logNormal[M=-0.8664517922553925 S=4.357526829161503].pdf(0.46575676006411115)
Testing logNormal[M=0.9379915068636677 S=4.840941614979968].pdf(2.0871778654565607)
Testing logNormal[M=4.057762866442587 S=9.936487049571163].pdf(0.5339420452739697)
Testing logNormal[M=4.94896428211433 S=8.448737588085079].pdf(1.9202228437773763)
Testing logNormal[M=-0.9765062960614106 S=2.511970483555354].pdf(1.095723121934405)
Testing logNormal[M=-1.6907616535977144 S=6.172632805819543].pdf(1.8809556094703666)
Testing logNormal[M=2.487856082536254 S=7.954876093464121].pdf(1.5957911355758718)
Testing logNormal[M=3.630854051373941 S=1.2351508494324515].pdf(1.6600824822182505)
Testing logNormal[M=-3.340937093780422 S=2.110241053375428].pdf(1.596560910353513)
Testing logNormal[M=-3.2186235031320862 S=3.1977708255209625].pdf(1.1290287957072147)
Testing logNormal[M=0.6105257606825267 S=1.5309729035133235].pdf(1.1738628200583054)
Testing logNormal[M=-2.444354246185283 S=1.4117300036841052].pdf(1.8927731937076542)
Testing logNormal[M=0.33984251161501966 S=7.262244407544643].pdf(1.8070583732260588)
Testing logNormal[M=4.793369856570976 S=2.1161866373135862].pdf(0.9881049042138483)
Testing logNormal[M=3.477782972207674 S=2.967372145817].pdf(0.7792254544782911)
Testing logNormal[M=0.6740504285410935 S=9.623710699234437].pdf(1.447873959014322)
Testing logNormal[M=3.923002309591684 S=2.056751318124342].pdf(1.7158529046457185)
Testing logNormal[M=3.571755758640167 S=4.633113747925509].pdf(0.3836718111736005)
Testing logNormal[M=2.6203304091143327 S=5.17105967960643].pdf(1.88199339821268)
Testing logNormal[M=-2.863736577363297 S=7.792556977940101].pdf(0.9185215535759094)
Testing logNormal[M=2.2559577379573614 S=9.776448500596638].pdf(1.7664189045888818)
Testing logNormal[M=2.354621283152605 S=4.554867474192964].pdf(1.0058397004881336)
Testing logNormal[M=1.311345900015258 S=8.996529864938879].pdf(1.7465723086330658)
Testing logNormal[M=1.4821028775019958 S=8.932153331929953].pdf(0.5632983431881399)
Testing logNormal[M=4.207547089833978 S=1.776944223899346].pdf(2.1295257704679047)
Testing logNormal[M=-4.682936566891876 S=2.906277979406359].pdf(0.8437808663360925)
Testing logNormal[M=1.1385340900247778 S=9.127785302417982].pdf(2.15700377184415)
Testing logNormal[M=-0.4968202263725887 S=0.1665463587637328].pdf(1.6473327026374345)
Testing logNormal[M=4.029541071330222 S=4.560602981940953].pdf(1.0320431326489299)
Testing logNormal[M=0.04796182392818871 S=9.844505219295167].pdf(1.892717957982133)
Testing logNormal[M=-2.6585772791927242 S=2.6376939193952422].pdf(0.7112263645823366)
Testing logNormal[M=-1.6716854372519308 S=7.961605508688612].pdf(1.7272329421724397)
Testing logNormal[M=3.671808241349652 S=5.339929602625453].pdf(2.295463237339269)
Testing logNormal[M=4.704744239685869 S=6.8233579988952].pdf(2.2844438760098082)
Testing logNormal[M=-0.5094178019492226 S=7.7998752545695424].pdf(1.9771724484930366)
Testing logNormal[M=4.686521996369782 S=2.688927807078615].pdf(1.9108821454795157)
Testing logNormal[M=0.25355447469587133 S=9.002434909791527].pdf(0.9003956665760038)
Testing logNormal[M=-1.0654508260726816 S=4.93829439800971].pdf(1.6233314190134418)
Testing logNormal[M=-1.0148465470545984 S=3.6878550367375276].pdf(2.140694302852065)
Testing logNormal[M=-0.4192923745333852 S=4.34621260188605].pdf(1.2808455098096596)
Testing logNormal[M=-3.900031744209489 S=3.556072921306792].pdf(2.1244911796778827)
Testing logNormal[M=2.4003791031904758 S=8.814292110366571].pdf(1.1522414855974352)
Testing logNormal[M=1.780033440705477 S=4.030359474331555].pdf(2.2166322171342903)
Testing logNormal[M=4.405735628311307 S=0.09564766808821124].pdf(0.09260966817541652)
Testing logNormal[M=-1.9901503384137644 S=7.529364511900562].pdf(0.9653386386678038)
Testing logNormal[M=-4.528205638888653 S=5.4813317008813724].pdf(1.8908378426916765)
Testing logNormal[M=0.016885041778006205 S=1.3178016536370696].pdf(0.4944520024541065)
Testing logNormal[M=-4.619501754568965 S=8.921730122311839].pdf(1.893242178568669)
Testing logNormal[M=4.075559097740118 S=0.2729324989874038].pdf(1.32230831832102)
Testing logNormal[M=-4.045942642135066 S=6.235482587126072].pdf(1.3083165719816152)
Testing logNormal[M=4.129886686126875 S=7.455060393222937].pdf(1.611473019537207)
Testing logNormal[M=-0.5966743347195278 S=3.1599948789750467].pdf(2.0384180833760337)
Testing logNormal[M=-2.0820056441072987 S=1.091973143563878].pdf(2.210164552531153)
Testing logNormal[M=-3.5557374255117202 S=4.9196871043736055].pdf(2.0293329611749766)
Testing logNormal[M=0.40564466892915085 S=9.403038117886057].pdf(1.774069946524906)
Testing logNormal[M=-4.131499650909911 S=6.216492899240746].pdf(2.1512549814793025)
Testing logNormal[M=-4.387197710279283 S=4.5890782743666225].pdf(1.8470131797100777)
Testing logNormal[M=-4.262889810719974 S=3.54690711839703].pdf(1.7366413153997746)
Testing logNormal[M=4.781842016974428 S=7.203824903104127].pdf(2.222235194747786)
Testing logNormal[M=-4.463864091946458 S=0.055680139678225826].pdf(1.7303548327331584)
Testing logNormal[M=0.9747412457328029 S=7.721308448552497].pdf(1.2771360514213905)
Testing logNormal[M=-0.6027819365812936 S=6.355322344791626].pdf(2.005357180702074)
Testing logNormal[M=4.661439920394466 S=4.4912043138359925].pdf(1.730834042127379)
Testing logNormal[M=-1.2493969451257447 S=6.207463022347622].pdf(1.5772067229526234)
Testing logNormal[M=-4.513765930547775 S=8.878066058546011].pdf(1.845759311580743)
Testing logNormal[M=1.0260781569919653 S=3.262157598584756].pdf(1.588536241978551)
Testing logNormal[M=-3.0833198454621993 S=7.447901637253061].pdf(1.5547630835413246)
Testing logNormal[M=-0.06525110866294348 S=6.549501088163211].pdf(2.0107209104663344)
Testing logNormal[M=-2.243767032441941 S=3.1187160811611037].pdf(1.47581682591223)
Testing logNormal[M=0.39463763866666035 S=0.2584353799798089].pdf(1.263522686963879)
Testing logNormal[M=1.408314902513407 S=3.2626877914023056].pdf(2.1497397204374087)
Testing logNormal[M=0.6504957710311015 S=9.947383681594863].pdf(1.5910643131485243)
Testing logNormal[M=-3.466635301288359 S=4.268465569023254].pdf(2.093028813799533)
Testing logNormal[M=3.36129427640647 S=5.927115795400962].pdf(2.1270434775056106)
Testing logNormal[M=0.14530385468868623 S=0.6042212389227408].pdf(2.002083604323177)
Testing logNormal[M=-4.590197922736968 S=1.4634104522174152].pdf(0.4193828857727278)
Testing logNormal[M=0.5990446724738501 S=4.750486028822506].pdf(0.1426495535134611)
Testing logNormal[M=1.4087120727429037 S=6.506043436919818].pdf(2.0413719535606214)
Testing logNormal[M=1.1694842890180173 S=5.228263739237054].pdf(1.2691846540079539)
Testing logNormal[M=-1.09772561920623 S=0.7266465733102001].pdf(1.3678965330345296)
Testing logNormal[M=2.1492137602753374 S=7.007947161616612].pdf(1.8701451311272672)
Testing logNormal[M=-1.5166750230810386 S=0.3194129055744477].pdf(1.4552485611585457)
Testing logNormal[M=-3.402689722529609 S=3.6065697818398212].pdf(2.0816122537328625)
Testing logNormal[M=2.96573243406852 S=8.469117600713803].pdf(2.1348243965934293)
Testing logNormal[M=4.090336746102208 S=9.071001857980747].pdf(0.09291928209254931)
Testing logNormal[M=-0.9105151842083661 S=6.399600306195677].pdf(1.8079301117908992)
Testing logNormal[M=2.757870609095976 S=4.968431852709788].pdf(2.182999251077845)
Testing logNormal[M=2.5873488032914125 S=7.591718834239157].pdf(1.3006985190585132)
Testing logNormal[M=1.2899143051609503 S=7.316211224397132].pdf(2.2480447949106237)
Testing logNormal[M=4.218819366359133 S=1.5854314095165478].pdf(1.9005423590934205)
Testing logNormal[M=0.7418230504582448 S=4.723973639494722].pdf(2.0001264016615266)
Testing logNormal[M=-1.7691906109598534 S=8.897178606255789].pdf(1.331829801273058)
Testing logNormal[M=1.7106668532652716 S=0.6200396635329009].pdf(1.9794361849610393)
Testing logNormal[M=3.084707468676598 S=5.088744955097212].pdf(2.04013339001619)
Testing logNormal[M=2.1081619705053143 S=9.021449304490375].pdf(0.4599630909952009)
Testing logNormal[M=-4.140747682036059 S=3.199394849065804].pdf(1.1914444942593532)
Testing logNormal[M=2.8204567249397963 S=3.014941705141748].pdf(0.7807307634987178)
Testing logNormal[M=-3.5184626192142563 S=6.1941520199796365].pdf(1.9380790167222883)
Testing logNormal[M=4.387956922568435 S=9.708873293598723].pdf(1.7779020107612544)
Testing logNormal[M=1.0061300171984078 S=8.203221102602246].pdf(1.217763297325316)
Testing logNormal[M=4.4186922273974805 S=1.6417104602359112].pdf(1.9358053435030391)
Testing logNormal[M=2.7005185505924 S=0.3710853465919073].pdf(1.852096949338954)
Testing logNormal[M=2.9768683740164743 S=0.16573292745418633].pdf(0.3994117988097605)
Testing logNormal[M=2.6984559700522626 S=5.539176057506534].pdf(2.0924488003480213)
Testing logNormal[M=-1.3711577043687564 S=4.94942046263685].pdf(1.4947311925895812)
Testing logNormal[M=-4.6466754680829645 S=2.86803211381267].pdf(1.1018534249656053)
Testing logNormal[M=-1.91023288459635 S=4.783320214739942].pdf(2.2519449856283003)
Testing logNormal[M=-3.7353149017890153 S=4.115198825793738].pdf(2.259951202562466)
Testing logNormal[M=-0.8446207293140482 S=9.246731285728066].pdf(0.6684214065290968)
Testing logNormal[M=-4.109170941903257 S=7.379968626265569].pdf(1.5043934598777604)
Testing logNormal[M=-3.783687638460871 S=4.095184329037563].pdf(0.8216584498929531)
Testing logNormal[M=2.339486894720036 S=9.939198357987163].pdf(1.144270420741216)
Testing logNormal[M=3.87959427163757 S=7.60545246349186].pdf(1.8776981272122344)
Testing logNormal[M=3.3227720646606222 S=3.9690388551987708].pdf(0.6620521487864297)
Testing logNormal[M=1.9970742955623741 S=4.566486685635094].pdf(1.041676986005505)
Testing logNormal[M=-4.7389083344515885 S=3.454967500778141].pdf(0.805963620432249)
Testing logNormal[M=3.5868311165713305 S=5.699699978637156].pdf(0.5682745523911442)
Testing logNormal[M=0.2696091015334172 S=9.638059012183026].pdf(2.226834462951827)
Testing logNormal[M=-0.18574058606182664 S=5.422860755879481].pdf(2.068650935510026)
Testing logNormal[M=2.3120835411785166 S=2.4719247875711403].pdf(1.4367312054199324)
Testing logNormal[M=-2.6868615575975507 S=4.084756692782932].pdf(2.2678747634104157)
Testing logNormal[M=-0.36981807233024266 S=8.121069697073054].pdf(0.48870107954218095)
Testing logNormal[M=3.4155708829814344 S=4.738779069944979].pdf(2.027668525467462)
Testing logNormal[M=-4.300382820073539 S=7.923413790020778].pdf(1.628486577239715)
Testing logNormal[M=-2.696671503223956 S=2.747267458557653].pdf(2.2416767800265585)
Testing logNormal[M=-1.869333006638457 S=9.09943369539053].pdf(1.69294999299479)
Testing logNormal[M=0.039573666095056304 S=1.3640452809359982].pdf(0.8849240904956279)
Testing logNormal[M=4.476003319675334 S=5.89829796093832].pdf(1.3295029914695753)
Testing logNormal[M=3.0476473609124675 S=3.103795599580952].pdf(0.9973981910215349)
Testing logNormal[M=1.9898419931862152 S=5.2421091835010545].pdf(0.6376172949389104)
Testing logNormal[M=0.34858945342967207 S=7.785598349294963].pdf(0.25127640886967806)
Testing logNormal[M=3.067232346119841 S=7.877633465075657].pdf(2.0629563217268974)
Testing logNormal[M=-2.3685700182122735 S=0.9978892959140229].pdf(1.5216047819678966)
Testing logNormal[M=-4.739515321815489 S=6.883937125263099].pdf(2.1164014607006214)
Testing logNormal[M=1.8092610004266296 S=6.9270329124688175].pdf(1.4894777471756484)
Testing logNormal[M=0.9288050151601679 S=3.1357117465932873].pdf(1.809181360799812)
Testing logNormal[M=-0.26959391529854493 S=6.995973523272323].pdf(2.137729841820484)
Testing logNormal[M=2.003862929830989 S=5.57828527849587].pdf(1.8438489479606324)
Testing logNormal[M=2.389591486911087 S=7.806307261878043].pdf(1.720723920193725)
Testing logNormal[M=1.4931359645315423 S=8.295244870164808].pdf(2.226292686368675)
Testing logNormal[M=-3.139173724989164 S=4.88882907102449].pdf(0.1119719251702244)
Testing logNormal[M=-3.447664163119424 S=3.626306040416647].pdf(1.2254371788456788)
Testing logNormal[M=4.574373475725814 S=8.502945058893065].pdf(0.9361884402739793)
Testing logNormal[M=-1.2842807762742958 S=0.14533831108072381].pdf(1.4633849592910653)
Testing logNormal[M=4.902187392937789 S=8.249146349581105].pdf(1.3367444150875987)
Testing logNormal[M=4.756862414589785 S=5.101627653105028].pdf(1.0623340694561683)
Testing logNormal[M=-4.222131323504299 S=0.897385437385062].pdf(2.22953898917959)
Testing logNormal[M=2.585752037554001 S=4.143915855598611].pdf(2.097105571373712)
Testing logNormal[M=1.8566155402181241 S=1.2786539118459572].pdf(2.1220779223607247)
Testing logNormal[M=-4.039963890991215 S=5.347943536170772].pdf(1.6082269038862282)
Testing logNormal[M=1.8367860769742483 S=0.7280643762991268].pdf(2.191773604626978)
Testing logNormal[M=3.8471951194570693 S=3.759674816864104].pdf(1.7864972816448912)
Testing logNormal[M=3.4832396398902077 S=2.3671580897278033].pdf(1.6889895445184657)
Testing logNormal[M=-4.171329674905787 S=1.1844149900803491].pdf(2.2984777397515557)
Testing logNormal[M=-4.178137919892768 S=2.809902790703881].pdf(2.190696619140091)
Testing logNormal[M=-2.6508879396385456 S=6.314613271962001].pdf(1.83766429387026)
Testing logNormal[M=4.161527708484979 S=0.10123249037707227].pdf(2.2752869860090006)
Testing logNormal[M=-0.08655615351307233 S=6.38373348094698].pdf(2.299705838857891)
Testing logNormal[M=3.031766526753941 S=8.320267827167026].pdf(0.9067336794260318)
Testing logNormal[M=-0.5375338424719462 S=9.553055688194066].pdf(0.9583298418744104)
Testing logNormal[M=2.0401117118045207 S=3.7067007053686796].pdf(1.7319198828625766)
Testing logNormal[M=4.219578490450749 S=0.8573011688157928].pdf(0.2322867242653867)
Testing logNormal[M=-1.517919430730296 S=9.668885412975298].pdf(1.6233275085332945)
Testing logNormal[M=-1.029464961918225 S=3.768039523396731].pdf(2.1707731949295854)
Testing logNormal[M=4.6513598493426045 S=4.5890254755216695].pdf(2.0138717271500135)
Testing logNormal[M=-1.7368869626878936 S=4.996594354936582].pdf(2.2652861126209936)
Testing logNormal[M=-4.648672111501791 S=7.444565064401418].pdf(0.7002831804167069)
Testing logNormal[M=-4.471694656769976 S=0.7273797911143176].pdf(2.1449341781832243)
Testing logNormal[M=0.4160224845232383 S=7.098986683732531].pdf(2.2383665852362804)
Testing logNormal[M=4.376919962619816 S=7.663435599932735].pdf(1.07712677597255)
Testing logNormal[M=-3.6165806329504746 S=0.7264772322143331].pdf(2.252063215625267)
Testing logNormal[M=4.199263560958217 S=9.173919699433512].pdf(2.206952470237665)
Testing logNormal[M=0.30203875631460697 S=6.032657428475842].pdf(1.5183640797825733)
Testing logNormal[M=4.506054025696617 S=9.764309651352193].pdf(1.0912612696337103)
Testing logNormal[M=-3.0937116130363886 S=8.144270039456924].pdf(1.5193804900372796)
Testing logNormal[M=3.253125767981892 S=8.65862075008199].pdf(2.235991514123276)
Testing logNormal[M=3.7277409024780574 S=5.910348109803928].pdf(0.8474848844940337)
Testing logNormal[M=0.5028797424245361 S=0.989430231913011].pdf(0.6608193681012434)
Testing logNormal[M=-4.6240210187729724 S=3.786122782415877].pdf(1.8914511860140173)
Testing logNormal[M=-4.784329722874281 S=7.282155895902803].pdf(1.8062191668741348)
Testing logNormal[M=0.4767944574043206 S=8.455468694636485].pdf(2.239807814008085)
Testing logNormal[M=0.9515178031321323 S=5.898479964401298].pdf(2.226939403921744)
Testing logNormal[M=4.237385837814969 S=4.068448679260571].pdf(0.35437735976167467)
Testing logNormal[M=-4.567820243857189 S=5.269980056730732].pdf(2.0698585607653417)
Testing logNormal[M=2.5944815305007776 S=7.444072525599049].pdf(0.46434866455800844)
Testing logNormal[M=0.34085468533489127 S=1.307064503410852].pdf(1.9978302541205457)
Testing logNormal[M=-4.349721545491702 S=4.180948678065141].pdf(2.1694370611128924)
Testing logNormal[M=-1.8326654547088372 S=7.283827148339601].pdf(2.0247348494184623)
Testing logNormal[M=-3.46474891345274 S=9.011837019208253].pdf(1.5707754722873764)
Testing logNormal[M=-3.955225716604688 S=7.053878350791525].pdf(2.1530019229202253)
Testing logNormal[M=-3.605821504468417 S=1.6967368240035874].pdf(1.8394790325235135)
Testing logNormal[M=1.2886496633089761 S=7.028051571650382].pdf(0.992286835043048)
Testing logNormal[M=-2.8010643384887013 S=7.310857335473996].pdf(1.5289402585928884)
Testing logNormal[M=-4.277854877472544 S=9.598316579420601].pdf(0.6119724306272735)
Testing logNormal[M=-4.186924665855885 S=8.571562696185948].pdf(2.124601546698003)
Testing logNormal[M=4.752977201047454 S=2.665416655241671].pdf(1.7961710389252072)
Testing logNormal[M=0.3450156213887805 S=3.4624560975959007].pdf(1.4789829514509374)
Testing logNormal[M=2.702453433619267 S=3.0825885855404667].pdf(2.276243830166153)
Testing logNormal[M=-0.7403211555162779 S=9.333948628620988].pdf(2.118966459412414)
Testing logNormal[M=4.299779583238589 S=2.9218089488168775].pdf(1.2872485857269882)
Testing logNormal[M=2.816576005847465 S=8.523339441313931].pdf(1.7572778649234753)
Testing logNormal[M=-3.523661605451757 S=2.5086655861920573].pdf(1.2060107302463665)
Testing logNormal[M=2.462827291089309 S=5.118232921351203].pdf(2.0523751039689104)
Testing logNormal[M=-2.149149159187864 S=4.832754153598536].pdf(2.2474797186050828)
Testing logNormal[M=0.0707425627158651 S=0.5488775122196299].pdf(1.080408529940479)
Testing logNormal[M=-4.053928106077703 S=4.32093109509561].pdf(1.0467770859773506)
Testing logNormal[M=-0.7830410280020814 S=4.385465083686542].pdf(1.8877612832266133)
Testing logNormal[M=-2.268935455006055 S=8.248309171754615].pdf(2.0035997585752083)
Testing logNormal[M=0.7887623922672526 S=3.1316123573893027].pdf(2.06335424806119)
Testing logNormal[M=0.946184576160797 S=2.528637596778709].pdf(1.837220620346671)
Testing logNormal[M=3.8690100387344106 S=5.336388666566067].pdf(0.33216040928131285)
Testing logNormal[M=0.2696897037038468 S=0.6785003365111186].pdf(0.9799669172448587)
Testing logNormal[M=3.234739837911569 S=9.660215882749274].pdf(0.49046840088165156)
Testing logNormal[M=-1.0787291661542375 S=4.367104578937266].pdf(2.2181271953834334)
Testing logNormal[M=-4.494068033884723 S=7.222239165163497].pdf(1.4033355365490685)
Testing logNormal[M=-4.145471769679395 S=9.581761802330405].pdf(1.0292293140846653)
Testing logNormal[M=-3.536220748740301 S=6.29509033899892].pdf(1.3637602949618821)
Testing logNormal[M=-2.9736510864292462 S=3.333206161870661].pdf(2.2829961338529796)
Testing logNormal[M=0.0223370145545152 S=8.612321321041355].pdf(1.1330870843968635)
Testing logNormal[M=4.637803852370718 S=0.03720547643354832].pdf(1.8869179589147598)
Testing logNormal[M=3.7494199267803197 S=6.102625815263031].pdf(0.8815303553535481)
Testing logNormal[M=0.13917956551033317 S=6.695465270955376].pdf(0.7044589763585651)
Testing logNormal[M=0.909020575878011 S=0.1452906887005756].pdf(1.2992153875817536)
Testing logNormal[M=-3.238190994574585 S=0.28159264362609515].pdf(2.1175560821204256)
Testing logNormal[M=-3.168361632788482 S=0.33676511588685343].pdf(1.6329200196028846)
Testing logNormal[M=-3.575906788584703 S=9.30219618716945].pdf(1.7474523791655974)
Testing logNormal[M=2.302797717924996 S=4.855789803482234].pdf(1.8720734519410087)
Testing logNormal[M=-3.977643246993665 S=9.55142903523494].pdf(0.6907536174360357)
Testing logNormal[M=-0.24847823589222973 S=4.109385844883194].pdf(2.1112629553928453)
Testing logNormal[M=1.6505956909372816 S=7.414814968766374].pdf(2.0170496940287883)
Testing logNormal[M=1.4617767759896125 S=9.46256151264831].pdf(2.0859194454808496)
Testing logNormal[M=-2.498240899521429 S=9.132687383120718].pdf(1.6138578526217275)
Testing logNormal[M=2.8191408505932527 S=9.416614724105475].pdf(1.434090772473122)
Testing logNormal[M=-4.177255741015382 S=2.8211664104452483].pdf(2.271582170097343)
Testing logNormal[M=-2.0880912455033274 S=0.026925007978917392].pdf(1.6112644571187826)
Testing logNormal[M=4.788129415810307 S=3.8450189922460143].pdf(2.1464348796193344)
Testing logNormal[M=3.5777111111535493 S=6.72720366223091].pdf(1.3220766914105662)
Testing logNormal[M=0.28708965877510906 S=3.068230269483465].pdf(0.05150885765870932)
Testing logNormal[M=-1.7998568827017136 S=8.761392541637148].pdf(1.489341907977201)
Testing logNormal[M=3.924007255581129 S=7.581367298245121].pdf(1.3328236973944978)
Testing logNormal[M=-1.317570510903595 S=3.6404846485177744].pdf(2.294218077262829)
Testing logNormal[M=-3.1645128765873745 S=1.8927498332000547].pdf(1.828609189452941)
Testing logNormal[M=-2.3022121156018427 S=4.9612344745202535].pdf(1.6192332460532821)
Testing logNormal[M=2.0691384683836738 S=9.489515218909315].pdf(2.1374771196910163)
Testing logNormal[M=3.787093555105953 S=7.054838268264031].pdf(2.081600902828818)
Testing logNormal[M=0.9076848532444073 S=3.3887599412391847].pdf(1.531240974445912)
Testing logNormal[M=1.8259901961429472 S=1.442449514145604].pdf(1.2980316251565822)
Testing logNormal[M=4.350863892510128 S=2.600317197302966].pdf(1.7199624892178744)
Testing logNormal[M=1.6018260652845706 S=8.335706057952176].pdf(1.2571262075378846)
Testing logNormal[M=0.5492207353267409 S=4.465913035509054].pdf(0.3361472091012388)
Testing logNormal[M=-1.0278482477668103 S=1.7119500853058223].pdf(1.4664875876098975)
Testing logNormal[M=-3.3999775564800574 S=7.771420402384448].pdf(0.8765253364449129)
Testing logNormal[M=1.579161742109033 S=5.046008126047738].pdf(2.227330399514246)
Testing logNormal[M=-4.529058380611546 S=4.94432968075277].pdf(2.1748400045756346)
Testing logNormal[M=-4.656619130450221 S=3.23124388584613].pdf(2.01564421266689)
Testing logNormal[M=4.102810579864453 S=9.078501534600482].pdf(1.9982675422869065)
Testing logNormal[M=-4.440000014176056 S=0.6898234957763405].pdf(1.9576421662603851)
Testing logNormal[M=1.4213907605182685 S=2.914645772990636].pdf(1.8524579001296773)
Testing logNormal[M=-2.871215477644334 S=6.263244601066259].pdf(1.6510753190387641)
Testing logNormal[M=-3.902553058203133 S=8.278610222734752].pdf(1.3792053162285487)
Testing logNormal[M=1.3111968042258972 S=8.490524757430759].pdf(1.4295888905901675)
Testing logNormal[M=-3.2542867372348727 S=4.455196688215826].pdf(1.9997068684033972)
Testing logNormal[M=-2.950874233872937 S=4.203050899433817].pdf(0.5111037061385872)
Testing logNormal[M=1.5692073183335378 S=0.12315567041892628].pdf(1.9541732884834964)
Testing logNormal[M=-3.451751303954118 S=3.3097465021249093].pdf(1.4832332061776807)
Testing logNormal[M=-0.5272481543498833 S=7.412293743525934].pdf(2.247950548761517)
Testing logNormal[M=3.6569812266241364 S=0.47949463382646496].pdf(1.4011428062877904)
Testing logNormal[M=4.1297709124952 S=1.0611767628271518].pdf(2.030070149567123)
Testing logNormal[M=-2.8001671788325657 S=5.99154288585874].pdf(2.0568066197613577)
Testing logNormal[M=2.009751009544278 S=8.100866566039354].pdf(1.626596798825818)
Testing logNormal[M=2.6126415545302795 S=1.7951017437412808].pdf(2.1381193005604437)
Testing logNormal[M=-3.137123240965293 S=8.358927400152773].pdf(1.4609976350265583)
Testing logNormal[M=0.9294381086018566 S=6.081856309331251].pdf(1.3955790139393434)
Testing logNormal[M=-1.5566780611608024 S=0.06921651173117938].pdf(2.184662231018758)
Testing logNormal[M=3.151307954927436 S=3.302729710281196].pdf(1.460266257773838)
Testing logNormal[M=-3.5633694555466047 S=1.0222284464719478].pdf(1.4145879173247005)
Testing logNormal[M=4.019689655241143 S=5.842240104988407].pdf(0.27101183466679823)
Testing logNormal[M=2.429213475087076 S=2.706885353488564].pdf(2.2218443235874115)
Testing logNormal[M=4.886160042363507 S=1.9214896827608496].pdf(2.2549634325788164)
Testing logNormal[M=1.273659345114516 S=1.7579289682443167].pdf(0.9983306779784865)
Testing logNormal[M=0.7821624897536852 S=3.089159268006887].pdf(1.8837108388654036)
Testing logNormal[M=4.077964905675543 S=9.367223236677521].pdf(1.8093059338691655)
Testing logNormal[M=2.819309415983831 S=0.1806812566150262].pdf(1.7955274002479606)
Testing logNormal[M=4.258735208588442 S=4.304298987131855].pdf(0.8780404875215414)
Testing logNormal[M=4.882598699009025 S=0.3948472564902339].pdf(1.1660973700708517)
Testing logNormal[M=2.372589470766739 S=2.0518091492492943].pdf(2.176264185890482)
Testing logNormal[M=2.657053547536398 S=6.253449337983512].pdf(1.8459776048253131)
Testing logNormal[M=-4.558660878979444 S=6.531183801334743].pdf(2.0452802121953813)
Testing logNormal[M=-2.4286383638753692 S=7.466754198913831].pdf(1.6418368603072697)
Testing logNormal[M=4.540144938648078 S=3.357532498068174].pdf(2.0055809144981374)
Testing logNormal[M=1.8613554931435985 S=1.3195551032393515].pdf(2.1095435331333676)
Testing logNormal[M=0.527327413291621 S=7.303146001279909].pdf(1.5831005011391341)
Testing logNormal[M=-4.273678496436939 S=6.254126978926343].pdf(2.17604961979741)
Testing logNormal[M=-3.1919418224200435 S=9.126979368812124].pdf(2.062071264293)
Testing logNormal[M=4.68714129694866 S=2.058855045492253].pdf(1.200198637183198)
Testing logNormal[M=4.096307690962128 S=1.3559355410536011].pdf(1.9451844964429952)
Testing logNormal[M=-2.2326819606338955 S=6.975732516861072].pdf(1.4328467091836055)
Testing logNormal[M=0.9232514593576111 S=1.371515504401929].pdf(0.5603900716726473)
Testing logNormal[M=3.339041434292332 S=0.7600972424505748].pdf(2.2879141992186214)
Testing logNormal[M=4.3924032452572614 S=8.085303288145044].pdf(1.8100493928229022)
Testing logNormal[M=2.617109494673535 S=7.495770843407062].pdf(2.1991435630333274)
Testing logNormal[M=-4.500156634202419 S=6.961045532795858].pdf(2.27461131588061)
Testing logNormal[M=-1.4789571162161952 S=1.3677093994271028].pdf(2.003107944330938)
Testing logNormal[M=2.7167963463468956 S=2.9244025307366495].pdf(2.238054036683719)
Testing logNormal[M=0.37960161886663 S=5.376024380393502].pdf(0.7431109238214567)
Testing logNormal[M=-2.459612757524746 S=0.5983954836200089].pdf(1.9461699999760669)
Testing logNormal[M=2.4916705173654883 S=4.773842410383664].pdf(1.9736198875374615)
Testing logNormal[M=4.306273146115405 S=1.4175476112771923].pdf(0.6551131953032292)
Testing logNormal[M=-0.7601290934895655 S=4.967194646954766].pdf(2.2005980315114364)
Testing logNormal[M=2.742291894855726 S=9.334631287791447].pdf(1.3504910508220778)
Testing logNormal[M=1.785792354957957 S=2.13989695399618].pdf(1.7639910850386111)
Testing logNormal[M=3.9091170745012747 S=6.58068134389945].pdf(0.06835924192152532)
Testing logNormal[M=-3.4973536846272424 S=6.377250936535974].pdf(1.5570887092785137)
Testing logNormal[M=2.1451962188434726 S=5.712207484641896].pdf(2.1746586385663673)
Testing logNormal[M=-3.2677037707352454 S=5.4597003084462195].pdf(0.6572566249508041)
Testing logNormal[M=-0.4273892240323214 S=8.096616430880395].pdf(1.401002200024857)
Testing logNormal[M=-3.6751050528392715 S=2.0312978637875667].pdf(1.9847862509239964)
Testing logNormal[M=2.830792540993869 S=0.0958134817194467].pdf(2.02957659894465)
Testing logNormal[M=-4.686605532270765 S=4.355192489862497].pdf(2.2944602356928807)
Testing logNormal[M=3.052182289336489 S=0.26015366397847517].pdf(0.8580139702434518)
Testing logNormal[M=-4.356515524216716 S=4.438562362242408].pdf(2.124614360162068)
Testing logNormal[M=-0.4606669759444362 S=5.212890276778005].pdf(1.9102418293219776)
Testing logNormal[M=0.016816129395943236 S=1.7710206143766716].pdf(0.09468699140535913)
Testing logNormal[M=-1.7529274472067433 S=3.6532267167064267].pdf(0.8792012722934169)
Testing logNormal[M=4.695601473256197 S=2.9216300715860766].pdf(1.8444867479158253)
Testing logNormal[M=1.3274897246932635 S=4.319085808088648].pdf(1.7926526902331181)
Testing logNormal[M=-3.188606714865135 S=1.2517047279597682].pdf(2.0006785867582577)
Testing logNormal[M=2.2725280483767953 S=7.13087045653534].pdf(1.9185661857540923)
Testing logNormal[M=-0.5952739343898319 S=1.2870381417377108].pdf(1.747611682595869)
Testing logNormal[M=-3.998309912835886 S=1.9480999513115183].pdf(1.4616735728855754)
Testing logNormal[M=-1.9894769913220687 S=9.818236709852927].pdf(2.148237805156723)
Testing logNormal[M=3.795122843020076 S=7.982213616324065].pdf(0.5463379182206343)
Testing logNormal[M=2.975046966649737 S=8.957388563496895].pdf(0.9743095678167685)
Testing logNormal[M=3.518045842268311 S=2.407623679191243].pdf(1.7849734372388821)
Testing logNormal[M=3.522652337731831 S=6.810319048361811].pdf(1.2212930501754025)
Testing logNormal[M=-3.101582359016455 S=2.6346113657795787].pdf(1.9076871811686087)
Testing logNormal[M=0.7184125641782702 S=7.534876986798455].pdf(0.8631559955961343)
Testing logNormal[M=-2.2065695404046437 S=9.561991686165198].pdf(1.8756790830368064)
Testing logNormal[M=1.6523578738832336 S=4.786782270912391].pdf(1.9918870476397703)
Testing logNormal[M=-3.9872373944566974 S=6.091724714275607].pdf(0.9707629978826936)
Testing logNormal[M=0.22963632983547022 S=6.9864650481691175].pdf(1.5417892219378682)
Testing logNormal[M=4.957239459792968 S=1.1977889128780095].pdf(1.9308316604252418)
Testing logNormal[M=0.8925363685957137 S=0.09546637446882889].pdf(1.7883029323754849)
Testing logNormal[M=1.268174299450643 S=3.683721598024311].pdf(1.746446228584167)
Testing logNormal[M=3.182690781869619 S=0.5691226914008762].pdf(1.9226582610468703)
Testing logNormal[M=4.44714546979935 S=2.414393306253888].pdf(0.00203144484010952)
Testing logNormal[M=-3.715587237895127 S=8.995168418719793].pdf(0.6933283063549682)
Testing logNormal[M=-2.1216843155795218 S=7.839680476225704].pdf(1.668560076355257)
Testing logNormal[M=0.7596840278916561 S=4.384764263629717].pdf(1.5538414467770323)
Testing logNormal[M=-1.443182034827879 S=5.182264376554335].pdf(1.4146963077900665)
Testing logNormal[M=-0.48856956673314667 S=6.653365115781859].pdf(0.14753052898481664)
Testing logNormal[M=4.538025133514235 S=9.758264437113407].pdf(1.9682926176918532)
Testing logNormal[M=-4.6802553120149 S=4.200335700416603].pdf(2.186715955121728)
Testing logNormal[M=1.564540137426036 S=1.561805729318676].pdf(1.6631867989214246)
Testing logNormal[M=-3.3604714078974443 S=8.51512546410585].pdf(2.0538799079270835)
Testing logNormal[M=0.16841995404683807 S=5.5268658393147065].pdf(1.6654713466521749)
Testing logNormal[M=0.3975086828954417 S=9.638690020830635].pdf(1.9962184592067622)
Testing logNormal[M=2.6474550709732148 S=3.8891248945861054].pdf(2.1664782066587915)
Testing logNormal[M=3.92905574702276 S=0.30374156557643084].pdf(2.120534765732736)
Testing logNormal[M=-4.199640419517502 S=6.725746394459281].pdf(2.1894035848255373)
Testing logNormal[M=0.9163652165490515 S=0.577656033491657].pdf(1.722026610625733)
Testing logNormal[M=-1.4359395949336085 S=2.6604278314420284].pdf(2.1205565807297404)
Testing logNormal[M=2.7743550362918405 S=9.664932271388999].pdf(1.0975502802674928)
Testing logNormal[M=3.4489453709777056 S=3.238671919316195].pdf(2.098156646214505)
Testing logNormal[M=-4.337491977797823 S=0.795611825650655].pdf(0.9630641336825737)
Testing logNormal[M=-2.224451715343804 S=8.269025448433233].pdf(2.096897734179483)
Testing logNormal[M=2.77242308412813 S=1.9783510065817622].pdf(0.5944652192570631)
Testing logNormal[M=-4.406515679701615 S=3.982063511203112].pdf(0.5170977543674133)
Testing logNormal[M=-1.346061912284223 S=8.361090034555836].pdf(1.9812498884427245)
Testing logNormal[M=4.477938653481292 S=2.942105276626279].pdf(2.2240916508346267)
Testing logNormal[M=4.520724594208792 S=6.278001418882109].pdf(1.7073259094460354)
Testing logNormal[M=-0.6494134163501322 S=8.545955976059616].pdf(0.97027956607546)
Testing logNormal[M=-4.179486747293083 S=9.436167117422423].pdf(2.038529542952115)
Testing logNormal[M=-3.5207215121523583 S=3.4744968168979575].pdf(1.9930600798018023)
Testing logNormal[M=4.653750148171522 S=8.135540404302319].pdf(1.8983755437301797)
Testing logNormal[M=4.294545741477277 S=7.925551857756234].pdf(2.2073152465039403)
Testing logNormal[M=-3.433824505261903 S=3.610805996504576].pdf(2.1799272129395795)
Testing logNormal[M=-3.315532700951571 S=6.40305507020784].pdf(1.454926822015162)
Testing logNormal[M=-2.8659150156185778 S=2.4557823946986734].pdf(0.5146196835962499)
Testing logNormal[M=-2.7182898732601624 S=3.8721522298420066].pdf(1.7645992558098964)
Testing logNormal[M=2.2165342311634673 S=0.099431592381799].pdf(2.301804810205769)
Testing logNormal[M=0.02999634160801623 S=6.809276762598037].pdf(1.2675438476328247)
Testing logNormal[M=-2.4842523057634014 S=7.376509348279133].pdf(0.7329363510567242)
Testing logNormal[M=3.493686047569323 S=8.20771137996179].pdf(1.0387393751640768)
Testing logNormal[M=-0.7763947842621786 S=0.7541568375825769].pdf(2.2588485349109013)
Testing logNormal[M=-0.07494622216795577 S=6.43468915793798].pdf(0.1273752319020034)
Testing logNormal[M=1.1470532973591565 S=7.981347736852703].pdf(2.1621227990848624)
Testing logNormal[M=2.2050961789944568 S=0.3232777230550077].pdf(2.055085725094708)
Testing logNormal[M=2.8241004562710206 S=6.412010218186255].pdf(2.09561066502819)
Testing logNormal[M=-3.3434807416231505 S=7.4721011822789105].pdf(2.113399006287776)
Testing logNormal[M=4.235681199997078 S=8.780368097547392].pdf(1.5503355530412455)
Testing logNormal[M=-0.04473330417171706 S=4.4671853887342285].pdf(2.2848237849167394)
Testing logNormal[M=-3.4561303429088595 S=2.843282107538024].pdf(2.176674976415712)
Testing logNormal[M=-3.306993112089678 S=2.3611979475223].pdf(1.1462872340962733)
Testing logNormal[M=0.2356533288988878 S=5.308395354296378].pdf(1.1612014295605007)
Testing logNormal[M=4.281966511949873 S=6.77298217960768].pdf(0.3915249717475898)
Testing logNormal[M=4.9098494721295545 S=9.399898380660737].pdf(1.3407031805152065)
Testing logNormal[M=-4.0607823376740235 S=2.142811610605931].pdf(1.366104430744359)
Testing logNormal[M=1.4286562483462362 S=3.3075556531304984].pdf(2.2900390635626575)
Testing logNormal[M=2.738374025828648 S=3.5404665527171044].pdf(0.7951728695272209)
Testing logNormal[M=-2.318087231919448 S=1.2953321436812337].pdf(1.8555321325940806)
Testing logNormal[M=-3.517583120367699 S=3.7886309583546565].pdf(1.4506202269962942)
Testing logNormal[M=-0.5562469859314669 S=3.900543965972467].pdf(1.9089393576056441)
Testing logNormal[M=2.6497177386169817 S=1.4294412371395837].pdf(1.6595378267751293)
Testing logNormal[M=3.6248198645864225 S=6.661419008051218].pdf(1.671096784387755)
Testing logNormal[M=-3.6424252741025165 S=0.905104814613592].pdf(1.1390209153412583)
Testing logNormal[M=3.845563180172201 S=1.9427332930176933].pdf(1.6595806690536723)
Testing logNormal[M=1.1108911823986922 S=2.1393851340726675].pdf(2.1973550156893853)
Testing logNormal[M=-2.507875803465737 S=9.683206334967151].pdf(1.931557593326686)
Testing logNormal[M=-2.3252167869864806 S=8.173533032327953].pdf(1.1489916865709031)
Testing logNormal[M=0.9613497850758623 S=4.187935985660044].pdf(1.3490533343113988)
Testing logNormal[M=4.606460409216929 S=7.079529319093599].pdf(1.8432815104650677)
Testing logNormal[M=1.3557507877506225 S=8.92696199626689].pdf(1.801913181378151)
Testing logNormal[M=4.3334799468744265 S=1.0787229972311774].pdf(2.024323508512788)
Testing logNormal[M=-3.6351527503833703 S=0.7192720600469293].pdf(0.4740052670381504)
Testing logNormal[M=-3.045726950137259 S=9.499539976132743].pdf(1.5479525256085833)
Testing logNormal[M=-0.36696427191308967 S=0.329533676555811].pdf(2.0574605245668636)
Testing logNormal[M=-3.0175894609765033 S=8.954477237534915].pdf(1.8515884142217476)
Testing logNormal[M=0.0872249853749727 S=8.996720429695142].pdf(1.8166859968635787)
Testing logNormal[M=3.8725251199444948 S=6.837921504491505].pdf(1.3046999799913868)
Testing logNormal[M=-2.6776002241911634 S=5.368320153624784].pdf(1.460496658414536)
Testing logNormal[M=4.73186264674214 S=8.0357389015227].pdf(1.9500627026991046)
Testing logNormal[M=2.739877682177367 S=8.170862238007183].pdf(2.128275750118005)
Testing logNormal[M=-4.431488384757255 S=8.475976916800622].pdf(2.0863922025870445)
Testing logNormal[M=-3.280313931880372 S=8.268652031258245].pdf(2.099225322052183)
Testing logNormal[M=-4.290898466893717 S=7.771221339903852].pdf(2.2796933108446993)
Testing logNormal[M=3.967545141941377 S=7.04923890317223].pdf(2.0821342494350255)
Testing logNormal[M=1.1996752364961285 S=8.652877167512226].pdf(1.001011137280533)
Testing logNormal[M=-2.442830210005742 S=3.7328014357133057].pdf(1.7110708102623986)
Testing logNormal[M=-4.480229397230219 S=9.626050048466306].pdf(0.2517090302865254)
Testing logNormal[M=-3.202395202729118 S=3.1109954766927816].pdf(2.217192632321881)
Testing logNormal[M=-4.556471677241242 S=5.56142790621249].pdf(0.9776608645077466)
Testing logNormal[M=4.5760846580165655 S=3.3299947088661472].pdf(1.2006261340262063)
Testing logNormal[M=-4.3978839351061785 S=6.807179372881346].pdf(1.9082599442452297)
Testing logNormal[M=4.135971155251317 S=7.581393677591052].pdf(2.246788189333238)
Testing logNormal[M=-4.6108182335459045 S=4.6741547245916415].pdf(0.9456413855927208)
Testing logNormal[M=4.332971841670474 S=2.341224151312927].pdf(1.9442986607980217)
Testing logNormal[M=-3.0961422361735247 S=0.4934166179121624].pdf(2.1468556578813995)
Testing logNormal[M=-3.2816491144163917 S=9.708828750558855].pdf(1.8619586311029293)
Testing logNormal[M=1.3684970674197752 S=6.364474246319841].pdf(0.1583700237856059)
Testing logNormal[M=-2.63882270905588 S=0.9445909090735505].pdf(2.2311076317623515)
Testing logNormal[M=4.223598431339909 S=0.5921744956570518].pdf(0.8998966301615178)
Testing logNormal[M=-0.9311386145537099 S=4.162843099291676].pdf(1.60994576096809)
Testing logNormal[M=-4.6138963776578334 S=8.511745142069087].pdf(1.5753782443282471)
Testing logNormal[M=0.19781439267154433 S=1.090101828660629].pdf(2.2810123279019128)
Testing logNormal[M=1.1499820773325817 S=4.431577622982479].pdf(0.34717504317215614)
Testing logNormal[M=3.1126226219283293 S=5.8574149144823195].pdf(2.100351333036888)
Testing logNormal[M=-4.109232753888497 S=6.859719603733146].pdf(2.0674572356128285)
Testing logNormal[M=1.8911634756479785 S=7.260518646749197].pdf(1.6098967306188214)
Testing logNormal[M=-1.6169746320748821 S=8.853641293905483].pdf(2.1445153041984795)
Testing logNormal[M=1.730133558025301 S=4.530271885337342].pdf(1.1911317824769365)
Testing logNormal[M=3.1931737632599155 S=3.5585446090509176].pdf(1.0180647099984415)
Testing logNormal[M=2.382559199586174 S=5.134388605032706].pdf(0.4292616398354316)
Testing logNormal[M=-1.2956911285222548 S=7.389513970791456].pdf(0.8617296725864628)
Testing logNormal[M=0.11587446224903619 S=0.08816756804960968].pdf(1.7742842113753494)
Testing logNormal[M=-0.9778614008451658 S=8.329737955345164].pdf(1.972505524702164)
Testing logNormal[M=-0.5537505122505877 S=1.0038161240751398].pdf(1.230347171485255)
Testing logNormal[M=1.054803843798524 S=6.8971347508645].pdf(1.5672693612235062)
Testing logNormal[M=-1.2805012974653787 S=4.4279036793290505].pdf(1.2230011394470326)
Testing logNormal[M=-1.7829464764139757 S=3.3001368056573255].pdf(0.9346247464829093)
Testing logNormal[M=-4.820890127863869 S=6.065990378901796].pdf(1.890850977050182)
Testing logNormal[M=4.10885471207644 S=2.9532460745455613].pdf(1.0694752251432644)
Testing logNormal[M=0.5430346095679148 S=2.6152019759023415].pdf(1.5702141496388917)
Testing logNormal[M=-0.009480727671662414 S=7.425052355389774].pdf(0.17644149807659593)
Testing logNormal[M=-3.4611093479931254 S=8.450286915357756].pdf(2.185423040719574)
Testing logNormal[M=-0.7490448228928841 S=3.6830141922014734].pdf(0.1498310641428849)
Testing logNormal[M=-1.3911055411873416 S=5.901399765945623].pdf(1.7717867209421891)
Testing logNormal[M=-2.5491087540459367 S=8.590970690352561].pdf(1.2094760878315718)
Testing logNormal[M=1.4437240292499318 S=0.4940374301127204].pdf(1.1559806484301585)
Testing logNormal[M=2.615080281055956 S=0.2709818504041728].pdf(1.8449253813615814)
Testing logNormal[M=2.0696302242622187 S=5.063529795501681].pdf(2.1240361402005)
Testing logNormal[M=-1.0195038476317677 S=1.4709381488745366].pdf(1.8311493174080795)
Testing logNormal[M=3.8615579479496027 S=0.9454293574945982].pdf(0.9009320035631126)
Testing logNormal[M=-0.817833614453626 S=2.138340474418552].pdf(1.7309419604000813)
Testing logNormal[M=2.19423857986993 S=6.268513208960595].pdf(1.7275893062034322)
Testing logNormal[M=2.5587581805474677 S=7.6657156425386095].pdf(1.867022780797219)
Testing logNormal[M=2.5191963332197256 S=3.9133895839923682].pdf(1.903712474020604)
Testing logNormal[M=3.373127964110626 S=9.0970426138914].pdf(2.2752603758791388)
Testing logNormal[M=2.599269368648926 S=1.7778286732672044].pdf(1.6535978836985825)
Testing logNormal[M=-3.7832847323815058 S=5.970060232928614].pdf(1.1776789201651454)
Testing logNormal[M=-0.4225976670141094 S=6.763184021376535].pdf(2.138090428469748)
Testing logNormal[M=1.1006479626513546 S=0.8376855839551867].pdf(1.1339299648853314)
Testing logNormal[M=-4.7398029056434465 S=0.6529945293866413].pdf(0.5279590919708784)
Testing logNormal[M=4.030979526878317 S=7.355140197085687].pdf(2.2248595041781933)
Testing logNormal[M=-2.2616390318171806 S=9.796216891714376].pdf(1.9353904204201249)
Testing logNormal[M=3.0510739461013348 S=9.46244243041653].pdf(2.061997345187171)
Testing logNormal[M=-4.250222852937085 S=7.939740440437379].pdf(1.2694095759257085)
Testing logNormal[M=-1.5039734259794102 S=5.853081551507908].pdf(2.230875338754427)
Testing logNormal[M=1.4780031110994276 S=4.858304618225326].pdf(2.0549009709984674)
Testing logNormal[M=3.9793409544478067 S=5.536723251981938].pdf(1.3927413027211673)
Testing logNormal[M=-1.0847121898287773 S=6.696776950538857].pdf(1.922594148684309)
Testing logNormal[M=-1.8047685586406015 S=8.546517044769463].pdf(0.8606210745959088)
Testing logNormal[M=3.8596964539566976 S=1.4786519916943242].pdf(2.1426592236831135)
Testing logNormal[M=-3.3236390573737062 S=9.550851888547907].pdf(2.221385240033387)
Testing logNormal[M=2.7216418157270734 S=5.137018271615387].pdf(2.265932607032364)
Testing logNormal[M=-4.667959383655336 S=4.933620856835374].pdf(2.1334274970938525)
Testing logNormal[M=-4.670043646417583 S=8.51306493706082].pdf(2.0220674140543675)
Testing logNormal[M=1.3714405028449654 S=2.8164281912522995].pdf(2.15894829501562)
Testing logNormal[M=-3.5077730789632833 S=5.215237806899521].pdf(2.010485282871517)
Testing logNormal[M=4.729483671816753 S=3.129789785318379].pdf(1.7573493854700992)
Testing logNormal[M=-4.566304514480172 S=7.114939516492699].pdf(1.5026338507492925)
Testing logNormal[M=-3.194097604417011 S=3.9557283708370305].pdf(1.1031093302929063)
Testing logNormal[M=-3.1207032003141997 S=8.302586524790375].pdf(1.7831709778397504)
Testing logNormal[M=4.094760009385723 S=2.3064948838024857].pdf(2.240092414974539)
Testing logNormal[M=4.666665867239903 S=4.14585017861174].pdf(1.5458763143021632)
Testing logNormal[M=3.1378399104098147 S=7.487073090574773].pdf(2.157163003420034)
Testing logNormal[M=-4.055301778055069 S=2.6544266115672945].pdf(2.2636825368154065)
Testing logNormal[M=0.21175283494661556 S=4.033670124095144].pdf(1.225502802710063)
Testing logNormal[M=2.2844323678725234 S=1.6667473700719349].pdf(1.6367119363485318)
Testing logNormal[M=1.232266168767974 S=4.755538606568351].pdf(2.2959318296726967)
Testing logNormal[M=2.2705355580734583 S=4.701395385303274].pdf(1.9077484258916746)
Testing logNormal[M=3.222578751466827 S=2.3130141622296874].pdf(2.1946336657142345)
Testing logNormal[M=-1.8928633661857397 S=4.327908707871454].pdf(1.2078550969009025)
Testing logNormal[M=-4.934662327788862 S=4.282552105509129].pdf(1.8121087951983728)
Testing logNormal[M=-4.383660798894241 S=6.211896604483158].pdf(2.0359795981828013)
Testing logNormal[M=3.349432171226571 S=2.413054981774568].pdf(1.41746209104079)
Testing logNormal[M=-0.41184803978307283 S=4.674773184443009].pdf(2.1772358237688763)
Testing logNormal[M=0.29240353396828045 S=8.491795960648739].pdf(1.5661095697323901)
Testing logNormal[M=1.9347344946404776 S=8.360553758851475].pdf(1.7147789889070437)
Testing logNormal[M=-2.9806398498067876 S=0.5476524695034879].pdf(0.8677249655530309)
Testing logNormal[M=0.07997370444795227 S=7.330673121807151].pdf(2.003519763608228)
Testing logNormal[M=1.0102777744662585 S=3.0791639814700478].pdf(1.2086962901070422)
Testing logNormal[M=4.311883733202492 S=2.381936385916954].pdf(1.6995082059847457)
Testing logNormal[M=2.922794138968408 S=4.435930168611826].pdf(2.2978748088916654)
Testing logNormal[M=-3.447233885483454 S=6.366561803642126].pdf(2.0050529119603584)
Testing logNormal[M=3.9068388064531376 S=1.8726287920801854].pdf(2.0481466995040787)
Testing logNormal[M=4.445936393143393 S=3.736169522625392].pdf(2.045110121056216)
Testing logNormal[M=0.964614145159775 S=0.9716023983517252].pdf(2.2795575812023428)
Testing logNormal[M=-4.168299158516016 S=1.5929055699415784].pdf(1.9017112009601824)
Testing logNormal[M=-2.1388190090340107 S=4.199654612672265].pdf(2.065002095438508)
Testing logNormal[M=2.25917611502037 S=2.5456640722680604].pdf(1.3406301744343472)
Testing logNormal[M=-2.831136984510987 S=1.4890722318999483].pdf(2.2157017436462216)
Testing logNormal[M=-4.565964530763685 S=0.5568993897065988].pdf(1.5213348077349373)
Testing logNormal[M=4.8259085383987355 S=8.180265344267635].pdf(1.610716081826003)
Testing logNormal[M=-3.7154612520079633 S=8.906452462039109].pdf(2.0877235394929525)
Testing logNormal[M=3.426772415031877 S=6.521517319453891].pdf(2.0450198366941166)
Testing logNormal[M=0.12642704344082745 S=6.383331014185084].pdf(0.7515107932764558)
Testing logNormal[M=-4.678083647164815 S=5.959256069205727].pdf(2.240513336396862)
Testing logNormal[M=-4.854831272500178 S=8.736991267122015].pdf(1.5601233039907694)
Testing logNormal[M=-0.6857945785377026 S=3.6340810279545552].pdf(1.3018712197336078)
Testing logNormal[M=1.991494163817383 S=8.931039770407908].pdf(1.8708344002612638)
Testing logNormal[M=-3.4301214429982663 S=4.448165096403475].pdf(2.1647317744508032)
Testing logNormal[M=-1.1256995672387724 S=0.651484930096341].pdf(0.8743697471517624)
Testing logNormal[M=3.0140132389671024 S=7.174587815875554].pdf(2.197994908574821)
Testing logNormal[M=2.2992432474316757 S=0.6976570778255209].pdf(1.9384419927834275)
Testing logNormal[M=-3.8619718831689864 S=5.866002591955189].pdf(0.33284701204032346)
Testing logNormal[M=-1.1571991877077812 S=8.617980494276399].pdf(2.1089680421987267)
Testing logNormal[M=-3.7771460844307194 S=6.343380990667357].pdf(1.0632538771171491)
Testing logNormal[M=3.4888742071855443 S=9.000724830592379].pdf(0.8601267205495059)
Testing logNormal[M=-1.6983638852318315 S=2.8618423488749603].pdf(1.6671672720408035)
Testing logNormal[M=2.7110713686698515 S=5.344622684731083].pdf(1.9531613218692896)
Testing logNormal[M=-4.896960164809494 S=0.23366539978336598].pdf(1.8863802908880303)
Testing logNormal[M=0.7054329394789125 S=9.634869764684776].pdf(1.2200216585121315)
Testing logNormal[M=-1.5489945288854248 S=0.6530931579776689].pdf(0.6598884522805819)
Testing logNormal[M=-2.4813949994642384 S=9.430049442972885].pdf(1.8286947736082133)
Testing logNormal[M=2.031265083898149 S=5.141467432161226].pdf(1.412779665704447)
Testing logNormal[M=4.486519119399544 S=3.9452594849446996].pdf(2.0642730426379217)
Testing logNormal[M=1.67386353153322 S=9.438615428927053].pdf(0.3815822899755541)
Testing logNormal[M=-4.242174654880715 S=3.2580719777967495].pdf(2.0090856100086416)
Testing logNormal[M=-4.889861275259029 S=7.693897256613744].pdf(1.9159014107349794)
Testing logNormal[M=3.3689401410465365 S=5.64112691897444].pdf(2.0738097634170614)
Testing logNormal[M=0.020103636205326403 S=6.062099063177156].pdf(2.0590750354130294)
Testing logNormal[M=2.6560162371142884 S=9.445063133383972].pdf(1.4190955497602546)
Testing logNormal[M=1.6979938499046634 S=8.459733699854825].pdf(2.0013233274771736)
Testing logNormal[M=-4.748987294763291 S=7.9691686578228005].pdf(0.8371580806291572)
Testing logNormal[M=-4.686519036051754 S=3.6893760658071284].pdf(0.9504137184929999)
Testing logNormal[M=4.355145247312267 S=1.8208623712124505].pdf(1.6661537408874774)
Testing logNormal[M=-4.2675889934947815 S=5.709049554446785].pdf(0.7318458601345429)
Testing logNormal[M=4.452012584849806 S=7.694409785724051].pdf(1.9902811131459597)
Testing logNormal[M=4.242378029431219 S=4.994098489290587].pdf(2.020378378252753)
Testing logNormal[M=-2.087554448768485 S=0.50783774632008].pdf(2.2523616109585065)
Testing logNormal[M=3.660331146649236 S=6.617010597510297].pdf(1.061338141732992)
Testing logNormal[M=1.7888535274375528 S=1.7464837031600622].pdf(1.425040458237554)
Testing logNormal[M=2.200451466603549 S=0.14802521070572894].pdf(0.46910588656571106)
Testing logNormal[M=-0.6924837017909757 S=4.307564396709256].pdf(2.0050331416497786)
Testing logNormal[M=2.905884058335955 S=5.854954483997265].pdf(0.5957083869940174)
Testing logNormal[M=3.371063371042519 S=6.924488824203364].pdf(2.2700606636627962)
Testing logNormal[M=-1.7278475420497017 S=2.3317074192456175].pdf(1.677367091331833)
Testing logNormal[M=-1.7867958221118152 S=9.303406123689152].pdf(1.110954289571961)
Testing logNormal[M=-0.5750157748692821 S=2.452726397140971].pdf(0.9940679692354634)
Testing logNormal[M=-3.029474249262135 S=1.4691573076306186].pdf(1.4692916112961447)
Testing logNormal[M=-1.2173556722661916 S=5.665824366699256].pdf(1.7747408678028225)
Testing logNormal[M=-1.3519431518450844 S=3.386858175368763].pdf(1.8117669367399372)
Testing logNormal[M=-0.012845529352221163 S=9.599802037705334].pdf(1.608850029318789)
Testing logNormal[M=-1.0140851264901993 S=2.0915499497950907].pdf(0.7633226828348695)
Testing logNormal[M=-0.3331715255584573 S=1.9733387560601923].pdf(0.07927078629821567)
Testing logNormal[M=-1.1416175118800775 S=9.864075120583761].pdf(1.6531275696011853)
Testing logNormal[M=4.968082253025473 S=1.3897114277268785].pdf(1.6168832570282916)
Testing logNormal[M=2.1891886825230147 S=7.680055484513071].pdf(2.173147429323454)
Testing logNormal[M=-4.887812689397105 S=9.518393266958217].pdf(2.1243078357545873)
Testing logNormal[M=-2.1811648043187306 S=7.823535346455309].pdf(2.190290424843007)
Testing logNormal[M=-4.500090781488584 S=6.588919380252555].pdf(1.680412650093837)
Testing logNormal[M=-2.0725725923898954 S=3.152856312082056].pdf(1.8789293852399154)
Testing logNormal[M=-0.865991332621241 S=5.654949817861674].pdf(0.8681027613416208)
Testing logNormal[M=1.3266238208496173 S=2.9488348690748465].pdf(2.1606191085713267)
Testing logNormal[M=-2.8886387135143723 S=1.247004666478465].pdf(0.03435799457584454)
Testing logNormal[M=-4.5733048007746335 S=6.966209122083992].pdf(1.516238537080036)
Testing logNormal[M=-0.6668009647615474 S=7.528771192457527].pdf(2.2997940386407763)
Testing logNormal[M=2.4176364856448913 S=6.881974601047089].pdf(1.9321658659506538)
Testing logNormal[M=-0.6819622678560577 S=5.604536965121617].pdf(1.3157720303874014)
Testing logNormal[M=4.768741425326567 S=5.744535709929769].pdf(1.944947383647051)
Testing logNormal[M=3.1969767466716963 S=8.07319798674466].pdf(2.0149260377278444)
Testing logNormal[M=-2.8245919789236087 S=8.613548250265769].pdf(2.2622158808083688)
Testing logNormal[M=4.641092628426659 S=7.732647482950881].pdf(1.0515292310753095)
Testing logNormal[M=2.959820489945465 S=3.7660137470553456].pdf(1.7491857853172876)
Testing logNormal[M=4.420505510510717 S=8.342294937519464].pdf(2.0646537055886496)
Testing logNormal[M=-1.830686746818361 S=1.8155151727988872].pdf(1.9900370192642038)
Testing logNormal[M=2.205652969375227 S=6.5830632435712335].pdf(0.20441493024709184)
Testing logNormal[M=-0.7912277092926621 S=4.373382207122527].pdf(1.619061322505465)
Testing logNormal[M=2.693309869772272 S=9.10804804314462].pdf(2.073934176356211)
Testing logNormal[M=4.5800354289034715 S=1.999832558811917].pdf(2.024594670762345)
Testing logNormal[M=-0.1948831386269232 S=0.2777161243800341].pdf(2.0326194580412724)
Testing logNormal[M=-0.8039914987291166 S=7.04308895199533].pdf(1.9646382220605265)
Testing logNormal[M=-1.1075631726141557 S=0.16630902199904707].pdf(1.9448727335293718)
Testing logNormal[M=4.337705270253924 S=8.497949732546958].pdf(0.8132819637422358)
Testing logNormal[M=-0.9638619299913431 S=5.477375920857827].pdf(1.8832663199254656)
Testing logNormal[M=3.6007065079818794 S=2.2692705397229975].pdf(0.294059347098466)
Testing logNormal[M=4.865779191614044 S=7.71432134271969].pdf(2.2682097308770666)
Testing logNormal[M=4.290375658156197 S=1.0273064906945029].pdf(0.6646264005045959)
Testing logNormal[M=0.3361405536668114 S=6.498182494187063].pdf(1.5080235497122867)
Testing logNormal[M=-1.9212870542243299 S=0.2777602272836388].pdf(1.7571300781252042)
Testing logNormal[M=0.5503202148962449 S=1.1176431983819046].pdf(0.8443937083797354)
Testing logNormal[M=-4.204923039206289 S=3.6968932644491326].pdf(2.039173078021492)
Testing logNormal[M=0.9648642497371647 S=7.131255178807231].pdf(1.9642895181251525)
Testing logNormal[M=3.469933514427625 S=0.6065855875790749].pdf(2.1383870441427364)
Testing logNormal[M=-2.0000034056035867 S=1.0391091985612266].pdf(1.0040919058127589)
Testing logNormal[M=-1.1598338481331751 S=0.938088586887027].pdf(2.1823424297822247)
Testing logNormal[M=3.6889782152750534 S=6.598268413712813].pdf(1.8919949924436963)
Testing logNormal[M=-0.9082796649055558 S=7.437178869285881].pdf(0.5721327802716993)
Testing logNormal[M=1.312556717143348 S=4.058269522148353].pdf(1.5040187567071992)
Testing logNormal[M=0.47699110767871566 S=4.835497349667993].pdf(1.7542370223562689)
Testing logNormal[M=-0.618196627011872 S=6.9603056717228].pdf(1.2648535973255322)
Testing logNormal[M=4.68182892612743 S=3.5884679469744607].pdf(0.9233038563465218)
Testing logNormal[M=-4.302593143452081 S=7.233255843379459].pdf(0.9794825368789026)
Testing logNormal[M=4.117657070015186 S=7.234123930953741].pdf(2.172600743795153)
Testing logNormal[M=-2.360502493962998 S=5.616802761078472].pdf(0.7911683991475816)
Testing logNormal[M=3.7823254513666367 S=6.130098860216998].pdf(0.625727076860651)
Testing logNormal[M=-4.528990258381125 S=6.550839819675705].pdf(1.366972007273613)
Testing logNormal[M=0.6843302971240606 S=1.094874797358103].pdf(2.2403895916624497)
Testing logNormal[M=4.326593203653967 S=9.59202015304321].pdf(1.3612344016611133)
Testing logNormal[M=2.782264802683475 S=7.831210850321045].pdf(2.1403313544282265)
Testing logNormal[M=3.326863433285004 S=7.762249134471913].pdf(2.0198842851344674)
Testing logNormal[M=-2.889435886079551 S=5.23555253768497].pdf(1.306453894230475)
Testing logNormal[M=0.069074375258797 S=1.4667082718760638].pdf(1.922514500704544)
Testing logNormal[M=-1.3275639385105897 S=5.154000960484973].pdf(2.1278971467633)
Testing logNormal[M=-0.03674411883565831 S=3.01246436537037].pdf(1.7335726249768362)
Testing logNormal[M=-4.771641913462103 S=0.7554561880063071].pdf(1.3999663113052192)
Testing logNormal[M=-3.788175157987237 S=7.147623060538684].pdf(1.8110353394871972)
Testing logNormal[M=-0.3364752536939726 S=7.179239834671154].pdf(2.2734401878954253)
Testing logNormal[M=0.021348067666565385 S=7.087666469379441].pdf(0.18409449933831346)
Testing logNormal[M=-2.885590640505178 S=4.26528451715579].pdf(1.317202677430017)
Testing logNormal[M=4.617162375184741 S=9.75345854083561].pdf(1.4770736753265208)
Testing logNormal[M=-1.9846726362541975 S=2.893197359585875].pdf(0.7581649481804572)
Testing logNormal[M=1.4959968541171538 S=4.235365537880343].pdf(1.5081899004951005)
Testing logNormal[M=4.7999609088584965 S=3.8222525991191247].pdf(1.5548501682208087)
Testing logNormal[M=3.6543670979522407 S=9.698958919683395].pdf(2.0573317440336236)
Testing logNormal[M=-0.7030734079221466 S=8.935431273474277].pdf(2.2196978277709447)
Testing logNormal[M=-1.6542401911152602 S=9.266903358503624].pdf(2.2348468399616994)
Testing logNormal[M=-4.633854117996561 S=2.9587510811535944].pdf(1.7636427474342162)
Testing logNormal[M=-0.2277707407810583 S=0.4953340311536647].pdf(1.714041387587006)
Testing logNormal[M=-4.276888885538565 S=7.528641402934206].pdf(0.9253681894922283)
Testing logNormal[M=-4.500754210078071 S=8.813637871186758].pdf(1.367552092770088)
Testing logNormal[M=3.6754759185674537 S=8.172032798318721].pdf(0.7191495364244777)
Testing logNormal[M=-1.1903247432391217 S=8.834588497818977].pdf(1.5296388942605612)
Testing logNormal[M=0.8527694716343239 S=9.348852559087312].pdf(1.2778406195578653)
Testing logNormal[M=-3.736803126671999 S=5.205745462796747].pdf(2.16653127745189)
Testing logNormal[M=-3.71547625953212 S=2.4565880308966968].pdf(1.6358248707764347)
Testing logNormal[M=-4.020845038550269 S=7.959594033698276].pdf(0.7355603594785735)
Testing logNormal[M=2.0426856859590092 S=5.423133544271039].pdf(1.4638136107847814)
Testing logNormal[M=3.1326774255540037 S=8.92738322649639].pdf(2.256167516004876)
Testing logNormal[M=3.8411948065007824 S=9.398685644961505].pdf(1.687862265269653)
Testing logNormal[M=-0.4242860905758157 S=4.471751412991139].pdf(2.2926809201364002)
Testing logNormal[M=-4.938782913288814 S=8.821822116395111].pdf(1.697471287332959)
Testing logNormal[M=-1.6772630255468615 S=0.5190605385971914].pdf(2.2074789990385613)
Testing logNormal[M=0.8502520543614613 S=5.429417511829467].pdf(2.0848963670271528)
Testing logNormal[M=0.38520673671531647 S=9.824164699646477].pdf(0.4633748994631306)
Testing logNormal[M=3.3727953893700136 S=3.946208406354769].pdf(0.9128504509313569)
Testing logNormal[M=-0.5635934111190526 S=7.198934466346226].pdf(2.1493520802113215)
Testing logNormal[M=-0.883601336390937 S=6.126523216250045].pdf(2.0772458660968485)
Testing logNormal[M=-3.558967674805402 S=4.7964490177545995].pdf(1.9933711341202296)
Testing logNormal[M=3.151719901410136 S=2.996113319021012].pdf(0.7665969392501346)
Testing logNormal[M=3.8945286196273905 S=2.8033369715200207].pdf(1.8491392706160694)
Testing logNormal[M=1.8857992874173686 S=4.309199608783503].pdf(1.593914577344897)
Testing logNormal[M=-3.647117089546914 S=7.150445253055649].pdf(0.49452483713604534)
Testing logNormal[M=-2.6032008769239425 S=5.1567569734424845].pdf(2.13389747290672)
Testing logNormal[M=1.4574032770541114 S=8.665378255758515].pdf(1.988081157408064)
Testing logNormal[M=3.539634116061631 S=9.860025311272464].pdf(2.0868950028755164)
Testing logNormal[M=3.041249858888847 S=5.160118409931778].pdf(1.2930113485040844)
Testing logNormal[M=4.761221259318679 S=4.926186144054542].pdf(1.4523953874948108)
Testing logNormal[M=0.025017578055436474 S=6.992141842038274].pdf(1.074393867328834)
Testing logNormal[M=3.8360503526850085 S=8.842299065914753].pdf(1.7266389115346616)
Testing logNormal[M=2.29307736352916 S=6.570888095461936].pdf(1.8098610785792368)
Testing logNormal[M=-2.8366748407980538 S=8.515557424060638].pdf(0.2752563319710612)
Testing logNormal[M=0.8512026658519378 S=1.246885889157554].pdf(2.101452598812528)
Testing logNormal[M=3.0505424591478754 S=8.137514354554007].pdf(1.6445674252675027)
Testing logNormal[M=-4.939651584756764 S=0.9407554798756346].pdf(1.477751500923877)
Testing logNormal[M=1.0150093252685553 S=4.200685330247663].pdf(2.0224520245951942)
Testing logNormal[M=0.527460326266497 S=0.218848803798819].pdf(1.4897096631644056)
Testing logNormal[M=-0.3697752282326494 S=2.1075643158908286].pdf(1.0773481048471154)
Testing logNormal[M=-2.872394435121403 S=7.474678886176739].pdf(2.064985694518773)
Testing logNormal[M=1.4772189904502806 S=6.128214862192719].pdf(1.7577008614488576)
Testing logNormal[M=-2.857107613147991 S=7.6373660632924665].pdf(2.19843417721846)
Testing logNormal[M=0.05068805872793192 S=6.064858154711352].pdf(2.067874534101873)
Testing logNormal[M=-2.4267564591306447 S=6.037200765178746].pdf(1.9562075050130892)
Testing logNormal[M=-0.4444033217684984 S=3.3316164012760985].pdf(2.0530902013807113)
Testing logNormal[M=3.059244087356358 S=7.263250806969185].pdf(2.270821735822944)
Testing logNormal[M=-0.7387495345223352 S=8.382135738303365].pdf(1.728760982625508)
Testing logNormal[M=3.7094854602713276 S=2.761180847732464].pdf(2.1599569442311446)
Testing logNormal[M=1.1123535849194175 S=8.105442667534694].pdf(1.5414928654691522)
Testing logNormal[M=2.265099795539202 S=3.809339207963899].pdf(1.8000082709787675)
Testing logNormal[M=3.6894281039536185 S=2.5219527183911294].pdf(2.0688402218535393)
Testing logNormal[M=3.005194011474579 S=7.3007100016897635].pdf(0.3068146535525275)
Testing logNormal[M=4.207734371928391 S=4.796489309855278].pdf(1.9547772429660297)
Testing logNormal[M=-2.6537576345429112 S=9.800450152456687].pdf(0.7689078626025854)
Testing logNormal[M=-0.4346172271855462 S=0.09825210275561491].pdf(0.8420644266835055)
Testing logNormal[M=4.949853119454353 S=0.583615992109201].pdf(2.0502635162049563)
Testing logNormal[M=1.814160874741832 S=4.600700774679937].pdf(2.2802529826927582)
Testing logNormal[M=-4.774175117033223 S=2.583450218800585].pdf(1.7686211238592835)
Testing logNormal[M=-2.8152231176513967 S=4.860760949498416].pdf(1.7460519151065046)
Testing logNormal[M=1.0972291441498552 S=8.665589215891345].pdf(0.6409833869425342)
Testing logNormal[M=4.615669570338831 S=0.7754668006190168].pdf(1.8642551490136217)
Testing logNormal[M=-1.962597677639076 S=8.60819389416462].pdf(1.6371097531069814)
Testing logNormal[M=-1.3332472913778903 S=4.164128350612276].pdf(2.24698456276012)
Testing logNormal[M=-4.381179017833111 S=4.358575062442084].pdf(2.003489173163784)
Testing logNormal[M=4.692496918948757 S=3.252627564978703].pdf(1.841893012043353)
Testing logNormal[M=-2.15868918481239 S=7.117503749734376].pdf(1.5714691163234074)
Testing logNormal[M=-1.1006001541060506 S=8.31679160199557].pdf(2.121146175819978)
Testing logNormal[M=3.7253251646751924 S=4.181931273204103].pdf(0.14087291324540382)
Testing logNormal[M=1.2945417321907229 S=8.423962982834846].pdf(2.283365736100237)
Testing logNormal[M=1.792182286112764 S=4.892910286831855].pdf(1.5674641491238723)
Testing logNormal[M=-3.76633284011851 S=5.981040929715401].pdf(1.7097603571634195)
Testing logNormal[M=3.593479348091668 S=3.585265814174645].pdf(1.848636914165252)
Testing logNormal[M=1.6135766784487995 S=0.3502025243449425].pdf(2.205535616184288)
Testing logNormal[M=0.004965760069710612 S=0.4568916820499469].pdf(2.081789608339536)
Testing logNormal[M=4.065351496244627 S=1.3960086881633904].pdf(1.4347452893039083)
Testing logNormal[M=3.8066305626950445 S=2.757064574754989].pdf(2.242348323577695)
Testing logNormal[M=-3.1065593008548587 S=2.192504783285428].pdf(1.1475308657817431)
Testing logNormal[M=0.20700888880504387 S=3.3309146565286274].pdf(1.4842723299927736)
Testing logNormal[M=-4.9402810834134625 S=0.9302068352376791].pdf(2.105500081777169)
Testing logNormal[M=-4.979480767405036 S=7.2612180808654].pdf(2.0656561901327564)
Testing logNormal[M=4.6538544620191455 S=9.917510502373046].pdf(0.6395326432764114)
Testing logNormal[M=3.243890972383806 S=3.215491441327396].pdf(1.7663783914555917)
Testing logNormal[M=-3.5019436490212916 S=5.926641964356185].pdf(1.4218031994773117)
Testing logNormal[M=-3.092922093044513 S=8.212318710578321].pdf(2.0469870837561963)
Testing logNormal[M=0.2571518308503862 S=7.857812272849902].pdf(0.40063547743490724)
Testing logNormal[M=-1.5930670384995116 S=0.2669197408053836].pdf(2.273781652947645)
Testing logNormal[M=-4.982480188395975 S=6.621504243826904].pdf(1.8063201394975867)
Testing logNormal[M=-2.7273623849075235 S=0.45423559626354804].pdf(1.5796712961198542)
Testing logNormal[M=-3.583253183458217 S=6.273101072873496].pdf(0.3933462377582314)
Testing logNormal[M=-2.2071364248073424 S=4.000993115253813].pdf(2.1136367675225225)
Testing logNormal[M=-2.0180740070350787 S=2.594778873891832].pdf(1.40805373199475)
Testing logNormal[M=-4.7779943508838105 S=9.006817344545524].pdf(2.1004014479729616)
Testing logNormal[M=-1.2029544657019589 S=7.304846029331326].pdf(0.532503945576356)
Testing logNormal[M=-0.7921004782855885 S=6.637195228871747].pdf(2.284174304599757)
Testing logNormal[M=1.128743264556201 S=1.6769769756041408].pdf(2.057892211348879)
Testing logNormal[M=0.08011764896949014 S=8.478840190922718].pdf(0.9775573974736674)
Testing logNormal[M=3.282905184133318 S=8.1812847843562].pdf(0.687295224652538)
Testing logNormal[M=2.7356108416934966 S=6.561140212958546].pdf(1.8330027113613254)
Testing logNormal[M=0.7004638045168594 S=8.958735768371334].pdf(1.5180450513371397)
Testing logNormal[M=3.7205918860971536 S=8.829152740997294].pdf(1.5219446828511738)
Testing logNormal[M=-0.12565297890712657 S=1.0993902799867439].pdf(1.4429529529791547)
Testing logNormal[M=-3.100247157432565 S=5.356292389881615].pdf(1.7905117746607617)
Testing logNormal[M=-0.09638749648768741 S=2.0294436065441546].pdf(1.5008544189018675)
Testing logNormal[M=3.5306471004156528 S=8.403901314252936].pdf(1.3772134557892592)
Testing logNormal[M=-2.9541100838416092 S=7.347522238494772].pdf(0.6429645944736363)
Testing logNormal[M=4.629563966195068 S=1.7162883057842115].pdf(1.8113753369294079)
Testing logNormal[M=-3.9769824465775105 S=4.678931156531059].pdf(2.2226329710513473)
Testing logNormal[M=-3.0672706530467178 S=3.920181784916598].pdf(1.0349100227969894)
Testing logNormal[M=-0.988952609135171 S=0.5776241093253076].pdf(1.2426905134440387)
Testing logNormal[M=-0.6779685527313504 S=3.3761295225370382].pdf(1.4925606259181663)
Testing logNormal[M=-3.7586639405537503 S=7.506552523034604].pdf(0.45998140237919877)
Testing logNormal[M=4.182070937907341 S=2.131595630459703].pdf(0.6617247575059867)
Testing logNormal[M=-0.5850343253581851 S=1.945407089749851].pdf(1.4275657811939624)
Testing logNormal[M=3.24180552940652 S=6.9366088431860184].pdf(2.0261563112530503)
Testing logNormal[M=-4.031809655223962 S=8.901280836000678].pdf(1.3551771977528055)
Testing logNormal[M=-0.8669043790905508 S=9.431768446362042].pdf(0.9817869156144378)
Testing logNormal[M=-2.858415835799517 S=5.181935449290602].pdf(1.5201443927062044)
Testing logNormal[M=-3.436932677566654 S=1.8781983499528476].pdf(0.3137148004274304)
Testing logNormal[M=-4.198777833160252 S=4.039783974980827].pdf(0.4491918777840271)
Testing logNormal[M=-4.382230750964718 S=0.7480072079313826].pdf(0.7418715057346138)
Testing logNormal[M=1.0246078346518503 S=3.1839769440942844].pdf(1.8985366015224048)
Testing logNormal[M=-0.03242473292841197 S=7.0842837060435295].pdf(0.8580840866368904)
Testing logNormal[M=0.07604385031471494 S=5.205086777902785].pdf(1.7884499614239275)
Testing logNormal[M=3.345430442112182 S=3.5090610994994775].pdf(1.9305133430591872)
Testing logNormal[M=3.2818205756567007 S=6.078592880669772].pdf(0.5989849653299628)
Testing logNormal[M=1.5161318748751462 S=3.9332772439652652].pdf(0.7810940226017029)
Testing logNormal[M=-2.053467737895885 S=9.561380573778099].pdf(1.150931384029344)
Testing logNormal[M=-4.34852564826206 S=1.532080154795814].pdf(2.1997314729570863)
Testing logNormal[M=-4.400244604308563 S=9.705179533939521].pdf(0.6418036464207181)
Testing logNormal[M=-3.9941394679351907 S=2.0719498493608226].pdf(1.4500377342589623)
Testing logNormal[M=1.998774790671142 S=6.100780014031431].pdf(1.8718780265883128)
Testing logNormal[M=4.880270649648011 S=3.62364529107344].pdf(1.2717875913656942)
Testing logNormal[M=1.6560952557808477 S=8.311914226626651].pdf(1.2161077107658271)
Testing logNormal[M=1.7591356022112512 S=6.044969683015432].pdf(1.0555036562687994)
Testing logNormal[M=-1.203988898515822 S=2.9386498229812394].pdf(2.052692589606723)
Testing logNormal[M=-3.83118547614305 S=2.268875922696658].pdf(2.0355382671274573)
Testing logNormal[M=-2.846137190626643 S=7.722055118186892].pdf(1.6388126681996615)
Testing logNormal[M=1.3626778908539183 S=5.212365931479387].pdf(1.9482860478560748)
Testing logNormal[M=4.18462686381384 S=0.6413170349354391].pdf(1.7810855715368945)
Testing logNormal[M=3.4393564973673314 S=7.119694345209856].pdf(1.390834379394973)
Testing logNormal[M=-4.044596590868718 S=0.4203566724998187].pdf(2.001607890451008)
Testing logNormal[M=-4.690360464119668 S=1.2274094695529036].pdf(1.5720665123840771)
Testing logNormal[M=3.2686601973943556 S=0.9539441920039626].pdf(1.8180650662738993)
Testing logNormal[M=-4.015266433218521 S=4.716895582663695].pdf(1.9058565425260632)
Testing logNormal[M=-2.3686087449864903 S=8.691723855538683].pdf(1.2569453483790478)
Testing logNormal[M=-3.541125565087656 S=2.638567575296158].pdf(1.9985628521497063)
Testing logNormal[M=-3.027254660443357 S=1.91039611497956].pdf(2.005383262731881)
Testing logNormal[M=4.517838979198531 S=6.117094900801472].pdf(1.7660033759587508)
Testing logNormal[M=3.9151343837886294 S=6.6783077050665565].pdf(2.1415283572426738)
Testing logNormal[M=1.3184310164775868 S=9.008265881314838].pdf(2.039603597176474)
Testing logNormal[M=-3.1690287606885983 S=9.01259969735352].pdf(2.1303180672029347)
Testing logNormal[M=-2.067164149353421 S=3.5387749032270808].pdf(2.089640052368496)
Testing logNormal[M=-1.5272078446327986 S=0.8920374348641269].pdf(0.6154419776053561)
Testing logNormal[M=-1.3220692187029948 S=7.57068722391752].pdf(0.9682431195606314)
Testing logNormal[M=3.693239622972376 S=8.449259447353802].pdf(0.5656215854320814)
Testing logNormal[M=0.19928230565859817 S=5.871876493174545].pdf(1.8512402931262373)
Testing logNormal[M=-3.7341674078385823 S=3.243914367405367].pdf(1.2264236635963681)
Testing logNormal[M=0.3258454262306927 S=8.342513975182484].pdf(0.9609986305318307)
Testing logNormal[M=3.158763260854835 S=0.7127708008536715].pdf(0.29273942905755823)
Testing logNormal[M=-1.4757024777854708 S=9.391528087256933].pdf(2.126452387292184)
Testing logNormal[M=4.250517108243182 S=1.4078244204643975].pdf(1.7796118833148058)
Testing logNormal[M=1.799636333917995 S=1.90249567849328].pdf(1.4060375427045577)
Testing logNormal[M=0.6433193403488415 S=7.535487511491645].pdf(1.9554597622832888)
Testing logNormal[M=-4.570124236575434 S=6.7847828234914065].pdf(2.0691897442937637)
Testing logNormal[M=2.2859959393227776 S=4.746928473126006].pdf(1.6721087746342227)
Testing logNormal[M=-4.8323719100850315 S=7.9570682977541365].pdf(1.660791820043433)
Testing logNormal[M=3.209781287160096 S=5.472858318224391].pdf(1.4186793927942734)
Testing logNormal[M=-0.7426873364708309 S=2.612908751453994].pdf(2.168447320874082)
Testing logNormal[M=-3.7109227841490453 S=0.40258972132412474].pdf(1.4491937185969601)
Testing logNormal[M=-1.3924886169453279 S=0.023509032831988685].pdf(1.163740291306951)
Testing logNormal[M=3.99929993157658 S=5.463000428818159].pdf(2.2151228496767654)
Testing logNormal[M=4.560125158288541 S=3.7768940768779604].pdf(2.2727420560163436)
Testing logNormal[M=0.4165810304070803 S=5.222013445628022].pdf(1.9814570827061895)
Testing logNormal[M=-3.446163527097399 S=1.3294091126141971].pdf(1.15543794328053)
Testing logNormal[M=-0.3734072286331038 S=5.14525161408524].pdf(0.6649375867409358)
Testing logNormal[M=-2.9863975508605254 S=5.120682872083626].pdf(0.9236227277861084)
Testing logNormal[M=0.711626660804038 S=0.6620264220215721].pdf(1.8739595961149658)
Testing logNormal[M=4.378783157293469 S=1.2837160146039972].pdf(1.361993315831437)
Testing logNormal[M=4.408933377836629 S=9.221247324960407].pdf(1.98595826602207)
Testing logNormal[M=2.2603687117513243 S=8.07453954379068].pdf(1.7971010319531002)
Testing logNormal[M=1.5907440528413215 S=7.825299962599112].pdf(1.6914229957548381)
Testing logNormal[M=3.952651995421041 S=7.975891103529308].pdf(1.0978877298994525)
Testing logNormal[M=3.1163597344800813 S=4.440841032431479].pdf(1.194574119679022)
Testing logNormal[M=1.0612660094315851 S=2.9214025056503523].pdf(1.3608983284656533)
Testing logNormal[M=4.250192992483136 S=6.730678076577526].pdf(1.6445561323003706)
Testing logNormal[M=-4.697310894601612 S=5.647409747768757].pdf(2.240761884031251)
Testing logNormal[M=-3.7536808772295327 S=6.805924318952403].pdf(1.9532073962005134)
Testing logNormal[M=0.9788390315213817 S=7.171908346986264].pdf(1.8411797030392985)
Testing logNormal[M=-1.275189688294759 S=3.2215628631903392].pdf(1.816647161646713)
Testing logNormal[M=3.0176686001034376 S=3.6379277122666362].pdf(2.2157755351582917)
Testing logNormal[M=0.7640004305395856 S=2.9606332667705004].pdf(1.8768480705961368)
Testing logNormal[M=0.06914272799698651 S=5.440819887302678].pdf(2.0550931835221573)
Testing logNormal[M=1.2085158664209885 S=7.2468796503373865].pdf(0.23378683353904878)
Testing logNormal[M=-4.14646700736647 S=2.362549142032405].pdf(1.370598442617819)
Testing logNormal[M=-3.0941218922910476 S=0.9416271375681173].pdf(1.293582413336209)
Testing logNormal[M=-4.229671142436109 S=6.057700355633338].pdf(1.1906502464026674)
Testing logNormal[M=-4.2200210852734 S=6.287202994940268].pdf(2.2905749241887463)
Testing logNormal[M=-4.179047620437979 S=7.564541951155839].pdf(1.7314678246927964)
Testing logNormal[M=0.4590556436874449 S=0.9889019467635707].pdf(1.129081627740845)
Testing logNormal[M=-1.5782037586590603 S=4.316343051422866].pdf(2.0217110515697856)
Testing logNormal[M=4.571361662061777 S=4.778715207194548].pdf(2.2392015431126198)
Testing logNormal[M=3.4259631671495825 S=9.090523569125853].pdf(2.022199268053431)
Testing logNormal[M=-2.3902018929476423 S=9.636800486525406].pdf(2.146812976054347)
Testing logNormal[M=2.429590076420965 S=3.194981671642588].pdf(2.2071893409627172)
Testing logNormal[M=-1.0281407586751126 S=0.5130353035308488].pdf(2.253310613316809)
Testing logNormal[M=-1.700471143836765 S=0.7930694200820454].pdf(1.1942686015184782)
Testing logNormal[M=2.755226946343159 S=6.687358405463369].pdf(2.2046031506694463)
Testing logNormal[M=0.31108155078909494 S=6.637830447629247].pdf(2.179949385209431)
Testing logNormal[M=1.6198256653885252 S=6.13319267073641].pdf(1.8222754372294527)
Testing logNormal[M=-3.6464303975738286 S=0.11639114675602635].pdf(1.6443019327344368)
Testing logNormal[M=-0.19982189796714955 S=0.4500847572344313].pdf(1.9388088893338025)
Testing logNormal[M=-2.928893743857092 S=9.749854818247032].pdf(1.646664210139435)
Testing logNormal[M=3.192532460161594 S=7.894592226151311].pdf(1.7922148660279393)
Testing logNormal[M=-3.304685793069375 S=4.319810074120878].pdf(1.717872257447353)
Testing logNormal[M=1.0829935936263038 S=3.7702678945469126].pdf(1.6909630722992361)
Testing logNormal[M=-1.9200234880063682 S=0.0438856857567238].pdf(0.3425042392403912)
Testing logNormal[M=-2.2897649039168155 S=3.501482564264201].pdf(0.013225787859598782)
Testing logNormal[M=-4.979574509779775 S=2.013060586878206].pdf(1.2434651047461402)
Testing logNormal[M=-3.1806326428492584 S=2.0754401582715465].pdf(1.9018701659878348)
Testing logNormal[M=2.589672756656583 S=8.597847534353502].pdf(0.8570461882263283)
Testing logNormal[M=-2.2989116636806486 S=4.051353064443763].pdf(1.4241694912500764)
Testing logNormal[M=-2.5706060322435142 S=6.622539868351064].pdf(1.3706023567205117)
Testing logNormal[M=0.9938110820256139 S=5.671804028623784].pdf(2.2208737281531747)
Testing logNormal[M=1.981219074228223 S=1.3179047360271323].pdf(1.93384622159141)
Testing logNormal[M=1.9209260831705501 S=7.131588850973846].pdf(0.8132988537522521)
Testing logNormal[M=-2.4356863907831086 S=9.568313067990227].pdf(1.8134644437207)
Testing logNormal[M=4.749422059005507 S=8.878794738977735].pdf(1.1795963616442988)
Testing logNormal[M=2.8404414868454184 S=5.292446594915983].pdf(1.2086771208540763)
Testing logNormal[M=0.6533907727261461 S=5.237687670995842].pdf(2.2353152803057617)
Testing logNormal[M=3.8976090465117554 S=7.99822530448015].pdf(2.1676208188527557)
Testing logNormal[M=3.6775286669754372 S=3.5064183686637107].pdf(2.1976562692647836)
Testing logNormal[M=1.7541607619202324 S=1.1271330175862604].pdf(2.1303308190400503)
Testing logNormal[M=-4.9643079662922105 S=3.7228184859832583].pdf(1.8464565317435784)
Testing logNormal[M=2.730494050071761 S=9.688508240650378].pdf(1.3843320951536737)
Testing logNormal[M=-0.8536998371406241 S=6.995441074105978].pdf(1.952578069841396)
Testing logNormal[M=-1.4941252266871938 S=4.9785606525192705].pdf(1.7085117612642373)
Testing logNormal[M=-3.329723911032257 S=7.29939274910894].pdf(1.9479173216200472)
Testing logNormal[M=2.2361190885323543 S=1.230940932621497].pdf(0.6892611052392039)
Testing logNormal[M=2.225186713015015 S=2.28377911365498].pdf(1.1407155607631434)
Testing logNormal[M=2.99811543139535 S=8.226472846056044].pdf(1.1324075340135378)
Testing logNormal[M=3.810730428193633 S=8.589059440475449].pdf(0.0025870680868630667)
Testing logNormal[M=-4.902135146663071 S=7.874306193628008].pdf(2.2524544781847777)
Testing logNormal[M=-1.3598149005188387 S=0.8750911320822585].pdf(0.28859857907283964)
Testing logNormal[M=-3.9292740077099273 S=1.0660475146853643].pdf(1.0398803366672684)
Testing logNormal[M=-2.357383393746141 S=0.1972038957071809].pdf(2.0297517111617642)
Testing logNormal[M=1.3296933439056957 S=4.247001769381587].pdf(1.3722815784786568)
Testing logNormal[M=-4.8295349210343925 S=2.7092705022896113].pdf(1.4617249211337648)
Testing logNormal[M=0.9160456147184837 S=8.652892485709971].pdf(1.345253996777558)
Testing logNormal[M=-4.280891748556427 S=4.718990368343055].pdf(1.083539318245245)
Testing logNormal[M=-1.1341950138975587 S=9.204049487219866].pdf(1.1547770220727303)
Testing logNormal[M=-3.970640547803624 S=4.308535626580927].pdf(2.2650806921906628)
Testing logNormal[M=-3.3720798568025954 S=8.286848640147944].pdf(1.7896570044011146)
Testing logNormal[M=2.5374493296712153 S=9.103652393926488].pdf(2.2998730623684813)
Testing logNormal[M=-2.4874901948102957 S=2.760625469027942].pdf(1.4008076846939606)
Testing logNormal[M=-1.3042818191017558 S=7.270752700434099].pdf(2.283907426050821)
Testing logNormal[M=-0.6961274680748017 S=4.412908907339982].pdf(2.170611457038961)
Testing logNormal[M=-1.2354720353535242 S=8.433898243432028].pdf(0.6731660969316736)
Testing logNormal[M=3.8531934224682445 S=3.207310154002143].pdf(1.623695297759674)
Testing logNormal[M=-3.581885647927968 S=1.9313692514355518].pdf(2.1478366897096683)
Testing logNormal[M=4.979801745647723 S=3.9859690392620264].pdf(1.7437238263949362)
Testing logNormal[M=-2.6815129047187813 S=7.347944627244916].pdf(1.0320362561264977)
Testing logNormal[M=4.466826966643755 S=4.236871377080826].pdf(1.8442017654896752)
Testing logNormal[M=4.398668849822647 S=8.732085199344255].pdf(1.7372035992542352)
Testing logNormal[M=-0.5501878595583563 S=1.9331060178561].pdf(1.8966829436861432)
Testing logNormal[M=-2.06004376729278 S=0.7852572802268087].pdf(1.6151695286011125)
Testing logNormal[M=-3.1609494900219124 S=3.080899108027655].pdf(0.4366181715616564)
Testing logNormal[M=-2.560648046593763 S=1.3916985664511927].pdf(2.0239716494949)
Testing logNormal[M=3.8610887806501957 S=9.604202233389813].pdf(2.192715328245774)
Testing logNormal[M=-2.7953861950572123 S=5.8363085348174835].pdf(0.6133754006353308)
Testing logNormal[M=-1.7260084969998903 S=4.739944218219373].pdf(2.079253052459291)
Testing logNormal[M=-1.7197441877025388 S=6.265474116265002].pdf(2.2424796933066555)
Testing logNormal[M=1.8676864355629021 S=8.466952493068849].pdf(2.1537484377128413)
Testing logNormal[M=-4.288763735233594 S=7.506805387665647].pdf(1.3577567922088232)
Testing logNormal[M=4.506328301336318 S=1.4492682239112364].pdf(0.07724344078417208)
Testing logNormal[M=-3.6585379333647214 S=4.809541020983394].pdf(1.964206953137979)
Testing logNormal[M=-4.045513913234924 S=3.5503461478663114].pdf(2.2092251721210823)
Testing logNormal[M=4.142889064018773 S=9.59292173297319].pdf(2.2080502581603887)
Testing logNormal[M=-1.865997094742312 S=1.3430421066995035].pdf(2.1741021929268074)
Testing logNormal[M=2.9391303233955233 S=1.3089514676554137].pdf(2.231022043820826)
Testing logNormal[M=-2.517998402689324 S=2.0091138844063003].pdf(1.7336227319228588)
Testing logNormal[M=-1.281372477970617 S=2.3026778534530856].pdf(2.2431674922816316)
Testing logNormal[M=1.2019961651725453 S=1.9282318393339604].pdf(0.4937349194606742)
Testing logNormal[M=1.0855932521260296 S=9.585772786855097].pdf(0.12027724831780755)
Testing logNormal[M=1.0465333962955796 S=1.5029158033541568].pdf(1.3709919882588388)
Testing logNormal[M=-0.7316163126303028 S=6.346709981475188].pdf(1.6143059879623038)
Testing logNormal[M=0.19799017887891068 S=0.11567048576162531].pdf(2.0673787168966893)
Testing logNormal[M=-0.09077626140611006 S=4.086044053077434].pdf(1.246242635311357)
Testing logNormal[M=-0.9188547926241668 S=8.121857368730526].pdf(0.741001718914776)
Testing logNormal[M=3.987717957605332 S=1.1253445349215374].pdf(2.0215595965009014)
Testing logNormal[M=-2.937773526379457 S=2.9529958215097327].pdf(2.032517257304764)
Testing logNormal[M=-4.866892003405486 S=0.9582987617387373].pdf(0.9851925260172724)
Testing logNormal[M=-1.269030015219422 S=9.91717345762564].pdf(0.9637265767173605)
Testing logNormal[M=-3.856916787491378 S=3.841573153547425].pdf(1.2864858450343788)
Testing logNormal[M=-3.560295954083621 S=3.294378532208148].pdf(2.227924263913005)
Testing logNormal[M=1.9317520832260007 S=2.129551473768956].pdf(2.156665473765874)
Testing logNormal[M=-2.941763687976037 S=0.7121594432329892].pdf(2.2012954250795165)
Testing logNormal[M=2.679748149243368 S=6.667277456860359].pdf(2.265873195459909)
Testing logNormal[M=-4.553050751682255 S=3.927990026999316].pdf(1.616450335629511)
Testing logNormal[M=4.967594448903574 S=5.486213399994587].pdf(1.8445861135640125)
Testing logNormal[M=-0.26781605991096313 S=7.266415516100794].pdf(1.6553406971683386)
Testing logNormal[M=3.1949122430504513 S=8.010443420943806].pdf(2.232470388608139)
Testing logNormal[M=4.5029142398761035 S=1.9379018005393855].pdf(2.050872160719375)
Testing logNormal[M=0.3713781046129707 S=2.0043068072929615].pdf(0.8766325490167918)
Testing logNormal[M=0.5387827854302447 S=5.186510159829602].pdf(2.0840082969347087)
Testing logNormal[M=0.4691645359388996 S=7.671425304316748].pdf(2.09225014572932)
Testing logNormal[M=2.686189634717943 S=1.5276182193919219].pdf(0.6819807707036137)
Testing logNormal[M=-3.2150334643599674 S=1.795827375943314].pdf(1.7694399313573055)
Testing logNormal[M=-4.670446242543399 S=3.5690270438745806].pdf(1.8925070520649863)
Testing logNormal[M=0.05618314064727237 S=1.964350179880946].pdf(0.8644892229628255)
Testing logNormal[M=-1.4919873078874701 S=3.4546089413052163].pdf(2.0166357961060544)
Testing logNormal[M=-4.3169780117742285 S=6.008504233477979].pdf(1.6581826063764655)
Testing logNormal[M=2.0625228487002287 S=5.858304071857622].pdf(0.8388594924238942)
Testing logNormal[M=-0.2313543087932901 S=8.334449653845635].pdf(0.75921436094279)
Testing logNormal[M=2.617431191236813 S=4.412967466695706].pdf(0.4098747404305)
Testing logNormal[M=1.8985432903707622 S=3.2297254086930294].pdf(2.1868782692742155)
Testing logNormal[M=-1.8017461593863047 S=4.361220490789622].pdf(1.2733189335670754)
Testing logNormal[M=1.4633852846311326 S=4.0621202443424].pdf(2.283544123513192)
Testing logNormal[M=3.699605545562676 S=8.755882614033974].pdf(2.1892152889666994)
Testing logNormal[M=-3.870762702708963 S=8.7822718100484].pdf(1.232251020523648)
Testing logNormal[M=-2.1580500340210076 S=9.985206295772564].pdf(1.9813073290535845)
Testing logNormal[M=-3.1854953871909606 S=6.8729321745287955].pdf(1.7068447860351297)
Testing logNormal[M=4.349895788660806 S=3.9448130563009176].pdf(2.0322217727429104)
Testing logNormal[M=-2.1427942978427272 S=8.7003707935608].pdf(2.244806927662973)
Testing logNormal[M=-1.3761078332445797 S=7.119588888652095].pdf(1.9786723386235552)
Testing logNormal[M=-3.887534842820146 S=0.028150026068258782].pdf(1.2702943073808428)
Testing logNormal[M=-1.5446042449756412 S=1.7458642211703046].pdf(1.57255063933444)
Testing logNormal[M=0.7087761822490792 S=2.5859315699344423].pdf(1.3791125896103864)
Testing logNormal[M=1.8101386275145277 S=0.2926577084723292].pdf(1.2626421385733109)
Testing logNormal[M=-0.6754620986147639 S=4.871950495565804].pdf(2.075885724491309)
Testing logNormal[M=4.289446913605936 S=8.728473543447983].pdf(0.9346489304789101)
Testing logNormal[M=-1.1159334398745777 S=0.9037325791797546].pdf(0.49506621205407275)
Testing logNormal[M=4.1803287483420615 S=9.46814817247348].pdf(1.3554925382238936)
Testing logNormal[M=-2.8981750683273457 S=5.048264531292386].pdf(2.1212724715231435)
Testing logNormal[M=-3.9523983352657064 S=8.229985051488136].pdf(1.6660837378385467)
Testing logNormal[M=4.161216796835989 S=2.9469667979613936].pdf(1.471104583910034)
Testing logNormal[M=3.31547985779957 S=7.991119292503775].pdf(1.5332413541189573)
Testing logNormal[M=0.7529036760854222 S=6.443964054384938].pdf(1.9292293914863017)
Testing logNormal[M=-0.616651942894249 S=4.608505759181401].pdf(2.2717016500442835)
Testing logNormal[M=4.015633674835364 S=2.6356033058056316].pdf(1.6186176071513714)
Testing logNormal[M=1.1195512869680861 S=8.642874486415991].pdf(1.0275714025352674)
Testing logNormal[M=-4.334343067517789 S=2.372177926931437].pdf(2.108864563642644)
Testing logNormal[M=-0.11646623270630929 S=8.31577203033059].pdf(2.1997040191400243)
Testing logNormal[M=-2.9352848498934914 S=5.638812782018726].pdf(0.6410702565332151)
Testing logNormal[M=-4.225368111088298 S=8.43254367263366].pdf(2.067255804213518)
Testing logNormal[M=3.121217831137523 S=8.3982308186255].pdf(2.057444657636961)
Testing logNormal[M=1.7575069639666827 S=4.590586910326188].pdf(2.210388416784776)
Testing logNormal[M=3.330589913200102 S=0.06249784756502508].pdf(1.9084152144202464)
Testing logNormal[M=4.609859509914848 S=8.0850454450921].pdf(2.15205663016378)
Testing logNormal[M=-4.549776313678993 S=2.534979366701159].pdf(2.0644321612281904)
Testing logNormal[M=0.8932424902891389 S=6.250071867275963].pdf(1.9036072106119817)
Testing logNormal[M=-3.1397132795161777 S=1.36275660186698].pdf(1.947818843073128)
Testing logNormal[M=-0.5013102934851075 S=0.5811115099307707].pdf(1.9183753860637902)
Testing logNormal[M=3.4247460539531787 S=1.6405179822820515].pdf(1.5834140014478086)
Testing logNormal[M=3.99617514641551 S=0.36728980259368327].pdf(0.6538304823630838)
Testing logNormal[M=-0.6322248575145695 S=8.704399501600808].pdf(0.8832049135868651)
Testing logNormal[M=2.6147499222558137 S=8.712803548444771].pdf(2.1119938510652516)
Testing logNormal[M=2.4327796295084214 S=4.180917094581554].pdf(0.9481491037953126)
Testing logNormal[M=0.9224321623130756 S=7.286518125791512].pdf(0.4393203118461293)
Testing logNormal[M=-0.8859470124121991 S=5.2355639640323215].pdf(1.0810383146309759)
Testing logNormal[M=0.6656499501120141 S=8.26818967795476].pdf(0.7004823132067545)
Testing logNormal[M=-1.7265782606389477 S=8.509246118114657].pdf(2.287192660811883)
Testing logNormal[M=4.759649836582518 S=9.678014592567578].pdf(2.0620068694951756)
Testing logNormal[M=4.390554627196213 S=1.9917116172584537].pdf(0.7103270823831821)
Testing logNormal[M=-4.581022733267867 S=7.938113660164804].pdf(1.5941098643564293)
Testing logNormal[M=2.694532577609672 S=5.219326306079455].pdf(1.0789295942522767)
Testing logNormal[M=1.2224354813089882 S=3.2804518910963765].pdf(1.9456767561267427)
Testing logNormal[M=-0.14134104880495268 S=4.211305185632106].pdf(0.5574019148116776)
Testing logNormal[M=-4.013127651867986 S=4.864353065694811].pdf(1.9275724386975768)
Testing logNormal[M=2.1568671832395463 S=9.318495736562971].pdf(1.23476433856386)
Testing logNormal[M=-4.287197692077429 S=0.10980910322821003].pdf(1.4524800346325435)
Testing logNormal[M=2.3096092927069245 S=6.515764893421531].pdf(1.2919616511083383)
Testing logNormal[M=-0.3895440444407674 S=3.5650870000354073].pdf(2.2681191441906297)
Testing logNormal[M=0.3976607000943009 S=8.157728765251598].pdf(2.267175382237541)
Testing logNormal[M=3.4307048427777893 S=3.2207253985856443].pdf(0.8557339272757924)
Testing logNormal[M=1.2007067876758173 S=7.0429066707970955].pdf(0.5513905237890905)
Testing logNormal[M=-2.8470989769836894 S=8.750593480215285].pdf(1.9666836992213448)
Testing logNormal[M=-4.8932662931371045 S=5.023881130484585].pdf(1.8552451828228949)
Testing logNormal[M=0.4414998577637448 S=1.150985500895012].pdf(1.129120761440519)
Testing logNormal[M=0.0431329079821543 S=5.318654969802271].pdf(2.0832950028509902)
Testing logNormal[M=-2.6577021471480045 S=2.5156624619655044].pdf(2.2686695572495568)
Testing logNormal[M=0.8147781122163096 S=8.79250715069402].pdf(2.1682232813732427)
Testing logNormal[M=-0.005759207130767052 S=6.094092066800881].pdf(2.0780449013399047)
Testing logNormal[M=1.7489593896072684 S=3.4688596065732744].pdf(2.1695758891469605)
Testing logNormal[M=4.54340816869291 S=7.050926441460392].pdf(1.7665287288533267)
Testing logNormal[M=3.3929482932398223 S=8.365904523717267].pdf(2.114602947685886)
Testing logNormal[M=3.658372976722312 S=2.6533903732791986].pdf(2.2084873571481904)
Testing logNormal[M=0.4559007226563905 S=8.83984648925665].pdf(0.7637809731686044)
Testing logNormal[M=-4.230822006496634 S=7.164620669449905].pdf(1.289883595731906)
Testing logNormal[M=0.40001314505270713 S=2.0812938671225623].pdf(2.190182024003778)
Testing logNormal[M=-0.8657103194229387 S=2.6793477696989987].pdf(1.6284790929379893)
Testing logNormal[M=3.2611585373797407 S=6.866428036636653].pdf(1.8483334456777203)
Testing logNormal[M=1.3563885191312641 S=1.1212739432006602].pdf(0.7788999859196343)
Testing logNormal[M=3.13105561292158 S=7.106466150470582].pdf(2.261877856183441)
Testing logNormal[M=3.7610603207791407 S=7.441390269001591].pdf(1.5629048930636125)
Testing logNormal[M=-1.4410999370817557 S=7.075292024384661].pdf(0.8383886100944069)
Testing logNormal[M=-1.3819432168835322 S=6.264853917713461].pdf(1.390578637318652)
Testing logNormal[M=1.5355987962513549 S=1.407384636214658].pdf(2.244952170062502)
Testing logNormal[M=-1.5895511522010097 S=3.090449985233603].pdf(1.5513935967385966)
Testing logNormal[M=-4.724865949913623 S=2.100897642197712].pdf(1.9115401520650057)
Testing logNormal[M=4.094631851502385 S=2.6633182491002105].pdf(1.6570110779095888)
Testing logNormal[M=-1.0317701035859717 S=7.781436015123861].pdf(2.277882704892461)
Testing logNormal[M=0.5217375585965396 S=3.459604836926805].pdf(1.1525884118404746)
Testing logNormal[M=0.5215952314704602 S=5.068963632903034].pdf(1.7186434539802724)
Testing logNormal[M=-2.260948400304783 S=2.9540570624616103].pdf(2.2982837432239296)
Testing logNormal[M=3.9531366105878067 S=3.741555582300408].pdf(0.3016532113417913)
Testing logNormal[M=0.7445666996135527 S=0.28409569020559355].pdf(1.6432097604585447)
Testing logNormal[M=-0.9850677796443366 S=3.242892474788892].pdf(2.0410714770843343)
Testing logNormal[M=-4.158900354805052 S=4.206230579272255].pdf(0.1573546595506434)
Testing logNormal[M=-4.656603047507701 S=9.546084446805716].pdf(2.0506698184943213)
Testing logNormal[M=-0.4089515855217378 S=5.46410822974071].pdf(1.7714419708780735)
Testing logNormal[M=-3.9727454826843642 S=0.7572248127262327].pdf(1.994835097195969)
Testing logNormal[M=3.4147400980129863 S=4.421987644507299].pdf(2.0404102134218536)
Testing logNormal[M=-0.854096984159229 S=7.44737685773177].pdf(2.0217363187749107)
Testing logNormal[M=1.3456175362845624 S=5.014229881650804].pdf(1.378583942675463)
Testing logNormal[M=-0.6509539615936948 S=0.2544871647715674].pdf(1.8218402049532978)
Testing logNormal[M=3.755713929176002 S=3.794605283295293].pdf(2.225753225309953)
Testing logNormal[M=0.8003156440116586 S=9.860485078834193].pdf(2.015063735473004)
Testing logNormal[M=-4.722683283971487 S=6.110160954172833].pdf(0.9156750654664831)
Testing logNormal[M=3.02812526093253 S=6.9190654601786585].pdf(1.6921062220140528)
Testing logNormal[M=-3.4479115268599148 S=3.6569876974434323].pdf(2.2328162119546047)
Testing logNormal[M=-3.354538100846851 S=6.0132932498036595].pdf(0.504349507465719)
Testing logNormal[M=-0.21498788228805665 S=0.4535570851269777].pdf(1.5890684258477212)
Testing logNormal[M=-3.1590174619439217 S=5.795591596984347].pdf(2.1367335490071016)
Testing logNormal[M=-4.864369612913771 S=4.28052872094465].pdf(1.646358172585118)
Testing logNormal[M=-4.992772849754901 S=4.402023864906641].pdf(1.43332150704745)
Testing logNormal[M=0.24399733563971093 S=7.404250252560002].pdf(2.1187471586365394)
Testing logNormal[M=-1.0024037002630912 S=7.0891176452682].pdf(1.1995560044039055)
Testing logNormal[M=3.1317085195143033 S=0.9366524922289698].pdf(2.1586680780501006)
Testing logNormal[M=3.7942257351235735 S=9.245435770038613].pdf(1.4330798291012805)
Testing logNormal[M=-2.5489484346030924 S=6.81978568161599].pdf(2.2436508372722033)
Testing logNormal[M=-3.7798850653288008 S=6.063982699609265].pdf(1.2946770191450885)
Testing logNormal[M=-0.8300443320283755 S=4.397639891702435].pdf(0.9049740562277375)
Testing logNormal[M=-0.39049772771082214 S=2.985895178618283].pdf(0.6160795084695353)
Testing logNormal[M=3.0949060001550492 S=9.949598100477072].pdf(1.484058578996401)
Testing logNormal[M=-1.482191957070651 S=4.51350441939576].pdf(2.054108046441886)
Testing logNormal[M=0.8088800509562102 S=1.7434356241530202].pdf(2.2875476389992926)
Testing logNormal[M=2.9228749746465645 S=5.878190945653241].pdf(0.666025404799518)
Testing logNormal[M=-0.5919921016127851 S=0.29333991423385775].pdf(1.7378451711331442)
Testing logNormal[M=0.14145651318316244 S=2.711032859928917].pdf(1.8806585962454139)
Testing logNormal[M=3.538478011824102 S=8.815940537476376].pdf(0.6237882661336714)
Testing logNormal[M=0.9121969322777925 S=8.1508309205148].pdf(1.546708949586375)
Testing logNormal[M=3.6824534058128062 S=4.455047892996529].pdf(2.2769355286212116)
Testing logNormal[M=-3.6828824026600393 S=7.964128219596228].pdf(1.7896290773639625)
Testing logNormal[M=-4.810083543086613 S=6.167840977714027].pdf(1.972205170802144)
Testing logNormal[M=-3.230222425912599 S=5.568410758291438].pdf(1.9194295049407082)
Testing logNormal[M=0.4131890590040479 S=5.317701196575731].pdf(1.5045809659178824)
Testing logNormal[M=2.334373342798867 S=4.01096650042812].pdf(2.285258857093327)
Testing logNormal[M=-4.134082128559356 S=4.825783163365369].pdf(1.8028264405628043)
Testing logNormal[M=-0.33000294697232846 S=9.659788739174374].pdf(1.5099049523131889)
Testing logNormal[M=-0.8676672860132753 S=4.2039136291680625].pdf(1.949137877784044)
Testing logNormal[M=-1.0587703407041094 S=3.5442822202612434].pdf(1.7873641999360443)
Testing logNormal[M=3.1514628810074488 S=9.552713712673084].pdf(1.7873550781616716)
Testing logNormal[M=3.2728973613155574 S=4.017482532845877].pdf(2.1932352925506167)
Testing logNormal[M=1.0180857812278763 S=9.355617146571628].pdf(2.0324215264617886)
Testing logNormal[M=0.3092488123537578 S=1.550631011518242].pdf(2.094547853814272)
Testing logNormal[M=2.055325446100139 S=9.743954489785473].pdf(1.6393978857797729)
Testing logNormal[M=0.9505068307507383 S=2.7611466502566504].pdf(1.9711750539870163)
Testing logNormal[M=-3.3019938288124786 S=8.949236522879566].pdf(2.091794289511944)
Testing logNormal[M=4.361389389024934 S=9.570772902890297].pdf(0.8446553504480837)
Testing logNormal[M=-4.685547669875564 S=6.607096454064891].pdf(0.6804325215790703)
Testing logNormal[M=-1.0894063911362895 S=3.029065783370193].pdf(1.222244236920249)
Testing logNormal[M=2.4877562009502068 S=7.767415520000558].pdf(2.246299549831296)
Testing logNormal[M=-4.9597931356652385 S=6.20177900921448].pdf(2.1997720159280383)
Testing logNormal[M=-4.213731176909979 S=2.391883857536261].pdf(1.9197126395293944)
Testing logNormal[M=2.4821384501030153 S=7.136749970042665].pdf(0.24131036168100076)
Testing logNormal[M=-4.2333353754075045 S=6.483456693091537].pdf(2.0175640336789877)
Testing logNormal[M=-1.6200606179272583 S=8.486313135906267].pdf(1.8839039020794615)
Testing logNormal[M=3.002633738498586 S=2.5534616003886326].pdf(1.5487683908147651)
Testing logNormal[M=4.520279820493197 S=4.090527339091929].pdf(0.7750567677695446)
Testing logNormal[M=-4.402621825758848 S=7.692725816996634].pdf(1.2797829265388243)
Testing logNormal[M=-2.6905670274815554 S=3.6832438294035628].pdf(1.7268897852504197)
Testing logNormal[M=-2.6114360352975674 S=8.506463438313522].pdf(1.2733996564225611)
Testing logNormal[M=-4.766928587969571 S=3.5183028556031317].pdf(1.8461876442422922)
Testing logNormal[M=-1.4075068321816655 S=9.460568174268024].pdf(0.624689763981506)
Testing logNormal[M=-2.2660558706547507 S=0.0016332751745473661].pdf(2.051172884010132)
Testing logNormal[M=-2.4720877260715532 S=3.3205186646118747].pdf(2.0424697640166793)
Testing logNormal[M=0.7409396675546018 S=0.5247703436635831].pdf(0.2592807221809683)
Testing logNormal[M=-4.916460248969544 S=6.961340652173624].pdf(1.949740697056996)
Testing logNormal[M=-3.4994111242021475 S=6.251209699106925].pdf(1.7813035528065042)
Testing logNormal[M=-1.8099923259772166 S=1.8710513008799623].pdf(2.2889567580604226)
Testing logNormal[M=-2.5461325874960625 S=9.875825070050048].pdf(0.9839284470763145)
Testing logNormal[M=-0.6274048825272427 S=5.987547879688764].pdf(1.4912245851113202)
Testing logNormal[M=-2.0804773467121174 S=0.7510342348707855].pdf(1.784012845932567)
Testing logNormal[M=-1.7313939384863275 S=8.450531096604903].pdf(1.0505015063376384)
Testing logNormal[M=1.940964596131999 S=1.8132383768073246].pdf(0.7524804501738336)
Testing logNormal[M=-4.052406448578903 S=2.296422726168288].pdf(2.279685049453315)
Testing logNormal[M=0.4425695573385191 S=0.05114408721748065].pdf(1.81593581254149)
Testing logNormal[M=3.9646907032633347 S=1.3769422185342384].pdf(2.1021568460056868)
Testing logNormal[M=1.0690960048402136 S=5.340443043967889].pdf(1.9680456089064453)
Testing logNormal[M=0.5695856645891961 S=5.532723533061512].pdf(2.2850160072911283)
Testing logNormal[M=-1.5103157739689852 S=2.542938604054651].pdf(0.22100466942907396)
Testing logNormal[M=0.3333362756784153 S=0.9283486914469707].pdf(2.0668730156372574)
Testing logNormal[M=-1.44325337851026 S=5.4617495105812885].pdf(1.1979084390785042)
Testing logNormal[M=1.4983552109015683 S=9.193925228958594].pdf(1.7887637400078862)
Testing logNormal[M=0.9135748659953036 S=0.3835437118832208].pdf(1.7157284070322518)
Testing logNormal[M=4.335739406264457 S=7.694216088886357].pdf(2.078742956944385)
Testing logNormal[M=-0.18096454792010164 S=1.170153951285554].pdf(1.921180055374149)
Testing logNormal[M=-1.8522374717208843 S=4.401928146505338].pdf(2.175046218767905)
Testing logNormal[M=-0.653505616283951 S=3.483270485861939].pdf(1.995281299429547)
Testing logNormal[M=2.270392363615298 S=7.786696585275007].pdf(1.8979426373966264)
Testing logNormal[M=-0.15917430775462815 S=2.9276502056588862].pdf(1.2741435569755952)
Testing logNormal[M=-4.166161130882448 S=2.83047519152142].pdf(2.283246595360809)
Testing logNormal[M=-3.6612404167641364 S=6.5167209749110055].pdf(2.2697297288766354)
Testing logNormal[M=2.356835824355638 S=5.403052099643504].pdf(1.5896743947847833)
Testing logNormal[M=0.30655322439220445 S=0.25860723829741805].pdf(1.6342898260571501)
Testing logNormal[M=1.5229988621819812 S=0.5599721700306837].pdf(2.059428637769063)
Testing logNormal[M=3.1245967922057414 S=5.207430793615576].pdf(1.0347544401225561)
Testing logNormal[M=-1.1028229929225986 S=2.1650585859362783].pdf(2.1919032129531817)
Testing logNormal[M=2.412354952232371 S=3.1177134527267625].pdf(2.0225013527621276)
Testing logNormal[M=-4.069580496610574 S=7.685581679709033].pdf(2.2639995468507785)
Testing logNormal[M=-1.2418490032936838 S=9.518162303066104].pdf(1.290042336485751)
Testing logNormal[M=-0.34904327047139105 S=7.51561972935211].pdf(1.4927222730888157)
Testing logNormal[M=3.9254792341558886 S=6.648397770561915].pdf(1.8174010264290292)
Testing logNormal[M=4.570447992847198 S=1.150234651211104].pdf(1.0184630629451)
Testing logNormal[M=3.386303933692785 S=8.043882842079427].pdf(1.8871100087267156)
Testing logNormal[M=-2.31249943349615 S=1.7729147347815077].pdf(2.2931022635050233)
Testing logNormal[M=-0.7082164935549446 S=3.2290741333004025].pdf(1.8008969852367667)
Testing logNormal[M=-3.0513566520260227 S=3.1043493028864653].pdf(2.245990821616308)
Testing logNormal[M=-4.355663867767323 S=8.254577217476998].pdf(1.8696625114409595)
Testing logNormal[M=-4.961273083409198 S=3.119440732405522].pdf(1.4577520735111438)
Testing logNormal[M=-4.158146448809184 S=0.6589758603652929].pdf(2.2504047820651745)
Testing logNormal[M=-4.708442998226254 S=3.4187476737034794].pdf(1.894124297598391)
Testing logNormal[M=-2.3762306986556214 S=8.99404441861488].pdf(2.017320344412792)
Testing logNormal[M=4.172916038525255 S=2.179826822097021].pdf(0.9647101982576833)
Testing logNormal[M=-2.1114011611417394 S=0.014488297188222088].pdf(1.5064243057991795)
Testing logNormal[M=-0.8216620981252518 S=4.0730843000301125].pdf(0.16938141569228207)
Testing logNormal[M=3.3906179657128206 S=0.3267525356288392].pdf(2.2769643750468562)
Testing logNormal[M=-1.219402064364731 S=1.873025567312716].pdf(2.241461081533824)
Testing logNormal[M=3.4355953577805405 S=0.05363050462662278].pdf(1.1111092792835033)
Testing logNormal[M=-2.405137688687379 S=8.216263138400276].pdf(1.0341821748970752)
Testing logNormal[M=1.5631959815387022 S=7.340857204778297].pdf(1.7109780207281693)
Testing logNormal[M=1.1952801713764085 S=0.8994906818947979].pdf(1.9389907422245485)
Testing logNormal[M=0.6424892066084134 S=6.10917596926897].pdf(2.0497708046598664)
Testing logNormal[M=-1.597906269047813 S=8.353308517000817].pdf(1.922185632113379)
Testing logNormal[M=-2.6040215507492634 S=5.647543033514446].pdf(1.9054163425127941)
Testing logNormal[M=-1.3908045480237439 S=5.663778319103199].pdf(2.225826618528352)
Testing logNormal[M=-3.3219725411701715 S=2.3242746696423158].pdf(1.357126115825325)
Testing logNormal[M=-0.4991645938408027 S=9.65334898332668].pdf(2.2315276828919512)
Testing logNormal[M=1.7037338370236608 S=2.8082188989420764].pdf(0.2634310874150907)
Testing logNormal[M=1.5391090500171334 S=6.919487931082284].pdf(1.5190718299376629)
Testing logNormal[M=2.7135467880506168 S=6.08206472195337].pdf(1.579782161136915)
Testing logNormal[M=1.0963942485653586 S=5.180393864719896].pdf(1.7342140136522186)
Testing logNormal[M=2.547237071574137 S=1.8764538703279354].pdf(1.3002185945702303)
Testing logNormal[M=-2.9633334778165143 S=7.527794934674344].pdf(2.1430613581687825)
Testing logNormal[M=0.6696169224658091 S=2.8127022489066142].pdf(2.2431710136890834)
Testing logNormal[M=-2.546386845224707 S=7.603039766773856].pdf(1.5041326901936078)
Testing logNormal[M=2.698994224705867 S=9.982479699385621].pdf(1.1000117265317495)
Testing logNormal[M=2.8952211518732973 S=5.146431767394326].pdf(2.0985414861573415)
Testing logNormal[M=-0.7366868628212995 S=2.0228560180066846].pdf(1.2401637392201794)
Testing logNormal[M=-2.534972020880396 S=5.362299442003211].pdf(1.3367049301673062)
Testing logNormal[M=-4.292562991837476 S=6.959910010792047].pdf(1.041166961233909)
Testing logNormal[M=2.2488044605023116 S=2.3754625939337135].pdf(0.4309657502051809)
Testing logNormal[M=3.228405007082369 S=4.891394186527379].pdf(1.1605498451932592)
Testing logNormal[M=0.5874107915943148 S=0.9845501375552768].pdf(1.3899058723218238)
Testing logNormal[M=-0.7693404803675508 S=6.370058342944849].pdf(1.0489222965397662)
Testing logNormal[M=-2.362028312345612 S=4.521642504542084].pdf(1.4166876672113156)
Testing logNormal[M=-1.1972476287600253 S=8.03543768317594].pdf(1.5766369696181222)
Testing logNormal[M=-2.5980535009185046 S=4.704197913675012].pdf(1.099912661316314)
Testing logNormal[M=-1.9173999599804494 S=7.0873515228272845].pdf(1.7400592786434124)
Testing logNormal[M=-2.285895708052447 S=6.163184567861305].pdf(1.682289210840212)
Testing logNormal[M=0.8398383181283728 S=4.237925965325559].pdf(1.9414111894982158)
Testing logNormal[M=1.7038512402378894 S=2.1050753663440003].pdf(2.221913223886036)
Testing logNormal[M=0.2059599649837054 S=0.4227608493209323].pdf(1.6322688710904556)
Testing logNormal[M=-1.329286910312768 S=1.684896065030539].pdf(1.3602400860590704)
Testing logNormal[M=-2.8270954592794384 S=5.470360926491776].pdf(0.5430496967432192)
Testing logNormal[M=1.3069197847235774 S=5.321815970695002].pdf(2.301396449058177)
Testing logNormal[M=0.2974236841257474 S=2.6565965294109084].pdf(2.172682081297306)
Testing logNormal[M=2.7302668398328542 S=2.338020863631751].pdf(1.9897952572042477)
Testing logNormal[M=1.7066844064785611 S=3.503541891041535].pdf(0.19652125699694245)
Testing logNormal[M=-1.2349984213448142 S=7.3797783372205386].pdf(2.0123299584162258)
Testing logNormal[M=-2.0956885094748845 S=7.967354699709532].pdf(2.238197974305969)
Testing logNormal[M=0.1282458860791067 S=1.5024676231878986].pdf(1.446424800780933)
Testing logNormal[M=-1.6123711981114672 S=0.26900901296441737].pdf(0.7560590678158061)
Testing logNormal[M=4.190208857665404 S=5.329185560122674].pdf(1.7005347605908492)
Testing logNormal[M=0.6144208422440904 S=9.665738372513102].pdf(1.7281447400819936)
Testing logNormal[M=-0.8328488487795882 S=5.374938804556787].pdf(1.2137944643973642)
Testing logNormal[M=2.9443340805802984 S=9.74160657999047].pdf(1.2874643277254125)
Testing logNormal[M=1.077977551514718 S=8.738155880044571].pdf(1.561189221121286)
Testing logNormal[M=-3.778892857089824 S=6.376439130152676].pdf(1.6213173808864365)
Testing logNormal[M=3.689278558400318 S=1.7080547248467737].pdf(0.9495522750551364)
Testing logNormal[M=1.2718741495353258 S=8.078825833763949].pdf(1.561927398182741)
Testing logNormal[M=4.139758512357197 S=9.87509355141708].pdf(1.9052708574751274)
Testing logNormal[M=-2.619413731920608 S=8.550888955413683].pdf(2.2122843359132487)
Testing logNormal[M=-2.993780382118163 S=0.7461203186629406].pdf(2.221520749642924)
Testing logNormal[M=-4.153063792652211 S=8.010470556456097].pdf(2.0451805679553305)
Testing logNormal[M=-0.10475508767766151 S=2.9508786213904328].pdf(1.992820841917602)
Testing logNormal[M=-4.723313500705931 S=5.2611145090817635].pdf(2.12451259519876)
Testing logNormal[M=-0.12174094602410257 S=5.885897820316297].pdf(1.2191651482826213)
Testing logNormal[M=-0.5422278120844668 S=2.6944849491717857].pdf(1.7636079462061607)
Testing logNormal[M=4.077046186799423 S=7.973052070245305].pdf(1.3251577710379572)
Testing logNormal[M=-3.656359681201863 S=8.788407051276964].pdf(1.5176487263013987)
Testing logNormal[M=0.07752226405735563 S=4.375276738712244].pdf(2.2793212629591886)
Testing logNormal[M=3.0842907478685397 S=7.362760312824536].pdf(0.800015836440712)
Testing logNormal[M=0.7577493769330967 S=6.87351564380608].pdf(0.7352841458427956)
Testing logNormal[M=4.739576384431992 S=9.988466821772866].pdf(1.3959961547793447)
Testing logNormal[M=-2.427757490155389 S=0.8432782674632133].pdf(2.1325225085190462)
Testing logNormal[M=3.6022547848320894 S=3.429685697095479].pdf(2.25474882614997)
Testing logNormal[M=-1.02330763722866 S=2.4684155427122034].pdf(1.8408109414665303)
Testing logNormal[M=-3.359259004264098 S=0.33721760285405966].pdf(0.3070084438871778)
Testing logNormal[M=3.4348768461663006 S=8.75526940474766].pdf(2.0248618763675172)
Testing logNormal[M=-0.4014226295053085 S=6.643181708359976].pdf(1.2204645335335476)
Testing logNormal[M=3.037938891437948 S=5.1942110426885755].pdf(1.8218338179841842)
Testing logNormal[M=-2.245575842620602 S=7.490551309920922].pdf(2.0520746123367073)
Testing logNormal[M=-3.991156410200718 S=6.209743402183902].pdf(1.0670513881046932)
Testing logNormal[M=4.146124620622553 S=5.716435257386177].pdf(2.2032334957471207)
Testing logNormal[M=-2.639600237907546 S=3.5459562791569876].pdf(1.6184313588200412)
Testing logNormal[M=0.37180640938884046 S=4.0656894741709255].pdf(2.1343436514699183)
Testing logNormal[M=0.1028288439010252 S=3.8390248157572637].pdf(2.0012898248401325)
Testing logNormal[M=1.2620747356186168 S=0.6243533636426524].pdf(1.9083846043651844)
Testing logNormal[M=2.474930946181379 S=4.558100306632554].pdf(1.8439589873032305)
Testing logNormal[M=-0.36767644455895443 S=4.288802980790184].pdf(0.49661618019365295)
Testing logNormal[M=-2.9884588872335414 S=9.93556852317861].pdf(0.5219339640609306)
Testing logNormal[M=-0.4048028664896215 S=8.733631601886593].pdf(1.5016242259936092)
Testing logNormal[M=-3.9585333469185358 S=4.2044269718244776].pdf(0.8029839608611058)
Testing logNormal[M=1.8379789988863449 S=0.7628427544196936].pdf(2.0240416931699436)
Testing logNormal[M=1.5239959390328561 S=5.1079099976800055].pdf(1.7621219883778012)
Testing logNormal[M=-0.8727555237594311 S=1.5646887873814697].pdf(1.8293997351469733)
Testing logNormal[M=3.5433489707404533 S=2.868142662223109].pdf(2.121282597733956)
Testing logNormal[M=2.4779756124359684 S=8.48584511861932].pdf(2.251321816186375)
Testing logNormal[M=3.4205599369653097 S=4.328789727543815].pdf(1.7167622028821976)
Testing logNormal[M=-2.0359772442164417 S=5.568621478807517].pdf(1.250075644592049)
Testing logNormal[M=-1.9772331057110049 S=3.502598478021528].pdf(0.26349873877071245)
Testing logNormal[M=-3.09368232122176 S=6.89591233728145].pdf(2.183154182405673)
Testing logNormal[M=2.2522580442149547 S=5.144536292690805].pdf(2.280306775802186)
Testing logNormal[M=1.4031132184634405 S=9.195655890726613].pdf(1.4311359540538702)
Testing logNormal[M=-3.1866502241895676 S=7.066088593765048].pdf(1.3819137957191994)
Testing logNormal[M=-3.410212111419911 S=2.8015833880585364].pdf(1.3789549699408281)
Testing logNormal[M=0.8024512807987358 S=3.5402342559397857].pdf(1.6921316569849014)
Testing logNormal[M=-0.77066359079822 S=0.97492989289788].pdf(1.5868597428793352)
Testing logNormal[M=-0.2467133195226019 S=8.979641894823727].pdf(0.7549245579512625)
Testing logNormal[M=3.619751580604012 S=8.907149552006114].pdf(1.887053499667345)
Testing logNormal[M=-3.037072324048987 S=5.8087455698195525].pdf(0.15220148408666384)
Testing logNormal[M=-2.9644281609868073 S=3.9580508337300624].pdf(1.7648566078186019)
Testing logNormal[M=0.46808279532849006 S=2.51869556945055].pdf(1.9920758763067379)
Testing logNormal[M=1.9405932662322751 S=0.2625449482835174].pdf(1.2941907262291965)
Testing logNormal[M=1.5929157373041214 S=4.394045134069766].pdf(1.3166085658607665)
Testing logNormal[M=-1.678772298218071 S=9.064976129003043].pdf(2.120745284584963)
Testing logNormal[M=-1.2873229858060942 S=8.23386121931744].pdf(2.2560414584955812)
Testing logNormal[M=4.666188803021212 S=7.364714685293535].pdf(2.1552115046123967)
Testing logNormal[M=-4.40128420654387 S=2.181022453051893].pdf(2.226412962206185)
Testing logNormal[M=1.747343480576511 S=8.387390724458024].pdf(2.0859317693280035)
Testing logNormal[M=1.8311715898826506 S=9.47565366549256].pdf(1.9574405378996065)
Testing logNormal[M=4.246048213615303 S=0.557690985214363].pdf(1.8772470349257138)
Testing logNormal[M=4.07076387976106 S=0.7803153525594342].pdf(1.265142141906361)
Testing logNormal[M=0.05065248168382652 S=9.159474291416403].pdf(0.7532449892043572)
Testing logNormal[M=1.474961474813755 S=2.3962289510672976].pdf(0.333942803693707)
Testing logNormal[M=4.718066404774087 S=3.1965138390009784].pdf(1.7428901141366255)
Testing logNormal[M=4.288375007234956 S=4.2345771269049095].pdf(1.249400936174907)
Testing logNormal[M=-0.5551547894025388 S=9.22412259588911].pdf(1.1447157263729382)
Testing logNormal[M=2.828842376451778 S=7.699941714513487].pdf(1.3053026423419758)
Testing logNormal[M=2.406680076804734 S=1.7858918660403655].pdf(2.074210203389632)
Testing logNormal[M=-2.505955364385022 S=0.014797614365432699].pdf(1.8253699945489927)
Testing logNormal[M=-2.2651129716529237 S=3.568864288224497].pdf(1.8043422238488118)
Testing logNormal[M=-3.457707613707189 S=8.987367389113935].pdf(1.3218416340331844)
Testing logNormal[M=2.3411558481938934 S=4.777913958499584].pdf(2.0429524441736775)
Testing logNormal[M=-4.368645190077554 S=7.2854372144733395].pdf(0.2957709376469946)
Testing logNormal[M=0.5406031353259921 S=2.62154554205834].pdf(1.5722230798320331)
Testing logNormal[M=3.089935438125192 S=7.921973260602569].pdf(2.262632304047952)
Testing logNormal[M=-3.675380239861373 S=7.936249704210303].pdf(2.1214072074533767)
Testing logNormal[M=-3.312666342754574 S=8.485812071653864].pdf(2.1519453884829334)
Testing logNormal[M=4.84403848917362 S=4.121806847446983].pdf(1.98370041240061)
Testing logNormal[M=2.689289621711982 S=4.5506443744979705].pdf(1.1999408342641549)
Testing logNormal[M=1.5360575449633886 S=3.1755984863226248].pdf(1.7155820878209362)
Testing logNormal[M=2.9135561550686786 S=0.9373282560847307].pdf(1.925864337836987)
Testing logNormal[M=4.947192061466023 S=0.977267259041894].pdf(1.8433963428208178)
Testing logNormal[M=-1.815043708871913 S=0.7359178305916902].pdf(2.241174372369139)
Testing logNormal[M=1.1606648912368192 S=8.862433461060435].pdf(2.2008148283674314)
Testing logNormal[M=3.3768924755526495 S=3.009879552554585].pdf(0.06149635003153519)
Testing logNormal[M=-4.322161251780975 S=8.158733444673919].pdf(0.41234353531633405)
Testing logNormal[M=3.6245530837314366 S=9.754461192705184].pdf(1.8531096125526845)
Testing logNormal[M=3.0951875874621066 S=7.996999108845052].pdf(2.0772063786440995)
Testing logNormal[M=2.4904929846024446 S=8.115212906991356].pdf(0.7727900263628408)
Testing logNormal[M=4.509142757077445 S=3.030848863883727].pdf(2.216933473553934)
Testing logNormal[M=-0.07212729515421312 S=0.040417905564763545].pdf(1.633421722861647)
Testing logNormal[M=0.39177214161833973 S=2.971673660767774].pdf(1.7664778131631125)
Testing logNormal[M=-4.7648279077103055 S=5.5035151189384575].pdf(2.0124832793807133)
Testing logNormal[M=-3.1374886030114704 S=4.434326261649088].pdf(1.6546913764506115)
Testing logNormal[M=-2.1860400041062977 S=0.799413983968531].pdf(2.05695732272393)
Testing logNormal[M=-1.8660015146739148 S=5.292370920924663].pdf(2.2950688747655255)
Testing logNormal[M=4.344792812349247 S=4.000778275301958].pdf(1.3077696599465058)
Testing logNormal[M=-0.5091965918401877 S=8.279506327595254].pdf(2.0033734589387677)
Testing logNormal[M=0.1994494931891495 S=6.275932082284632].pdf(1.575973541102514)
Testing logNormal[M=0.5709577045218861 S=5.688194406274119].pdf(2.006756748197104)
Testing logNormal[M=3.536495916377824 S=2.304476891074944].pdf(2.0237372866811936)
Testing logNormal[M=4.688775571535583 S=9.390980957989479].pdf(2.1882908836896706)
Testing logNormal[M=-0.9098336599498449 S=3.26799026891774].pdf(0.9021390175092399)
Testing logNormal[M=-3.1454071757589466 S=0.5645603534965582].pdf(0.07650462251926977)
Testing logNormal[M=4.340250180174207 S=0.8393152603214327].pdf(1.3807409800240273)
Testing logNormal[M=4.3663618136250655 S=5.3794956698775644].pdf(1.2425697509268518)
Testing logNormal[M=3.747747383144649 S=6.000551961820662].pdf(1.1596208552207572)
Testing logNormal[M=0.9789875250346425 S=5.684900245928497].pdf(1.267096747980979)
Testing logNormal[M=3.1244193929269457 S=5.2872675294287905].pdf(2.2462072619812727)
Testing logNormal[M=4.282923107329671 S=8.778384143049545].pdf(1.9771114885235133)
Testing logNormal[M=1.8218922420231811 S=2.2688037284108367].pdf(0.5666121589703199)
Testing logNormal[M=-4.467072364717853 S=7.4423251771699706].pdf(1.095007801805756)
Testing logNormal[M=2.3297552413925224 S=9.245887463568044].pdf(1.4011580347406603)
Testing logNormal[M=4.020364437070507 S=2.3952855812348552].pdf(2.1888960808450344)
Testing logNormal[M=-1.7764944265139437 S=6.80470719604773].pdf(1.6166949742933354)
Testing logNormal[M=4.9961632128609 S=2.8900523299265437].pdf(2.108693831524262)
Testing logNormal[M=0.5011888203973944 S=1.27405156246447].pdf(2.1446440045988395)
Testing logNormal[M=0.09158882916637623 S=2.481007825097954].pdf(2.0628101551010394)
Testing logNormal[M=-0.87520563417839 S=8.676495985075405].pdf(2.105468969578062)
Testing logNormal[M=-0.8728762028072623 S=5.088047847599756].pdf(2.0748335503058466)
Testing logNormal[M=-2.834132304811099 S=1.3602677730070145].pdf(1.125301552257367)
Testing logNormal[M=3.5797906591976734 S=6.452456124041721].pdf(1.9375886466091639)
Testing logNormal[M=-2.1767623077647134 S=5.093392005815483].pdf(0.8240181385332653)
Testing logNormal[M=-4.664500287510269 S=1.1418344763382404].pdf(0.2920249644011544)
Testing logNormal[M=1.6605294093293779 S=4.8310443113782835].pdf(1.0674525168722107)
Testing logNormal[M=-2.9664148584293715 S=3.904462970262582].pdf(1.6907947306129023)
Testing logNormal[M=-1.5983451809976934 S=6.822009569670002].pdf(2.1124395513565086)
Testing logNormal[M=-3.4985278395922945 S=3.9463506690003336].pdf(1.0268551462216347)
Testing logNormal[M=4.570406738162195 S=4.797954459775395].pdf(2.2983163203719634)
Testing logNormal[M=-3.406658171591679 S=7.526605730402616].pdf(1.3820667026419182)
Testing logNormal[M=4.2352833933807155 S=3.8434094572742294].pdf(1.8254893725361623)
Testing logNormal[M=-0.21728700815542812 S=8.42449466350544].pdf(2.2967330500183456)
Testing logNormal[M=-1.949990051143967 S=5.3774755937930365].pdf(1.4518822502814648)
Testing logNormal[M=-4.632279783073658 S=4.417582248535634].pdf(1.862350565087654)
Testing logNormal[M=2.13212658579648 S=7.536039334420645].pdf(1.4990118950810116)
Testing logNormal[M=-0.7778584767481824 S=0.34670368630225434].pdf(0.14196560245277268)
Testing logNormal[M=-0.559868412606491 S=9.833462978726502].pdf(0.12526700240741562)
Testing logNormal[M=2.008037985508838 S=6.222484915795744].pdf(2.2957683420865425)
Testing logNormal[M=2.6784679399048343 S=8.64493978842421].pdf(1.569786117992122)
Testing logNormal[M=-4.76610916710272 S=3.3472160354446046].pdf(1.1896242800088745)
Testing logNormal[M=-0.14949458780818325 S=3.535540324403492].pdf(1.0975405718735671)
Testing logNormal[M=3.4334031245378416 S=6.4739699511849125].pdf(2.1630446748995102)
Testing logNormal[M=2.27173072502411 S=9.87892983364955].pdf(1.9464321126557103)
Testing logNormal[M=-0.5443588444325727 S=8.595168915756162].pdf(1.9097047182796152)
Testing logNormal[M=-4.253617784057644 S=1.7717862845757093].pdf(1.8402975340945233)
Testing logNormal[M=0.8886657284665507 S=7.150656827657925].pdf(0.6575643586021004)
Testing logNormal[M=4.925673749464822 S=3.3715284739421336].pdf(2.1864164105977486)
Testing logNormal[M=-4.934637456306577 S=8.195185721840362].pdf(1.5129658273564477)
Testing logNormal[M=0.1927589487082937 S=4.142479085584259].pdf(2.209872409882797)
Testing logNormal[M=2.8622264469172283 S=4.08195625999578].pdf(0.27806809452643894)
Testing logNormal[M=-1.5804719452742209 S=5.52888000876309].pdf(1.3178442491972722)
Testing logNormal[M=4.621130253640262 S=8.81557777414349].pdf(1.7805845767158819)
Testing logNormal[M=-0.7516949886598114 S=7.508245580030238].pdf(1.0815895785683118)
Testing logNormal[M=1.6532209325263603 S=8.562953175529971].pdf(2.049261293864167)
Testing logNormal[M=-0.43851747966588306 S=2.8597492445237793].pdf(2.211709074820778)
Testing logNormal[M=0.7866633725166583 S=6.915979586016486].pdf(1.071080039989539)
Testing logNormal[M=-0.6863290822057646 S=5.705691989703769].pdf(1.8570600256274676)
Testing logNormal[M=-3.8719363396451123 S=9.391792113092016].pdf(1.0130430385718496)
Testing logNormal[M=4.48990263941268 S=1.8932102045330879].pdf(1.575148502849802)
Testing logNormal[M=3.113042167279623 S=6.850768602862023].pdf(1.6085350971946046)
Testing logNormal[M=-0.619483832651265 S=7.839613997291651].pdf(1.0919846008134966)
Testing logNormal[M=3.636221574965896 S=1.1356334633036114].pdf(1.3986844899418338)
Testing logNormal[M=2.6426082063926506 S=0.3116919662653983].pdf(2.1610256044345038)
Testing logNormal[M=-3.216916102686368 S=8.045563396996426].pdf(1.943510712680337)
Testing logNormal[M=0.4259737004165558 S=8.718864350034332].pdf(1.4351817147497667)
Testing logNormal[M=-3.682338510119104 S=7.02861096593198].pdf(1.3064577115008968)
Testing logNormal[M=3.8268274981114434 S=8.103592505572344].pdf(0.8738165125762772)
Testing logNormal[M=4.546172181813301 S=4.191521687026612].pdf(0.2048626034614474)
Testing logNormal[M=-1.5858962067769058 S=4.649835588515078].pdf(1.8755751271757957)
Testing logNormal[M=0.8660425154067202 S=6.678469834127023].pdf(2.026836647001667)
Testing logNormal[M=-2.4685176852577295 S=9.906302572964558].pdf(2.185198630113634)
Testing logNormal[M=2.856707273847764 S=2.2937211654198597].pdf(2.048951422344098)
Testing logNormal[M=-4.077753132883014 S=4.291256413360416].pdf(0.07464696194485743)
Testing logNormal[M=-1.4157736924526496 S=7.9332192673260185].pdf(1.5895123872567307)
Testing logNormal[M=3.7223877915873107 S=1.018808486844337].pdf(1.2690537774805304)
Testing logNormal[M=-0.12212734630104372 S=1.1572912024208593].pdf(2.2969401706567023)
Testing logNormal[M=-3.2967423549845942 S=2.458191973027941].pdf(0.7167631238655063)
Testing logNormal[M=-1.5029400822720218 S=2.6698263631370898].pdf(1.0273381643853015)
Testing logNormal[M=-0.36885995663410576 S=8.33812002574114].pdf(1.3250874655566032)
Testing logNormal[M=1.4928649408642478 S=5.740859587647943].pdf(1.3491458872599298)
Testing logNormal[M=0.34140622290792244 S=5.226807540187243].pdf(1.095736102455185)
Testing logNormal[M=4.173149448928305 S=6.429398847957204].pdf(2.180011596221131)
Testing logNormal[M=4.76994081425379 S=2.219892447690116].pdf(1.8597631563220043)
Testing logNormal[M=-4.4145812188338605 S=1.9458676967675637].pdf(2.1902308685101426)
Testing logNormal[M=-2.5339918911626658 S=5.735270043038843].pdf(1.8158570604120938)
Testing logNormal[M=-3.7550000558712924 S=1.359573561318781].pdf(1.5131592177892732)
Testing logNormal[M=2.6882038949248503 S=1.4036594102001076].pdf(2.146707861655448)
Testing logNormal[M=-0.7465275704813292 S=7.754937315887165].pdf(1.5233882461154284)
Testing logNormal[M=-3.785364268009902 S=4.487365957794102].pdf(1.807726757797429)
Testing logNormal[M=1.9864454837662606 S=2.98788248579318].pdf(1.7013067453533701)
Testing logNormal[M=-0.3682170522414152 S=5.358096087227482].pdf(0.81257975119594)
Testing logNormal[M=-3.214107827894809 S=0.1254056407866333].pdf(2.2138527957741045)
Testing logNormal[M=0.2777199225689806 S=1.8694715407931994].pdf(1.3152882519312337)
Testing logNormal[M=-3.1126697514820547 S=0.1602268889332381].pdf(2.246417153851792)
Testing logNormal[M=0.041464682996047664 S=4.939767579868911].pdf(2.2102802397087626)
Testing logNormal[M=1.5090663758194953 S=1.6344568021240546].pdf(1.9469292090936423)
Testing logNormal[M=-0.08249222092888253 S=3.770319749554335].pdf(1.57193346422375)
Testing logNormal[M=-4.3537455130615035 S=3.1738655008118566].pdf(2.049302720996939)
Testing logNormal[M=2.562928395825245 S=3.323144373852326].pdf(1.9096098287475307)
Testing logNormal[M=4.163524292483006 S=3.1871728267294].pdf(1.841684328538026)
Testing logNormal[M=-2.842360469995934 S=3.1897483786678005].pdf(0.46251615163135223)
Testing logNormal[M=0.5488287991553085 S=9.076136490702552].pdf(1.3245195252550959)
Testing logNormal[M=4.927728492164183 S=6.504791480128488].pdf(0.8093103304551295)
Testing logNormal[M=4.619757435109577 S=7.253640123021188].pdf(1.764166317454092)
Testing logNormal[M=-1.2801021812462263 S=2.2876043201473584].pdf(1.3477324458628341)
Testing logNormal[M=4.90113062410053 S=2.827248608359325].pdf(0.6931717822336414)
Testing logNormal[M=-3.29276523601457 S=1.014311645926801].pdf(1.9898649884733257)
Testing logNormal[M=0.7215528271338698 S=3.800823137171715].pdf(1.882587259579822)
Testing logNormal[M=-0.7442827294492327 S=5.336472648435233].pdf(1.857377703462854)
Testing logNormal[M=3.1203993024040937 S=3.771801871538808].pdf(1.8016632224090572)
Testing logNormal[M=-1.3987706239931272 S=9.20597490343803].pdf(0.660355210357861)
Testing logNormal[M=-0.004452013404082855 S=0.4039235468723512].pdf(1.7478272556179897)
Testing logNormal[M=-0.963874225018543 S=5.523687776540495].pdf(1.8946486753462435)
Testing logNormal[M=-3.1308485204532257 S=2.0363731418681086].pdf(1.9572580592143882)
Testing logNormal[M=4.519811145415243 S=9.529188121813911].pdf(1.5715722697244825)
Testing logNormal[M=0.5686868691835336 S=4.905144229784336].pdf(2.286677974460954)
Testing logNormal[M=-4.739863470090001 S=9.677788434398938].pdf(2.122581915674161)
Testing logNormal[M=-0.927894875135312 S=7.1573424181652285].pdf(1.973052763718408)
Testing logNormal[M=-4.933292874067043 S=2.7561582628163284].pdf(2.0145887088495398)
Testing logNormal[M=-3.7242562217209505 S=3.7098006244837856].pdf(1.3087675434542667)
Testing logNormal[M=-3.784929652595647 S=3.6952433200852908].pdf(1.3110756163343418)
Testing logNormal[M=1.1365499151857827 S=8.85216488336355].pdf(1.0923080656575515)
Testing logNormal[M=-4.174626246115305 S=3.519435152311524].pdf(1.8729192591831696)
Testing logNormal[M=3.104565077081574 S=6.656084935311699].pdf(2.2695911994881444)
Testing logNormal[M=-3.8407860041564454 S=9.533929416142865].pdf(1.9864439402600744)
Testing logNormal[M=3.466624318709883 S=9.228364475337576].pdf(1.994802256081615)
Testing logNormal[M=-1.514803658678101 S=0.6961478480152694].pdf(2.012455292488993)
Testing logNormal[M=3.7880392450565594 S=9.855577711346688].pdf(0.3827310450082854)
Testing logNormal[M=3.3588854617991935 S=5.599689332573513].pdf(1.9254586218620613)
Testing logNormal[M=-2.595382267675758 S=1.9330472377035846].pdf(2.2878547945539225)
Testing logNormal[M=-1.1962258794606448 S=3.2508239614331593].pdf(2.2544054199843626)
Testing logNormal[M=-3.5366073692213282 S=1.6516116591086571].pdf(2.147989233263473)
Testing logNormal[M=-3.8221697522636955 S=2.3772933369669924].pdf(1.9263150174932666)
Testing logNormal[M=2.796029406815018 S=8.452588841154975].pdf(2.160498119049175)
Testing logNormal[M=4.6427690761843206 S=0.0880523683932588].pdf(1.6517888314644096)
Testing logNormal[M=-0.22124218198685153 S=4.839300425774616].pdf(1.862022804760292)
Testing logNormal[M=-1.1594146606791034 S=1.5910673165615785].pdf(1.907086718085796)
Testing logNormal[M=-1.2452582719486118 S=9.980084279731868].pdf(2.212091559683149)
Testing logNormal[M=-4.903369172848096 S=3.4891824462345977].pdf(0.42297372367713637)
Testing logNormal[M=1.0520814691362412 S=9.142151896416275].pdf(2.2692398029239307)
Testing logNormal[M=-0.6795298007761206 S=9.188354537538991].pdf(2.2730633006383)
Testing logNormal[M=3.515952010391219 S=7.275485055392293].pdf(0.9415648950985634)
Testing logNormal[M=3.3394461592975855 S=3.1708281236136915].pdf(1.8244414536680817)
Testing logNormal[M=4.059237578716285 S=9.059652664927984].pdf(1.7741078649078403)
Testing logNormal[M=-1.716671515641771 S=2.98483581413962].pdf(0.17180675262103282)
Testing logNormal[M=-0.5730163484912945 S=6.661834489690398].pdf(1.3723481826018569)
Testing logNormal[M=2.1385044791389554 S=6.5716041509555225].pdf(1.6963048456404637)
Testing logNormal[M=2.799506251097422 S=1.5861467138450502].pdf(2.2762684364383854)
Testing logNormal[M=1.8348269304421052 S=1.8938142033817518].pdf(1.2625245900343753)
Testing logNormal[M=-1.7894592087844252 S=5.60265009765451].pdf(1.9910938752839877)
Testing logNormal[M=-1.459101397497835 S=8.474934627391757].pdf(1.838686621859248)
Testing logNormal[M=-2.3472633423416323 S=6.928340611002587].pdf(0.06877745127792441)
Testing logNormal[M=-3.5533067451839404 S=0.4449174316247584].pdf(0.4890834497721149)
Testing logNormal[M=-0.2051449590825447 S=4.699094321982966].pdf(1.6446214224949645)
Testing logNormal[M=-1.621124480342493 S=6.750106881837099].pdf(1.8803586687546712)
Testing logNormal[M=-1.2739819702034483 S=2.466394930592678].pdf(1.8941167468123534)
Testing logNormal[M=-0.5164753740394339 S=4.898223759331807].pdf(1.0830721221690047)
Testing logNormal[M=4.818000369450493 S=7.126012325151029].pdf(0.5616460939715412)
Testing logNormal[M=-4.810391341801013 S=3.799920455881134].pdf(2.1751181159097692)
Testing logNormal[M=1.1228768615965423 S=8.995373422808516].pdf(1.1698342401124269)
Testing logNormal[M=-4.68812055056019 S=0.9062965117765343].pdf(2.268153344462446)
Testing logNormal[M=1.5884875773602296 S=7.704090895831211].pdf(0.10674255396349117)
Testing logNormal[M=3.4318953783486954 S=6.727301027218711].pdf(1.6437724568912417)
Testing logNormal[M=-2.3801651996879256 S=8.248141292275566].pdf(1.4898331119836288)
Testing logNormal[M=1.9891092990492254 S=5.4990989170681335].pdf(2.0170349737405235)
Testing logNormal[M=-4.727424799502652 S=3.8748684798532054].pdf(1.657995249494611)
Testing logNormal[M=-2.4967545441449115 S=1.5600977096323732].pdf(0.926576435795304)
Testing logNormal[M=4.717699085418603 S=5.272468159268246].pdf(1.6419128890427692)
Testing logNormal[M=0.3524654523859292 S=1.6494200854725105].pdf(1.7942571931302838)
Testing logNormal[M=3.3618532707615074 S=5.293243601343951].pdf(1.7100185541866566)
Testing logNormal[M=4.245829089391286 S=1.8223616291285605].pdf(0.5058309328572587)
Testing logNormal[M=3.7491580128932913 S=7.382096497165719].pdf(2.0716075468703075)
Testing logNormal[M=2.6080026412037407 S=1.0989889252957774].pdf(2.2294392097411473)
Testing logNormal[M=1.768454436835749 S=5.012930654889535].pdf(0.8831877420852524)
Testing logNormal[M=-4.135809973033511 S=3.503735130421192].pdf(1.6465099320711771)
Testing logNormal[M=2.6169372943242966 S=7.602930566707501].pdf(0.6651017764380074)
Testing logNormal[M=-2.478729036940721 S=3.0781650775467573].pdf(1.8614035876369732)
Testing logNormal[M=-4.168384212517299 S=6.261763361807747].pdf(1.996567827012188)
Testing logNormal[M=-3.449493989030734 S=4.1023025598114184].pdf(1.7299346785944383)
Testing logNormal[M=-4.376096244593585 S=6.020886263915993].pdf(0.1731967746224353)
Testing logNormal[M=2.22324494096389 S=3.967429386861733].pdf(0.6145680877602638)
Testing logNormal[M=-1.1969635193383086 S=4.850384028401602].pdf(1.577290743018114)
Testing logNormal[M=3.6573807734642223 S=5.2664843963620385].pdf(0.5801750314701203)
Testing logNormal[M=4.5472596258582705 S=8.795128410579418].pdf(1.7516431036188465)
Testing logNormal[M=-2.9103614531718525 S=6.492547374666326].pdf(0.8390150996352121)
Testing logNormal[M=2.7907213056308056 S=5.18025368973473].pdf(1.780260096016829)
Testing logNormal[M=4.4524403027843675 S=7.973547916028389].pdf(1.6820640472525894)
Testing logNormal[M=-2.4236581461409634 S=1.9253604805798485].pdf(0.07176642197058426)
Testing logNormal[M=1.8014690703525682 S=3.2500833049082867].pdf(1.5981048529790016)
Testing logNormal[M=2.046961882520325 S=5.853644982498465].pdf(1.9861414047922936)
Testing logNormal[M=-1.2510958049567202 S=7.899683130283689].pdf(1.8994037000254538)
Testing logNormal[M=2.4807170312404416 S=8.727492290730442].pdf(1.403106387068405)
Testing logNormal[M=4.237776449085738 S=6.150778696129505].pdf(0.4573950771053399)
Testing logNormal[M=-1.2663805599174105 S=0.7592043111286884].pdf(1.7570895840505485)
Testing logNormal[M=-3.4998670218914985 S=4.206731267388046].pdf(1.630256831459993)
Testing logNormal[M=-2.6278833115366886 S=3.921562612090781].pdf(1.4897747344136398)
Testing logNormal[M=4.145283115688876 S=9.495945140587565].pdf(1.761824158823598)
Testing logNormal[M=-2.2096899433604844 S=9.641151431818324].pdf(1.8213429446629745)
Testing logNormal[M=1.0594123945375964 S=3.6050898285147124].pdf(2.0971900065724243)
Testing logNormal[M=1.9821238791679932 S=1.1196487006074318].pdf(2.1262680175724853)
Testing logNormal[M=4.6231471713564645 S=8.96685131810928].pdf(1.1726832380416936)
Testing logNormal[M=1.377534194617379 S=6.396176542295744].pdf(1.896857825083333)
Testing logNormal[M=0.14157237195319894 S=5.216450492648556].pdf(2.0643240841924886)
Testing logNormal[M=-4.640742788251513 S=6.975679922350258].pdf(2.178191238744271)
Testing logNormal[M=4.035635278773508 S=6.582216336294328].pdf(2.12175536297142)
Testing logNormal[M=-0.9183330790287361 S=5.6513063122439435].pdf(1.9939899280264544)
Testing logNormal[M=2.678176378094216 S=7.788239932812902].pdf(1.661391236908029)
Testing logNormal[M=0.12199799806805967 S=4.881852617777593].pdf(2.1985602874610786)
Testing logNormal[M=3.3027401621225483 S=2.990935638812533].pdf(2.237786173254014)
Testing logNormal[M=2.4589129151866 S=8.98782802215994].pdf(2.2812961287698426)
Testing logNormal[M=2.2894109754949596 S=6.52459085407979].pdf(1.1417585097056988)
Testing logNormal[M=1.478547361145556 S=1.670783593038666].pdf(1.1333977880523258)
Testing logNormal[M=2.2528935419873166 S=2.547963218680592].pdf(1.5726238317885382)
Testing logNormal[M=-4.086513800023392 S=3.8580229373298804].pdf(0.4988198615221993)
Testing logNormal[M=0.90492867709502 S=5.686875071581504].pdf(0.660639414294436)
Testing logNormal[M=2.8758800698919753 S=0.3345724180310794].pdf(2.125365203130757)
Testing logNormal[M=-1.8098406411650392 S=9.304834126820587].pdf(1.6912886177974764)
Testing logNormal[M=4.993376964244424 S=7.312618028088052].pdf(0.8410729190141956)
Testing logNormal[M=-0.22429189451912457 S=6.858866008431263].pdf(0.49941668856674115)
Testing logNormal[M=-4.657053633717197 S=1.2245394983225932].pdf(2.0955603653885757)
Testing logNormal[M=3.862397658049572 S=4.228920149739752].pdf(2.2351039877377126)
Testing logNormal[M=1.1674599383604258 S=8.62592976173597].pdf(2.212374180061191)
Testing logNormal[M=1.3678329794247688 S=1.7710207725599991].pdf(1.1290193809957483)
Testing logNormal[M=4.292039487196336 S=9.928957700329926].pdf(1.1896307950800051)
Testing logNormal[M=-3.2345382869104258 S=6.629541444825224].pdf(2.218671135460528)
Testing logNormal[M=0.3563503448633787 S=4.253808823446393].pdf(2.1862213205700978)
Testing logNormal[M=-3.200349984988252 S=2.854310922636226].pdf(1.0206010440086914)
Testing logNormal[M=4.1411244135707825 S=5.9243302927834].pdf(2.2275668945452014)
Testing logNormal[M=1.6281431536490185 S=8.51346204951456].pdf(2.301571635516)
Testing logNormal[M=-0.33078733411311045 S=6.414148882032995].pdf(1.052082213758816)
Testing logNormal[M=-2.674479878931344 S=1.3813201169770883].pdf(1.3709273983536863)
Testing logNormal[M=1.588675746625987 S=2.759737784417843].pdf(1.563120077361071)
Testing logNormal[M=-2.2789575713371404 S=3.460339912702588].pdf(1.112287182939339)
Testing logNormal[M=-2.9596264412110154 S=0.2490532207904883].pdf(1.6731531207990875)
Testing logNormal[M=4.695696981252693 S=1.2504362136987135].pdf(1.9601364867892506)
Testing logNormal[M=3.47233941332307 S=0.749518416872984].pdf(1.9923697410184888)
Testing logNormal[M=-4.295740673566054 S=7.399415767222237].pdf(1.4517499325746446)
Testing logNormal[M=-4.253421550664856 S=5.711623840950977].pdf(1.9974260748910924)
Testing logNormal[M=2.7228168411642724 S=6.769765916717228].pdf(0.40098158801290545)
Testing logNormal[M=-4.636838010988224 S=5.634030382170977].pdf(0.9913841171726284)
Testing logNormal[M=-3.906343254908371 S=2.202199430227619].pdf(2.240763814397223)
Testing logNormal[M=1.277959084042287 S=0.8488444068646728].pdf(2.0815568561274937)
Testing logNormal[M=-1.5884023583957063 S=8.337696204799714].pdf(1.3598853336955325)
Testing logNormal[M=-3.4195955340558815 S=6.621994954375165].pdf(2.270052363033031)
Testing logNormal[M=2.425124069025891 S=4.627859969280213].pdf(2.090004759772191)
Testing logNormal[M=-4.18648612650985 S=3.1966328333054506].pdf(2.016653138230925)
Testing logNormal[M=-4.746641033904618 S=7.011903925484323].pdf(0.22462427267777524)
Testing logNormal[M=1.361713441861836 S=3.5884917658915816].pdf(1.8604016735476)
Testing logNormal[M=4.238343604503346 S=4.3628666334768145].pdf(1.9604116580245667)
Testing logNormal[M=-1.4490249555165757 S=2.089824913514582].pdf(0.2341291017389067)
Testing logNormal[M=0.05231216080161882 S=7.799802145003597].pdf(1.7240039652997023)
Testing logNormal[M=-1.213068000201607 S=2.85289797326116].pdf(2.000123922313408)
Testing logNormal[M=-0.09212582310961448 S=8.013612330260434].pdf(1.412820977985803)
Testing logNormal[M=0.539068868714379 S=0.2876002818220502].pdf(1.905762904917762)
Testing logNormal[M=3.9733803320726153 S=2.442838649673339].pdf(1.7482898409735719)
Testing logNormal[M=-0.3274483461456832 S=9.880944606183489].pdf(0.10233337483320176)
Testing logNormal[M=-0.5087373183717316 S=0.6649406882887932].pdf(0.9593335082923097)
Testing logNormal[M=-1.019945594320987 S=0.5465972736082991].pdf(1.4183826883311421)
Testing logNormal[M=0.6287138899937537 S=9.532442333904887].pdf(0.7284847164011912)
Testing logNormal[M=1.0712409846823432 S=1.4294162514486008].pdf(0.20966905800520744)
Testing logNormal[M=4.452234020425882 S=5.625999162521801].pdf(0.8151066323256645)
Testing logNormal[M=-1.321096498897496 S=3.1494104265248932].pdf(1.9111931129066617)
Testing logNormal[M=1.184915128928619 S=0.6668837485532275].pdf(1.4439575628074885)
Testing logNormal[M=-2.9567722127886755 S=0.6356219828933296].pdf(1.9688067984840294)
Testing logNormal[M=2.7147139289136613 S=2.839487250534426].pdf(0.9166524729724033)
Testing logNormal[M=-2.0527718578298804 S=3.880083870467316].pdf(1.145554944976796)
Testing logNormal[M=-2.4723099565423357 S=9.056399404039713].pdf(1.870311538466288)
Testing logNormal[M=4.2516096152347735 S=8.63360045684231].pdf(1.9815969204508306)
Testing logNormal[M=3.3885383822648762 S=2.2003392467368].pdf(1.4299663921983687)
Testing logNormal[M=-3.390350782138354 S=6.735235015005388].pdf(1.8424454667464405)
Testing logNormal[M=3.6210554792756096 S=5.104552045187919].pdf(2.1301937780864613)
Testing logNormal[M=-2.4944475675781774 S=7.958562615323367].pdf(2.285979222727034)
Testing logNormal[M=4.361156439397913 S=6.151118599804059].pdf(0.6110388674997709)
Testing logNormal[M=-4.185771431215483 S=0.3777761758954179].pdf(1.6519120452005003)
Testing logNormal[M=3.636302703493577 S=6.113539337825974].pdf(2.2204504116843022)
Testing logNormal[M=-1.4311253982885552 S=9.066607494895866].pdf(2.2659894205494604)
Testing logNormal[M=2.9836832421127024 S=5.59354118597831].pdf(0.5829147823934264)
Testing logNormal[M=-1.6218072667153658 S=2.0693630465617963].pdf(2.2787588544461257)
Testing logNormal[M=-4.833957214059494 S=7.366922678425651].pdf(1.8245953992341684)
Testing logNormal[M=-1.0876957376997165 S=1.5984187675828865].pdf(2.0877336029832363)
Testing logNormal[M=-4.418106296829349 S=2.2858083820815676].pdf(1.644440788312312)
Testing logNormal[M=-4.237261702590748 S=1.6762481366558968].pdf(1.1515986831537135)
Testing logNormal[M=0.10846535267243596 S=7.2570558414313435].pdf(2.1120512642540006)
Testing logNormal[M=-3.7622297031100285 S=3.6317977522922327].pdf(1.4077314093670106)
Testing logNormal[M=-1.8398763444772914 S=2.834688831883845].pdf(0.9908775762720918)
Testing logNormal[M=0.9062276044145641 S=2.0376658727555608].pdf(0.5596640753245311)
Testing logNormal[M=-3.13961725469027 S=7.670515814631695].pdf(0.5144500169707364)
Testing logNormal[M=-1.411693479550531 S=9.924454303611927].pdf(2.190848122953334)
Testing logNormal[M=-0.8047116738357909 S=4.734986874331758].pdf(1.7001845441485726)
Testing logNormal[M=1.4995538247929074 S=0.42997092949461413].pdf(1.149781474567581)
Testing logNormal[M=-0.34109687645975484 S=6.13351557220226].pdf(0.5374726683317481)
Testing logNormal[M=4.566668003149777 S=7.53350636238123].pdf(1.0548241791736055)
Testing logNormal[M=-1.1597374253177675 S=5.875720423699836].pdf(1.3406951541002268)
Testing logNormal[M=-3.9516251541700043 S=1.9864385181837796].pdf(2.1164740226019743)
Testing logNormal[M=4.4121947675642375 S=5.371914798246923].pdf(1.9973115773286196)
Testing logNormal[M=2.419366846993471 S=5.8253958840573405].pdf(2.276266375135978)
Testing logNormal[M=-0.3248596451627419 S=6.766576305750986].pdf(0.6814397478883785)
Testing logNormal[M=-4.694324746242279 S=7.9122260377162].pdf(1.2417275170280353)
Testing logNormal[M=-0.9621413381177142 S=0.25661665788771826].pdf(1.7957314185582323)
Testing logNormal[M=-3.0228013995161906 S=8.827917011643505].pdf(1.4984370977153851)
Testing logNormal[M=2.585170156539669 S=8.919828496882339].pdf(1.4816200660092522)
Testing logNormal[M=4.551626561733514 S=0.6792145335728339].pdf(1.9195075018694814)
Testing logNormal[M=1.0742205064983796 S=6.911405488178993].pdf(1.40255885788206)
Testing logNormal[M=-4.649216533142409 S=7.619391424025733].pdf(1.761368410794901)
Testing logNormal[M=4.762657660823921 S=6.745667657113802].pdf(2.1943684811198)
Testing logNormal[M=-1.7037391007475478 S=0.7903784642144529].pdf(1.6473821310109498)
Testing logNormal[M=-2.2963820256014653 S=9.490544135543228].pdf(2.0389629130850446)
Testing logNormal[M=3.0157754685633265 S=7.283780386663706].pdf(1.0688260476892968)
Testing logNormal[M=-2.6203116725226403 S=4.684611437101634].pdf(2.2229847003458874)
Testing logNormal[M=-0.4056236710552117 S=6.012849885276975].pdf(2.2277942868664664)
Testing logNormal[M=-1.0906787264351725 S=1.4667413374167027].pdf(2.2223413323541608)
Testing logNormal[M=-3.806305386235964 S=7.191735698433064].pdf(0.83482286880046)
Testing logNormal[M=-2.0608153696125986 S=8.79171465737204].pdf(2.0979566523556645)
Testing logNormal[M=-4.926200838206427 S=0.012158157920806323].pdf(1.4642756871296807)
Testing logNormal[M=0.8284937515708037 S=9.916503100778568].pdf(1.0123411294505251)
Testing logNormal[M=0.5750365335941066 S=1.6045902937061918].pdf(1.4607019123121125)
Testing logNormal[M=2.650458433964288 S=0.6521549195092613].pdf(1.4762763023407968)
Testing logNormal[M=3.4567651417330225 S=5.665097914927704].pdf(1.7647540134912394)
Testing logNormal[M=0.04902608926232155 S=6.096240830057512].pdf(1.096797987247703)
Testing logNormal[M=-2.731609303780563 S=3.537308060780764].pdf(1.9964354995327194)
Testing logNormal[M=3.26371064482041 S=0.4221312379892561].pdf(1.3668638699407596)
Testing logNormal[M=4.118497767989634 S=6.018253473808345].pdf(1.973394726198595)
Testing logNormal[M=2.5837169379037226 S=4.4773012729688695].pdf(1.4814707789071626)
Testing logNormal[M=2.1579632932264783 S=8.952928955750789].pdf(1.4708244033131246)
Testing logNormal[M=-0.31361257898368944 S=4.82750609810645].pdf(1.780989658736076)
Testing logNormal[M=-2.883686727553508 S=4.986556580140432].pdf(2.0456781300534397)
Testing logNormal[M=-2.618455823955974 S=4.052507624330868].pdf(0.7186505504734239)
Testing logNormal[M=-2.1183946222541348 S=2.4146984627386416].pdf(1.6937473769916285)
Testing logNormal[M=0.8977000543559033 S=3.7703964550162716].pdf(1.1498839467915964)
Testing logNormal[M=1.9609464082763477 S=0.30993740192491126].pdf(1.2435840889399419)
Testing logNormal[M=1.2288433267302254 S=7.04482327995189].pdf(1.2968132275110702)
Testing logNormal[M=-3.9612975209052816 S=9.043033260545787].pdf(1.090547645431035)
Testing logNormal[M=-0.2695832397785871 S=7.205654813073674].pdf(1.9883080692957036)
Testing logNormal[M=-2.664169910877685 S=3.79327724202379].pdf(1.193812527113935)
Testing logNormal[M=3.36352141490128 S=5.479840442049609].pdf(1.8967727818451587)
Testing logNormal[M=-0.7811480891075906 S=2.5519821251840846].pdf(1.0355395114437247)
Testing logNormal[M=0.29695499729751873 S=3.836662215878083].pdf(0.09308488786645568)
Testing logNormal[M=-1.155361531663326 S=8.28581715739276].pdf(0.4509120890333927)
Testing logNormal[M=-4.829865327152556 S=2.6324886369123393].pdf(0.5121673992284325)
Testing logNormal[M=1.192020526705262 S=9.888557363116856].pdf(1.9274807283701236)
Testing logNormal[M=-0.8808107304789452 S=6.746357170002279].pdf(1.0869907605025761)
Testing logNormal[M=-4.6749554549709105 S=3.1016602751054476].pdf(2.06753081450692)
Testing logNormal[M=-1.2953962113827702 S=7.121502892090803].pdf(0.46596104385651005)
Testing logNormal[M=-2.489309903074993 S=7.4342670650769875].pdf(1.7570957618100151)
Testing logNormal[M=4.991288726565994 S=8.920283317762987].pdf(2.1066619404076947)
Testing logNormal[M=1.709551668108725 S=4.328858538281713].pdf(1.8248827538169445)
Testing logNormal[M=-4.668879609563002 S=7.864954178979811].pdf(2.1426328592009845)
Testing logNormal[M=-2.4340651195900245 S=2.2849535982387703].pdf(1.1911975979592453)
Testing logNormal[M=2.1395081331914723 S=0.8962997219609692].pdf(1.4469885004821077)
Testing logNormal[M=-2.5421839721320483 S=7.6237008084207805].pdf(2.2953774789590273)
Testing logNormal[M=2.7069849372292856 S=7.271884697299925].pdf(2.0295918765291967)
Testing logNormal[M=-1.5030082296319724 S=7.288464980395933].pdf(2.292668380598865)
Testing logNormal[M=-2.6930620567662222 S=7.02245370169064].pdf(1.329086091994956)
Testing logNormal[M=4.509395225835451 S=3.270362822856617].pdf(2.015898215795706)
Testing logNormal[M=2.883981097604787 S=5.365143443868785].pdf(0.007864780876643815)
Testing logNormal[M=-1.9255831931486487 S=2.65389251296432].pdf(1.846586691101937)
Testing logNormal[M=-3.6883686737147405 S=0.3025502195726393].pdf(1.0509505991121597)
Testing logNormal[M=-2.92593853233879 S=8.845852202387812].pdf(1.813371241089238)
Testing logNormal[M=-3.8213807973658023 S=4.150022822769616].pdf(2.058555426790881)
Testing logNormal[M=-2.4016686555388755 S=2.0658210202057035].pdf(1.6452542719685013)
Testing logNormal[M=-0.1542833584435339 S=3.59574014236253].pdf(1.2626091552809016)
Testing logNormal[M=0.06089842901449494 S=1.0914571958730779].pdf(2.2842170942947946)
Testing logNormal[M=-2.2971010896852984 S=0.1500904173296269].pdf(2.058220086742809)
Testing logNormal[M=-2.9749721793926573 S=8.393094641729963].pdf(1.191034421365082)
Testing logNormal[M=0.022315411443263322 S=4.818564046167886].pdf(0.922718154013066)
Testing logNormal[M=-4.690682484652829 S=8.650196401477523].pdf(1.5057448864112077)
Testing logNormal[M=0.5070074137970089 S=9.259773373352465].pdf(2.1734747500981015)
Testing logNormal[M=-1.3908373289042428 S=4.557102382037009].pdf(1.8567823667821355)
Testing logNormal[M=-1.9949967246407851 S=0.8959083560627656].pdf(2.105456371021893)
Testing logNormal[M=0.949308075153608 S=6.880400402575956].pdf(1.880944318820038)
Testing logNormal[M=-3.577064273637507 S=8.53053955527582].pdf(1.2729933982128656)
Testing logNormal[M=3.669517033393088 S=8.187585753339953].pdf(1.6497001860348306)
Testing logNormal[M=-0.1443473826386672 S=9.072271976568295].pdf(1.4208636116132856)
Testing logNormal[M=3.1007405266964057 S=8.051562761044256].pdf(1.9886129453986932)
Testing logNormal[M=2.4010863434409027 S=9.182940828663321].pdf(1.8619959819334908)
Testing logNormal[M=-4.4263596494572806 S=7.705070446736925].pdf(0.3673732464525359)
Testing logNormal[M=-0.11404239493264878 S=8.110109075584726].pdf(2.2916330903639275)
Testing logNormal[M=3.8267302403002983 S=8.89798662979253].pdf(1.328952054139929)
Testing logNormal[M=4.776249328041169 S=0.7265012370367052].pdf(1.2761271343165814)
Testing logNormal[M=1.9940472258016921 S=9.460092023414969].pdf(1.4568145179913266)
Testing logNormal[M=-2.633476979051277 S=5.608092517124708].pdf(0.4573013634526768)
Testing logNormal[M=-3.986760575655061 S=6.868644053230256].pdf(2.2641132839726366)
Testing logNormal[M=3.200060478489025 S=1.456402742989923].pdf(1.4851976420125665)
Testing logNormal[M=4.254422190635152 S=4.322115243688417].pdf(0.17441226623648687)
Testing logNormal[M=1.4455613005215406 S=1.1326564521661475].pdf(1.6476062835081857)
Testing logNormal[M=3.717483397124534 S=2.4303038124306973].pdf(2.1575526427707925)
Testing logNormal[M=1.058350617515961 S=7.357272003434108].pdf(1.407846829017054)
Testing logNormal[M=0.9221045323072925 S=8.834161881817103].pdf(1.030911257216297)
Testing logNormal[M=-3.1791701846141995 S=3.71867693698676].pdf(0.9198153593124971)
Testing logNormal[M=3.802911727743675 S=4.089495730283393].pdf(1.663685181299415)
Testing logNormal[M=4.616714123004947 S=6.522555411518077].pdf(0.17478967873266837)
Testing logNormal[M=-3.4910294023116792 S=6.856889199674182].pdf(0.3880376570843141)
Testing logNormal[M=3.723607385371791 S=3.5886560905065035].pdf(0.8439920364827614)
Testing logNormal[M=-0.9366753189642818 S=1.6312610981613496].pdf(1.874070664836667)
Testing logNormal[M=0.6767906667886416 S=9.23332139720605].pdf(1.802563935376943)
Testing logNormal[M=-4.824813474737406 S=1.4398022560587354].pdf(1.570164512916658)
Testing logNormal[M=0.8417963345935675 S=1.872335191191088].pdf(1.7333639562514187)
Testing logNormal[M=3.6754081124607794 S=0.5506918835148544].pdf(1.7623070499605904)
Testing logNormal[M=0.46932757843438466 S=0.49505925319832444].pdf(1.9723887991004516)
Testing logNormal[M=1.718278190776327 S=4.299624357210732].pdf(1.4015174550882568)
Testing logNormal[M=-3.150726054935653 S=8.97103655775614].pdf(1.665822970585306)
Testing logNormal[M=1.4983609750940738 S=8.798857794909674].pdf(2.0492748274285666)
Testing logNormal[M=1.60248624649026 S=3.656171585376077].pdf(2.2937879614377277)
Testing logNormal[M=4.201548817592672 S=8.988652271009318].pdf(1.5370327976127596)
Testing logNormal[M=-1.7739304111663246 S=8.437666890440905].pdf(1.7995025029006264)
Testing logNormal[M=1.4559672316458974 S=0.30314472847110974].pdf(2.2384539652158097)
Testing logNormal[M=0.08343618826025079 S=5.112434291390743].pdf(2.0161400962328138)
Testing logNormal[M=-4.337711727797745 S=6.562558165478531].pdf(1.3304941611439425)
Testing logNormal[M=1.5648667476201092 S=2.49411027993242].pdf(1.218489370129604)
Testing logNormal[M=-2.822247461237372 S=0.37109199460863107].pdf(1.1430680114195464)
Testing logNormal[M=3.7221481187193888 S=4.0513320302982585].pdf(1.0079804198428268)
Testing logNormal[M=3.508094653413643 S=3.904605076058345].pdf(2.0290598000568782)
Testing logNormal[M=-0.9787575397112924 S=9.29477777422511].pdf(1.523475538821981)
Testing logNormal[M=1.4822857058607406 S=8.165786961033142].pdf(1.4136911022085425)
Testing logNormal[M=-0.4859056003623099 S=7.500900009284642].pdf(1.5501431548526128)
Testing logNormal[M=-1.575660360537018 S=4.328104894036695].pdf(1.0481055148644092)
Testing logNormal[M=1.8014584110359655 S=1.7180566894679872].pdf(2.1623381395643038)
Testing logNormal[M=-0.5789563505272266 S=8.541736121278351].pdf(0.9267387055542573)
Testing logNormal[M=3.1703669482792236 S=4.977599959376583].pdf(1.0930073661001907)
Testing logNormal[M=-0.833314106490529 S=1.0171928015772236].pdf(0.2932385667814005)
Testing logNormal[M=-3.062809457215001 S=4.119155764686633].pdf(1.2025356206625026)
Testing logNormal[M=-0.33849194880758215 S=5.530783018237601].pdf(2.0884050052717162)
Testing logNormal[M=-4.948083915072914 S=3.688526622667797].pdf(1.0989121979053011)
Testing logNormal[M=3.881379365627879 S=7.897550862023345].pdf(2.0140710232835835)
Testing logNormal[M=4.674625079129134 S=3.242696281176273].pdf(1.765514238261992)
Testing logNormal[M=-2.952662493445166 S=3.415753671552423].pdf(1.5414934696751734)
Testing logNormal[M=-2.4066052537890936 S=8.196669342518232].pdf(1.8222831778627846)
Testing logNormal[M=-3.6965916940445585 S=8.424763465038506].pdf(1.4880247705331175)
Testing logNormal[M=-0.17354757179039382 S=7.862680825153717].pdf(1.378672641607399)
Testing logNormal[M=-0.7038251700152633 S=3.2900857939810613].pdf(2.0571537595479676)
Testing logNormal[M=3.183267990007799 S=1.0186201546476403].pdf(1.943195433240611)
Testing logNormal[M=3.2022946855250183 S=7.144113218543583].pdf(2.1749524959541406)
Testing logNormal[M=-2.709496209540041 S=9.706934637441229].pdf(1.3502924412067407)
Testing logNormal[M=-0.9931902789311122 S=8.21182394894077].pdf(2.159658328139246)
Testing logNormal[M=4.660204304680612 S=2.8304760901055115].pdf(1.9079693844425591)
Testing logNormal[M=3.7202693370267337 S=0.3219634251739756].pdf(1.4392318278293708)
Testing logNormal[M=-3.2163252093104253 S=5.932665936856198].pdf(0.69359642550478)
Testing logNormal[M=1.2647257539839405 S=8.107902763505988].pdf(0.6993363277584141)
Testing logNormal[M=4.605887765979661 S=5.8337743055124704].pdf(2.106471803796514)
Testing logNormal[M=-0.7161976203074083 S=6.968587878331141].pdf(0.18773825804522246)
Testing logNormal[M=-3.7102644029055942 S=9.096398303806346].pdf(0.913204679126339)
Testing logNormal[M=0.3817938289858649 S=4.076228297479423].pdf(1.3391436557316878)
Testing logNormal[M=-4.216539513237652 S=5.072652749161111].pdf(2.066823317352227)
Testing logNormal[M=4.425972244183665 S=2.415972267231848].pdf(2.0649784937259885)
Testing logNormal[M=0.5768098389359348 S=7.874591764026306].pdf(2.0358593751865124)
Testing logNormal[M=3.5639942134995355 S=3.4430812381393396].pdf(1.558388851347095)
Testing logNormal[M=-0.117155180483282 S=4.696430269543926].pdf(1.7212140217911396)
Testing logNormal[M=0.2292365704150292 S=2.7044528809520485].pdf(2.014286233824227)
Testing logNormal[M=-3.9338198623852714 S=3.703220719590863].pdf(1.7965946856567614)
Testing logNormal[M=4.446408883322015 S=3.653122864107692].pdf(0.3699291520607857)
Testing logNormal[M=4.3819116908931 S=7.178715839371156].pdf(1.7034115873639422)
Testing logNormal[M=0.7298695094778154 S=0.5831847825106184].pdf(2.1109534394072864)
Testing logNormal[M=-3.985300677403565 S=9.611923386356679].pdf(2.034293297529528)
Testing logNormal[M=3.0269665793362535 S=6.685416473902319].pdf(2.1698843663613485)
Testing logNormal[M=-1.8231994391444073 S=3.2689153956024697].pdf(2.28819558083047)
Testing logNormal[M=2.8551473442239272 S=7.280289142435688].pdf(1.4202353323694288)
Testing logNormal[M=-3.3416957644294953 S=6.580282507339394].pdf(2.240999544321437)
Testing logNormal[M=4.927985313051334 S=1.213824013772461].pdf(1.7315560650829627)
Testing logNormal[M=-4.496394453950783 S=0.45274993446518086].pdf(1.05565731984268)
Testing logNormal[M=-3.3866949561681494 S=8.136986461653246].pdf(0.24143891303945764)
Testing logNormal[M=-0.011345567833202175 S=2.916902255066497].pdf(1.0706293510243283)
Testing logNormal[M=4.974697973466549 S=1.341771295504549].pdf(1.9034005474551563)
Testing logNormal[M=3.103253434618491 S=9.461837418653548].pdf(2.140691630395768)
Testing logNormal[M=2.6555710939950323 S=4.766567662254174].pdf(1.7406379952237327)
Testing logNormal[M=-4.78160477302577 S=4.894632275100044].pdf(2.2992261071953006)
Testing logNormal[M=-3.858042567586837 S=7.06201000965028].pdf(1.8285417642765713)
Testing logNormal[M=2.2430900702756604 S=1.740350175455907].pdf(2.121180307847293)
Testing logNormal[M=4.0999397139592215 S=5.31450289233385].pdf(1.5708948416357031)
Testing logNormal[M=-0.32217587855268626 S=7.501511785789772].pdf(2.139077411759029)
Testing logNormal[M=4.784579337186896 S=4.899770974357079].pdf(1.85102260313824)
Testing logNormal[M=1.341308591854383 S=6.408979160041721].pdf(1.9763507777796039)
Testing logNormal[M=-4.780737898278769 S=9.077548669248927].pdf(0.8773347056728424)
Testing logNormal[M=-1.1611543301286287 S=4.3408877156283046].pdf(1.5264062696107168)
Testing logNormal[M=-4.546797818791842 S=1.9039202953703038].pdf(0.8472836595211317)
Testing logNormal[M=4.58314288002806 S=2.9717085163008616].pdf(2.260632220811507)
Testing logNormal[M=-4.223692175877601 S=5.048809187299982].pdf(1.9780977905444934)
Testing logNormal[M=-0.32141711173060905 S=7.10328526068685].pdf(1.6549399769662192)
Testing logNormal[M=-4.199719708758607 S=6.491772597007013].pdf(1.1741578301096245)
Testing logNormal[M=-1.4824309550956638 S=2.191711135777129].pdf(1.2860879445534295)
Testing logNormal[M=4.89567914919135 S=4.73542104607465].pdf(2.22169170468823)
Testing logNormal[M=-1.5997066657256545 S=0.500799844875951].pdf(1.3260021141542464)
Testing logNormal[M=-0.12137523866278599 S=0.09257408956652613].pdf(2.109798067247279)
Testing logNormal[M=0.5086909952576253 S=1.3273335191484825].pdf(1.8921341550662985)
Testing logNormal[M=-3.3139880563788404 S=8.424889232545956].pdf(1.7493695090321022)
Testing logNormal[M=0.5901898753947794 S=9.664407762421419].pdf(0.9934907151572773)
Testing logNormal[M=3.6432978537293543 S=9.770141347280827].pdf(1.9675660607392995)
Testing logNormal[M=3.112208302606044 S=4.750575431582097].pdf(1.9071857753475283)
Testing logNormal[M=-3.603061934053021 S=9.791423499822816].pdf(1.2114401604746838)
Testing logNormal[M=2.24005932115044 S=8.757917459152774].pdf(1.5405368135755728)
Testing logNormal[M=0.5339188889441147 S=5.788046516950477].pdf(2.1175591180743614)
Testing logNormal[M=4.322478573316479 S=3.956493866097408].pdf(1.3176526654393093)
Testing logNormal[M=4.114854648306936 S=2.192556391566832].pdf(1.557442217363059)
Testing logNormal[M=-0.44216030402473816 S=1.2995933387340441].pdf(0.3463613740558241)
Testing logNormal[M=-3.0632123407995238 S=1.0417673699909569].pdf(0.9269689429559822)
Testing logNormal[M=-2.055537587725522 S=3.1816398647495667].pdf(2.0390829727184845)
Testing logNormal[M=-2.30237285816714 S=0.5158308552050528].pdf(1.238293758277681)
Testing logNormal[M=2.3979324859687114 S=2.7042328371391933].pdf(2.1168763443497416)
Testing logNormal[M=-4.301365875751487 S=0.35389163634696574].pdf(1.9274398888773787)
Testing logNormal[M=-3.0488438659303183 S=4.966400582266183].pdf(1.8061100168515634)
Testing logNormal[M=-0.6230348468821658 S=4.840781914271992].pdf(2.204281273822278)
Testing logNormal[M=0.8444221336821034 S=2.290365407449546].pdf(1.1044129095707023)
Testing logNormal[M=-0.6358360830078755 S=1.6951437048627804].pdf(2.2599228529977675)
Testing logNormal[M=-0.19516207136447772 S=0.37899697552307043].pdf(1.7325429156035612)
Testing logNormal[M=2.466925690564854 S=3.17672337303625].pdf(1.949780140175143)
Testing logNormal[M=1.095895952641249 S=3.71151268738543].pdf(2.10029240795049)
Testing logNormal[M=-4.6697071762782025 S=6.695588558601163].pdf(1.0640786303817593)
Testing logNormal[M=-3.1167619047104136 S=7.35699232310934].pdf(2.1172141177078796)
Testing logNormal[M=-1.8264016820707694 S=9.482056278163336].pdf(1.649525516005295)
Testing logNormal[M=0.85912556052285 S=2.4410169053420603].pdf(1.7264001891277359)
Testing logNormal[M=1.0314696093712206 S=0.4875755920209246].pdf(1.951601922341163)
Testing logNormal[M=3.433355909359335 S=0.2177062320713452].pdf(1.6355785890059629)
Testing logNormal[M=4.299921018722557 S=1.0817835969192524].pdf(1.3346529447068365)
Testing logNormal[M=0.19687850076801272 S=2.7799018399143174].pdf(0.6170024240005676)
Testing logNormal[M=-2.4338968706024753 S=2.6460150685690778].pdf(1.5854252217825446)
Testing logNormal[M=2.574749585944142 S=1.4362701415237733].pdf(0.9376796370196038)
Testing logNormal[M=4.1054127267380345 S=1.8838113290082081].pdf(1.1235178903113427)
Testing logNormal[M=-2.7322922895259207 S=9.744423952033436].pdf(2.0954186525131657)
Testing logNormal[M=1.0086555679273523 S=2.4366137056539716].pdf(2.2910324680763563)
Testing logNormal[M=1.9244167113681243 S=4.82867437949833].pdf(1.3663797493308711)
Testing logNormal[M=0.996263023257705 S=6.907985559597057].pdf(2.1491050684722475)
Testing logNormal[M=0.35315370960100534 S=5.192567184065865].pdf(1.9360884880076312)
Testing logNormal[M=4.360095361749641 S=5.671830771930848].pdf(2.298814108168006)
Testing logNormal[M=1.2973510969635251 S=9.998221306442161].pdf(1.8136889198965986)
Testing logNormal[M=-4.984162834882984 S=3.6783218462529623].pdf(2.0688369197149554)
Testing logNormal[M=-4.060260814121942 S=3.185357640702713].pdf(1.1570953955974805)
Testing logNormal[M=-4.693145454431276 S=5.7425437620773945].pdf(1.4541935224525742)
Testing logNormal[M=3.6095995999828983 S=5.5512528197286475].pdf(0.34131399035752635)
Testing logNormal[M=-3.9178366176579535 S=7.1609307070416515].pdf(0.7706330780298833)
Testing logNormal[M=0.7879798153070636 S=9.280226772589423].pdf(0.5166696699832345)
Testing logNormal[M=-3.791486256652512 S=5.498151127592096].pdf(2.034430463530672)
Testing logNormal[M=-1.7316273983637167 S=5.75050684404547].pdf(2.0089517828866654)
Testing logNormal[M=2.239251247505546 S=0.8240018532003235].pdf(1.1710833526990911)
Testing logNormal[M=-0.9504494302708117 S=7.131945867689529].pdf(1.919176535651506)
Testing logNormal[M=4.414615829203415 S=3.6119557202233956].pdf(1.6809423963821515)
Testing logNormal[M=2.1441319155844516 S=8.057318416234027].pdf(2.120120953037585)
Testing logNormal[M=-3.1617909971823552 S=7.613345246361186].pdf(1.151227768451462)
Testing logNormal[M=3.942424273488589 S=0.5842495534026582].pdf(2.125965797899069)
Testing logNormal[M=-4.888386553327671 S=2.5631819215317417].pdf(1.916622000069478)
Testing logNormal[M=-4.242949073991019 S=0.014660309262782834].pdf(2.275430021243013)
Testing logNormal[M=-4.653961573488178 S=7.825893170490058].pdf(1.161879888162663)
Testing logNormal[M=0.6135909020842556 S=4.093234323861332].pdf(1.4787277718321883)
Testing logNormal[M=4.935573633872538 S=5.727300172277299].pdf(1.94611331753412)
Testing logNormal[M=0.870891116625863 S=1.8664956501405228].pdf(0.07799978840393638)
Testing logNormal[M=-4.929248938535809 S=4.3270027391271695].pdf(1.7674676530177622)
Testing logNormal[M=-0.21635830307233395 S=0.456772348515182].pdf(0.10173930918598958)
Testing logNormal[M=2.2822401977794238 S=6.199113005903923].pdf(0.6055532229718087)
Testing logNormal[M=-3.7081452497202747 S=9.047436532490872].pdf(1.8821355896609977)
Testing logNormal[M=3.3823522573892735 S=4.411559173233444].pdf(0.9010265010523774)
Testing logNormal[M=0.8907996024054841 S=4.097152627492978].pdf(1.1926864957115098)
Testing logNormal[M=0.5479687204448762 S=5.03453731442924].pdf(0.6468111980432318)
Testing logNormal[M=2.982934619292811 S=1.9444221230963699].pdf(0.16020268207942479)
Testing logNormal[M=4.329093368048051 S=8.148348542376901].pdf(0.4120391271721728)
Testing logNormal[M=-3.0169275368607193 S=3.457631088010867].pdf(1.8903468317008816)
Testing logNormal[M=-0.3872266220134568 S=2.787976335608111].pdf(1.3944472753666919)
Testing logNormal[M=1.9659995140310311 S=9.027828271842987].pdf(2.251448330300918)
Testing logNormal[M=4.594506916826104 S=7.951172540498609].pdf(2.206541095792512)
Testing logNormal[M=1.1852674002925703 S=1.8219156593989372].pdf(2.1369349250344585)
Testing logNormal[M=-1.1604141203541718 S=8.965671969476743].pdf(1.2048484144133407)
Testing logNormal[M=4.076339363886772 S=3.100503766037539].pdf(2.136993697261482)
Testing logNormal[M=0.30733297632207623 S=4.436706886324167].pdf(1.5905142041828253)
Testing logNormal[M=1.388889760790141 S=1.5990046943485825].pdf(1.9145535411835743)
Testing logNormal[M=-3.129525816501152 S=9.63772176078317].pdf(2.1202041604440063)
Testing logNormal[M=0.06579520331212407 S=1.1344363382178324].pdf(2.2988082815475397)
Testing logNormal[M=-3.5719390378959903 S=8.364569029914513].pdf(1.9845347305630454)
Testing logNormal[M=-2.438429149471837 S=5.272848645021943].pdf(2.062462836785178)
Testing logNormal[M=-3.702487644213397 S=7.417860712206111].pdf(2.0460413875810364)
Testing logNormal[M=-4.686971350577157 S=0.43651256480809586].pdf(1.7814891443690706)
Testing logNormal[M=4.079963800844364 S=4.164215842221315].pdf(1.9504192614949352)
Testing logNormal[M=1.236440823900712 S=3.8063910075339447].pdf(0.8890892882552806)
Testing logNormal[M=0.4796771919803273 S=3.1065367587158486].pdf(2.228589484831989)
Testing logNormal[M=3.543654748497456 S=6.364909497921239].pdf(2.2237241206861)
Testing logNormal[M=-0.639720249007917 S=4.7446721787933175].pdf(1.0712639371011528)
Testing logNormal[M=3.1493173676149304 S=0.16374955679459902].pdf(1.7320276870002216)
Testing logNormal[M=1.634612814220099 S=4.501828314713329].pdf(2.2043052406010153)
Testing logNormal[M=4.914541572929794 S=3.5398339747401044].pdf(0.2323224853180061)
Testing logNormal[M=2.1724796777422197 S=4.830170856196809].pdf(1.9978062084715134)
Testing logNormal[M=0.882575256823813 S=0.8158612648240438].pdf(1.1103435533062407)
Testing logNormal[M=-2.914060836517675 S=2.370906899254923].pdf(1.3423879565012933)
Testing logNormal[M=-2.8012263247401306 S=2.002250712664372].pdf(2.2945704322766223)
Testing logNormal[M=-1.061350812839187 S=2.7800220682430177].pdf(2.259946965412542)
Testing logNormal[M=1.596379047054862 S=6.733232835035707].pdf(1.9950480130901727)
Testing logNormal[M=-4.786568988631954 S=9.806139400998786].pdf(0.5821527848067141)
Testing logNormal[M=3.2193118640848297 S=1.1361122230352683].pdf(1.54926370393035)
Testing logNormal[M=0.44563454689646065 S=5.295618825317221].pdf(1.9760818301168999)
Testing logNormal[M=-1.3671639260848654 S=6.423152294407575].pdf(0.8393800661605115)
Testing logNormal[M=0.7232643647380099 S=7.527419849059923].pdf(2.275087276182694)
Testing logNormal[M=-3.8654977369429133 S=8.689989393346746].pdf(2.2424088146415104)
Testing logNormal[M=-2.396046353186525 S=2.69979405406683].pdf(2.234781383521048)
Testing logNormal[M=4.163736230367057 S=2.4105428277359775].pdf(1.7792028637228519)
Testing logNormal[M=0.7379830335333608 S=8.836073377598407].pdf(2.09779506384428)
Testing logNormal[M=-0.35587777082330074 S=6.670954988872994].pdf(2.029071004250742)
Testing logNormal[M=-4.337622522961546 S=9.969899536620755].pdf(0.719049996791693)
Testing logNormal[M=3.996068251492117 S=5.23546963418359].pdf(1.8934669732096228)
Testing logNormal[M=-0.33124706686089134 S=7.959846082725818].pdf(0.6542341856814292)
Testing logNormal[M=-2.8754513549816085 S=8.700705360716443].pdf(1.5442478013866443)
Testing logNormal[M=0.8564192761896159 S=5.958820135323924].pdf(1.6773171125771584)
Testing logNormal[M=-4.749023287049621 S=0.07440710970246123].pdf(1.2220301560572269)
Testing logNormal[M=-2.5556850230218595 S=6.501693907463602].pdf(1.9028601123782631)
Testing logNormal[M=-4.122736847994739 S=7.0191049049358725].pdf(1.018695357420534)
Testing logNormal[M=-0.9894729650654801 S=2.728579387486607].pdf(1.390938851885225)
Testing logNormal[M=-1.9592578647413816 S=8.246183107416616].pdf(2.199027037743018)
Testing logNormal[M=0.6715599026880437 S=3.441894437251757].pdf(1.1853041591296403)
Testing logNormal[M=-3.2464789893051993 S=2.556732443891386].pdf(2.1684871663528815)
Testing logNormal[M=-0.4407382927195469 S=2.99764798296116].pdf(1.9967184637895876)
Testing logNormal[M=-1.5149859806562258 S=3.4808388376121844].pdf(0.08210843729401521)
Testing logNormal[M=-0.9422892204471136 S=7.757847622792008].pdf(1.3368167031365799)
Testing logNormal[M=-0.012079831246190942 S=4.31732534829206].pdf(2.227469371531755)
Testing logNormal[M=-4.019678787501691 S=6.850957944435526].pdf(0.7965341709457537)
Testing logNormal[M=1.7246954176798397 S=5.615483543202621].pdf(2.080287724823051)
Testing logNormal[M=-3.9934441088852624 S=7.3770060728947495].pdf(2.180348973309781)
Testing logNormal[M=-0.6805992656637443 S=7.129466330477498].pdf(2.112818721073594)
Testing logNormal[M=-1.799076646369823 S=2.4237163373792847].pdf(2.2184927062153466)
Testing logNormal[M=4.82938320592562 S=3.490932806786451].pdf(0.8044589264055173)
Testing logNormal[M=-3.2347441751305093 S=6.924029283891315].pdf(1.8264911029481352)
Testing logNormal[M=2.2323172628560775 S=8.221686886412396].pdf(1.686913381019876)
Testing logNormal[M=1.6771802303845842 S=1.0425615060942839].pdf(2.180599462824543)
Testing logNormal[M=3.2603968100777045 S=9.356176388738337].pdf(1.682852239181307)
Testing logNormal[M=-0.5881246671665599 S=9.028001821890971].pdf(1.5881848006654444)
Testing logNormal[M=-3.181124051749009 S=7.674237398378145].pdf(2.0927649338978567)
Testing logNormal[M=1.9412070519030031 S=5.876814529272535].pdf(2.003671077792072)
Testing logNormal[M=-1.5990199961549956 S=7.5764847699797695].pdf(1.9122669734542415)
Testing logNormal[M=1.2198140522726453 S=1.7950653672104733].pdf(2.2447209181565655)
Testing logNormal[M=-1.8439167822022098 S=4.645115970114223].pdf(1.3108481648204509)
Testing logNormal[M=-2.0400137229221715 S=2.865220628656485].pdf(0.47224667626646893)
Testing logNormal[M=-3.9494560917957 S=4.296086359852697].pdf(1.7956444185237561)
Testing logNormal[M=0.29629708978360014 S=5.499100120288426].pdf(1.7620717123392962)
Testing logNormal[M=-0.8941661415432485 S=1.4389169289968506].pdf(0.8884221164787439)
Testing logNormal[M=-4.05085840696723 S=9.351328771235876].pdf(1.786680725761567)
Testing logNormal[M=-0.24409113442286312 S=9.081934118174951].pdf(1.7547881310097762)
Testing logNormal[M=-1.791572722269251 S=7.22075729689659].pdf(2.0133079989575657)
Testing logNormal[M=-4.594388398815887 S=9.440203403554793].pdf(2.260430844823728)
Testing logNormal[M=3.385200207878208 S=2.944892035955821].pdf(1.5189698849191158)
Testing logNormal[M=3.214847541309849 S=9.546243412830208].pdf(1.693180471449639)
Testing logNormal[M=-0.3321377177538558 S=5.37492032674728].pdf(1.5943304236319453)
Testing logNormal[M=-4.561023601842152 S=5.372466470343561].pdf(1.0374695974281707)
Testing logNormal[M=-2.4952526958418177 S=0.5123842975813508].pdf(2.003827892839417)
Testing logNormal[M=-0.7580416372970884 S=8.554882693169715].pdf(1.958217740823255)
Testing logNormal[M=0.0804152910386069 S=0.9817839422340346].pdf(0.46266924304932516)
Testing logNormal[M=-3.6811620725905048 S=4.923608919296493].pdf(2.1082233479110597)
Testing logNormal[M=-3.7105679029604985 S=9.876245052046041].pdf(2.0325517747334465)
Testing logNormal[M=4.7829163967633495 S=0.6020216187701821].pdf(1.725400881527369)
Testing logNormal[M=0.4208709613275037 S=6.101142927081406].pdf(1.541276513043855)
Testing logNormal[M=1.5901666428192494 S=3.1882535095120335].pdf(2.2324656691925893)
Testing logNormal[M=3.278114436969455 S=6.726044549335931].pdf(1.6292640593994066)
Testing logNormal[M=1.0022583425535023 S=1.2204045354585535].pdf(1.7527106790033171)
Testing logNormal[M=2.780474803067471 S=8.361154181927613].pdf(1.610052130927857)
Testing logNormal[M=-1.844387576089325 S=9.686323872786666].pdf(1.6324204153955364)
Testing logNormal[M=0.36791941853331345 S=7.3200765651622675].pdf(1.1752991967608495)
Testing logNormal[M=-3.0357598130000696 S=8.618729254085093].pdf(1.3234930284370867)
Testing logNormal[M=3.605764472322651 S=1.1177395995629014].pdf(1.1671538071417182)
Testing logNormal[M=1.9148979697579902 S=4.6910301001867].pdf(1.955749882608459)
Testing logNormal[M=1.3876393359227235 S=4.432319387430484].pdf(2.090992068458628)
Testing logNormal[M=4.803152268113852 S=1.6599185251503812].pdf(1.8726595738628775)
Testing logNormal[M=0.029456363744611025 S=5.29942795916191].pdf(1.8237625168825853)
Testing logNormal[M=3.480286156436195 S=6.425921116531768].pdf(2.2673208852896845)
Testing logNormal[M=3.2787379504722676 S=6.8584021984036125].pdf(1.9632495919825277)
Testing logNormal[M=3.569890311752351 S=7.220568694248622].pdf(2.209769027503056)
Testing logNormal[M=1.1971162027677344 S=4.2729343833789954].pdf(0.06456858840066959)
Testing logNormal[M=4.827190797454055 S=5.474584331557182].pdf(1.9294949689518062)
Testing logNormal[M=-4.0043618019080895 S=7.28365089582181].pdf(2.237038749725608)
Testing logNormal[M=4.452118965753408 S=0.061441269873079296].pdf(2.2656227650367007)
Testing logNormal[M=-4.650151742551088 S=0.44883086874011324].pdf(1.7373017250833327)
Testing logNormal[M=-0.48772769316061826 S=5.014634553440422].pdf(2.199324331420523)
Testing logNormal[M=3.007864537945494 S=9.956962248101993].pdf(2.1035071928394884)
Testing logNormal[M=4.190570425475851 S=7.316199541671894].pdf(1.9958818896722534)
Testing logNormal[M=-4.229502724476685 S=2.4416090175471528].pdf(1.1806237774471415)
Testing logNormal[M=4.118171172348159 S=4.796276290118656].pdf(2.2090420331576195)
Testing logNormal[M=-4.494564974558111 S=8.510190032975974].pdf(1.7003088867098728)
Testing logNormal[M=3.867826637504434 S=5.988950704775413].pdf(0.5679768959420978)
Testing logNormal[M=-0.6670134598760713 S=0.21155483960309196].pdf(2.232359123076403)
Testing logNormal[M=2.443863856678843 S=8.146699428234845].pdf(2.014142794683392)
Testing logNormal[M=-3.296245650394407 S=1.0639961001454568].pdf(2.2833974379902773)
Testing logNormal[M=3.0851833268445503 S=7.942547262722628].pdf(2.1850121715183093)
Testing logNormal[M=0.9112843325353595 S=0.6225250520242465].pdf(2.185129284710425)
Testing logNormal[M=-4.66229165601825 S=3.1810239033601917].pdf(1.2117403345242714)
Testing logNormal[M=-0.10821283664361125 S=1.6200006815967594].pdf(1.9552578850627929)
Testing logNormal[M=-0.13089471513227124 S=5.451411813847244].pdf(1.6247449189589234)
Testing logNormal[M=4.33498358036667 S=1.902639786759458].pdf(0.929468898257416)
Testing logNormal[M=0.8536795168102955 S=8.8246291769585].pdf(2.077168753657756)
Testing logNormal[M=-4.216529716628525 S=0.6921135844113024].pdf(1.7753857044710855)
Testing logNormal[M=-3.56506012140571 S=4.771790262836516].pdf(2.226111466091449)
Testing logNormal[M=-1.582998390036241 S=1.7666612545679161].pdf(0.9355163280203039)
Testing logNormal[M=-0.874577697780861 S=5.713757081192389].pdf(1.6096695266170158)
Testing logNormal[M=-2.205288519112374 S=4.273866397081169].pdf(0.6600749054415428)
Testing logNormal[M=3.029495979517657 S=8.171166101308005].pdf(1.6176521523413834)
Testing logNormal[M=-3.785408641104574 S=1.5288014394208216].pdf(1.1966643925016363)
Testing logNormal[M=1.4450294376584694 S=6.36004739289615].pdf(0.5174002744593603)
Testing logNormal[M=-1.132661288092395 S=7.420933412272542].pdf(0.4109372121329755)
Testing logNormal[M=-3.881592348994639 S=0.855241096434457].pdf(0.8572150341224655)
Testing logNormal[M=-4.847421984922766 S=0.6171862025170205].pdf(1.9170222501620535)
Testing logNormal[M=0.6233002234733842 S=6.543696516187288].pdf(0.1736521567721375)
Testing logNormal[M=-1.985857583687709 S=5.669200884211898].pdf(0.1979694812305858)
Testing logNormal[M=4.268791144554596 S=8.74519282329768].pdf(2.1644211774873767)
Testing logNormal[M=-4.1505189957840525 S=0.14081573057230234].pdf(1.3473485321890293)
Testing logNormal[M=-2.002987862999773 S=3.3695468654101357].pdf(1.4920195642345626)
Testing logNormal[M=1.9121869136448009 S=3.4419056238669077].pdf(2.182445970068892)
Testing logNormal[M=-3.6852369964930154 S=2.9132457558205593].pdf(2.111029981442242)
Testing logNormal[M=0.9605951273401834 S=7.446558918967949].pdf(1.9646408622502556)
Testing logNormal[M=-0.5512112770283437 S=4.689576132473128].pdf(1.7383895932309836)
Testing logNormal[M=2.74156992911442 S=1.191445978242539].pdf(2.1474266686106174)
Testing logNormal[M=-2.663749199502833 S=6.189810414781266].pdf(2.005977151583507)
Testing logNormal[M=3.09478810924913 S=5.078645707760078].pdf(2.2643689386805805)
Testing logNormal[M=-1.0701099025403185 S=3.937757465327947].pdf(1.1186110561445628)
Testing logNormal[M=-4.890107790233835 S=7.411688291477672].pdf(1.5781457490011304)
Testing logNormal[M=0.7871995549785247 S=8.572412128858405].pdf(2.196936233951162)
Testing logNormal[M=-2.6188363738773135 S=0.2706371534843077].pdf(0.7260755482692997)
Testing logNormal[M=-3.569792880764605 S=4.768205743890903].pdf(1.0785995656003788)
Testing logNormal[M=0.2108717518566312 S=7.848017276906102].pdf(1.1633251847125128)
Testing logNormal[M=2.5602539825950013 S=7.741037035796106].pdf(1.0384822524932866)
Testing logNormal[M=-0.5786418805542191 S=9.042758724381022].pdf(0.7114594788346597)
Testing logNormal[M=-2.1672492081336694 S=6.562171214182645].pdf(1.9510327450804268)
Testing logNormal[M=-0.5631423106836202 S=4.302538167510502].pdf(0.38944055499004626)
Testing logNormal[M=0.012952179683715315 S=8.01232269951125].pdf(1.54948651721539)
Testing logNormal[M=-3.3614778636983456 S=1.8084595521267155].pdf(1.849636736183915)
Testing logNormal[M=4.9017011087976545 S=6.421273288353866].pdf(2.262040859095819)
Testing logNormal[M=2.6496062123384316 S=9.713190160571365].pdf(1.7729609861543394)
Testing logNormal[M=1.3591903898701094 S=1.3632449434018135].pdf(1.8834188833454255)
Testing logNormal[M=4.515698921482848 S=1.0059873292457444].pdf(2.292379056148729)
Testing logNormal[M=2.549500117405077 S=5.518373494296727].pdf(2.2358040711409006)
Testing logNormal[M=1.0802621622409028 S=8.27281225707334].pdf(2.2903017807658674)
Testing logNormal[M=2.3402004793535767 S=1.3659343288112225].pdf(1.569785975587112)
Testing logNormal[M=1.543372679889698 S=8.91218854185918].pdf(1.8139374025203345)
Testing logNormal[M=-0.02501297273088987 S=5.311554798020172].pdf(0.7114020311184726)
Testing logNormal[M=-0.9410732494970953 S=3.284385228478084].pdf(0.5583254264111214)
Testing logNormal[M=3.378308121006702 S=4.810188806908119].pdf(0.9049386193080597)
Testing logNormal[M=-1.0621096557734044 S=4.5716065396761945].pdf(1.6938570092523124)
Testing logNormal[M=0.46341083201797595 S=1.5739951777864647].pdf(0.609577590746647)
Testing logNormal[M=-1.0649747078493368 S=9.775763127035638].pdf(0.8755100990029657)
Testing logNormal[M=3.6956163109829063 S=3.7037965619613953].pdf(1.6396564569078655)
Testing logNormal[M=-3.347536389425784 S=1.6303382166575386].pdf(2.1834449605217383)
Testing logNormal[M=-4.052455213710953 S=8.881280548721984].pdf(1.994871753967047)
Testing logNormal[M=-4.335780307039981 S=1.1840547827074077].pdf(1.327067245325265)
Testing logNormal[M=-3.4598221932250905 S=5.345574989663945].pdf(1.5850538104035272)
Testing logNormal[M=0.9489924543826191 S=5.329414087475703].pdf(2.2437630238432615)
Testing logNormal[M=4.826046256577966 S=6.699152249578414].pdf(0.0549395378185334)
Testing logNormal[M=4.922078111624781 S=1.223185185781721].pdf(1.500734885989599)
Testing logNormal[M=2.2508886927947858 S=7.240492921235379].pdf(1.4141395298953883)
Testing logNormal[M=0.1673686373299681 S=0.35151788896102154].pdf(0.542324589445595)
Testing logNormal[M=4.488522425490036 S=5.277038775287316].pdf(2.2708148848310516)
Testing logNormal[M=1.0633792119536212 S=1.944495732048055].pdf(1.7200725028892025)
Testing logNormal[M=0.657315914022023 S=9.179077022004474].pdf(1.688095934244064)
Testing logNormal[M=-0.3387665908742443 S=1.5216116345857356].pdf(0.3164332210947991)
Testing logNormal[M=2.7698311400115365 S=8.1081210268109].pdf(1.7107885436902444)
Testing logNormal[M=-1.9561036682273327 S=3.062977034460671].pdf(1.9101808985719313)
Testing logNormal[M=0.22690557710631687 S=9.622900103070194].pdf(2.2904020796983007)
Testing logNormal[M=-4.385878084214148 S=1.6861138568012635].pdf(2.0992401973466546)
Testing logNormal[M=3.3794170590149353 S=6.2558064077739335].pdf(1.3869144304950165)
Testing logNormal[M=0.7892313154876671 S=5.770082573154703].pdf(1.695802340268347)
Testing logNormal[M=3.3089570232266663 S=9.066628346514007].pdf(2.2775940735550293)
Testing logNormal[M=-2.4514960693039645 S=8.62251371358599].pdf(2.1990724681703178)
Testing logNormal[M=-2.4040590482311766 S=0.4614546629570693].pdf(0.06977367534500867)
Testing logNormal[M=1.1782259504624113 S=4.409742630365237].pdf(2.200509137878539)
Testing logNormal[M=1.7900168376061343 S=2.7262963957294026].pdf(1.8863248265041508)
Testing logNormal[M=-1.132604603991385 S=8.38885523847606].pdf(1.1409250132258848)
Testing logNormal[M=2.2185704889295685 S=9.10772083027042].pdf(1.3344337758068032)
Testing logNormal[M=0.03957945138997232 S=4.007436052093399].pdf(0.9707493232386555)
Testing logNormal[M=-3.9206327944871386 S=2.3984097136590465].pdf(1.4392670781005825)
Testing logNormal[M=-0.9810220785723578 S=9.095548816578589].pdf(1.1666756550760704)
Testing logNormal[M=-2.3619497079963714 S=3.400015106309974].pdf(1.1452229533617266)
Testing logNormal[M=0.9678323606488615 S=1.0709242101514882].pdf(2.198473761041994)
Testing logNormal[M=4.491302905618822 S=9.070655875401915].pdf(2.1602287929545994)
Testing logNormal[M=-4.102847334497027 S=4.031542134571681].pdf(1.5195616295972967)
Testing logNormal[M=-4.591437162469135 S=2.3426318371714205].pdf(2.1525980836713563)
Testing logNormal[M=1.9163957709362283 S=1.7483762200711184].pdf(0.714186322221677)
Testing logNormal[M=-4.918929198822317 S=5.469379362962519].pdf(1.1826283936983115)
Testing logNormal[M=-1.89466429271834 S=8.799865672978504].pdf(1.0748663623653905)
Testing logNormal[M=3.030907058811767 S=0.601165087075437].pdf(0.8168691643374173)
Testing logNormal[M=-1.7633474545126315 S=5.820901110385261].pdf(1.6958295568375652)
Testing logNormal[M=-0.9604963442708918 S=1.8710936265082256].pdf(2.2945262214537894)
Testing logNormal[M=-1.2547674908398578 S=9.26600173039483].pdf(0.5339284149385877)
Testing logNormal[M=-1.7134420248635305 S=5.686720485405203].pdf(0.7834951575707885)
Testing logNormal[M=-3.4130256751756782 S=8.593583137178312].pdf(0.2878364923433191)
Testing logNormal[M=-4.297145728596341 S=1.2869634460695212].pdf(1.4635646159738664)
Testing logNormal[M=-0.8956574296855377 S=4.3931878080347575].pdf(2.0601109424493105)
Testing logNormal[M=-1.0587234668360521 S=6.115211231518904].pdf(2.054062848988156)
Testing logNormal[M=-3.2499024517533446 S=6.695812951420046].pdf(1.9052964617247705)
Testing logNormal[M=-4.171771925249002 S=5.554838823009611].pdf(2.0290052273774695)
Testing logNormal[M=1.3824335261737808 S=9.81740569800284].pdf(0.6643391847454787)
Testing logNormal[M=-1.5018938248626412 S=7.487871457487567].pdf(0.753123128362599)
Testing logNormal[M=-0.29666619943309236 S=5.199754116331537].pdf(0.16931452161759095)
Testing logNormal[M=3.199175556774861 S=6.062097862226286].pdf(1.0508342088733018)
Testing logNormal[M=-4.016934932510862 S=5.3232737212855765].pdf(1.5134351903425183)
Testing logNormal[M=2.0047772582673593 S=8.678822907068085].pdf(1.7424337257045306)
Testing logNormal[M=3.2040637086962107 S=9.95042087186641].pdf(2.034713272422577)
Testing logNormal[M=1.682092841817652 S=3.5717328262544368].pdf(0.1636192531527349)
Testing logNormal[M=1.718273988134844 S=7.1005854530282155].pdf(1.6987647684758962)
Testing logNormal[M=1.2872702189153173 S=8.2492835897667].pdf(1.400358803449343)
Testing logNormal[M=4.903563340083911 S=1.6677787450666703].pdf(0.3806444769983561)
Testing logNormal[M=2.712135277360291 S=0.6735997838996033].pdf(0.8516738005234314)
Testing logNormal[M=-0.27820427333992903 S=1.334760803126347].pdf(0.6946744701682585)
Testing logNormal[M=-3.765937875305949 S=8.150242567893303].pdf(2.300589995530142)
Testing logNormal[M=-1.3777383451919745 S=2.213251179902389].pdf(1.0325224253336251)
Testing logNormal[M=-2.043419173306665 S=9.826310506871613].pdf(1.713008001071913)
Testing logNormal[M=1.0352221411469262 S=3.156310909502167].pdf(1.9696526164403854)
Testing logNormal[M=2.3331928450102772 S=5.787659484486638].pdf(1.2811627690922016)
Testing logNormal[M=3.60070185148448 S=5.798592152626259].pdf(0.4320574991303817)
Testing logNormal[M=1.2335812362803997 S=7.4374074056011015].pdf(0.19823184737268723)
Testing logNormal[M=3.2889645129044904 S=4.022034967806652].pdf(1.612719166037069)
Testing logNormal[M=-4.185794178548202 S=6.211930206611641].pdf(1.7754401356905478)
Testing logNormal[M=2.315412135590499 S=3.7830235216372943].pdf(2.1799918749704807)
Testing logNormal[M=0.7795598097333798 S=2.2789429108461636].pdf(1.687690431859045)
Testing logNormal[M=-0.06881315489951856 S=1.322067893107981].pdf(1.5218705004454534)
Testing logNormal[M=-1.6941800966348297 S=1.2178876905630198].pdf(2.2810826475249835)
Testing logNormal[M=1.3375910449155528 S=9.835903819279524].pdf(2.071546016602672)
Testing logNormal[M=1.2441216607453578 S=0.6293588277249262].pdf(1.3087780136448814)
Testing logNormal[M=1.3575754433226646 S=9.14998258651821].pdf(2.1169318373821024)
Testing logNormal[M=2.4911389852155343 S=6.156560891361873].pdf(1.5551593776804298)
Testing logNormal[M=-2.2824062619286343 S=0.5370693656043213].pdf(1.6105175815590087)
Testing logNormal[M=1.0485856866268675 S=1.4125525921224114].pdf(1.6523225271108741)
Testing logNormal[M=3.3848406737687995 S=5.161280630273194].pdf(1.2843576145143794)
Testing logNormal[M=3.071831377056938 S=8.168828227541825].pdf(1.3789314518597853)
Testing logNormal[M=-0.4535177044728842 S=1.118776977488396].pdf(1.1345160245177583)
Testing logNormal[M=-4.668867681304668 S=6.89434970272468].pdf(1.7178600399522437)
Testing logNormal[M=-4.056870407384759 S=7.344738476034811].pdf(1.3306597633306967)
Testing logNormal[M=-1.491149454319447 S=2.2043751439450867].pdf(1.437751962920452)
Testing logNormal[M=4.744598920337067 S=3.6359009717628266].pdf(2.2125297816462184)
Testing logNormal[M=4.02591575663196 S=8.084301046329305].pdf(1.6339166501522118)
Testing logNormal[M=-2.3144483839448524 S=4.168575852391556].pdf(1.4134565525162859)
Testing logNormal[M=-1.7656002031460547 S=0.7462695846560974].pdf(1.7422400476688438)
Testing logNormal[M=-2.317250704752217 S=1.2935315606113174].pdf(1.763109422533721)
Testing logNormal[M=-4.156148166092514 S=9.081054693255673].pdf(1.856567653605991)
Testing logNormal[M=0.3537375479100966 S=9.199567136678935].pdf(2.07196592270943)
Testing logNormal[M=4.453142617443662 S=9.653847255314416].pdf(2.092491745714467)
Testing logNormal[M=4.215653774513605 S=0.6037935852817444].pdf(1.4434762744752183)
Testing logNormal[M=1.8829458932116792 S=7.742682775937965].pdf(1.8476716572874365)
Testing logNormal[M=-0.3035731003159956 S=2.692169590786876].pdf(1.7910356675970294)
Testing logNormal[M=-2.2701979538437267 S=7.727852936678316].pdf(1.1709414175875512)
Testing logNormal[M=3.6080422302058164 S=3.0131411875916903].pdf(2.1644174487983254)
Testing logNormal[M=-0.6446667416285514 S=6.868413253938473].pdf(1.3614526233997968)
Testing logNormal[M=4.277811743666744 S=0.8916864636004107].pdf(1.0928627454610857)
Testing logNormal[M=2.7811360448104825 S=1.8303370995225154].pdf(1.7662591874203284)
Testing logNormal[M=-0.8547048513688615 S=5.479112839261463].pdf(1.8901437961700251)
Testing logNormal[M=-2.3636027588792796 S=2.437140722750467].pdf(1.9503705472680106)
Testing logNormal[M=0.911117572887842 S=1.519500055695484].pdf(1.1499541481859867)
Testing logNormal[M=-1.0529761301822105 S=4.169654354441226].pdf(2.2292891271447033)
Testing logNormal[M=-0.21293723920036012 S=5.105386682294474].pdf(1.9253722611808528)
Testing logNormal[M=0.16033898342366903 S=2.1759726682558513].pdf(1.915480419811461)
Testing logNormal[M=0.944977497326116 S=6.727764419905462].pdf(0.9715373772203927)
Testing logNormal[M=4.972024262808091 S=3.2786517768403423].pdf(2.2384296570621247)
Testing logNormal[M=-4.751477642259064 S=5.976358683116404].pdf(2.1960009616686507)
Testing logNormal[M=4.205927489340764 S=3.8944377712644727].pdf(1.6170762709744388)
Testing logNormal[M=2.993754356748065 S=8.879011686473085].pdf(2.0270079057977437)
Testing logNormal[M=-1.3981217144502898 S=3.2229284859627914].pdf(0.7554657623537481)
Testing logNormal[M=0.681660610683875 S=6.307014050906929].pdf(1.8401164222170858)
Testing logNormal[M=4.826433138006044 S=5.004376603005289].pdf(2.1937455171501075)
Testing logNormal[M=-2.3042819642171097 S=0.26994862795702734].pdf(1.8400229443897254)
Testing logNormal[M=-2.5968611205662286 S=2.6251436958271523].pdf(0.3647970047657565)
Testing logNormal[M=-2.960917710035039 S=6.506511455758378].pdf(0.6733792719653285)
Testing logNormal[M=3.217707276826925 S=9.825680949678182].pdf(1.4869389509893967)
Testing logNormal[M=4.404620515230551 S=0.17200672083578228].pdf(2.060999235418914)
Testing logNormal[M=0.8218389260995105 S=6.66559601766021].pdf(1.1841470317918825)
Testing logNormal[M=-0.5194199777946853 S=3.305467302890025].pdf(1.1971260288744285)
Testing logNormal[M=-4.727280960269109 S=4.844979885772847].pdf(1.1416924203003396)
Testing logNormal[M=-1.7739840337771131 S=0.846873675982166].pdf(0.9023489657553159)
Testing logNormal[M=-4.206709773685278 S=3.5494422606233025].pdf(2.1840354151692383)
Testing logNormal[M=1.2475096226586064 S=2.1182947404209775].pdf(2.039920246815455)
Testing logNormal[M=-3.9127482200711947 S=3.5171937425673083].pdf(2.2136391160962616)
Testing logNormal[M=4.860778675364349 S=9.891611460992735].pdf(0.32453755244733185)
Testing logNormal[M=4.473677495933913 S=9.475632635382778].pdf(1.560014178871753)
Testing logNormal[M=-0.21698538586828953 S=8.196666578495773].pdf(2.1852029648187545)
Testing logNormal[M=1.2657690564501136 S=8.485082963252204].pdf(2.220491438534674)
Testing logNormal[M=2.775761636003933 S=2.842083087207261].pdf(2.2517973012917323)
Testing logNormal[M=-1.2226514415265868 S=8.968633098955737].pdf(2.2159101173187956)
Testing logNormal[M=2.20862019778565 S=1.4109988454028743].pdf(1.6231523687046576)
Testing logNormal[M=4.403599320457431 S=7.367422306207718].pdf(2.032224254397028)
Testing logNormal[M=-2.9966024477207442 S=4.364522876445104].pdf(1.4163199312936852)
Testing logNormal[M=3.749110893179312 S=9.390887351272989].pdf(2.0434260148620305)
Testing logNormal[M=0.9512157480379209 S=0.6404832476976385].pdf(2.137553506397757)
Testing logNormal[M=-2.3167738088711545 S=9.103110629890432].pdf(1.332975560304336)
Testing logNormal[M=-1.7406946269443626 S=8.288670125432487].pdf(1.7097616093677226)
Testing logNormal[M=-0.8371204387908904 S=8.922440706898605].pdf(2.279933499356256)
Testing logNormal[M=-0.8670446533288239 S=5.205514085805176].pdf(0.8639201547147238)
Testing logNormal[M=-3.4922143966099615 S=1.7272214827928734].pdf(1.3295302456354121)
Testing logNormal[M=2.0061070375694623 S=4.554766576321435].pdf(2.2293982613204433)
Testing logNormal[M=2.031803002098817 S=9.85668004896217].pdf(1.4721470101114194)
Testing logNormal[M=3.748421131815462 S=1.7491092813587439].pdf(1.8961428819434183)
Testing logNormal[M=4.289647969989135 S=2.5751093432189953].pdf(1.9845655970678053)
Testing logNormal[M=-3.2982070136868957 S=2.949991830282496].pdf(1.691489933164621)
Testing logNormal[M=-2.6657654516708584 S=5.661433225521783].pdf(0.7828902530935322)
Testing logNormal[M=4.075301017436271 S=4.635377534932777].pdf(2.062345726972013)
Testing logNormal[M=1.4591248425586842 S=5.054702181191699].pdf(1.6869114800396103)
Testing logNormal[M=-0.12103649735025357 S=7.316086455040788].pdf(0.654834022425743)
Testing logNormal[M=-0.1711237296858208 S=9.093168253352662].pdf(1.4784430236226807)
Testing logNormal[M=-1.8314686986609452 S=1.9267833663720002].pdf(2.016588941815814)
Testing logNormal[M=-3.492677949044116 S=8.608651917031473].pdf(1.7033816172434826)
Testing logNormal[M=-1.6681528520061386 S=6.498523404465376].pdf(1.917114305783194)
Testing logNormal[M=1.1384607425499924 S=2.075624155745941].pdf(0.2096795406558832)
Testing logNormal[M=-4.988892586749845 S=9.053584224494417].pdf(2.2318116992832957)
Testing logNormal[M=3.208716646083431 S=5.2032957292618125].pdf(1.9485163355374693)
Testing logNormal[M=-0.15691604569114936 S=7.024642943851696].pdf(1.6565114986625542)
Testing logNormal[M=-2.9164501065680346 S=3.973126785526526].pdf(0.9339909732685012)
Testing logNormal[M=4.3851431294276395 S=0.3351522267441387].pdf(2.2015366006770676)
Testing logNormal[M=1.113478302099833 S=8.370957770793922].pdf(0.21580316935055355)
Testing logNormal[M=-0.06026546806082855 S=2.177606293672625].pdf(1.866874393180773)
Testing logNormal[M=2.262953101905527 S=9.695500092804075].pdf(2.273268130668693)
Testing logNormal[M=4.738537623589613 S=7.825462486309698].pdf(1.4575242491003977)
Testing logNormal[M=-4.4135640738753 S=9.593982671528725].pdf(1.3982588559630336)
Testing logNormal[M=3.4605472501147148 S=7.316508120523814].pdf(1.5566132959978696)
Testing logNormal[M=-0.2742834571916575 S=3.7945218678146397].pdf(1.8459423697295276)
Testing logNormal[M=-1.773874359351062 S=0.42966601959207207].pdf(2.1302075711506796)
Testing logNormal[M=1.0367197739624991 S=2.552296153429472].pdf(2.102428047170904)
Testing logNormal[M=3.7338411891642984 S=6.43328307835525].pdf(1.26358133333553)
Testing logNormal[M=-3.341094762337582 S=8.400367914632511].pdf(2.140333888681218)
Testing logNormal[M=-1.6494726150837948 S=5.049407426823933].pdf(2.253297351610608)
Testing logNormal[M=2.9305424324409817 S=1.6979387406006352].pdf(1.810085728441318)
Testing logNormal[M=1.5402426072375528 S=4.011166960797695].pdf(1.6097799392156817)
Testing logNormal[M=-1.0068563095893857 S=7.890594672742207].pdf(1.3133774170392027)
Testing logNormal[M=-3.6319327501776333 S=4.073753974935484].pdf(1.362126792118047)
Testing logNormal[M=-3.861095035886449 S=9.875011117882362].pdf(1.2188320712100196)
Testing logNormal[M=1.787910575286876 S=8.928868741068813].pdf(1.2780957145036715)
Testing logNormal[M=2.5630291324197305 S=8.761936929094553].pdf(0.9812937374585251)
Testing logNormal[M=-4.8259615484127005 S=5.246248862851619].pdf(1.9602066478122697)
Testing logNormal[M=-0.8526541393067157 S=9.0464605085828].pdf(0.4663143175497379)
Testing logNormal[M=-2.2548671871180015 S=0.3455664024912064].pdf(1.8436746801450132)
Testing logNormal[M=4.974217793489004 S=2.3037060591041456].pdf(0.7320922695160438)
Testing logNormal[M=-3.323323849835927 S=3.6474354494946173].pdf(0.7150262328337965)
Testing logNormal[M=-3.620626001908478 S=8.55168329571754].pdf(2.154158810059853)
Testing logNormal[M=2.841137077981804 S=2.6773961379080555].pdf(1.8207467293356416)
Testing logNormal[M=0.12274609963009553 S=2.010054105803516].pdf(1.8828736011993574)
Testing logNormal[M=1.5409941164591023 S=1.9391450877802263].pdf(2.1592282620694605)
Testing logNormal[M=1.6481626260814464 S=5.457859713526557].pdf(0.22195471982854545)
Testing logNormal[M=0.8079604653558725 S=6.559417080532923].pdf(1.0073563773159218)
Testing logNormal[M=3.400610155621555 S=7.918786197312267].pdf(1.8787564573063864)
Testing logNormal[M=-0.6806966412646718 S=0.8385862795350107].pdf(1.6054403010087268)
Testing logNormal[M=1.6095724447988644 S=5.7635005247953615].pdf(1.8768964021317456)
Testing logNormal[M=1.70760785932152 S=1.0487871891021638].pdf(1.5443815220833024)
Testing logNormal[M=0.043823949809159046 S=9.29529414518472].pdf(0.6573946679987908)
Testing logNormal[M=-0.14380672084349477 S=2.527546870108961].pdf(2.169203886048942)
Testing logNormal[M=-1.2509797005513725 S=1.7580223463623912].pdf(2.087781184560911)
Testing logNormal[M=-1.7283808410461674 S=9.066218216876159].pdf(2.167991594705063)
Testing logNormal[M=-1.5109721420309685 S=4.646897875457289].pdf(2.100118735942252)
Testing logNormal[M=4.005769655453035 S=7.783032517995143].pdf(1.2977933401314439)
Testing logNormal[M=1.1532045048757302 S=7.865741449094113].pdf(1.0993116336017765)
Testing logNormal[M=-4.755851922392676 S=4.081677400930184].pdf(0.692523814942827)
Testing logNormal[M=-4.317281409022264 S=2.267568808421424].pdf(2.2984707668946065)
Testing logNormal[M=-1.7245725965473993 S=6.0337756932830295].pdf(1.008288462509393)
Testing logNormal[M=-4.094926427824012 S=1.791706550464095].pdf(2.0578680881228757)
Testing logNormal[M=-3.6326566688805717 S=0.8326533201270125].pdf(1.575398819369815)
Testing logNormal[M=2.311074504490854 S=9.269916009262813].pdf(0.9065054849575256)
Testing logNormal[M=2.0042885731814994 S=4.4867236011254485].pdf(2.1164323172049953)
Testing logNormal[M=-3.2434792786936906 S=3.568161522222215].pdf(1.350289993020982)
Testing logNormal[M=0.18715629192591976 S=5.198391598628273].pdf(2.1704925139452644)
Testing logNormal[M=2.6768076606640108 S=2.670754181519505].pdf(1.5519756955536137)
Testing logNormal[M=1.7663816630614253 S=4.6513593545618885].pdf(2.1999582570149694)
Testing logNormal[M=1.9828942530131304 S=6.21012464911531].pdf(1.5831040536943553)
Testing logNormal[M=1.0223251375096432 S=5.303263580699924].pdf(1.6576756280386649)
Testing logNormal[M=-4.444564911035828 S=1.323856905200691].pdf(1.523934373782266)
Testing logNormal[M=2.3547340217160615 S=0.22203686808057066].pdf(0.5196813935780591)
Testing logNormal[M=-3.298459816604561 S=8.644829491581293].pdf(0.5062957593687069)
Testing logNormal[M=3.0260417618653737 S=9.422155513081785].pdf(1.4085751975150669)
Testing logNormal[M=-1.9020855207053233 S=4.114860516247535].pdf(2.0511090223763158)
Testing logNormal[M=2.786920413327177 S=1.36813831453248].pdf(0.884450772079462)
Testing logNormal[M=-3.3849800483063417 S=2.845416719713585].pdf(1.7320716064207315)
Testing logNormal[M=3.6768896524616963 S=5.439585535593868].pdf(0.01227284238209196)
Testing logNormal[M=-3.4938506873098616 S=6.028547113714165].pdf(1.351334948840886)
Testing logNormal[M=-0.745660279217331 S=5.366328056680678].pdf(1.6682111307359895)
Testing logNormal[M=-2.1473077553873674 S=3.444096847864464].pdf(1.796634683567669)
Testing logNormal[M=-3.694133472741087 S=5.771255353810375].pdf(2.2694926490235052)
Testing logNormal[M=3.537323171885898 S=8.562617000366577].pdf(1.067700949684993)
Testing logNormal[M=-2.8687753634690227 S=2.3820061437708686].pdf(1.8423935700417138)
Testing logNormal[M=0.73444879676443 S=1.1253584899166047].pdf(0.23593373760421785)
Testing logNormal[M=0.36165064097912847 S=6.820525345673595].pdf(2.149241782284006)
Testing logNormal[M=1.141893335969418 S=2.634791374172949].pdf(0.022628016000339438)
Testing logNormal[M=1.192269981320444 S=6.464688946334566].pdf(2.223112444908177)
Testing logNormal[M=2.1478014910841186 S=1.998086001618754].pdf(1.4022864580080325)
Testing logNormal[M=-3.4622273406852333 S=0.8486868556374105].pdf(2.2913191630842062)
Testing logNormal[M=2.353537487444152 S=6.866878236545421].pdf(2.177003645725608)
Testing logNormal[M=2.7635327788580275 S=6.966237082668018].pdf(2.1790435464105844)
Testing logNormal[M=0.5125828132220338 S=3.618520083472151].pdf(0.7219944893809381)
Testing logNormal[M=-2.02109956099374 S=3.5315520643152154].pdf(0.691044301585516)
Testing logNormal[M=2.0046076368424073 S=9.337295762549335].pdf(1.4112342906982633)
Testing logNormal[M=-1.8896650175429688 S=3.036427103952116].pdf(1.831673575886569)
Testing logNormal[M=3.5290790253932744 S=3.5097443847338274].pdf(1.0129244324278752)
Testing logNormal[M=-4.804308709600333 S=7.834828868899114].pdf(1.9193172544590962)
Testing logNormal[M=-1.4315593744636024 S=1.694727588853061].pdf(0.8024297200106574)
Testing logNormal[M=2.9218601803456012 S=4.867263281319559].pdf(1.648517235117482)
Testing logNormal[M=0.4738301020907798 S=2.3626075277453262].pdf(2.1301499190772883)
Testing logNormal[M=-2.6169099912330926 S=0.16405684812416887].pdf(0.9646965857088745)
Testing logNormal[M=-2.9470261130458675 S=3.8183430278167507].pdf(1.522259308573178)
Testing logNormal[M=4.610856584262493 S=5.1734667683434665].pdf(2.1086219986453085)
Testing logNormal[M=-0.9527489292558142 S=1.8785068357459644].pdf(1.817755585461106)
Testing logNormal[M=3.6401700719416414 S=4.958523419066873].pdf(1.892801924906056)
Testing logNormal[M=1.2912279551056347 S=6.643109767843537].pdf(2.0863193226319963)
Testing logNormal[M=-1.0575251108745318 S=5.339121992355511].pdf(2.186712004873693)
Testing logNormal[M=2.2230589789975816 S=5.623198031019453].pdf(0.35656626670069386)
Testing logNormal[M=1.2196966530138535 S=6.1098407313436205].pdf(2.2728418514918616)
Testing logNormal[M=4.377829514373996 S=3.5789990222848367].pdf(0.6040706881214839)
Testing logNormal[M=4.443231099005482 S=3.7769212620114754].pdf(1.6668189352237188)
Testing logNormal[M=-0.8063452114860201 S=3.9967220618773025].pdf(2.292816253528483)
Testing logNormal[M=1.821698325362851 S=5.640514602032368].pdf(0.9474213516685281)
Testing logNormal[M=-0.5600549919091824 S=5.06105252417966].pdf(0.8086563706672883)
Testing logNormal[M=-4.880486960496299 S=9.186166533497605].pdf(0.918456993872183)
Testing logNormal[M=-4.494327637740794 S=5.152739130410727].pdf(1.9924283118627397)
Testing logNormal[M=-0.6478979697632647 S=7.581929840920165].pdf(0.4423244888111258)
Testing logNormal[M=3.651876104747874 S=8.223906141675384].pdf(1.022087575286056)
Testing logNormal[M=0.8882228903776745 S=7.471875625631914].pdf(0.5412848996103402)
Testing logNormal[M=2.4458786190176713 S=5.834051391388067].pdf(0.6323624100075499)
Testing logNormal[M=4.365319696009152 S=4.380058011257914].pdf(1.6791875049929919)
Testing logNormal[M=-4.680300825810109 S=1.7801227051899005].pdf(0.5150259025342032)
Testing logNormal[M=-2.2040282342338524 S=6.516750990602139].pdf(0.15191484531927577)
Testing logNormal[M=-1.593658880713095 S=3.8592857097759667].pdf(0.060512662795602454)
Testing logNormal[M=1.8901522915461975 S=6.489444126739531].pdf(1.2473125775132974)
Testing logNormal[M=0.4752715697637333 S=1.8682358028687396].pdf(2.271071296595046)
Testing logNormal[M=-0.10310585472777589 S=1.2724663199498387].pdf(1.8980757383543647)
Testing logNormal[M=-4.310897629615472 S=2.565074717127682].pdf(0.9772836007776338)
Testing logNormal[M=2.4194358544372747 S=9.832247304717274].pdf(1.5465360091957323)
Testing logNormal[M=4.399842622403922 S=6.4755071905006245].pdf(2.2398166525976717)
Testing logNormal[M=0.7306157024600033 S=1.5457469127113588].pdf(0.15555247776397338)
Testing logNormal[M=3.032054156941596 S=4.342989393448975].pdf(1.2991824255363278)
Testing logNormal[M=-3.0515297638400707 S=2.7456124517959903].pdf(1.6902886910326336)
Testing logNormal[M=3.810643554358508 S=6.093314369687608].pdf(2.253297565646643)
Testing logNormal[M=2.91966528048568 S=0.08426825012284422].pdf(2.08616892012727)
Testing logNormal[M=4.796554161466297 S=0.351971476949543].pdf(2.248017192061392)
Testing logNormal[M=3.0364620260850845 S=1.487148499030465].pdf(1.8810534564509833)
Testing logNormal[M=-0.4899936868773054 S=7.244463616299736].pdf(1.4516191842160189)
Testing logNormal[M=-3.7387517250438473 S=8.066398947376053].pdf(2.130104462726386)
Testing logNormal[M=-0.24044297747255605 S=3.1628047899882716].pdf(0.41526721149027157)
Testing logNormal[M=-3.2084871936160484 S=7.42580346926398].pdf(2.2974814116093905)
Testing logNormal[M=2.4122312967650172 S=4.786527754771351].pdf(1.9196229797495723)
Testing logNormal[M=0.34276173487153727 S=2.4795706952160135].pdf(2.2975851545096173)
Testing logNormal[M=-2.184566996639674 S=3.399446084753194].pdf(0.511233803253474)
Testing logNormal[M=-1.9010344208960497 S=6.621978919566052].pdf(1.415970935852806)
Testing logNormal[M=4.868559587134445 S=2.6106171457744654].pdf(1.9935151409040794)
Testing logNormal[M=3.005873898348977 S=9.763911224280834].pdf(2.2390549728106417)
Testing logNormal[M=-3.7559398716432577 S=3.8553369561805253].pdf(2.120750101082262)
Testing logNormal[M=-3.9667634189851686 S=8.228042312107974].pdf(1.9425418864434083)
Testing logNormal[M=1.4682309353009106 S=9.511564185137514].pdf(1.522738595348059)
Testing logNormal[M=4.4604072999560636 S=0.1897999998470734].pdf(0.592093707096854)
Testing logNormal[M=-4.72158221957181 S=1.1175770330589718].pdf(0.408863301364318)
Testing logNormal[M=-3.9107909805179752 S=7.796258020704175].pdf(0.6207359987553732)
Testing logNormal[M=-2.4455073599294073 S=7.950047707937255].pdf(2.147727737026365)
Testing logNormal[M=-1.7403263659820345 S=2.24856465831229].pdf(1.792544428958882)
Testing logNormal[M=4.102811074267672 S=3.520282948661928].pdf(2.0225904666292873)
Testing logNormal[M=-4.984847760753187 S=7.395319658392928].pdf(0.8671058421225473)
Testing logNormal[M=3.9908398061651873 S=7.892389662739513].pdf(0.2671850915376284)
Testing logNormal[M=4.245462188463881 S=6.334479826917746].pdf(1.837003436315448)
Testing logNormal[M=-2.8563681989858205 S=3.3281479607847473].pdf(2.286311965843297)
Testing logNormal[M=3.5274895898936123 S=3.9381517776920916].pdf(2.1162757415900217)
Testing logNormal[M=-0.4012221734539301 S=6.415292668436036].pdf(1.3254122976935876)
Testing logNormal[M=4.749961355763357 S=2.824710643873407].pdf(2.1000020837371745)
Testing logNormal[M=1.9070308014192605 S=2.999820498866985].pdf(0.24929593168131972)
Testing logNormal[M=3.773525813784083 S=0.24849660573472487].pdf(1.0538390296535673)
Testing logNormal[M=1.3134408627231577 S=9.933987192162945].pdf(1.5723187446838527)
Testing logNormal[M=1.6149201042900412 S=7.790411868792086].pdf(1.7519295707646994)
Testing logNormal[M=3.1274594966271625 S=3.596863253482523].pdf(1.8740245247157603)
Testing logNormal[M=3.6461686458713842 S=4.772247296217084].pdf(1.2622525229578558)
Testing logNormal[M=-1.1690419987122977 S=0.10411557777948999].pdf(1.195264562523206)
Testing logNormal[M=2.277204516995414 S=2.4207099610035976].pdf(2.1991727803562644)
Testing logNormal[M=2.783949485972216 S=5.688125581041355].pdf(1.6342194786152422)
Testing logNormal[M=4.649470962288012 S=2.631388665827364].pdf(2.095207623497406)
Testing logNormal[M=-4.988197964159895 S=0.2784279790758082].pdf(1.664087173897565)
Testing logNormal[M=2.2128780663887717 S=6.634405464197552].pdf(1.7160896914945905)
Testing logNormal[M=-2.806296483696602 S=5.372844459768902].pdf(1.882693942869731)
Testing logNormal[M=-1.9544274045697074 S=2.4423712356247496].pdf(1.3103996185898805)
Testing logNormal[M=2.9620411111020335 S=7.496473709814301].pdf(2.049646973332159)
Testing logNormal[M=-1.3625289112542793 S=8.253612206148034].pdf(1.7383122422777562)
Testing logNormal[M=-3.256661525848925 S=3.2158379227856084].pdf(2.2483254532612356)
Testing logNormal[M=2.566988004197958 S=8.209663538260024].pdf(2.0599678505525834)
Testing logNormal[M=-0.871421448641458 S=8.303572788893502].pdf(2.064075543688796)
Testing logNormal[M=-2.379968398579381 S=2.744529866790729].pdf(1.8953704629970658)
Testing logNormal[M=-2.7350467572973667 S=3.5133019987003546].pdf(1.7367624904049994)
Testing logNormal[M=3.7517210877338147 S=2.494957126283638].pdf(1.5839107591696169)
Testing logNormal[M=1.6609654809986498 S=7.529575552962711].pdf(0.7715590025076208)
Testing logNormal[M=2.921901374256784 S=1.3746728102799533].pdf(0.4620345778138495)
Testing logNormal[M=-2.8447814559967055 S=5.133599554225022].pdf(0.48357698978349234)
Testing logNormal[M=-0.46986122455091905 S=7.465919776539329].pdf(0.8789077673979275)
Testing logNormal[M=-3.680348909978507 S=8.175213823041616].pdf(2.1656775876122576)
Testing logNormal[M=-4.0884996394765665 S=1.5967141890565861].pdf(1.965108946761047)
Testing logNormal[M=-3.8166713316664733 S=5.5984347100335725].pdf(2.152465736734458)
Testing logNormal[M=3.328958954586181 S=7.798934190905639].pdf(1.4361963352656963)
Testing logNormal[M=1.1823675734793238 S=5.363678987702519].pdf(2.111363270853412)
Testing logNormal[M=0.6546452363414046 S=8.52757543283725].pdf(1.9054749815124907)
Testing logNormal[M=0.7160068162802213 S=2.893126504745159].pdf(1.0566093558359793)
Testing logNormal[M=4.732131776264282 S=9.705180782508].pdf(1.980156001520259)
Testing logNormal[M=2.4494891497849247 S=4.653574875553063].pdf(1.6140817328905415)
Testing logNormal[M=2.908055114890738 S=5.271947713922814].pdf(2.257905551601095)
Testing logNormal[M=4.657278071052298 S=9.235377099398757].pdf(1.9044480211252153)
Testing logNormal[M=0.7961687172072782 S=8.616627580019092].pdf(1.2824057405746871)
Testing logNormal[M=1.555532846777206 S=6.854860137738234].pdf(1.8067108159478051)
Testing logNormal[M=0.47877613850260836 S=7.762306104547968].pdf(1.5275086817329384)
Testing logNormal[M=3.101668142252464 S=5.76184652531535].pdf(2.240808748309557)
Testing logNormal[M=-3.360392856403559 S=3.0648038309279624].pdf(0.12314391892647784)
Testing logNormal[M=4.887764989963578 S=9.552824055394924].pdf(0.8287228687657766)
Testing logNormal[M=0.8800290558029014 S=7.334671093236001].pdf(0.9506840844978692)
Testing logNormal[M=1.8841434967109585 S=5.605092725520242].pdf(1.3832791945056158)
Testing logNormal[M=-3.054678720088082 S=5.273333764044117].pdf(2.0155777596987208)
Testing logNormal[M=-1.9608547183908618 S=8.093700825533281].pdf(1.6414957840247333)
Testing logNormal[M=-4.866588774217439 S=9.96118432377277].pdf(1.5161369636199595)
Testing logNormal[M=4.043705345401076 S=7.518088217144334].pdf(2.068679294570498)
Testing logNormal[M=4.4499444853503185 S=3.4289164446770704].pdf(1.4434209251848458)
Testing logNormal[M=2.0473547356922683 S=7.7991596012637165].pdf(1.6661271737931995)
Testing logNormal[M=2.127747013858608 S=9.330028277078894].pdf(1.3848722730722334)
Testing logNormal[M=-4.332243866181576 S=0.2757725238254827].pdf(1.5586434178135882)
Testing logNormal[M=-1.1314916859087107 S=3.6901252524464088].pdf(1.7353258660297306)
Testing logNormal[M=4.495603760576989 S=5.092637501141541].pdf(1.8572882089153675)
Testing logNormal[M=-2.8046409358842297 S=0.9363630935275158].pdf(2.1942630057338577)
Testing logNormal[M=-3.510496174760944 S=8.67911995019646].pdf(0.5081408001573232)
Testing logNormal[M=-0.4688191193059694 S=1.5272960997141105].pdf(1.705418704009954)
Testing logNormal[M=0.9464764392060996 S=7.62523365081118].pdf(1.845689022543047)
Testing logNormal[M=-0.48410962608533836 S=2.67944335710669].pdf(1.85331914124566)
Testing logNormal[M=2.621033748344824 S=8.82619594623913].pdf(2.288719347550833)
Testing logNormal[M=0.8931743419928058 S=8.024346102355292].pdf(2.0722148344222466)
Testing logNormal[M=-0.596129763815 S=0.44582748667311156].pdf(2.235442938424455)
Testing logNormal[M=-4.507296620436585 S=9.836888076735606].pdf(1.4120694420654025)
Testing logNormal[M=-4.603652309385079 S=5.254179338903253].pdf(1.8208480248251817)
Testing logNormal[M=3.6465095502710962 S=4.862179650733438].pdf(2.1246845393662737)
Testing logNormal[M=2.149015319957525 S=8.665974524579893].pdf(2.12015140463462)
Testing logNormal[M=1.6469857745121308 S=2.169797007293556].pdf(1.5372762191061788)
Testing logNormal[M=3.824535203776623 S=9.353743674092414].pdf(1.2565741078190424)
Testing logNormal[M=4.337598587776171 S=5.7465616177827785].pdf(1.8877255462433393)
Testing logNormal[M=-4.691517193601301 S=3.566559485797004].pdf(2.0404183607515316)
Testing logNormal[M=-2.8406418242456875 S=6.93534439353939].pdf(0.9370447549116546)
Testing logNormal[M=1.7159212022113 S=8.390924994513224].pdf(1.6535467385096174)
Testing logNormal[M=-2.2398430318621076 S=7.6417575629744245].pdf(1.4588975421670485)
Testing logNormal[M=0.8726822168435833 S=2.173475013947168].pdf(1.6247839138091884)
Testing logNormal[M=0.3250569600870019 S=8.405147205183704].pdf(2.080470673526796)
Testing logNormal[M=3.816748914196438 S=0.4372699985215578].pdf(1.2267042309711735)
Testing logNormal[M=1.1546738884996666 S=5.2802594575922415].pdf(1.9930151975270989)
Testing logNormal[M=3.924930779431243 S=7.122704111997398].pdf(0.8716445653410342)
Testing logNormal[M=0.7922496120426361 S=4.6985852951042375].pdf(0.43107085679487284)
Testing logNormal[M=2.931357697960615 S=3.4825453283776806].pdf(0.48629995453676816)
Testing logNormal[M=-4.810353251793743 S=4.014790830871031].pdf(0.10461960549238733)
Testing logNormal[M=0.6080696516618991 S=9.202798711092797].pdf(1.485456032234001)
Testing logNormal[M=-0.9762204641693586 S=9.929153412552424].pdf(1.9689197444597724)
Testing logNormal[M=1.1598135164902743 S=2.5007085306460852].pdf(2.0692693608161106)
Testing logNormal[M=-3.408411871001007 S=2.005433819437629].pdf(1.3284651342831653)
Testing logNormal[M=-0.7228244115391274 S=6.378951139701652].pdf(2.2712812229354484)
Testing logNormal[M=-2.338986653667674 S=9.042156514172156].pdf(0.05861616335988604)
Testing logNormal[M=3.273848279513059 S=4.638592755254188].pdf(1.90980388311771)
Testing logNormal[M=-0.34850182868438395 S=2.2153969658662565].pdf(0.7107779906700291)
Testing logNormal[M=-4.783284145601334 S=5.323708462397874].pdf(1.1928758653575933)
Testing logNormal[M=1.28285000358761 S=6.924470330063817].pdf(0.20800203453053034)
Testing logNormal[M=2.550142602421829 S=6.314693289542426].pdf(1.545440786017703)
Testing logNormal[M=-3.046102059085356 S=9.556571425385565].pdf(1.86677274490928)
Testing logNormal[M=4.440136006075395 S=6.20125386464615].pdf(2.177003903644652)
Testing logNormal[M=-1.6191111422274007 S=5.971541583700272].pdf(0.6263211154986587)
Testing logNormal[M=3.6955628520879014 S=4.516657818935867].pdf(1.8293357423284577)
Testing logNormal[M=-4.122026134281777 S=1.6253744062981534].pdf(2.0704732626516833)
Testing logNormal[M=1.6722511508331088 S=8.06351928452267].pdf(1.1550981234127236)
Testing logNormal[M=-1.820460898613411 S=3.7366563185012702].pdf(1.262607590256221)
Testing logNormal[M=2.8987724489965414 S=6.026820476969129].pdf(1.8547928715331448)
Testing logNormal[M=-4.78634495750368 S=6.769662500955587].pdf(1.0751109375831807)
Testing logNormal[M=3.781370245494303 S=5.503622863797396].pdf(0.015312469081970986)
Testing logNormal[M=4.872185022699201 S=8.512635059216617].pdf(1.516882027768566)
Testing logNormal[M=1.2110386983597543 S=2.2594633746563297].pdf(2.20530204364194)
Testing logNormal[M=-2.9406867785828297 S=2.0997565392231046].pdf(1.2924616086262852)
Testing logNormal[M=-0.2541904005156601 S=9.939882323672686].pdf(2.023337062808143)
Testing logNormal[M=4.333132299512625 S=1.034350535860017].pdf(2.094027350452123)
Testing logNormal[M=-1.6832085466166111 S=9.459532605174928].pdf(0.24572758432306868)
Testing logNormal[M=4.798390776422098 S=8.492315394436584].pdf(2.0602704364480964)
Testing logNormal[M=2.3036686162798947 S=7.926347283615813].pdf(0.12653151699977988)
Testing logNormal[M=-3.6265136616424942 S=9.97266290486914].pdf(2.0054809914878216)
Testing logNormal[M=-2.4936353346164752 S=3.279688901696792].pdf(0.7662736466677389)
Testing logNormal[M=1.314318962531651 S=7.661515584961834].pdf(2.0773551846147424)
Testing logNormal[M=-0.5889325924906386 S=7.699288495458161].pdf(1.0752048588542658)
Testing logNormal[M=3.4307227605523867 S=0.03789896777896318].pdf(2.1218498960937997)
Testing logNormal[M=4.753242656666718 S=1.91384910901237].pdf(1.3114694285100716)
Testing logNormal[M=-4.818485964015987 S=3.9676326126183934].pdf(2.114121882179758)
Testing logNormal[M=-3.235975318507076 S=0.1239054598941558].pdf(1.5553380064818754)
Testing logNormal[M=-2.813712729897624 S=4.942319109783126].pdf(0.36185099115577335)
Testing logNormal[M=-0.9389443407909068 S=5.714282868796855].pdf(2.021512732553118)
Testing logNormal[M=-0.30250712031460214 S=4.249811500977831].pdf(1.916013181465019)
Testing logNormal[M=-1.5895090066755535 S=7.176550925209499].pdf(2.1686591595791476)
Testing logNormal[M=3.2542371894240745 S=4.261897719839722].pdf(0.6869545229685102)
Testing logNormal[M=-4.771825277404801 S=3.09948937384227].pdf(2.161462006347581)
Testing logNormal[M=-2.7346491658024084 S=8.071691987352072].pdf(1.7112334503478397)
Testing logNormal[M=-1.6904950344918426 S=2.5861113097308976].pdf(1.6075207029760004)
Testing logNormal[M=-2.4918691082481725 S=5.176242548292942].pdf(1.9117264388651973)
Testing logNormal[M=-4.8253093855344495 S=5.387817053206277].pdf(1.506837331550809)
Testing logNormal[M=3.701214197119686 S=6.646151167441923].pdf(1.5841370048521157)
Testing logNormal[M=-2.949018887100985 S=4.000660391244058].pdf(1.9074136570188356)
Testing logNormal[M=4.112611680740537 S=5.877116689051375].pdf(1.0766722934510005)
Testing logNormal[M=3.254026111933504 S=0.9642338876973167].pdf(0.18032677828701127)
Testing logNormal[M=0.37809060095042746 S=6.026046421195582].pdf(1.3631234011920823)
Testing logNormal[M=-3.4947984603742 S=1.5446201627185796].pdf(2.219841494882436)
Testing logNormal[M=2.2306532033392967 S=5.4416982561310565].pdf(2.187253916392724)
Testing logNormal[M=4.358036337741199 S=0.7392399906173663].pdf(2.006995291577095)
Testing logNormal[M=4.6580249514482315 S=2.4433538297357513].pdf(1.8139713564392557)
Testing logNormal[M=-1.1351500800464418 S=0.5135935260017632].pdf(1.7622785102617768)
Testing logNormal[M=-4.0279443424940045 S=4.936922106556054].pdf(1.6237571525956087)
Testing logNormal[M=3.5286776843587475 S=5.503153037739872].pdf(1.5327334371784225)
Testing logNormal[M=2.7093345892248415 S=3.753073613849703].pdf(2.1117705292128344)
Testing logNormal[M=4.417874934503475 S=8.591389850929051].pdf(1.5695368574543918)
Testing logNormal[M=-1.2836209961837386 S=8.378940565675762].pdf(1.0233856839705335)
Testing logNormal[M=-4.2141359480169 S=0.5587664871461506].pdf(0.60186470451932)
Testing logNormal[M=3.722900121770712 S=1.5023134324275478].pdf(2.1888294777994255)
Testing logNormal[M=2.946839374583366 S=6.002537034867286].pdf(2.17612175401909)
Testing logNormal[M=4.196392111543547 S=4.992023450385822].pdf(1.654386638229864)
Testing logNormal[M=1.4329286654909712 S=8.828689205286592].pdf(0.8634385055235161)
Testing logNormal[M=2.5842887840588773 S=8.81506124711061].pdf(1.8791253388497864)
Testing logNormal[M=2.034787254935532 S=3.98111736112413].pdf(1.800675269950341)
Testing logNormal[M=-3.495166806583676 S=0.03254849976944807].pdf(2.1019652454217796)
Testing logNormal[M=2.860305649525654 S=4.733852706023999].pdf(0.23249832613089583)
Testing logNormal[M=-1.5937136392997875 S=7.356557458198084].pdf(2.197137724896465)
Testing logNormal[M=3.716698068909766 S=0.6969206692615015].pdf(1.0459651647762602)
Testing logNormal[M=-2.3955903488053263 S=4.116845665639658].pdf(2.3001744688586743)
Testing logNormal[M=3.9125561818558747 S=2.58552021261945].pdf(2.1767423214885464)
Testing logNormal[M=1.8762558464136632 S=0.6083114045998539].pdf(0.21392358811735457)
Testing logNormal[M=-0.49560056906294925 S=9.876972515437512].pdf(1.9203628239113342)
Testing logNormal[M=-3.6463493857415283 S=9.840462084377187].pdf(1.9993373763786568)
Testing logNormal[M=-3.6759649988193486 S=1.544687337868138].pdf(1.6692469186718502)
Testing logNormal[M=-3.299990960661918 S=0.8101260940496746].pdf(2.1171416077108036)
Testing logNormal[M=4.163264777786246 S=4.599247191746].pdf(1.295308627048089)
Testing logNormal[M=0.6018781929930483 S=4.789769737933315].pdf(0.009453543108470734)
Testing logNormal[M=-4.342435129620902 S=8.118147611009425].pdf(2.1991862534800224)
Testing logNormal[M=3.177625780002579 S=5.033475833053141].pdf(1.9243133040633058)
Testing logNormal[M=0.5294456484680001 S=9.709063960975627].pdf(0.6615169039288494)
Testing logNormal[M=-3.1852608121972716 S=3.165025898764343].pdf(2.2871744410664188)
Testing logNormal[M=-3.4233389366583102 S=6.64790615393922].pdf(2.0443889930219115)
Testing logNormal[M=4.001242121005536 S=5.462199500810351].pdf(2.1288293590236704)
Testing logNormal[M=0.8336612302947968 S=9.777268841187238].pdf(1.2102971188612506)
Testing logNormal[M=-4.735337321002589 S=1.4870933420335064].pdf(0.7802061256071331)
Testing logNormal[M=2.6703365146883087 S=1.5767947127640003].pdf(2.0457554103644515)
Testing logNormal[M=-4.039746942174539 S=0.19074236836174374].pdf(2.277758272768399)
Testing logNormal[M=1.7321084185028477 S=2.7332758286965033].pdf(2.1623825562373487)
Testing logNormal[M=-3.2531025655485166 S=2.7285997989747504].pdf(1.619717200603903)
Testing logNormal[M=0.32389221900943177 S=7.182705974491592].pdf(2.1143440748183675)
Testing logNormal[M=-1.8694479092388905 S=1.7036513678092657].pdf(1.4042110895728632)
Testing logNormal[M=2.1431440535317945 S=3.1461157697338082].pdf(1.7468439882094766)
Testing logNormal[M=-2.255634268012031 S=9.499514901770379].pdf(1.761224805348525)
Testing logNormal[M=-2.9796342209294835 S=1.740963391821908].pdf(1.6180357227195037)
Testing logNormal[M=-1.857257817152318 S=1.2986325527145959].pdf(1.6346073783690065)
Testing logNormal[M=-0.010891391091394809 S=3.588183876609018].pdf(1.2920343886505623)
Testing logNormal[M=0.12575352241881532 S=7.4678849271404735].pdf(1.7817287606789032)
Testing logNormal[M=-4.609686631173621 S=5.29733085504224].pdf(1.090013778542719)
Testing logNormal[M=-4.87010104398117 S=5.35534421864938].pdf(0.6190870640050262)
Testing logNormal[M=-0.44095927072914787 S=6.977276404920478].pdf(1.5326094657340903)
Testing logNormal[M=1.7989975996790433 S=2.380908664003454].pdf(1.3641605990731793)
Testing logNormal[M=1.985144264552689 S=1.6210860587005727].pdf(2.1153601439049927)
Testing logNormal[M=4.445820237894406 S=3.044230633395965].pdf(1.2228116290115183)
Testing logNormal[M=-3.8906750462928397 S=2.6362239119933637].pdf(2.145829343065256)
Testing logNormal[M=2.458502194352933 S=7.9968909776834565].pdf(1.9171453628548274)
Testing logNormal[M=0.756393425572436 S=0.45485887981900675].pdf(2.2111694833197095)
Testing logNormal[M=-4.9280506772284784 S=0.032886438601211765].pdf(0.9737627769349297)
Testing logNormal[M=-3.3460162459281797 S=0.03769355589978596].pdf(1.297713663720652)
Testing logNormal[M=-1.7428239448181584 S=5.7042639177520105].pdf(1.8493108422822595)
Testing logNormal[M=1.427731985651043 S=4.267474544314752].pdf(1.62027434030216)
Testing logNormal[M=-2.6453076369794912 S=4.613008548475337].pdf(2.225457950744354)
Testing logNormal[M=-0.02677292711078838 S=1.8165399457422293].pdf(1.7997884836573037)
Testing logNormal[M=-2.864675214446666 S=8.632225865628056].pdf(1.024959765055581)
Testing logNormal[M=1.8291207215739655 S=2.9033898454237663].pdf(1.3170396411257648)
Testing logNormal[M=4.18737497742074 S=5.56684880492509].pdf(2.0265382884009218)
Testing logNormal[M=2.7647360598949957 S=3.4148658044737576].pdf(2.136858772422301)
Testing logNormal[M=1.9861643496425216 S=6.480054941490485].pdf(0.0010149107576574107)
Testing logNormal[M=-2.6065838597721336 S=5.086010245744318].pdf(1.7418591919794664)
Testing logNormal[M=3.128001100366127 S=4.755707312104333].pdf(2.244985992258945)
Testing logNormal[M=-3.916064255516789 S=1.9046806961636564].pdf(2.130635886080282)
Testing logNormal[M=3.8981242757501953 S=4.518911900836386].pdf(2.2462210769241744)
Testing logNormal[M=3.801568758898604 S=6.814412220569208].pdf(2.2699848630610133)
Testing logNormal[M=-1.4917482158173079 S=5.018595359596941].pdf(0.40784053798967906)
Testing logNormal[M=1.5053192093871894 S=8.585029240867911].pdf(2.28434779443731)
Testing logNormal[M=-3.4473039215772783 S=3.5507088487526115].pdf(1.024541340030382)
Testing logNormal[M=-4.777181739099329 S=5.1141955666071155].pdf(0.2843802476365493)
Testing logNormal[M=-2.481706974441807 S=6.54942218713365].pdf(1.8729342882722106)
Testing logNormal[M=-0.27947906735041883 S=6.6057020480562665].pdf(1.7436132127954282)
Testing logNormal[M=0.5467658816407805 S=2.903320837381732].pdf(1.8010777190974205)
Testing logNormal[M=3.3380007187303278 S=8.692154501521612].pdf(2.1096654633541054)
Testing logNormal[M=-1.4052497993516857 S=0.5558520192455663].pdf(1.0878888973327754)
Testing logNormal[M=4.358293116505141 S=8.484030984281938].pdf(2.213067639191295)
Testing logNormal[M=-3.557165162521044 S=2.524844045996203].pdf(1.805094601602034)
Testing logNormal[M=1.0795573856928842 S=5.132817216909514].pdf(0.9926066074901151)
Testing logNormal[M=2.370989692884555 S=8.345988081896248].pdf(2.0599457668116328)
Testing logNormal[M=0.7845192343246152 S=9.14161457514565].pdf(1.3584138484920443)
Testing logNormal[M=-2.072905460620149 S=5.891333740821766].pdf(1.094227307839884)
Testing logNormal[M=-3.2087972334811345 S=6.871967255598049].pdf(0.1756035852597262)
Testing logNormal[M=-1.814629237407357 S=8.720658629849549].pdf(1.0452692073212166)
Testing logNormal[M=-1.7923344132146202 S=0.5961026554497573].pdf(1.5578255147024167)
Testing logNormal[M=2.4680698218673633 S=5.143981243915828].pdf(2.130071649440708)
Testing logNormal[M=-3.2779153313341336 S=1.4413027705662995].pdf(2.224398891948881)
Testing logNormal[M=3.154398421080666 S=2.8192469985904967].pdf(2.2316470642701884)
Testing logNormal[M=-2.5126294133213642 S=2.7103032700633833].pdf(1.6615935185953203)
Testing logNormal[M=-0.1815288211463626 S=4.99295609496737].pdf(1.4642833471069128)
Testing logNormal[M=1.0146686219201593 S=2.286879403234513].pdf(1.1402583943122186)
Testing logNormal[M=-3.377410483709622 S=9.76524838092994].pdf(1.0672997394583275)
Testing logNormal[M=2.4462925139315184 S=3.0238368757395806].pdf(1.4349388414139919)
Testing logNormal[M=0.42353567297440353 S=5.671828641961416].pdf(1.2596482148004708)
Testing logNormal[M=-1.2219969175772558 S=1.9467928940923995].pdf(0.8767674438086319)
Testing logNormal[M=-3.612528922777045 S=3.9340480469094983].pdf(1.9679248042546342)
Testing logNormal[M=2.376195942566067 S=5.907889136513815].pdf(2.0937574812735713)
Testing logNormal[M=1.5017541294190355 S=8.53244247641514].pdf(2.0951833763362475)
Testing logNormal[M=4.960641467135655 S=0.4118811491987062].pdf(1.579213241578516)
Testing logNormal[M=-0.8937001403226024 S=3.470463160066266].pdf(2.0854372338685927)
Testing logNormal[M=-4.749697491052885 S=6.0209472253892224].pdf(2.185560995120694)
Testing logNormal[M=-3.3872766991783863 S=7.293865204089664].pdf(1.4268761049343544)
Testing logNormal[M=-1.975858366627116 S=8.507004024691005].pdf(1.5765679027268407)
Testing logNormal[M=-3.9665692455426282 S=9.44726354959911].pdf(2.1341759845707013)
Testing logNormal[M=2.5901276723274167 S=1.5798314372556443].pdf(1.9324074488817766)
Testing logNormal[M=-4.131254508728956 S=1.6432951407526253].pdf(2.1446641307299728)
Testing logNormal[M=-1.8562708581300935 S=4.93813926276183].pdf(2.1568151419694996)
Testing logNormal[M=4.127902234280832 S=6.542408039469354].pdf(1.7396394771110728)
Testing logNormal[M=3.913000186641309 S=0.13051026607555194].pdf(1.3779639501609864)
Testing logNormal[M=-4.223689417639612 S=7.086065035517701].pdf(2.0925890041650317)
Testing logNormal[M=-0.020452554257373023 S=5.924099042488278].pdf(1.7584944778630782)
Testing logNormal[M=-1.7204713527399305 S=7.3529002527995715].pdf(1.6081576137737557)
Testing logNormal[M=-0.02116767475158543 S=5.36361524588179].pdf(0.932433217671444)
Testing logNormal[M=4.187002925236049 S=7.0045701942864245].pdf(2.260404352003303)
Testing logNormal[M=-1.006129349616971 S=8.053018232621845].pdf(1.4507035379113713)
Testing logNormal[M=-2.6854446407015162 S=4.9141744847139375].pdf(2.213997467328983)
Testing logNormal[M=1.1914600744537074 S=3.9081375913023475].pdf(2.2773269921090673)
Testing logNormal[M=4.126941124635909 S=8.889782010468894].pdf(1.2979025221336518)
Testing logNormal[M=4.714956171704657 S=9.098647692668052].pdf(0.43086714532357945)
Testing logNormal[M=-2.2497361159459706 S=9.28360612394098].pdf(1.875592680412338)
Testing logNormal[M=-4.203274907126843 S=1.0869768917077471].pdf(1.143072491612144)
Testing logNormal[M=2.5686528808224294 S=7.901500621538313].pdf(1.507639214417248)
Testing logNormal[M=-0.7880038135921419 S=1.3845958990809693].pdf(1.1413726503117136)
Testing logNormal[M=3.554155717766349 S=0.988132818617522].pdf(0.01783960708028127)
Testing logNormal[M=0.1905106475722942 S=6.239793851191883].pdf(1.9446455504508373)
Testing logNormal[M=-1.4123622984298114 S=0.7138923177978962].pdf(1.9568625615483093)
Testing logNormal[M=1.6098408375019808 S=4.852048644831839].pdf(1.1540471416914355)
Testing logNormal[M=-0.4429978627132227 S=0.34830632141268913].pdf(2.2246711308395137)
Testing logNormal[M=3.370129087978478 S=0.38927259969437467].pdf(2.2258509539690605)
Testing logNormal[M=0.3777871528712451 S=5.356159892349029].pdf(1.0478340015352796)
Testing logNormal[M=2.8786022151248964 S=7.978507833141486].pdf(1.9910307513751486)
Testing logNormal[M=-4.462586891412418 S=3.0582737690765116].pdf(0.5826571689090576)
Testing logNormal[M=-2.7628391532504204 S=7.236345185215608].pdf(1.214261918758027)
Testing logNormal[M=-3.549452396590407 S=2.433835408291627].pdf(1.983874897240216)
Testing logNormal[M=3.6468606932848253 S=9.682738451425136].pdf(1.4346380471929776)
Testing logNormal[M=2.87150939777829 S=3.55613626837308].pdf(1.5271904020789424)
Testing logNormal[M=3.9327166270845186 S=4.298713176097343].pdf(1.4145768731419226)
Testing logNormal[M=-1.908247141717533 S=6.606257733807665].pdf(0.4951362937644437)
Testing logNormal[M=-0.6820228365683203 S=8.167636889216807].pdf(1.3546706750491848)
Testing logNormal[M=-0.03643328805223245 S=0.09904642811888631].pdf(0.9395671976406756)
Testing logNormal[M=1.968141554728641 S=8.24679791329801].pdf(2.225779588883291)
Testing logNormal[M=-4.065345854143567 S=9.745854882999973].pdf(0.2279499030507499)
Testing logNormal[M=4.4923494162366815 S=0.5685486263385109].pdf(1.9222421459171677)
Testing logNormal[M=4.951405308287434 S=7.848999948249764].pdf(2.160133126707021)
Testing logNormal[M=-2.298511974402586 S=7.925868952668962].pdf(1.8555705745529116)
Testing logNormal[M=-2.6200217618071466 S=2.1188005904264218].pdf(1.6798786925824722)
Testing logNormal[M=-1.0950086269327808 S=9.027625470725578].pdf(1.0234371716971158)
Testing logNormal[M=-0.21197841253881755 S=3.7411153052660007].pdf(1.6450228690154822)
Testing logNormal[M=-0.9037735653009253 S=8.589216646051627].pdf(1.2163467126791534)
Testing logNormal[M=-3.8881233324643616 S=8.48850195295236].pdf(0.5014877701593283)
Testing logNormal[M=2.370148088112116 S=0.852958751967694].pdf(1.347760751034617)
Testing logNormal[M=4.42094762477706 S=3.4485690405207468].pdf(2.1183507089277684)
Testing logNormal[M=1.4353071994763695 S=2.5864638359935075].pdf(2.1077003296180767)
Testing logNormal[M=-2.1409654852520275 S=6.6562807183332575].pdf(1.696057342131748)
Testing logNormal[M=3.9442113735414797 S=8.046017279095432].pdf(1.7374797131809288)
Testing logNormal[M=-4.537113971931576 S=4.999211343383704].pdf(1.6896023151917328)
Testing logNormal[M=-4.253759737810219 S=6.383172113187268].pdf(2.25533973444893)
Testing logNormal[M=2.5001689048768903 S=5.6122917012059546].pdf(2.201140007808811)
Testing logNormal[M=3.743906524669523 S=4.963429226463645].pdf(2.2122489021418583)
Testing logNormal[M=2.337322427707056 S=2.404961851518159].pdf(2.0447093094891873)
Testing logNormal[M=3.89933745360975 S=4.6362000640571885].pdf(1.610277924408357)
Testing logNormal[M=1.6961345000336259 S=0.7521966480759334].pdf(0.5729968236359793)
Testing logNormal[M=2.1189866384062928 S=7.476197611706641].pdf(1.8024116298383668)
Testing logNormal[M=0.9401922914913392 S=0.8780528413418864].pdf(1.250143639827506)
Testing logNormal[M=-0.576071809186046 S=2.3921866490968613].pdf(1.3322955565879349)
Testing logNormal[M=-0.5065256364649393 S=4.404601240951811].pdf(1.7369735383279996)
Testing logNormal[M=-0.8242237857336185 S=3.667330288775621].pdf(1.9666625573391177)
Testing logNormal[M=-0.33479336248048597 S=1.6944133656458016].pdf(1.3635412569820335)
Testing logNormal[M=4.403730937296222 S=8.080609840223753].pdf(1.9893386263413448)
Testing logNormal[M=-2.103955315109088 S=2.305507347194582].pdf(2.063374878002841)
Testing logNormal[M=-2.631332316845185 S=8.837623304787396].pdf(0.8144403808974343)
Testing logNormal[M=1.129827684074158 S=1.3891366653394233].pdf(1.818511006001864)
Testing logNormal[M=3.1241359145354597 S=1.3672384790185932].pdf(1.4544383932053342)
Testing logNormal[M=2.8886459183409405 S=6.528524967518673].pdf(2.295609266979167)
Testing logNormal[M=-4.650956137187878 S=9.573446162782906].pdf(1.815168527839523)
Testing logNormal[M=4.827246678582469 S=4.168452059783573].pdf(1.220877965766521)
Testing logNormal[M=4.00531264089436 S=7.38020263704616].pdf(2.2889073044109813)
Testing logNormal[M=-4.521385632882474 S=2.2445640410004963].pdf(0.22610379754475882)
Testing logNormal[M=-3.4719536036590792 S=2.7439349031087215].pdf(1.6302741872114612)
Testing logNormal[M=-3.5606034648387306 S=7.80911258793629].pdf(0.6608437477814777)
Testing logNormal[M=1.4356763781920998 S=2.441372004204644].pdf(1.3301898341720484)
Testing logNormal[M=4.643397263192954 S=3.8491257534917867].pdf(1.7774623618342535)
Testing logNormal[M=-3.16405441246601 S=0.7890700051457977].pdf(1.3341746402980443)
Testing logNormal[M=3.991199420017548 S=3.6776825273663016].pdf(2.253143058330973)
Testing logNormal[M=-3.8179289511476355 S=5.177704081863221].pdf(1.6701801398514207)
Testing logNormal[M=-1.3774775402525719 S=6.9644551614038726].pdf(1.8353068689622154)
Testing logNormal[M=2.655312006931747 S=0.8297451949446943].pdf(1.9144059673231228)
Testing logNormal[M=1.9545321322902396 S=0.644538122600532].pdf(1.5011161141364007)
Testing logNormal[M=-2.064663888404711 S=1.7563656855875331].pdf(0.6684653130373153)
Testing logNormal[M=-0.8592684972800155 S=2.5087153906040784].pdf(1.7751651795483399)
Testing logNormal[M=4.666177044850745 S=2.358006696290884].pdf(1.9036181905524687)
Testing logNormal[M=0.7706041368688918 S=7.562515241979005].pdf(0.5730031095830671)
Testing logNormal[M=-4.449250099406359 S=4.524711432946761].pdf(2.0725529760892374)
Testing logNormal[M=2.1525387655215233 S=1.434987733456482].pdf(1.4086481707210574)
Testing logNormal[M=-1.330099439765271 S=5.878610965876549].pdf(2.2484720305438746)
Testing logNormal[M=3.1994184192628445 S=8.834406220917932].pdf(0.8739957743805526)
Testing logNormal[M=1.4651048048644064 S=4.542082275462423].pdf(2.1008563870784327)
Testing logNormal[M=0.9193599554988303 S=1.3732298966711554].pdf(2.061211801008618)
Testing logNormal[M=-4.215007555014254 S=2.857644860164968].pdf(2.0488514549614956)
Testing logNormal[M=2.413810737038111 S=7.9620150263343685].pdf(1.6713967349542938)
Testing logNormal[M=2.492823400526979 S=5.362276523371881].pdf(0.8012206321695864)
Testing logNormal[M=2.147740010151696 S=3.568884610019002].pdf(0.5260516163469542)
Testing logNormal[M=2.6230493001988453 S=1.0477980834131628].pdf(1.9477128370365917)
Testing logNormal[M=-2.4219043220364176 S=4.246416678035709].pdf(1.2753067076270237)
Testing logNormal[M=1.9401587059839667 S=2.5564175137865286].pdf(0.020199554035210773)
Testing logNormal[M=-0.7940254451650155 S=9.531399441626753].pdf(1.6814395152932144)
Testing logNormal[M=-2.6573184788454007 S=1.9902657173663096].pdf(2.162250844445969)
Testing logNormal[M=-3.230063248947934 S=9.046709740894107].pdf(1.8586230278241531)
Testing logNormal[M=2.768479403279879 S=9.698272580720245].pdf(2.10407025694066)
Testing logNormal[M=-2.2499797081103923 S=0.6829451049104562].pdf(1.8859368224720243)
Testing logNormal[M=3.223746365123919 S=9.008105539135931].pdf(1.8674826027501985)
Testing logNormal[M=-3.4911776997323427 S=2.6718734743616968].pdf(1.8954281096220527)
Testing logNormal[M=0.11523849743411674 S=8.619333728877068].pdf(1.9831959692725276)
Testing logNormal[M=4.421789211589145 S=2.6836988574682574].pdf(1.5897678849441896)
Testing logNormal[M=-0.5082991504753291 S=7.793919725312072].pdf(2.2490093268746234)
Testing logNormal[M=-4.6186315821616875 S=2.270428361958735].pdf(0.734801424161189)
Testing logNormal[M=-1.3073797562609633 S=1.774491768705927].pdf(0.6941883249488231)
Testing logNormal[M=0.5112898445021177 S=3.4090745062768057].pdf(1.9004911233468427)
Testing logNormal[M=1.911787510972709 S=3.0686457647648027].pdf(1.1678077896160097)
Testing logNormal[M=-3.9630641772359154 S=3.9843458441302126].pdf(0.1382274556265829)
Testing logNormal[M=4.517367253509301 S=7.629604085126537].pdf(1.076815981857036)
Testing logNormal[M=1.4292076620193894 S=1.5478455049809625].pdf(1.2148722550023714)
Testing logNormal[M=-3.815456938402162 S=0.11892898540201147].pdf(0.4697052353444446)
Testing logNormal[M=-4.47295144248514 S=3.043612281029943].pdf(1.518919558813835)
Testing logNormal[M=2.892708471067394 S=6.0199406812681024].pdf(1.8729564244368648)
Testing logNormal[M=-1.613413715259906 S=9.269845646950463].pdf(1.4759132068639254)
Testing logNormal[M=3.2282169112636403 S=5.215368244277433].pdf(0.6534143401733317)
Testing logNormal[M=2.507950098729527 S=8.345029044652115].pdf(1.7213406228365091)
Testing logNormal[M=3.662213008079796 S=0.290676086120345].pdf(0.6499920841857514)
Testing logNormal[M=4.206019043449716 S=2.8091463827265404].pdf(1.055039050624293)
Testing logNormal[M=3.827851219798159 S=7.546080729736979].pdf(1.564226214890575)
Testing logNormal[M=-1.9036300717639607 S=6.952001527400391].pdf(2.141363834419661)
Testing logNormal[M=-4.674773938486671 S=3.2465444795916953].pdf(1.9178673212154012)
Testing logNormal[M=-4.765004504051065 S=8.161892389754211].pdf(0.3089176960624994)
Testing logNormal[M=-4.829114141625096 S=4.288202382631284].pdf(2.1167263105798786)
Testing logNormal[M=-3.3505601417339346 S=6.787092541345913].pdf(2.193737991022021)
Testing logNormal[M=-2.987939336512925 S=2.7252676794412856].pdf(1.0774445042930225)
Testing logNormal[M=-3.538954039000056 S=6.551305344747399].pdf(1.8735748309098221)
Testing logNormal[M=3.8245363517786526 S=1.27634922166051].pdf(1.469636757423661)
Testing logNormal[M=3.0640812758375944 S=6.047812764661734].pdf(1.399581570999113)
Testing logNormal[M=-3.133413019260921 S=7.591334626519933].pdf(1.10768081910202)
Testing logNormal[M=-4.1872480580426075 S=6.618624423086272].pdf(1.9915034148961868)
Testing logNormal[M=-1.0455741294651166 S=4.113915065399984].pdf(0.13472021830269365)
Testing logNormal[M=-2.710309847590141 S=0.6467070081267168].pdf(2.0899504861282856)
Testing logNormal[M=4.496575313728336 S=2.327803594927703].pdf(1.7216900941687963)
Testing logNormal[M=0.8416041587727214 S=5.648348946482562].pdf(2.120186623619373)
Testing logNormal[M=2.8084840604101347 S=4.722720741695471].pdf(2.2675269615999585)
Testing logNormal[M=-2.544512527954618 S=2.5204501692773364].pdf(1.44891748572635)
Testing logNormal[M=-0.7017082662032372 S=3.338170545601428].pdf(2.047079472098454)
Testing logNormal[M=0.019109150471181557 S=7.824924922304801].pdf(2.0146953764027424)
Testing logNormal[M=4.5048919469497335 S=4.933601818107435].pdf(1.9699566663949537)
Testing logNormal[M=-0.19725085409330312 S=2.089749657465383].pdf(0.7388713453143925)
Testing logNormal[M=-3.790087349787986 S=5.377954210933892].pdf(2.0639733664268345)
Testing logNormal[M=2.5547520539069453 S=8.168294136772854].pdf(1.643707557093176)
Testing logNormal[M=-4.59767808714038 S=9.256065347399753].pdf(1.8723955133916996)
Testing logNormal[M=1.5713929729496208 S=7.226437296531016].pdf(1.9036804386210404)
Testing logNormal[M=-4.115894983309723 S=2.9728216325341617].pdf(1.6577565007529833)
Testing logNormal[M=0.08415691643810419 S=9.83438901683259].pdf(1.015756083338475)
Testing logNormal[M=-0.4883296640675372 S=4.288443296017665].pdf(1.1252662277499528)
Testing logNormal[M=-2.917073790336201 S=7.793533756695993].pdf(1.62671479726597)
Testing logNormal[M=4.430793785330383 S=9.461985525945533].pdf(1.3296020969796198)
Testing logNormal[M=0.024928220278034097 S=2.203491749733545].pdf(1.4843655120014965)
Testing logNormal[M=-1.908962015286093 S=6.01860019887953].pdf(1.226911477167559)
Testing logNormal[M=0.4150300612832991 S=1.3467746585119744].pdf(1.4902282732551735)
Testing logNormal[M=-4.386349309793416 S=9.681024754491707].pdf(0.9534936275713473)
Testing logNormal[M=-2.3117575735462994 S=1.3934552614082285].pdf(0.7344001476930254)
Testing logNormal[M=-2.570719283668348 S=1.2350642501908526].pdf(1.9378019274669889)
Testing logNormal[M=0.26512033903032517 S=8.51006476592636].pdf(0.5743408949242207)
Testing logNormal[M=1.2130587847179548 S=3.951551440318898].pdf(1.430569435541086)
Testing logNormal[M=-0.31358505540420545 S=9.041775304709395].pdf(1.3985442263931687)
Testing logNormal[M=-3.3544105547385006 S=0.6765956651344818].pdf(2.217311528865675)
Testing logNormal[M=-1.5822553865030708 S=1.296329605187173].pdf(1.4191707001331748)
Testing logNormal[M=-1.794082261765567 S=4.118034526627431].pdf(1.55897073116526)
Testing logNormal[M=2.6831424509414923 S=6.248281678101916].pdf(1.967523332630324)
Testing logNormal[M=4.3029299536654015 S=7.657660904421824].pdf(1.7881999971152052)
Testing logNormal[M=-4.166909154271959 S=5.858847691140101].pdf(0.21385059196090866)
Testing logNormal[M=-0.12705231265595174 S=4.571249235560049].pdf(2.0081056015930914)
Testing logNormal[M=2.500105635629093 S=9.629975537464377].pdf(1.773285006219608)
Testing logNormal[M=-3.5160390803106454 S=0.9499345625037214].pdf(1.8333099202966923)
Testing logNormal[M=-1.701174592947278 S=1.8954135881552214].pdf(2.173157340420131)
Testing logNormal[M=3.9297998832476395 S=1.3931275563483492].pdf(0.012401511679346978)
Testing logNormal[M=-3.0058904499444603 S=1.89835532625938].pdf(2.0971809845749334)
Testing logNormal[M=0.9675624754313557 S=0.14139879573408787].pdf(1.6750982381296495)
Testing logNormal[M=-0.8542638813958359 S=6.793680847205197].pdf(2.2907708677151883)
Testing logNormal[M=-4.1939008494632946 S=6.71902720681326].pdf(2.2757613626323008)
Testing logNormal[M=-3.709055842090404 S=0.2977779911484646].pdf(2.023705776770348)
Testing logNormal[M=-3.305034107601743 S=3.87113930171492].pdf(0.38041147462110614)
Testing logNormal[M=3.0642251613295794 S=7.721193530392179].pdf(1.8655431708306276)
Testing logNormal[M=-4.650117765006659 S=2.8252908905028207].pdf(1.684388158454662)
Testing logNormal[M=-3.8997213936024444 S=8.762743170577583].pdf(1.5576460435411472)
Testing logNormal[M=-2.2466997078378492 S=6.006611803285445].pdf(0.8913762947434625)
Testing logNormal[M=-2.2743743295672783 S=4.793354426482209].pdf(2.1392956081408787)
Testing logNormal[M=-1.1075037207404694 S=5.170228400453686].pdf(2.1805827556139485)
Testing logNormal[M=3.6198300330257425 S=2.65802022385106].pdf(2.205225212965054)
Testing logNormal[M=-3.3616614227193997 S=5.266406327585504].pdf(0.06986201317912344)
Testing logNormal[M=3.2405477456730374 S=4.150642893437793].pdf(2.060510779035521)
Testing logNormal[M=-4.993613246618836 S=0.2070102293292564].pdf(1.7921095523344772)
Testing logNormal[M=4.605807493272735 S=3.24693875567033].pdf(1.7293689605283755)
Testing logNormal[M=1.857378717769791 S=0.34117971375162703].pdf(1.2963309280736182)
Testing logNormal[M=-1.7207835690631068 S=5.5911087846403165].pdf(1.4305324923735327)
Testing logNormal[M=3.074147042060977 S=8.474558755813831].pdf(1.6574290433676786)
Testing logNormal[M=0.15499285110770167 S=7.650750852170301].pdf(2.116561096404565)
Testing logNormal[M=2.7043481685139747 S=4.021642563699795].pdf(1.853807211978937)
Testing logNormal[M=-3.7303872540059233 S=6.990375615198142].pdf(1.9020107922212095)
Testing logNormal[M=2.0664049361958634 S=7.763335537458509].pdf(0.1687794727844188)
Testing logNormal[M=-2.7663732082448456 S=9.815451622704199].pdf(1.9044133843358049)
Testing logNormal[M=0.8334467611942644 S=6.017959540083021].pdf(1.650670090768575)
Testing logNormal[M=-1.0645414557456165 S=4.858633115835925].pdf(1.3528986933243294)
Testing logNormal[M=3.5689157622269523 S=7.486624563975766].pdf(1.9525291655723864)
Testing logNormal[M=-3.429214542742456 S=1.176807029605933].pdf(1.16272861824848)
Testing logNormal[M=-3.431642685317077 S=7.083368006450867].pdf(1.6981251393550867)
Testing logNormal[M=-1.5568489663299268 S=0.8033772652267601].pdf(1.8399399592332009)
Testing logNormal[M=-4.507431054137662 S=9.552669204412435].pdf(1.8665092479371537)
Testing logNormal[M=2.124532828891839 S=5.4752355658119445].pdf(1.8278681232014353)
Testing logNormal[M=-4.201312971040085 S=1.9652843656784802].pdf(1.0080857831905667)
Testing logNormal[M=-3.21088672737023 S=0.42784230767968556].pdf(0.6836340977202591)
Testing logNormal[M=4.239128702855995 S=9.729536266102311].pdf(2.192608618716471)
Testing logNormal[M=2.43139872714163 S=1.841297982188328].pdf(0.1199033977479778)
Testing logNormal[M=4.529651588214898 S=6.549557194074219].pdf(2.0141367913003334)
Testing logNormal[M=4.7094766830028405 S=5.268417587448473].pdf(1.487032064451272)
Testing logNormal[M=1.2704031051893345 S=0.46254201920414517].pdf(1.9228907726751718)
Testing logNormal[M=2.8117042198018316 S=9.334315965672719].pdf(2.229559367665354)
Testing logNormal[M=0.6550003176642853 S=0.12555276572176477].pdf(1.6538335644252429)
Testing logNormal[M=4.844956383150576 S=5.901747537298107].pdf(1.3203679197039198)
Testing logNormal[M=2.8773257616776915 S=7.122618350236248].pdf(2.120225933227476)
Testing logNormal[M=0.8379855309877122 S=9.056031334839892].pdf(1.423155563141287)
Testing logNormal[M=4.068845741495412 S=4.04882015215216].pdf(1.3109028360682489)
Testing logNormal[M=4.723211309462073 S=1.680318660590746].pdf(0.8393343116154716)
Testing logNormal[M=-2.8892249217465804 S=5.596273181227187].pdf(1.208705944626845)
Testing logNormal[M=2.551316800840758 S=5.495309191563047].pdf(1.663320497154698)
Testing logNormal[M=2.6348131002893114 S=4.123658862917495].pdf(1.940917107839269)
Testing logNormal[M=-2.7295455835360993 S=5.5148928854680745].pdf(2.250781857671487)
Testing logNormal[M=-3.9176734084836373 S=9.204961698345622].pdf(1.574256101280046)
Testing logNormal[M=2.9241455755586268 S=7.085489679978691].pdf(1.5684620707644081)
Testing logNormal[M=-3.928209506833583 S=1.8505497104885693].pdf(1.9674002149952268)
Testing logNormal[M=0.48225517866655654 S=9.10042167078397].pdf(2.177377983476898)
Testing logNormal[M=0.19137724341915785 S=5.390504991214684].pdf(2.1551014819229137)
Testing logNormal[M=-0.10974605521369263 S=1.3993729017146983].pdf(1.761945582399096)
Testing logNormal[M=3.2758349758908967 S=9.119953760326712].pdf(1.888865137837117)
Testing logNormal[M=4.947650120618771 S=5.336371310110668].pdf(1.9607979535935862)
Testing logNormal[M=3.0855983294827958 S=9.811363364242634].pdf(1.4362628616541173)
Testing logNormal[M=-4.729948463937616 S=8.004086913022556].pdf(1.3550810063802035)
Testing logNormal[M=-0.3852350705920182 S=6.184993078270771].pdf(1.9877791048030022)
Testing logNormal[M=-3.472101551656297 S=6.7568816051459475].pdf(0.10780540878688012)
Testing logNormal[M=-3.9181966096795895 S=1.8460875416672295].pdf(2.03058467104261)
Testing logNormal[M=-3.275337343022746 S=4.434361995348826].pdf(1.661662121050179)
Testing logNormal[M=4.701169454069781 S=0.4658554744637011].pdf(0.27677004195512606)
Testing logNormal[M=2.943409103944024 S=1.897274585133506].pdf(0.6448527358471199)
Testing logNormal[M=-3.10729712939927 S=1.62881506203446].pdf(0.12755798866909654)
Testing logNormal[M=-4.243103996001154 S=5.866020991413273].pdf(0.08303314177477496)
Testing logNormal[M=4.915563149598269 S=6.779564045647405].pdf(2.181172375515962)
Testing logNormal[M=2.003264262578454 S=1.886586819623992].pdf(1.6592420699097898)
Testing logNormal[M=-4.543612308272773 S=4.245363060645124].pdf(0.22229359145156788)
Testing logNormal[M=-1.1677399687774095 S=5.148527983633629].pdf(0.24445174226021063)
Testing logNormal[M=3.9045355114772136 S=8.52912275887421].pdf(1.920245824302164)
Testing logNormal[M=-4.172039267448949 S=2.1160849268448843].pdf(2.2858726461613967)
Testing logNormal[M=-0.8027284059212514 S=1.0159538962070969].pdf(2.0194498916830637)
Testing logNormal[M=2.090244621612486 S=6.133738300303648].pdf(2.114358483999086)
Testing logNormal[M=4.115215831769678 S=3.9344346445439937].pdf(0.05618491379581292)
Testing logNormal[M=-0.03703669054246639 S=1.6642991303028354].pdf(2.085166185506485)
Testing logNormal[M=1.3219165680219112 S=5.374368400981008].pdf(2.0181797084758215)
Testing logNormal[M=1.2588974013503922 S=9.541998663586682].pdf(2.148964820358271)
Testing logNormal[M=0.4281525159570245 S=7.438909251869762].pdf(2.016940660385871)
Testing logNormal[M=-1.8688900284188703 S=4.818764469662109].pdf(0.6396919481909902)
Testing logNormal[M=-0.8354801000602983 S=6.7104444565837245].pdf(2.140867226855576)
Testing logNormal[M=3.642452292363874 S=1.4166577489438492].pdf(1.9932012283506517)
Testing logNormal[M=-4.560137207346746 S=4.78724348904327].pdf(2.1568897288296327)
Testing logNormal[M=2.0374994055576714 S=9.24973677932326].pdf(1.8041062487609814)
Testing logNormal[M=-1.6276557861306662 S=5.4940665075945985].pdf(0.6849416783517784)
Testing logNormal[M=3.312814924198358 S=1.2190691702206735].pdf(0.7520799310098203)
Testing logNormal[M=3.562354563969649 S=8.191058068428019].pdf(1.8230827609469968)
Testing logNormal[M=4.667857096168943 S=4.8290373955220955].pdf(2.1426294545154856)
Testing logNormal[M=-4.588299679174192 S=1.36454159186283].pdf(1.666203140269026)
Testing logNormal[M=-1.0796286505722454 S=3.7506855590165045].pdf(1.956838752563185)
Testing logNormal[M=-0.6874948252570148 S=4.499489380935008].pdf(1.854452739284013)
Testing logNormal[M=4.03039226224924 S=3.4166280375836324].pdf(1.8566937663209055)
Testing logNormal[M=-3.034631554398808 S=4.1696867794834125].pdf(1.3740928470559184)
Testing logNormal[M=-1.5006941629959627 S=1.1156187168582998].pdf(1.6428583737531675)
Testing logNormal[M=-2.1038910034634584 S=1.7887925350531153].pdf(1.8301021686974868)
Testing logNormal[M=0.3119938392685242 S=4.825729988871639].pdf(0.41890833395954175)
Testing logNormal[M=-1.1251421294258588 S=8.392797183508119].pdf(1.8979619292569117)
Testing logNormal[M=4.95320821834224 S=8.615230418191661].pdf(0.7766522621683888)
Testing logNormal[M=1.5739923672821634 S=8.305828875674138].pdf(2.14575834851813)
Testing logNormal[M=-4.497008681645893 S=4.065032201735326].pdf(1.9212277214001658)
Testing logNormal[M=-1.9203148758533493 S=2.3145954183907715].pdf(1.7238962133871019)
Testing logNormal[M=-3.7678495740048468 S=6.613788601927172].pdf(2.198906424371828)
Testing logNormal[M=3.9730587935192005 S=0.422650115128097].pdf(1.874180347628936)
Testing logNormal[M=1.1969693781603414 S=1.8600818723040091].pdf(1.3475245031043812)
Testing logNormal[M=0.49708219199720993 S=0.03871805595436095].pdf(1.761049609184897)
Testing logNormal[M=-0.3749564600115338 S=6.28157265794111].pdf(1.2062262446395966)
Testing logNormal[M=0.8791211987359038 S=6.161872243704687].pdf(1.4715710590261626)
Testing logNormal[M=-4.4479559247175935 S=4.425561670204288].pdf(2.069296887814162)
Testing logNormal[M=3.0911434427960405 S=7.204348038166558].pdf(0.2535740613773652)
Testing logNormal[M=3.309264125267628 S=1.9325089855336475].pdf(0.529511052676605)
Testing logNormal[M=-4.918999325028938 S=3.70872706468256].pdf(1.6172084301327148)
Testing logNormal[M=-4.04323253179032 S=5.071742687630022].pdf(1.9338784195291592)
Testing logNormal[M=-4.240687773071512 S=8.238376801020378].pdf(2.0623371731512794)
Testing logNormal[M=4.126192397960963 S=3.9334287309255487].pdf(1.2644301806767826)
Testing logNormal[M=-0.9736031368111311 S=0.7567508396392231].pdf(1.5152250343028708)
Testing logNormal[M=2.5948194128984508 S=1.4488670055484176].pdf(0.4100405809293929)
Testing logNormal[M=3.2326639656405156 S=3.0314251464090347].pdf(1.8897260674747354)
Testing logNormal[M=1.94723399662894 S=1.3965648419573673].pdf(1.4542833379336724)
Testing logNormal[M=0.4714348090938367 S=2.964530438604096].pdf(1.6574150143429707)
Testing logNormal[M=1.6659046017130406 S=3.0705274954016826].pdf(2.1534862243943294)
Testing logNormal[M=-2.1182925016830243 S=4.861607326702969].pdf(0.8754279634452312)
Testing logNormal[M=-2.23184372407083 S=8.693019517684371].pdf(2.095819456126143)
Testing logNormal[M=-2.2752055153911286 S=3.749071946424557].pdf(2.20262319529385)
Testing logNormal[M=2.257725946785313 S=4.938423032341182].pdf(1.744739141652367)
Testing logNormal[M=-3.0497944927004452 S=5.31417658138266].pdf(1.9836210591748877)
Testing logNormal[M=1.7808097416236022 S=6.570772958953505].pdf(2.271533233968581)
Testing logNormal[M=-0.6523097476951705 S=1.3457893744362337].pdf(1.767876891969686)
Testing logNormal[M=-0.5520582358300956 S=3.8496590299773725].pdf(2.199394904413433)
Testing logNormal[M=2.465545978256002 S=2.180614978604366].pdf(2.218497655152464)
Testing logNormal[M=0.7585715922630243 S=2.434339915818388].pdf(0.3763954858074133)
Testing logNormal[M=0.6903638031798343 S=0.5119874533752777].pdf(1.2900234204414271)
Testing logNormal[M=-1.0342118486671978 S=2.888637048486553].pdf(1.767109983076908)
Testing logNormal[M=-3.496479162065349 S=1.2708162343342722].pdf(2.2003083471514078)
Testing logNormal[M=-0.6116453018080668 S=7.040073247405952].pdf(2.001243507375234)
Testing logNormal[M=-3.25192333997503 S=1.1129025013631821].pdf(1.54416998974235)
Testing logNormal[M=0.6813154277864273 S=6.955300455644772].pdf(2.0978120978342947)
Testing logNormal[M=3.704686270256012 S=9.119431247035761].pdf(1.4401292109104584)
Testing logNormal[M=-4.632891473044458 S=5.8995661879115024].pdf(0.2661687446874348)
Testing logNormal[M=3.8004330194614617 S=9.634508289681499].pdf(1.9604470392935591)
Testing logNormal[M=-4.776229281842043 S=6.340683223913554].pdf(0.9061503489395686)
Testing logNormal[M=-0.33375454212384525 S=9.364275076243922].pdf(1.1654072128808148)
Testing logNormal[M=2.347000315648594 S=5.499566648601089].pdf(2.271897210235021)
Testing logNormal[M=-4.54492294161307 S=4.547247414686758].pdf(2.1795262883445634)
Testing logNormal[M=-4.684398807950102 S=3.1512059587404417].pdf(2.273117516979247)
Testing logNormal[M=3.0947933222324764 S=2.0793184515170973].pdf(1.3854759920511572)
Testing logNormal[M=-2.969008749491646 S=6.877659783552054].pdf(2.20245094592989)
Testing logNormal[M=-3.6898494235741177 S=5.298836683120335].pdf(1.9476146967963066)
Testing logNormal[M=-2.916573763174669 S=0.40253300612806187].pdf(2.0411288422827836)
Testing logNormal[M=2.4041861423292747 S=9.986201202419231].pdf(1.1640169875995638)
Testing logNormal[M=-2.7088480264809647 S=6.204992841483339].pdf(2.0346081162891934)
Testing logNormal[M=-3.648007835662326 S=3.921011555554724].pdf(1.730003720100596)
Testing logNormal[M=0.7807490977982017 S=4.399242651889023].pdf(2.2625406109482187)
Testing logNormal[M=3.062849940877326 S=9.132164244525583].pdf(1.520434195360337)
Testing logNormal[M=-3.905809880840394 S=7.335648479877813].pdf(1.4692504991484585)
Testing logNormal[M=3.4930408634100676 S=6.857434259817174].pdf(0.9561882677338834)
Testing logNormal[M=3.724984962730538 S=3.120545188512974].pdf(0.8195020103643519)
Testing logNormal[M=-0.4020919823167377 S=8.935551034739225].pdf(2.1209902728730468)
Testing logNormal[M=-0.0996453831492925 S=3.1634272264150267].pdf(1.4592911037541274)
Testing logNormal[M=3.582841770165638 S=5.186242699228835].pdf(1.9681712332007102)
Testing logNormal[M=3.7504502000908104 S=9.893164713264724].pdf(1.8329667490647001)
Testing logNormal[M=2.656692274492574 S=2.3632079803462416].pdf(1.9528146715161994)
Testing logNormal[M=-3.7013843740864063 S=4.216837324320021].pdf(0.527820153036462)
Testing logNormal[M=-0.3542735820193972 S=4.633440518488409].pdf(2.299983126323091)
Testing logNormal[M=-2.2263188669335507 S=9.918860191635797].pdf(1.3017713046113955)
Testing logNormal[M=3.449484768099575 S=1.074148227860825].pdf(2.187828761910409)
Testing logNormal[M=4.12675103705258 S=6.827612426517545].pdf(1.96136412867156)
Testing logNormal[M=1.0463070253871187 S=2.9506976484193412].pdf(1.7528398086436248)
Testing logNormal[M=3.757088213684865 S=1.734289666676363].pdf(1.7117603387598475)
Testing logNormal[M=0.7896660770986408 S=6.445359014301616].pdf(1.8542405151267722)
Testing logNormal[M=0.9604586789274165 S=9.193314691845794].pdf(2.256048386158534)
Testing logNormal[M=4.119105832805614 S=3.6251787566333524].pdf(1.9171122230099715)
Testing logNormal[M=0.523094389286979 S=7.751779459757814].pdf(0.7341956474977338)
Testing logNormal[M=-4.332942299745646 S=4.364311331467066].pdf(2.1955292652869196)
Testing logNormal[M=2.4519051168307406 S=6.700696843718599].pdf(2.1056110249941256)
Testing logNormal[M=-4.78221437492418 S=1.5011325871598291].pdf(1.943938708868216)
Testing logNormal[M=-0.25298758060146564 S=9.938352972312112].pdf(2.1869209313595617)
Testing logNormal[M=4.819091224866794 S=1.9894242258928652].pdf(1.387732938396068)
Testing logNormal[M=2.5306192028028383 S=5.795099613323585].pdf(1.123193086932627)
Testing logNormal[M=2.254379714760166 S=4.550209650418324].pdf(1.2415224904982136)
Testing logNormal[M=-3.4619026149896657 S=7.530202513876338].pdf(2.183289254619563)
Testing logNormal[M=2.921414688998711 S=1.8323023458381626].pdf(1.7909500187208292)
Testing logNormal[M=4.49034522900407 S=5.280361986342706].pdf(1.9695342536661102)
Testing logNormal[M=-0.43825066058147755 S=8.236529255533878].pdf(1.3765227367454729)
Testing logNormal[M=4.878964867217842 S=7.679249837136744].pdf(1.6559633864828047)
Testing logNormal[M=0.24275668463819766 S=5.597682446369227].pdf(2.2910275687213164)
Testing logNormal[M=-2.00237608896085 S=5.462635653263577].pdf(2.1019182011385187)
Testing logNormal[M=-2.8875314802758645 S=9.260565230787048].pdf(0.44478482488226756)
Testing logNormal[M=-0.6163992038024277 S=4.166572755014737].pdf(1.2173417357390404)
Testing logNormal[M=2.2505959541625877 S=2.4117367408100443].pdf(1.183772660896168)
Testing logNormal[M=0.08441582952273397 S=9.338721132611983].pdf(1.5979963192891682)
Testing logNormal[M=2.552933797301086 S=8.928150994767506].pdf(2.16388732203774)
Testing logNormal[M=-2.8158381875156193 S=6.170394647008432].pdf(1.6976332438382553)
Testing logNormal[M=-3.616464140817813 S=5.512649687630118].pdf(1.6785037600516162)
Testing logNormal[M=3.377537324770847 S=1.0881918096554977].pdf(2.201608546021434)
Testing logNormal[M=4.610233294610641 S=9.993295982933144].pdf(0.7040277332821577)
Testing logNormal[M=2.6373733511577218 S=3.5339365997398353].pdf(1.100957003117363)
Testing logNormal[M=4.0524497687831555 S=7.395102302504304].pdf(0.4949839888241267)
Testing logNormal[M=1.8089612446892556 S=1.9957847038243604].pdf(1.5713286310907677)
Testing logNormal[M=-1.2075417401317292 S=2.879504679025832].pdf(1.6517093174306543)
Testing logNormal[M=-2.2245831767118105 S=9.675489145122484].pdf(2.1968563235979515)
Testing logNormal[M=-2.4692933189077317 S=5.9435592847951515].pdf(0.6251423689277313)
Testing logNormal[M=-3.7752146152055066 S=9.289537467049806].pdf(2.1921696511182738)
Testing logNormal[M=-2.6438157403645723 S=7.263578221259802].pdf(2.226990465396164)
Testing logNormal[M=-2.3661037954636432 S=5.307339941267531].pdf(0.9080209662802428)
Testing logNormal[M=0.676246457786637 S=6.6511360396396855].pdf(0.36412880977834705)
Testing logNormal[M=0.6383339074574721 S=6.536273392840879].pdf(0.968866637888687)
Testing logNormal[M=3.6561930303050953 S=1.4899804649956228].pdf(0.763372333626498)
Testing logNormal[M=0.2003508071175677 S=7.296160299884695].pdf(1.702924506207587)
Testing logNormal[M=-3.3963689143051425 S=2.445797236520577].pdf(1.2868145288940376)
Testing logNormal[M=-0.6090008096192525 S=7.336099091732542].pdf(0.15035407433738157)
Testing logNormal[M=-2.160398348626247 S=5.921665515006986].pdf(1.962414816856995)
Testing logNormal[M=2.9037459574010605 S=3.8747690565913206].pdf(2.247874448788771)
Testing logNormal[M=-3.1907303277164214 S=0.025569895844216317].pdf(1.1934788451416212)
Testing logNormal[M=1.2299121739931431 S=5.1279488269680975].pdf(1.9732596893005705)
Testing logNormal[M=-1.9551440580012636 S=8.811818671687575].pdf(1.4226815451965085)
Testing logNormal[M=-0.9623763966868744 S=2.2632046042750553].pdf(1.6491898185065867)
Testing logNormal[M=-4.90417816567824 S=4.333169674357244].pdf(1.875241435619089)
Testing logNormal[M=-1.558530819195525 S=9.710276702437877].pdf(1.2384882006959348)
Testing logNormal[M=-2.7294317643331443 S=1.9266468160159045].pdf(1.1167712793334208)
Testing logNormal[M=-3.764257313658752 S=2.4192948136020673].pdf(0.6545824189609571)
Testing logNormal[M=1.7349783500454592 S=5.921241001961928].pdf(1.8086115657776545)
Testing logNormal[M=3.2580459366242653 S=4.049751530319261].pdf(1.1513835284269416)
Testing logNormal[M=3.7562515115921364 S=9.19131438354235].pdf(1.0819496523647825)
Testing logNormal[M=-3.1516130129720366 S=7.162886971289673].pdf(1.9075791296187892)
Testing logNormal[M=-2.2922561432991264 S=0.7170435258751651].pdf(2.1637120486845793)
Testing logNormal[M=2.9728765158575845 S=6.3224908261458275].pdf(1.2262241306590536)
Testing logNormal[M=-2.9736011238833413 S=8.253658362387567].pdf(0.9388132152629503)
Testing logNormal[M=1.6576464273733196 S=6.209694376767931].pdf(2.2109220264461062)
Testing logNormal[M=-3.041480009084917 S=7.552298542805853].pdf(0.8211909168712379)
Testing logNormal[M=-1.652103602841799 S=1.3496540708063354].pdf(1.8514410447942036)
Testing logNormal[M=2.1037093232343995 S=8.841747965208615].pdf(1.5266295803213465)
Testing logNormal[M=-3.9245408025002995 S=2.3332829639669006].pdf(1.769678033882804)
Testing logNormal[M=-3.725808949976437 S=3.99456471002378].pdf(0.975031360693513)
Testing logNormal[M=-1.377234048686986 S=9.299151354491968].pdf(2.062840274528713)
Testing logNormal[M=-3.5718339589499437 S=9.69648262673074].pdf(1.204529017593728)
Testing logNormal[M=3.6686186079529666 S=0.1496189011781146].pdf(1.0603792064590327)
Testing logNormal[M=-1.6566297294057044 S=1.5700834266054087].pdf(1.6653454376079997)
Testing logNormal[M=4.300254380682224 S=3.3231275803442206].pdf(1.5279097634027952)
Testing logNormal[M=-0.4509675637250261 S=3.242188365121109].pdf(0.38364066685890974)
Testing logNormal[M=-4.373401151683183 S=9.095841050694931].pdf(1.7866199495079824)
Testing logNormal[M=-2.5658187715642766 S=3.954303946494002].pdf(1.831510595353198)
Testing logNormal[M=3.639815074124268 S=8.910258113484947].pdf(2.224274187266397)
Testing logNormal[M=-0.4403163124742999 S=7.572277473070611].pdf(2.0704424695926664)
Testing logNormal[M=-3.4970425259702775 S=9.093488348944618].pdf(0.8887949567135212)
Testing logNormal[M=1.4824229209662532 S=4.56864752388446].pdf(1.507235589183317)
Testing logNormal[M=-0.5512996911821624 S=6.927129589428166].pdf(1.6395918283509956)
Testing logNormal[M=-3.0779108671293076 S=3.516616044496815].pdf(0.9089996793719893)
Testing logNormal[M=0.281281951853507 S=1.1414395474465].pdf(1.8214392770720282)
Testing logNormal[M=0.1918867498761081 S=2.3458732321553457].pdf(2.1949958525132582)
Testing logNormal[M=3.0667796148016997 S=9.085196345573907].pdf(0.6006888268841737)
Testing logNormal[M=1.1711962060070027 S=3.591885915628845].pdf(1.0578611368555237)
Testing logNormal[M=-2.4775770646608075 S=1.6439521065419982].pdf(2.117552782526321)
Testing logNormal[M=-3.0780572812800786 S=5.331926886630423].pdf(0.20892744683661219)
Testing logNormal[M=-1.6079602562927375 S=2.1521140565535357].pdf(2.1811811336553317)
Testing logNormal[M=-0.8015436415941659 S=3.0214212241833796].pdf(1.5862090236286002)
Testing logNormal[M=-3.2057096164022667 S=4.820773910630807].pdf(0.49559672219130363)
Testing logNormal[M=3.611616339212281 S=1.1065417182725135].pdf(1.0320890173920008)
Testing logNormal[M=-1.5177540663965825 S=5.119421520059787].pdf(2.122424237225646)
Testing logNormal[M=0.5347042228873793 S=4.616725847812718].pdf(0.8776338334866493)
Testing logNormal[M=0.17650351948415555 S=1.4000068229741758].pdf(1.7772226182598603)
Testing logNormal[M=2.4026950277856516 S=1.1435993434006708].pdf(2.0869782446368648)
Testing logNormal[M=-1.8737500563730922 S=8.044896376061683].pdf(2.001402951701624)
Testing logNormal[M=-2.7447107619002087 S=9.987611623840749].pdf(2.124262274228883)
Testing logNormal[M=4.053806039845863 S=7.003915982423708].pdf(1.2843201327724345)
Testing logNormal[M=2.1779260828546203 S=3.9713229722958534].pdf(2.2464083153757755)
Testing logNormal[M=-0.6178922813290875 S=6.759364471310788].pdf(1.5618388554899185)
Testing logNormal[M=-2.1454252129681595 S=1.722877395711635].pdf(2.1134726864179325)
Testing logNormal[M=-3.4559198396434 S=9.003382392499992].pdf(2.1446942786291388)
Testing logNormal[M=-0.687552044886564 S=1.0574228048146894].pdf(1.5707385729548784)
Testing logNormal[M=-1.6467632149503397 S=4.707566987750758].pdf(2.2919151579725114)
Testing logNormal[M=4.749642854388123 S=6.223505072870492].pdf(0.7122071224603032)
Testing logNormal[M=-0.37663783605860246 S=3.264520196163657].pdf(1.2473046480501204)
Testing logNormal[M=-2.083466908667674 S=8.56439458670954].pdf(1.2349725384133912)
Testing logNormal[M=-3.8440036747505255 S=2.884156538651077].pdf(0.4654878328675032)
Testing logNormal[M=0.9439681826036299 S=7.537316978970502].pdf(2.000077831471442)
Testing logNormal[M=-0.08144310528130383 S=0.33807535536214295].pdf(1.711673032442663)
Testing logNormal[M=-4.2073943196646795 S=6.91970529255511].pdf(0.8621221092942941)
Testing logNormal[M=0.8645447684674608 S=7.46864851205509].pdf(0.9718809860115165)
Testing logNormal[M=-2.9814659617486416 S=5.1609757367931985].pdf(2.0905988520219814)
Testing logNormal[M=3.8823683484291323 S=8.585676918181743].pdf(1.9842728446562183)
Testing logNormal[M=4.644858668406318 S=3.6767439286731207].pdf(1.6656035265584719)
Testing logNormal[M=2.901539728151138 S=8.115630603567649].pdf(0.9937297863851489)
Testing logNormal[M=2.097514759715221 S=3.6421886173809037].pdf(1.7759165040862728)
Testing logNormal[M=-0.02788735661684072 S=0.6597598642894464].pdf(2.1662900653419177)
Testing logNormal[M=-4.782393410368559 S=2.7764428377874806].pdf(2.2848968720856093)
Testing logNormal[M=-4.2507015315374455 S=2.131880656959335].pdf(1.3360102728485326)
Testing logNormal[M=-1.4491444768571773 S=5.3789537812248].pdf(1.9017364315146277)
Testing logNormal[M=3.3926311919781718 S=5.621661568051099].pdf(0.09868201224202044)
Testing logNormal[M=1.9902643421892101 S=9.00392308569958].pdf(1.7198795504324145)
Testing logNormal[M=-2.0759542007575202 S=0.5810082440377773].pdf(2.2543492435208066)
Testing logNormal[M=4.6273252837469965 S=4.256814325785095].pdf(0.3827954831353688)
Testing logNormal[M=-4.596080341729958 S=1.7252747930805723].pdf(2.044695909572487)
Testing logNormal[M=-2.0937949329686223 S=6.6886427541183755].pdf(1.432800510239622)
Testing logNormal[M=0.5777369340477492 S=6.144458676454066].pdf(1.8726323928120294)
Testing logNormal[M=-3.8988026920785357 S=1.6012744166441184].pdf(2.101468293133478)
Testing logNormal[M=0.46316736876298137 S=2.550980244081332].pdf(1.9342456400548218)
Testing logNormal[M=-0.5873254161228196 S=1.5775855157688923].pdf(2.0912348165085275)
Testing logNormal[M=-3.07190277944261 S=8.111195779102932].pdf(2.299245791419596)
Testing logNormal[M=0.21452072316973236 S=1.2346407699545958].pdf(1.7899981070158006)
Testing logNormal[M=-4.977820434821416 S=2.037228331685872].pdf(1.0023054021036395)
Testing logNormal[M=-3.4179798022207555 S=9.927289693522992].pdf(1.8947829778614484)
Testing logNormal[M=1.1611603623466182 S=3.2304405261775946].pdf(2.2454152515066124)
Testing logNormal[M=-2.197252390751816 S=8.452963736485394].pdf(1.1297767346806997)
Testing logNormal[M=-0.46361003430266834 S=6.581940185586648].pdf(1.9078470708660558)
Testing logNormal[M=4.3865542942023765 S=9.420323525691009].pdf(1.6370379956076353)
Testing logNormal[M=-2.274896699990091 S=5.508694991622853].pdf(2.1559547461160053)
Testing logNormal[M=3.218591345701327 S=6.605929023356916].pdf(2.055142198441479)
Testing logNormal[M=-2.486752729811058 S=8.149696337010248].pdf(2.203815597298684)
Testing logNormal[M=4.052340612495639 S=2.279200549306818].pdf(1.9007376357876744)
Testing logNormal[M=2.8908180602898783 S=6.011517491029224].pdf(1.1933334187281766)
Testing logNormal[M=-3.9041005227519108 S=6.047106727376522].pdf(2.037803510710156)
Testing logNormal[M=-2.6317015883587045 S=5.3070856788487495].pdf(1.8160949014015726)
Testing logNormal[M=-1.0635115499001415 S=2.5994876279256838].pdf(1.3572176453198284)
Testing logNormal[M=2.0411706477950498 S=2.0396920563618637].pdf(1.6342453033939341)
Testing logNormal[M=-4.3408562373394695 S=8.144716111366298].pdf(1.760480335242382)
Testing logNormal[M=-3.465717170042586 S=9.008414662302823].pdf(2.2187191565221385)
Testing logNormal[M=0.24768475740126306 S=6.4961193414723395].pdf(1.951193631080275)
Testing logNormal[M=-4.007122280382683 S=6.481911684553622].pdf(2.0745046484151746)
Testing logNormal[M=-4.060564145215676 S=5.308529104475194].pdf(0.4937891807736314)
Testing logNormal[M=3.9226827880671316 S=7.217439556401759].pdf(0.3111040369323528)
Testing logNormal[M=-4.269372918730782 S=9.572989127155513].pdf(0.8357434080298923)
Testing logNormal[M=1.2073639732260837 S=5.4432357706892205].pdf(0.19652606345748483)
Testing logNormal[M=4.601018835127823 S=1.1839421314484189].pdf(0.8383742367728175)
Testing logNormal[M=-4.792780692201616 S=8.275758054351494].pdf(2.032757766045987)
Testing logNormal[M=2.4168818026253582 S=5.239673929947676].pdf(0.7447558169204908)
Testing logNormal[M=0.9621736306574302 S=3.962071382403586].pdf(1.6352779929917578)
Testing logNormal[M=4.749814366198077 S=3.82474486659833].pdf(1.075761377109407)
Testing logNormal[M=3.7876172453232186 S=2.1091941192562516].pdf(2.2255754743806646)
Testing logNormal[M=-1.1652389091762414 S=8.681583510747995].pdf(2.2246874086053436)
Testing logNormal[M=0.09984467464544267 S=3.568901552706103].pdf(0.42985671092966427)
Testing logNormal[M=2.874286428550036 S=5.705760164799669].pdf(2.222748435183438)
Testing logNormal[M=-3.5039388738513733 S=6.67159244800615].pdf(1.6257806417085394)
Testing logNormal[M=-0.3788401965330639 S=4.97477411856254].pdf(2.2440819277318926)
Testing logNormal[M=-0.9764686266251319 S=1.0012941631294803].pdf(1.1432005246348427)
Testing logNormal[M=-2.337671955269448 S=5.5496116503227375].pdf(2.220306268690552)
Testing logNormal[M=3.3011173463453076 S=9.858649464879521].pdf(1.895648619292773)
Testing logNormal[M=-4.976336106582472 S=6.27772864297058].pdf(1.6697436168120257)
Testing logNormal[M=1.0662520155886241 S=7.47045118799622].pdf(2.0588458080134293)
Testing logNormal[M=-0.8227529411618839 S=7.435839722834032].pdf(1.7870986020232589)
Testing logNormal[M=1.4377661729745617 S=5.3886045921631185].pdf(1.9395233502672637)
Testing logNormal[M=-3.3928657204310255 S=2.0785861309384215].pdf(2.25967905106029)
Testing logNormal[M=1.9386924748739567 S=2.0922332126149112].pdf(0.5752032012264713)
Testing logNormal[M=-0.38685372381068195 S=8.610346197995867].pdf(0.6693813185858676)
Testing logNormal[M=2.416697998767445 S=0.7212591496868204].pdf(1.5417993658598503)
Testing logNormal[M=3.7105073077763144 S=3.9471106538890313].pdf(2.1810644852274277)
Testing logNormal[M=0.7616514732291417 S=0.2688099759216367].pdf(2.076017858727966)
Testing logNormal[M=3.881456907290975 S=6.603648916558631].pdf(1.5018150880584016)
Testing logNormal[M=3.554335636496104 S=4.453715691276021].pdf(2.1494528836444684)
Testing logNormal[M=2.984950060879723 S=5.757282533210151].pdf(1.990977798250645)
Testing logNormal[M=-0.17146839558002291 S=4.069568264678027].pdf(0.638795169967914)
Testing logNormal[M=1.5590519373976885 S=2.9946466760411616].pdf(0.6131277161619554)
Testing logNormal[M=0.4294406102275614 S=1.302548979095508].pdf(2.2500713822517717)
Testing logNormal[M=-0.40635188689116397 S=9.654855704093087].pdf(2.1153723855179227)
Testing logNormal[M=-0.26035097020799114 S=8.812965710984878].pdf(2.2686639763295013)
Testing logNormal[M=-0.3253774094715016 S=7.444977614381677].pdf(0.7033478570036681)
Testing logNormal[M=-2.754175545873463 S=4.63266050519882].pdf(1.609054857388738)
Testing logNormal[M=4.816920739092362 S=6.051516031788015].pdf(0.812798330822719)
Testing logNormal[M=2.1909327143001542 S=2.215797116751218].pdf(0.9312062647676362)
Testing logNormal[M=-2.1351148093497727 S=7.8619478447003734].pdf(2.296156428651768)
Testing logNormal[M=2.0949875706571186 S=6.168903282288128].pdf(1.5397271378173394)
Testing logNormal[M=4.017443210712653 S=1.325577389235848].pdf(1.637521025399264)
Testing logNormal[M=3.2824092761242287 S=2.8163067486223636].pdf(1.7555953995023772)
Testing logNormal[M=2.921086080120867 S=0.8330730163041378].pdf(1.998499134361032)
Testing logNormal[M=2.496093501965686 S=7.198623017572293].pdf(2.273320226755446)
Testing logNormal[M=0.6600020442679764 S=2.7052627865062018].pdf(2.0022031376403566)
Testing logNormal[M=0.2301942012918312 S=0.1595480281720052].pdf(1.940282670064677)
Testing logNormal[M=-3.778144075569193 S=6.241628868191933].pdf(2.0504167990451374)
Testing logNormal[M=1.0908510195220469 S=4.383571782737452].pdf(2.0815553557036246)
Testing logNormal[M=-0.22768460934059132 S=1.7385222320863813].pdf(1.2256011453863214)
Testing logNormal[M=4.865954113232069 S=2.435113212852278].pdf(2.2342974585612905)
Testing logNormal[M=-1.088410069938237 S=5.482511124345695].pdf(1.7148273909256821)
Testing logNormal[M=1.527025873534268 S=2.5430295236404534].pdf(1.8786395154196498)
Testing logNormal[M=3.845033519195958 S=9.646803536480874].pdf(0.4181911542175879)
Testing logNormal[M=1.8931792941471457 S=9.788234010198378].pdf(2.286273383344193)
Testing logNormal[M=-4.981527041164206 S=4.208098263027772].pdf(0.5034883990812522)
Testing logNormal[M=3.2245743546703736 S=9.210915030649735].pdf(0.5614181629906996)
Testing logNormal[M=-4.33955960969993 S=3.4677023067973236].pdf(2.1501409869994585)
Testing logNormal[M=-0.07405262854249361 S=5.37456740592086].pdf(1.4494142151467757)
Testing logNormal[M=-0.2855259245655457 S=2.0695155119874933].pdf(0.055253595429833775)
Testing logNormal[M=-0.21553298556367118 S=2.1002885158250226].pdf(1.6410823522459652)
Testing logNormal[M=-1.179961569430418 S=6.258419356929114].pdf(0.8230189997598382)
Testing logNormal[M=-2.0554833467426628 S=7.615303106639882].pdf(2.0763475026345066)
Testing logNormal[M=-3.1633309924130693 S=3.949816677561383].pdf(2.175766261468797)
Testing logNormal[M=-3.043880768137642 S=7.173543999898926].pdf(0.9250608987451868)
Testing logNormal[M=3.3334799253963237 S=1.0220445373714793].pdf(1.4220651201398562)
Testing logNormal[M=-0.9228437056619541 S=3.217738036617095].pdf(1.7119204295558137)
Testing logNormal[M=0.836084290085565 S=1.2506331908863155].pdf(1.401695498528754)
Testing logNormal[M=3.4783941822534388 S=2.7641039944785084].pdf(2.21637299200296)
Testing logNormal[M=3.036186090677976 S=2.369768855049168].pdf(1.8911765052632297)
Testing logNormal[M=3.641928172594259 S=8.407009589529572].pdf(2.1209879636142377)
Testing logNormal[M=-2.696380749164684 S=8.402987907560298].pdf(2.207761509312174)
Testing logNormal[M=-2.901082012674224 S=3.517066184400476].pdf(2.299123678264242)
Testing logNormal[M=-1.9564424902021207 S=9.23345195452735].pdf(2.0207602300875123)
Testing logNormal[M=2.766368355320145 S=5.668206027197533].pdf(1.403539628392262)
Testing logNormal[M=2.612955006350033 S=7.52368629763792].pdf(0.8607315296344002)
Testing logNormal[M=0.5375467641647438 S=0.12772323695871668].pdf(1.6735416183492169)
Testing logNormal[M=2.747586592078881 S=4.439969594737622].pdf(1.1633662399466027)
Testing logNormal[M=4.526443015386755 S=6.086280945034675].pdf(1.2230687790194696)
Testing logNormal[M=-1.3505223035611236 S=9.356579914777566].pdf(1.374732530580608)
Testing logNormal[M=4.468911634568201 S=1.5114794430170408].pdf(2.2147160745900227)
Testing logNormal[M=2.9947181369533453 S=4.434184038499623].pdf(2.1967079590044793)
Testing logNormal[M=4.447856202121976 S=7.148584622554686].pdf(1.026739325273426)
Testing logNormal[M=3.077872517716667 S=1.15708162244068].pdf(1.9782025976779056)
Testing logNormal[M=-4.746832356823908 S=1.6053037968426065].pdf(1.3443288432581344)
Testing logNormal[M=-3.0463920377536757 S=5.711151080954778].pdf(0.8058282855432448)
Testing logNormal[M=-2.222601023573029 S=8.437109060098042].pdf(2.021347212924698)
Testing logNormal[M=-1.7479933820927118 S=7.361770160681729].pdf(2.083556326380575)
Testing logNormal[M=4.932670328809364 S=6.18829953056239].pdf(2.053230406226777)
Testing logNormal[M=-0.020055524994631035 S=6.6926212405529295].pdf(0.838112185804956)
Testing logNormal[M=-4.922169374804138 S=0.7186665285157212].pdf(2.2122133615828674)
Testing logNormal[M=1.6157609003001578 S=5.220298948028185].pdf(1.2973294083843903)
Testing logNormal[M=-1.3065657098990857 S=4.925780378822248].pdf(2.186975721604606)
Testing logNormal[M=-2.2669937104138604 S=5.50227919752607].pdf(1.1962424091385722)
Testing logNormal[M=-0.5003636670374352 S=5.76489972016085].pdf(1.8785866173704602)
Testing logNormal[M=-2.6980487034522547 S=5.258158868089002].pdf(1.8278140948704347)
Testing logNormal[M=4.251053381809971 S=4.719945670566947].pdf(1.2154062567871675)
Testing logNormal[M=-2.284633122609392 S=6.793219092810839].pdf(2.0314191070748397)
Testing logNormal[M=4.496470319988733 S=1.2811675044015092].pdf(2.184461977988256)
Testing logNormal[M=3.6536377065658616 S=8.394243600708801].pdf(1.081281508429961)
Testing logNormal[M=-0.6839168257650963 S=3.623995286249105].pdf(1.3884280409018068)
Testing logNormal[M=-4.6618769402387725 S=4.818996466585367].pdf(1.2303635589738564)
Testing logNormal[M=2.975110318153348 S=9.069126571176069].pdf(0.7289459484048006)
Testing logNormal[M=3.370557815167505 S=1.7390924518391404].pdf(1.1262159706615629)
Testing logNormal[M=-2.268117129185061 S=9.758558386657556].pdf(1.9815795261270943)
Testing logNormal[M=-3.0583808597037754 S=0.4242813977078841].pdf(1.6129982462553112)
Testing logNormal[M=1.9007200534857898 S=9.871535481849591].pdf(2.0519452221952807)
Testing logNormal[M=-3.5776244999794238 S=8.050849108458973].pdf(0.3519256133116937)
Testing logNormal[M=-4.76661250501882 S=8.50190709321829].pdf(0.22835932518314134)
Testing logNormal[M=-0.8258669597891188 S=4.0353099698528005].pdf(1.7876690411005145)
Testing logNormal[M=-1.9733783457217378 S=2.183676437960554].pdf(1.5204296784129254)
Testing logNormal[M=-0.6859763497942692 S=4.112380422742422].pdf(1.8206631915927387)
Testing logNormal[M=-4.441919790559224 S=3.7379262571287173].pdf(2.08338241296822)
Testing logNormal[M=-3.556985135869082 S=6.741942965524598].pdf(2.293319198218744)
Testing logNormal[M=4.957856976471618 S=8.397997823984529].pdf(1.94236119202741)
Testing logNormal[M=3.8131825314561656 S=3.411775221339144].pdf(1.4232325222595676)
Testing logNormal[M=-3.184672864463712 S=3.356229514848036].pdf(0.3334379953860411)
Testing logNormal[M=4.858046092020622 S=7.96274264881961].pdf(0.8935283965382648)
Testing logNormal[M=1.4300649898703641 S=5.4878666528341515].pdf(1.0222366589869145)
Testing logNormal[M=3.771144372822558 S=5.892727211702463].pdf(1.7042009538861378)
Testing logNormal[M=1.5062549478975331 S=5.955842724454076].pdf(1.949107047089735)
Testing logNormal[M=-2.968386422043212 S=2.886050990045433].pdf(2.227006374280566)
Testing logNormal[M=-0.048143067138529005 S=7.929415824001781].pdf(1.7316320506720253)
Testing logNormal[M=4.295746516550867 S=2.7500398391232816].pdf(2.1821642172256785)
Testing logNormal[M=0.3945052924122159 S=3.2958770325323705].pdf(0.18105239517744906)
Testing logNormal[M=-4.863674362168671 S=0.9563406737816993].pdf(0.0418265506262228)
Testing logNormal[M=-2.1261897288949925 S=5.025837025565655].pdf(0.4773643965015949)
Testing logNormal[M=3.2381909038820744 S=0.019038550183579916].pdf(0.9704369577568436)
Testing logNormal[M=-1.4841576017246396 S=7.110883010438371].pdf(0.1934294963651301)
Testing logNormal[M=-3.4942682487274714 S=2.2480636237824214].pdf(1.4411439756656923)
Testing logNormal[M=-1.80713980555106 S=9.822481992161427].pdf(2.1487504561593647)
Testing logNormal[M=-3.577663658398423 S=0.6921033681979438].pdf(2.0819108460954454)
Testing logNormal[M=-4.38091502348567 S=5.505122097923136].pdf(2.1361596253091224)
Testing logNormal[M=-1.1305173104981514 S=5.120770572276876].pdf(1.8402306497912848)
Testing logNormal[M=1.7389811385995921 S=2.4806984539260957].pdf(2.0638676175640587)
Testing logNormal[M=-2.6310805998901587 S=7.100600721055349].pdf(1.76000822171491)
Testing logNormal[M=-3.5199958035184844 S=5.648716937273949].pdf(2.1333732014605413)
Testing logNormal[M=1.620007306602341 S=4.7818243409902506].pdf(1.447157568761606)
Testing logNormal[M=-1.852586603582175 S=7.6742977516209185].pdf(1.5587216324068554)
Testing logNormal[M=-1.9041696390725074 S=1.841106483584397].pdf(1.8482921629140012)
Testing logNormal[M=-3.660815352054001 S=4.407721602106218].pdf(1.5821307503378086)
Testing logNormal[M=2.922957196564832 S=4.309674834010087].pdf(1.6759963352425549)
Testing logNormal[M=-1.5656962439951352 S=5.946347288440047].pdf(1.1111244545126588)
Testing logNormal[M=-0.37037399631212686 S=6.273485854961556].pdf(1.7142444072943346)
Testing logNormal[M=-4.725838037944659 S=8.9273343130809].pdf(2.2821005470395024)
Testing logNormal[M=-4.401240002941906 S=8.422814860003111].pdf(1.801841081662958)
Testing logNormal[M=-4.7885193210497645 S=7.786558663483319].pdf(1.1572796777472472)
Testing logNormal[M=-2.5754469312128734 S=5.429421511759682].pdf(1.9657722073138788)
Testing logNormal[M=-2.698948760384874 S=4.745355527249772].pdf(1.989895815279696)
Testing logNormal[M=4.851546628233956 S=9.12487148592302].pdf(1.614135009332732)
Testing logNormal[M=-2.0040857544230226 S=2.6421010075650466].pdf(1.0661638618891869)
Testing logNormal[M=-2.5152313213726507 S=3.1200342560848595].pdf(0.19724338983100473)
Testing logNormal[M=3.173941413431381 S=0.8515022388388604].pdf(1.0627005985232214)
Testing logNormal[M=0.5756437592014976 S=4.85086555045739].pdf(2.0329110036135085)
Testing logNormal[M=-2.174548981433133 S=4.207909984265835].pdf(2.188291224108997)
Testing logNormal[M=0.5755969367750593 S=8.033084602251835].pdf(1.0717658080033208)
Testing logNormal[M=-0.14065246994652636 S=6.1161968808746945].pdf(0.0498510039240674)
Testing logNormal[M=3.7165847548336224 S=6.198224290704069].pdf(0.9333047862929451)
Testing logNormal[M=2.6085672791163326 S=9.529473480146773].pdf(1.4366496026755342)
Testing logNormal[M=-0.7618512238040189 S=1.942514300654239].pdf(1.7131699761030024)
Testing logNormal[M=4.87703133628165 S=1.347366733643024].pdf(1.0804643860769847)
Testing logNormal[M=2.4238397836268994 S=8.387297150751147].pdf(2.2411543583211793)
Testing logNormal[M=3.9517058955350297 S=7.869216756886254].pdf(1.8020858225198526)
Testing logNormal[M=-1.8542987988450044 S=0.29437614350939834].pdf(1.869322432183117)
Testing logNormal[M=1.7318676050589934 S=1.8063357159650617].pdf(1.559406838155087)
Testing logNormal[M=0.7374508418280525 S=7.820226699629904].pdf(2.171339053938089)
Testing logNormal[M=-0.8314687156284446 S=6.3883090744227395].pdf(1.082829833996217)
Testing logNormal[M=-2.3046595936612935 S=8.735762835193242].pdf(1.9479676429834731)
Testing logNormal[M=-3.1815347128471205 S=1.5074784469061309].pdf(1.6481636646557192)
Testing logNormal[M=4.554947615141078 S=1.845151439688113].pdf(1.4816257128994668)
Testing logNormal[M=-1.8803763036125423 S=4.987208364108053].pdf(2.272813036819483)
Testing logNormal[M=-1.639646075913932 S=1.1116691301014114].pdf(0.9677869519089803)
Testing logNormal[M=-2.761667763129725 S=4.108606819657763].pdf(2.277637732726039)
Testing logNormal[M=4.5928082278569455 S=0.8051677228242671].pdf(1.7816304416708897)
Testing logNormal[M=-4.5836642916678265 S=8.720539660075556].pdf(2.05836377339915)
Testing logNormal[M=-1.3967425608741513 S=4.038232960110653].pdf(1.322106004413684)
Testing logNormal[M=-2.0056416976617255 S=7.286999342380504].pdf(2.016643612630248)
Testing logNormal[M=-2.6898657563516237 S=2.152982366033064].pdf(1.699755173845615)
Testing logNormal[M=-1.70226350613498 S=5.860036027180166].pdf(1.6747530008977198)
Testing logNormal[M=1.172101643908281 S=2.407150558399972].pdf(1.947990146307822)
Testing logNormal[M=1.4218761832036995 S=7.053140066109353].pdf(1.7345311787664521)
Testing logNormal[M=2.8333661930133243 S=4.439867628971593].pdf(2.287358627877135)
Testing logNormal[M=1.1144278167168329 S=3.660937408420868].pdf(1.7609467796047007)
Testing logNormal[M=-4.778179625320664 S=5.124739654005025].pdf(1.1211804168179986)
Testing logNormal[M=-1.5924284840554535 S=1.4931159872853317].pdf(1.255573531050768)
Testing logNormal[M=2.6270755402560777 S=8.326057321577641].pdf(1.2202322156293088)
Testing logNormal[M=3.2586579604343093 S=4.775790814546984].pdf(2.2305604750504564)
Testing logNormal[M=-2.714578643561354 S=8.12285305504304].pdf(1.5486986748639946)
Testing logNormal[M=-3.1492471682866485 S=5.306388193374623].pdf(2.2605397490371475)
Testing logNormal[M=-2.203472815864381 S=4.981092172336668].pdf(2.216169009950013)
Testing logNormal[M=-0.6139105090264447 S=5.735307780546877].pdf(0.7452374275062064)
Testing logNormal[M=-2.4649500207351527 S=6.757886914789378].pdf(1.8133829189969282)
Testing logNormal[M=-0.2255538992296593 S=3.066741798803967].pdf(1.6114174177661589)
Testing logNormal[M=-0.8843350739007958 S=4.2259156927876464].pdf(0.8898044188941061)
Testing logNormal[M=-2.9916265912995152 S=3.6996357183699278].pdf(2.1832251608383078)
Testing logNormal[M=1.530602412105731 S=4.88870290349004].pdf(0.923727495709305)
Testing logNormal[M=-3.909547909787624 S=8.789060649497785].pdf(2.1916577508434747)
Testing logNormal[M=-3.896005109865838 S=0.5153910811115658].pdf(1.7559970988435734)
Testing logNormal[M=4.207179682738598 S=2.5965733722443227].pdf(1.9162326997151313)
Testing logNormal[M=-1.1606096106999142 S=8.565673292507064].pdf(1.4203347522378325)
Testing logNormal[M=-3.59391318119598 S=9.332314766849493].pdf(0.10456822589591547)
Testing logNormal[M=4.455359263366523 S=7.441245492852827].pdf(1.07532533873327)
Testing logNormal[M=-3.317074432564321 S=3.505623064073642].pdf(0.2373190895887252)
Testing logNormal[M=0.35161237564405745 S=4.355657103772472].pdf(2.2138347321326015)
Testing logNormal[M=-4.283543990462131 S=1.8535218273601295].pdf(0.7220159176343293)
Testing logNormal[M=-2.0901039315786596 S=9.528164314926613].pdf(1.5557461681952083)
Testing logNormal[M=2.8085766951315776 S=0.9516754826136387].pdf(1.9283888978477932)
Testing logNormal[M=-2.0170625549709698 S=7.5083650905520365].pdf(2.255758051479114)
Testing logNormal[M=0.5758804239975204 S=2.819842525323104].pdf(1.1852208627618401)
Testing logNormal[M=2.9100717874968316 S=5.09265931060797].pdf(2.1451902624800945)
Testing logNormal[M=0.2643546978053859 S=3.3270945194312884].pdf(1.5040111696737537)
Testing logNormal[M=1.4596955796078257 S=8.991639717658268].pdf(1.1565706766978605)
Testing logNormal[M=4.5364874495691705 S=7.363083279478282].pdf(2.2542200122561478)
Testing logNormal[M=2.04522497556754 S=5.365649881562435].pdf(1.6823733457559953)
Testing logNormal[M=4.548946052520034 S=4.415165152324828].pdf(1.4283124124000908)
Testing logNormal[M=2.548670065245516 S=7.477328454355864].pdf(2.2694444332345842)
Testing logNormal[M=2.054138200666584 S=7.295675094365649].pdf(0.464326877946809)
Testing logNormal[M=0.7538111893008548 S=0.6554158753094719].pdf(1.7469317166779483)
Testing logNormal[M=-4.599937475533019 S=1.1373792289844908].pdf(2.2024200661219124)
Testing logNormal[M=-4.957006218872811 S=5.915662389214323].pdf(1.5908265995944275)
Testing logNormal[M=-2.1190666047709694 S=4.8585280852314].pdf(2.2286458980246846)
Testing logNormal[M=1.429229793152377 S=8.012763023068617].pdf(0.9365226394817905)
Testing logNormal[M=2.675719130837475 S=7.740891162316731].pdf(1.144620465905658)
Testing logNormal[M=4.842440082310397 S=0.5804991242607538].pdf(2.2411759048120627)
Testing logNormal[M=-1.2779139615107047 S=1.2983189947633633].pdf(1.3272850024299332)
Testing logNormal[M=-2.054786070900767 S=4.219275773664957].pdf(1.1620601710807295)
Testing logNormal[M=2.8055465189290194 S=3.390595797055127].pdf(2.27858461875192)
Testing logNormal[M=2.797383166638637 S=4.311749078147704].pdf(1.8399338477854914)
Testing logNormal[M=-0.8234546925260418 S=1.229621279315386].pdf(1.7473478339153428)
Testing logNormal[M=0.5591719760246194 S=7.077519441220003].pdf(0.9205238472780697)
Testing logNormal[M=-1.274295390674257 S=5.560084812335714].pdf(1.28540836764973)
Testing logNormal[M=1.9046743349148043 S=0.43943160547324944].pdf(0.5232081014099974)
Testing logNormal[M=-0.7827789771902296 S=6.254872554317305].pdf(2.17627649780158)
Testing logNormal[M=1.1978860202495802 S=8.658369483366805].pdf(1.188638953497054)
Testing logNormal[M=2.7679523207329577 S=7.3736059538170355].pdf(1.914901624269791)
Testing logNormal[M=-2.510508177682207 S=4.898717857619268].pdf(1.9166580796398844)
Testing logNormal[M=-1.086976415397991 S=9.37608751895742].pdf(1.7554990575772351)
Testing logNormal[M=-3.267003801329044 S=4.886066409461021].pdf(0.8390997849931061)
Testing logNormal[M=2.612149296237871 S=2.228790329858806].pdf(2.082474058393364)
Testing logNormal[M=0.39428836145672186 S=1.8363667129604688].pdf(1.2226835890252605)
Testing logNormal[M=4.900874916901376 S=3.860343979071481].pdf(1.3645412918093216)
Testing logNormal[M=4.805221379937825 S=3.016465116797301].pdf(1.4976553332370544)
Testing logNormal[M=-4.582683665117354 S=8.774365998689245].pdf(2.0590770329972554)
Testing logNormal[M=-0.8725530284135203 S=9.877183619663475].pdf(0.9348007718034)
Testing logNormal[M=4.312626150642613 S=8.797932164032625].pdf(1.0786120831995492)
Testing logNormal[M=0.25281142252554645 S=1.33806105268508].pdf(1.8161678446869889)
Testing logNormal[M=4.380097348695532 S=8.204712437707562].pdf(2.1671506283197046)
Testing logNormal[M=-2.4939003596527964 S=8.185777636165732].pdf(1.6491451056893605)
Testing logNormal[M=-2.281370193294782 S=3.16897564541031].pdf(2.257099104627809)
Testing logNormal[M=2.9702125905805046 S=5.166615462927499].pdf(1.5651582943043554)
Testing logNormal[M=1.2689412903787716 S=0.767608490044992].pdf(2.0179399341735027)
Testing logNormal[M=-3.9894943386018267 S=9.224803990348335].pdf(1.2448812942379603)
Testing logNormal[M=-3.387524887940071 S=4.425571526971488].pdf(0.9293420548559633)
Testing logNormal[M=-0.2817876849856944 S=4.145770159741474].pdf(2.1836628297579668)
Testing logNormal[M=1.462260915790302 S=6.751296785477914].pdf(1.0033096578183043)
Testing logNormal[M=-2.779398790689539 S=9.096128094699946].pdf(1.6003711041853548)
Testing logNormal[M=3.235208673833748 S=8.397499447072223].pdf(2.035956396287433)
Testing logNormal[M=-2.159287692100711 S=9.330916451486688].pdf(2.1625227268143843)
Testing logNormal[M=2.0765901033240706 S=1.162283058555429].pdf(1.7985407550664148)
Testing logNormal[M=-1.0981966694569802 S=9.381680024270104].pdf(2.2821896695861104)
Testing logNormal[M=3.3767139017289463 S=4.894083853419278].pdf(1.2683700559444515)
Testing logNormal[M=2.356504963753064 S=7.615434521960296].pdf(2.1477829823913446)
Testing logNormal[M=-1.5135127273973636 S=1.8620035242216193].pdf(1.1789560351162682)
Testing logNormal[M=-4.1940467975962274 S=6.862386072044537].pdf(1.5026998535295726)
Testing logNormal[M=2.422905675899953 S=7.6193995566135655].pdf(1.9349209152160476)
Testing logNormal[M=-1.7506540190795814 S=9.637213920201436].pdf(2.2827515308125603)
Testing logNormal[M=-0.4053282648930123 S=2.099599761264892].pdf(1.7054632775958882)
Testing logNormal[M=-4.745029706401054 S=7.207424058817965].pdf(1.6447896857276585)
Testing logNormal[M=-2.78575952585662 S=7.725581423009267].pdf(1.7827711505708088)
Testing logNormal[M=1.3518325359531094 S=6.42627242860245].pdf(0.8376303466276798)
Testing logNormal[M=4.365418791980554 S=1.605439498322413].pdf(1.8765173084846725)
Testing logNormal[M=3.8365898413224944 S=1.9381130107206612].pdf(0.5417396221397771)
Testing logNormal[M=3.46791657101868 S=0.8538309447032688].pdf(2.156464857027898)
Testing logNormal[M=-2.299539564528149 S=7.908891792885622].pdf(2.2616365523525843)
Testing logNormal[M=3.594145052006361 S=7.4121730023434935].pdf(1.5035865464612217)
Testing logNormal[M=-1.6052867229253556 S=0.7867222990459366].pdf(1.2683810085237563)
Testing logNormal[M=-3.3374937618386813 S=3.0765414408532346].pdf(0.4849395743768235)
Testing logNormal[M=-3.5657107719662173 S=3.426168113935899].pdf(1.9856295761274254)
Testing logNormal[M=3.5596487466341724 S=2.4861164867992325].pdf(2.1494747457097674)
Testing logNormal[M=1.6376585569407478 S=1.6940040162560244].pdf(1.0487567070192172)
Testing logNormal[M=-4.98540590916161 S=4.520274373300667].pdf(1.19917356748921)
Testing logNormal[M=-3.0005893705276065 S=0.6463878787677801].pdf(2.0732615492190116)
Testing logNormal[M=2.7396617600209545 S=6.399320275291533].pdf(2.1061925010567526)
Testing logNormal[M=-4.086722522086551 S=7.300540327418897].pdf(2.0849899398913028)
Testing logNormal[M=-2.652628698998256 S=7.552957262631247].pdf(0.6300824637720068)
Testing logNormal[M=-4.34338798678609 S=8.03515198733915].pdf(1.3165110255295773)
Testing logNormal[M=0.5058841410682033 S=4.719419547571391].pdf(1.0821677541608117)
Testing logNormal[M=2.8552779920154734 S=9.814211110450037].pdf(1.6202461549443368)
Testing logNormal[M=-1.2653793662407886 S=8.126292669759142].pdf(0.49091139688483465)
Testing logNormal[M=-1.266368529921924 S=1.4332403056047271].pdf(2.075702936811202)
Testing logNormal[M=2.8000717494151797 S=7.197767288194111].pdf(1.5464857585057012)
Testing logNormal[M=0.660503703506274 S=9.17168103850448].pdf(1.7310143223509034)
Testing logNormal[M=-1.212816798064126 S=2.9759057256319].pdf(0.738786612774428)
Testing logNormal[M=-2.6827661547013495 S=4.78565402422841].pdf(2.0341332414125044)
Testing logNormal[M=0.01638828899126832 S=3.7662869015346088].pdf(1.5416435110135467)
Testing logNormal[M=0.042768749916872295 S=5.975115942467335].pdf(0.9703203018645721)
Testing logNormal[M=3.9747058007439726 S=1.4607800833394402].pdf(1.490767314201301)
Testing logNormal[M=-2.5859077659182805 S=0.5151791029207031].pdf(1.392557053718748)
Testing logNormal[M=4.38099690391042 S=7.125822618560819].pdf(2.2739971106295385)
Testing logNormal[M=-3.041868149477435 S=9.2428895304843].pdf(1.0211402700530883)
Testing logNormal[M=4.789379771717499 S=1.309417233517589].pdf(0.08670595590114122)
Testing logNormal[M=-3.6775421990228194 S=2.3648793427057333].pdf(1.828422883081487)
Testing logNormal[M=2.071697074982409 S=5.524849911562965].pdf(1.954744683240744)
Testing logNormal[M=-0.9284632026717894 S=8.454759571608998].pdf(1.5776472875972731)
Testing logNormal[M=-1.2144644267918037 S=7.7530107123268985].pdf(1.2122080640944175)
Testing logNormal[M=-4.874539824285415 S=7.1963883484522775].pdf(1.1572225312072595)
Testing logNormal[M=-0.9889493734765455 S=2.018046402353014].pdf(2.1335123983301054)
Testing logNormal[M=1.0248007093734568 S=3.4711336966351505].pdf(0.1424396017394262)
Testing logNormal[M=-4.684501728290979 S=8.880206062823055].pdf(2.0866088252256247)
Testing logNormal[M=-0.2926852414751355 S=9.816677728828703].pdf(1.8715684622623898)
Testing logNormal[M=4.292253844359264 S=3.9623273930525094].pdf(1.7073240842043311)
Testing logNormal[M=3.724233494804137 S=9.365299397183358].pdf(2.071271807532652)
Testing logNormal[M=-1.00408876310907 S=8.447453298928988].pdf(1.2736882780060148)
Testing logNormal[M=3.1167395308345966 S=6.1121857996728925].pdf(0.7191697332973587)
Testing logNormal[M=2.0228920739998095 S=7.441359554764836].pdf(1.983457871880636)
Testing logNormal[M=0.5763681679036248 S=7.915546352738131].pdf(2.1506213218541017)
Testing logNormal[M=-3.028494735641668 S=4.448349801295665].pdf(1.5381080920827686)
Testing logNormal[M=-4.669620632635617 S=3.6253538273184747].pdf(0.9284482193602828)
Testing logNormal[M=2.8846446208247496 S=2.1323299192739817].pdf(1.026429021399962)
Testing logNormal[M=-2.9927570601730444 S=8.82022821863912].pdf(1.480628745775684)
Testing logNormal[M=0.33923858522678074 S=3.9042325087998044].pdf(1.7272124938538955)
Testing logNormal[M=0.08184430343139315 S=8.64710829799705].pdf(1.0522832011577237)
Testing logNormal[M=-4.157645132672702 S=0.5511488945139342].pdf(1.7218971158493497)
Testing logNormal[M=-2.6776724571904853 S=9.730407184445376].pdf(1.9890899967008915)
Testing logNormal[M=2.7869849513375815 S=1.3990551493785208].pdf(1.6519448803775043)
Testing logNormal[M=0.9756689610672264 S=0.62311513152008].pdf(1.3224822827864566)
Testing logNormal[M=4.425438485720118 S=6.86698829632212].pdf(1.0250401564453804)
Testing logNormal[M=2.8891011517429845 S=0.8615992793364391].pdf(2.234478839042051)
Testing logNormal[M=-2.3071670540699705 S=4.218684452317493].pdf(0.418892931066681)
Testing logNormal[M=2.528937156625374 S=0.7698705510179349].pdf(0.42956738483487233)
Testing logNormal[M=0.6635021915665762 S=3.2239965013930414].pdf(1.725860285180354)
Testing logNormal[M=3.823595355577483 S=4.574953478893282].pdf(1.4943186166370204)
Testing logNormal[M=1.0260345433352551 S=6.4101421253720545].pdf(1.2199454153685794)
Testing logNormal[M=-0.49781829310729186 S=1.018448982723551].pdf(2.0271769619790363)
Testing logNormal[M=-4.256192010912166 S=0.9948880615042588].pdf(2.0735867269943977)
Testing logNormal[M=1.9558738501101782 S=0.1705643735677087].pdf(0.7600477990215415)
Testing logNormal[M=2.7162192449065934 S=3.0129066924658288].pdf(1.777567049321293)
Testing logNormal[M=0.6802190154724128 S=6.521457158235295].pdf(1.2122688438558047)
Testing logNormal[M=1.3058321059730496 S=1.3883494327625234].pdf(2.0750200122876916)
Testing logNormal[M=1.8376884179137996 S=8.911789710805007].pdf(2.1658842634985818)
Testing logNormal[M=4.145256572058315 S=5.235997988485779].pdf(1.9748287339878554)
Testing logNormal[M=3.0466472687114905 S=7.2054976108105855].pdf(0.7972856083288022)
Testing logNormal[M=1.625464116556099 S=6.112942818360657].pdf(0.6432771163571634)
Testing logNormal[M=-2.5898510251037035 S=9.50274900334192].pdf(1.9398732433642696)
Testing logNormal[M=0.31214353710266796 S=2.005101805915679].pdf(2.0126896844225852)
Testing logNormal[M=3.958890403637973 S=9.19648280512532].pdf(0.5888995905239125)
Testing logNormal[M=-1.3537048646139405 S=2.6546623482712173].pdf(1.2183162506225171)
Testing logNormal[M=-1.6899091671086808 S=8.697313291745035].pdf(1.871529169026287)
Testing logNormal[M=0.6842336092195156 S=5.06390213032348].pdf(1.4499514211481361)
Testing logNormal[M=-2.674328085814003 S=9.981956474183443].pdf(1.496981484566312)
Testing logNormal[M=-3.3549170146605145 S=4.975957202522318].pdf(1.7020474923457096)
Testing logNormal[M=-1.8951830121436029 S=6.309988875402402].pdf(1.136221988247029)
Testing logNormal[M=4.518245602640857 S=7.058871191929682].pdf(2.278613320716452)
Testing logNormal[M=-2.4196301639664397 S=0.8817759204754505].pdf(1.5417857686302863)
Testing logNormal[M=0.5089394680611337 S=8.089808601113873].pdf(2.0468973357022056)
Testing logNormal[M=-2.91816131558599 S=4.943739528845729].pdf(1.8947659067450773)
Testing logNormal[M=-4.953651876515418 S=4.12194734017843].pdf(1.756684365078496)
Testing logNormal[M=1.016225367854168 S=3.3459990885898936].pdf(1.3212694369544975)
Testing logNormal[M=-4.853320518454803 S=5.189596052599278].pdf(1.7545015049553159)
Testing logNormal[M=3.819295910298054 S=4.887180286381152].pdf(2.105769652893151)
Testing logNormal[M=1.4753913866401023 S=1.1082453192100117].pdf(2.0758145136028467)
Testing logNormal[M=3.4669904657655195 S=0.9420207462928909].pdf(1.6806051445557577)
Testing logNormal[M=3.5045985530645147 S=8.75054684845029].pdf(0.7753052852279426)
Testing logNormal[M=-2.179523446929416 S=4.682621064349144].pdf(0.8698687085486859)
Testing logNormal[M=-3.593495360055168 S=0.5901431444906791].pdf(0.6028840817498408)
Testing logNormal[M=0.6227004470571966 S=4.042463968293325].pdf(2.2595227942275162)
Testing logNormal[M=-3.644777632650454 S=5.240026068165838].pdf(0.527929627653269)
Testing logNormal[M=-2.8300685701262083 S=2.5905089463213393].pdf(2.0143753519303456)
Testing logNormal[M=-1.8021743774675558 S=2.9631287852393995].pdf(2.052045174570321)
Testing logNormal[M=-3.024656170773982 S=4.938527260670821].pdf(0.026129220798203488)
Testing logNormal[M=4.050646277483619 S=3.617263988039414].pdf(2.1814795064055996)
Testing logNormal[M=2.252906084540286 S=2.642799587650664].pdf(1.9863050234950055)
Testing logNormal[M=-3.795489038748144 S=4.707213835722522].pdf(0.6759943446877185)
Testing logNormal[M=4.4379100266252465 S=8.039578049889247].pdf(1.7516802215002296)
Testing logNormal[M=-4.271277932627364 S=7.237981812275177].pdf(1.895527001052539)
Testing logNormal[M=4.797435877412298 S=6.515974618089466].pdf(1.7929464541770717)
Testing logNormal[M=-2.0482701671716255 S=5.843441324130617].pdf(1.7517427388795626)
Testing logNormal[M=-4.500901345909812 S=1.333639668063179].pdf(0.9392014800035904)
Testing logNormal[M=-2.4378756186313346 S=0.36226904821891504].pdf(1.484589053622208)
Testing logNormal[M=-1.6951308629473405 S=5.259140049049023].pdf(1.423255128523327)
Testing logNormal[M=-0.5979718252499815 S=3.6389598678965482].pdf(1.5872203214698775)
Testing logNormal[M=0.2256059217949593 S=3.888981021218517].pdf(1.8058129477369615)
Testing logNormal[M=4.39694003589708 S=4.769794340338725].pdf(2.198454119842959)
Testing logNormal[M=-3.8275678428643434 S=6.716342778994713].pdf(0.8480395646088239)
Testing logNormal[M=0.24908236807107897 S=0.2084933540154943].pdf(1.0278889817552932)
Testing logNormal[M=0.8208919954524374 S=2.980550531653435].pdf(1.3151531508655665)
Testing logNormal[M=-1.8172225568763043 S=6.0219110611377005].pdf(2.0799137168440263)
Testing logNormal[M=4.092345676203712 S=0.8890974424894482].pdf(0.09573698821698681)
Testing logNormal[M=-0.6933382237086283 S=8.397992282131405].pdf(1.7332578627404032)
Testing logNormal[M=-3.872357614438764 S=5.532024095869978].pdf(1.5791708142790308)
Testing logNormal[M=4.5289392131244774 S=0.3641052362878483].pdf(0.01142711711733188)
Testing logNormal[M=4.447068559112662 S=8.13521883646398].pdf(1.3778158923592183)
Testing logNormal[M=0.21756777203745248 S=7.790943079928975].pdf(1.5841008370128493)
Testing logNormal[M=-0.34805540429489934 S=5.015756699067041].pdf(1.9818669398273518)
Testing logNormal[M=4.312771911592751 S=2.929842611475281].pdf(2.1329654408714345)
Testing logNormal[M=-3.4758060853761275 S=2.3457097389285595].pdf(1.4782708688319262)
Testing logNormal[M=4.749425169763903 S=1.1799325505517189].pdf(2.0361747167815616)
Testing logNormal[M=-1.9328622402014006 S=1.391968461233809].pdf(0.6421658106431456)
Testing logNormal[M=-1.011786669924514 S=9.050639683110248].pdf(1.6841744857429897)
Testing logNormal[M=-2.541360817988015 S=3.2229205478173784].pdf(1.0478699251199217)
Testing logNormal[M=-4.856501103632803 S=2.7472794685908806].pdf(1.959648628232087)
Testing logNormal[M=-2.9909632531625565 S=3.3333495563311013].pdf(1.7281688704690137)
Testing logNormal[M=0.22945805883146875 S=3.240044426206831].pdf(1.0915914385384282)
Testing logNormal[M=-4.711498620137312 S=8.923489867549298].pdf(1.4473644380464108)
Testing logNormal[M=3.123242838099914 S=1.5769176806697527].pdf(1.9118190878223082)
Testing logNormal[M=-2.168611711778905 S=0.4116376453489601].pdf(0.7018665168449338)
Testing logNormal[M=3.88907583705352 S=8.86577072565193].pdf(2.0338709486466113)
Testing logNormal[M=-3.662191576444264 S=3.8725723384100763].pdf(0.6778349879757837)
Testing logNormal[M=4.166469884185833 S=2.9286661347325085].pdf(2.0892210904525386)
Testing logNormal[M=3.2153372349572997 S=9.035212861272154].pdf(1.622272492510394)
Testing logNormal[M=2.9557020919024097 S=5.380230628148917].pdf(0.8890916830153452)
Testing logNormal[M=-0.44376122579268173 S=7.361698183230844].pdf(1.6670387118072496)
Testing logNormal[M=-0.2173286573578892 S=4.8688602629465425].pdf(1.0035109204720902)
Testing logNormal[M=-2.6284025425655564 S=0.8362236489777719].pdf(1.6133196418136062)
Testing logNormal[M=1.717593021739515 S=6.455004284936133].pdf(1.5924453668424736)
Testing logNormal[M=-1.102638332338489 S=0.26495683150647986].pdf(2.27318215615766)
Testing logNormal[M=-3.3738556043805055 S=9.484626068210108].pdf(1.9892548821738802)
Testing logNormal[M=-2.7664163531682426 S=8.131459855504378].pdf(2.1408273469155454)
Testing logNormal[M=-0.5580457279877304 S=8.316623685757872].pdf(1.203819978531422)
Testing logNormal[M=0.7246914580275021 S=9.804639841899828].pdf(1.262686673493079)
Testing logNormal[M=1.695166757094726 S=8.079694114485003].pdf(2.052629589478359)
Testing logNormal[M=-2.287505178096103 S=0.6757451230190981].pdf(1.3583027381785266)
Testing logNormal[M=-3.6875697393899576 S=9.694417242849486].pdf(1.2443123137865038)
Testing logNormal[M=0.6684500736948715 S=1.6747267449891212].pdf(1.050825229732493)
Testing logNormal[M=-0.740478231477903 S=8.886636115091527].pdf(2.2247129418977556)
Testing logNormal[M=-0.5890532410797658 S=3.453908014184668].pdf(1.7244809150178595)
Testing logNormal[M=2.499091780971309 S=8.918172469796236].pdf(1.1975832398142445)
Testing logNormal[M=-0.2163033589672274 S=3.7544007266019976].pdf(0.7105495312625213)
Testing logNormal[M=-3.077310750530342 S=9.128715734637277].pdf(2.1475828631800575)
Testing logNormal[M=3.1982768705389635 S=1.5409044370913583].pdf(2.1417744535082606)
Testing logNormal[M=1.0012012996072244 S=1.0703797714631391].pdf(0.9864653360809253)
Testing logNormal[M=-0.42549246759968185 S=5.434849135595487].pdf(2.1640418321440027)
Testing logNormal[M=3.7944487440916816 S=4.0957115702653635].pdf(2.051164728085804)
Testing logNormal[M=-2.2909729537207846 S=7.984273265149571].pdf(2.2640384020722286)
Testing logNormal[M=-2.3653990777597125 S=4.196776943344787].pdf(0.9404080761877034)
Testing logNormal[M=-2.5234929259569547 S=6.128037457847062].pdf(1.834440215335586)
Testing logNormal[M=-4.820873543879075 S=7.132326563675605].pdf(2.171534580035731)
Testing logNormal[M=0.3410517872709953 S=5.161738387747283].pdf(2.2430640524811403)
Testing logNormal[M=0.11623774457237968 S=6.0733037249064745].pdf(1.7498418769720103)
Testing logNormal[M=-1.6966150152964685 S=2.53544756224756].pdf(2.2262962884646122)
Testing logNormal[M=-2.6250747924230113 S=7.2813407690642045].pdf(1.0444999677746285)
Testing logNormal[M=-0.01561635544940021 S=5.979848479389344].pdf(1.401643569522965)
Testing logNormal[M=1.7672734081044155 S=1.9797447640201316].pdf(1.6842361206791057)
Testing logNormal[M=-4.461551299079417 S=0.8206967615590111].pdf(1.9531922445189327)
Testing logNormal[M=4.4744844957694365 S=9.392252776374882].pdf(2.1745190519642437)
Testing logNormal[M=4.008431617972782 S=0.02229646090862958].pdf(1.6755688417215397)
Testing logNormal[M=-4.018571408891755 S=3.077833184627629].pdf(1.9986732016600772)
Testing logNormal[M=-0.4689577987571827 S=2.5125747118369004].pdf(1.400804865711486)
Testing logNormal[M=4.794527121745064 S=7.010081310507294].pdf(1.2158830375661782)
Testing logNormal[M=-3.75956052394687 S=1.4527758050032502].pdf(1.9584833886361657)
Testing logNormal[M=-2.5335643698642896 S=2.8505831235621315].pdf(1.086464834902279)
Testing logNormal[M=2.586360708439674 S=8.524612888392632].pdf(0.3535240196740567)
Testing logNormal[M=-4.673259098030772 S=0.3640995692952198].pdf(1.8173882228612568)
Testing logNormal[M=2.7264170621782924 S=5.338210294928455].pdf(0.539472482883893)
Testing logNormal[M=-2.23974486491442 S=8.20709386679751].pdf(0.4306564678942075)
Testing logNormal[M=-3.3838377861858215 S=6.353570884407954].pdf(2.2613341794303294)
Testing logNormal[M=-0.28338704433369255 S=0.2612094478318028].pdf(1.7630256032970173)
Testing logNormal[M=-3.843489513209927 S=3.0860705369182884].pdf(1.1586778462023135)
Testing logNormal[M=-0.38730903972593644 S=8.745839142711105].pdf(2.22804848756552)
Testing logNormal[M=3.324777771491261 S=6.388383991765899].pdf(1.676385893571235)
Testing logNormal[M=4.545233177803272 S=6.321194634801638].pdf(0.3166351496624695)
Testing logNormal[M=1.617172859020613 S=0.137704890158743].pdf(0.9818626211578607)
Testing logNormal[M=-2.1924562365016476 S=7.889080937877441].pdf(1.3243310067112959)
Testing logNormal[M=-2.0543469076745478 S=6.760818566683416].pdf(1.2594474959018744)
Testing logNormal[M=-1.8976500669441174 S=1.5543450056375863].pdf(1.9103623638119427)
Testing logNormal[M=-2.725202541184081 S=3.56003884601603].pdf(2.1259221403206414)
Testing logNormal[M=-0.8155157366232224 S=7.7135403745966595].pdf(2.2816524901949204)
Testing logNormal[M=0.07578123358001321 S=6.812785348880376].pdf(2.0510907126684987)
Testing logNormal[M=-3.070363550482477 S=1.8253268964533476].pdf(0.4107278236377982)
Testing logNormal[M=0.8190807596779504 S=9.981040924502784].pdf(0.825879439418415)
Testing logNormal[M=-0.8620235874974043 S=9.947270596646865].pdf(2.110662160999896)
Testing logNormal[M=0.06303657138214724 S=7.680570441187342].pdf(0.17348337889463858)
Testing logNormal[M=0.6555503016853734 S=7.442874289533501].pdf(0.43589138731279936)
Testing logNormal[M=0.9537982638116649 S=2.460998903880991].pdf(2.108407338513588)
Testing logNormal[M=1.7533062224799565 S=2.387648310017884].pdf(1.603961930319255)
Testing logNormal[M=0.9195806835667222 S=3.5406809839112774].pdf(2.1110638763873864)
Testing logNormal[M=-2.811580988008692 S=6.808052221281883].pdf(0.32248866871973964)
Testing logNormal[M=2.7931987082460816 S=0.07636557867692906].pdf(0.9213608039804636)
Testing logNormal[M=-4.924120591971478 S=7.482765591958121].pdf(2.226076865964296)
Testing logNormal[M=-0.17332846310743744 S=0.27745999186553405].pdf(0.5946674932540793)
Testing logNormal[M=2.2611910648390428 S=4.926979159778648].pdf(1.0262254854389339)
Testing logNormal[M=-4.119729663190544 S=8.464929131845837].pdf(2.295982382480715)
Testing logNormal[M=-4.301533679476392 S=4.725359197017315].pdf(0.2625455210992379)
Testing logNormal[M=4.255331167269867 S=9.704857340159009].pdf(2.027381949161561)
Testing logNormal[M=-4.380260011698511 S=1.912262116031529].pdf(2.1532824931413406)
Testing logNormal[M=-3.657174110626361 S=2.2201273246145306].pdf(1.2199941025589758)
Testing logNormal[M=-2.054094256560637 S=6.615081366060157].pdf(2.1300100282472108)
Testing logNormal[M=3.1500622812093955 S=8.88590581821943].pdf(1.723080108025649)
Testing logNormal[M=2.166211929408364 S=8.466856188572896].pdf(1.346598766864942)
Testing logNormal[M=-1.5490691354030828 S=4.037270091572607].pdf(2.1993868604351885)
Testing logNormal[M=-4.3257523139896055 S=5.699903622001326].pdf(1.5634850765372141)
Testing logNormal[M=0.3380791133806458 S=1.2886874582399976].pdf(1.8614247778925432)
Testing logNormal[M=4.618737595660514 S=8.510174403783].pdf(0.17012471523821443)
Testing logNormal[M=2.455435241622734 S=9.477462818533189].pdf(0.9372933847398053)
Testing logNormal[M=-2.5819783317024725 S=8.814630692611113].pdf(1.8570923708093132)
Testing logNormal[M=-2.564355353734904 S=0.791956857054037].pdf(2.0096781978334524)
Testing logNormal[M=-0.8309279698712917 S=9.936193642470514].pdf(2.029080855322107)
Testing logNormal[M=-3.05328656388832 S=4.4459899400412155].pdf(0.16386608562511223)
Testing logNormal[M=3.365922045802826 S=7.03335888725718].pdf(1.028535350713659)
Testing logNormal[M=-0.28170196072899145 S=6.142979411444928].pdf(0.9600531338538725)
Testing logNormal[M=4.8211471839078754 S=2.4937219941392783].pdf(1.4965430176441075)
Testing logNormal[M=-2.4680332943431504 S=2.189380570833176].pdf(0.8917477040220919)
Testing logNormal[M=0.052838440493666816 S=0.7215127058980342].pdf(1.4444477473820183)
Testing logNormal[M=-1.2995357443495803 S=5.700252188468722].pdf(1.440850593463989)
Testing logNormal[M=-0.293817748085349 S=6.444938498059674].pdf(1.3101950022685818)
Testing logNormal[M=-4.514502071509394 S=1.522157523485319].pdf(1.7666268568074541)
Testing logNormal[M=4.1536858070512235 S=2.780511924833884].pdf(2.298078739750032)
Testing logNormal[M=1.754493984359991 S=9.792004811429038].pdf(2.046697400303986)
Testing logNormal[M=1.819653130509332 S=6.846864566175083].pdf(1.710437645519631)
Testing logNormal[M=4.446126790164234 S=2.2116896493609692].pdf(2.1323851191726275)
Testing logNormal[M=-3.1493782255500724 S=7.156710686510622].pdf(1.8026303389084657)
Testing logNormal[M=3.0672766910048566 S=9.630551894699469].pdf(2.090624570848843)
Testing logNormal[M=1.073056126620548 S=3.0867967865887334].pdf(2.165603485751556)
Testing logNormal[M=4.789211161831544 S=4.722578669208623].pdf(1.5491436370801797)
Testing logNormal[M=0.27373411688723337 S=0.9490695520752823].pdf(1.9083800984361539)
Testing logNormal[M=-4.230674478885145 S=1.5986605425211386].pdf(1.9069417093665249)
Testing logNormal[M=-0.01358597717737453 S=3.7136810233491513].pdf(2.0730653528686447)
Testing logNormal[M=2.8875785700171317 S=6.776982233654373].pdf(1.914552472310523)
Testing logNormal[M=4.489086878441556 S=8.808868644122885].pdf(1.889117427231138)
Testing logNormal[M=-1.6314231327184991 S=7.904957966676224].pdf(0.6945708916091771)
Testing logNormal[M=-1.9631356916733642 S=0.9721056707774112].pdf(0.7573354396274831)
Testing logNormal[M=4.927316796093104 S=4.935617781753806].pdf(1.6539935772572631)
Testing logNormal[M=-1.3815219227886875 S=5.444774478250717].pdf(2.012169597218307)
Testing logNormal[M=-0.18576517032308093 S=2.322465538371108].pdf(0.6469426237206365)
Testing logNormal[M=-3.122892092974159 S=5.1981976515897905].pdf(1.9329288499650734)
Testing logNormal[M=3.9352435821944436 S=3.872499492382573].pdf(2.158270045964538)
Testing logNormal[M=0.9034840949853553 S=7.80137466130438].pdf(1.5846818089701546)
Testing logNormal[M=0.6604670543878228 S=6.904683514660478].pdf(1.7705667664115277)
Testing logNormal[M=-0.09056408961162887 S=6.399280113146761].pdf(1.5410338289020848)
Testing logNormal[M=2.6166442237684464 S=8.745447694978658].pdf(1.7766320460928766)
Testing logNormal[M=3.1966969746518785 S=0.4468744010162795].pdf(1.0992252244342502)
Testing logNormal[M=3.6766771152520032 S=3.31353810987442].pdf(1.9398050528119353)
Testing logNormal[M=-4.711708338328361 S=7.4743470879543175].pdf(1.6562766747068485)
Testing logNormal[M=2.013369509006452 S=3.789473300764686].pdf(0.20478139684965535)
Testing logNormal[M=2.2248175816541673 S=2.5532924553900447].pdf(0.8366693799733144)
Testing logNormal[M=-3.3011757246789983 S=7.842115470889183].pdf(1.8938971978892336)
Testing logNormal[M=-0.5175038853682583 S=8.089529828691852].pdf(0.7392592844036023)
Testing logNormal[M=4.680628568175955 S=7.018188509000776].pdf(0.1464106361052215)
Testing logNormal[M=0.9955771352676557 S=9.33872002534977].pdf(1.5781732731119298)
Testing logNormal[M=-3.399709990297951 S=0.656324907866207].pdf(1.2931696724390855)
Testing logNormal[M=-2.887687566184715 S=9.131519694805139].pdf(1.6679105356386454)
Testing logNormal[M=4.581932055222694 S=1.6248759305650617].pdf(1.4611632614835652)
Testing logNormal[M=2.2100977374314015 S=8.50440807316044].pdf(2.2378866897102214)
Testing logNormal[M=3.853308349716716 S=3.1104698507772888].pdf(1.851468475200136)
Testing logNormal[M=3.84029366513057 S=7.14034326225563].pdf(0.5231409851051873)
Testing logNormal[M=-3.552502712784704 S=8.375149793727386].pdf(0.012891640178147236)
Testing logNormal[M=-3.504730929406792 S=7.29436625399935].pdf(1.1855990765571496)
Testing logNormal[M=3.877035438280771 S=2.1754978759427415].pdf(1.5869092974737167)
Testing logNormal[M=-0.8686648043858449 S=6.346378256656774].pdf(0.8232370088653816)
Testing logNormal[M=1.0218299480237842 S=7.711894939558509].pdf(1.0487241317305713)
Testing logNormal[M=4.379449933310962 S=2.445833280011512].pdf(1.3074009467902945)
Testing logNormal[M=-3.0362907526915848 S=9.290707760126692].pdf(1.8217183331993159)
Testing logNormal[M=0.05945997420743865 S=8.173918642711454].pdf(2.127980110832395)
Testing logNormal[M=-0.4290133589458476 S=7.351726887958384].pdf(1.197952610996103)
Testing logNormal[M=-3.1945520637143066 S=2.258676964552715].pdf(1.550507711026942)
Testing logNormal[M=-4.602175291278808 S=4.473559114888197].pdf(1.7858983803630601)
Testing logNormal[M=0.7337247455454836 S=4.706022516068683].pdf(0.8469079469289993)
Testing logNormal[M=-0.5052811383228297 S=3.603796485081147].pdf(2.2924432224531035)
Testing logNormal[M=3.25165408748356 S=2.792061303048039].pdf(1.9856313411305986)
Testing logNormal[M=1.7201413916141703 S=0.009974702017496728].pdf(2.293556932540027)
Testing logNormal[M=2.825171361893851 S=7.466464391173645].pdf(2.04204060275224)
Testing logNormal[M=3.2269974174995344 S=8.533999302565688].pdf(2.0058823913627295)
Testing logNormal[M=-3.5812879077375994 S=9.388757994140539].pdf(2.2860893480740416)
Testing logNormal[M=-3.8233386163208847 S=0.21071152268985482].pdf(2.2955289225240403)
Testing logNormal[M=-2.7183035691142154 S=8.935940634074523].pdf(2.28494683141239)
Testing logNormal[M=-0.35123805901809035 S=4.566220504063226].pdf(1.4683521475060632)
Testing logNormal[M=-1.6564313133708843 S=6.321550538830303].pdf(1.1099902443208245)
Testing logNormal[M=1.6537631345320705 S=4.379410722501534].pdf(1.6724257682764294)
Testing logNormal[M=0.8039856866736281 S=8.052520037909304].pdf(1.201387449945986)
Testing logNormal[M=-2.453686209361401 S=1.4705988176991358].pdf(0.3428503622103834)
Testing logNormal[M=1.440439729233156 S=7.710192648074084].pdf(0.5317680816389146)
Testing logNormal[M=-3.33098889825004 S=0.1090435336599338].pdf(2.042510215716908)
Testing logNormal[M=1.054258309374899 S=9.997936026306405].pdf(1.7620852928346264)
Testing logNormal[M=-0.9954367367294061 S=3.6643166918240464].pdf(2.1462696128552694)
Testing logNormal[M=0.3518547779342205 S=4.551570868474081].pdf(1.7581107938889553)
Testing logNormal[M=4.640588622835791 S=2.6252925538090324].pdf(1.8498089579017087)
Testing logNormal[M=-0.16577488567405396 S=8.911706732150686].pdf(1.5671791893933629)
Testing logNormal[M=0.804550065980588 S=2.1470064427874758].pdf(2.1118592538351137)
Testing logNormal[M=3.7129388435339 S=4.592396567890814].pdf(1.254686116573967)
Testing logNormal[M=0.4217540746733075 S=9.147941111310054].pdf(2.276165110332161)
Testing logNormal[M=3.110069870394037 S=7.225887930234932].pdf(1.7031991636310102)
Testing logNormal[M=0.3060178701495575 S=0.972694897858799].pdf(2.032194616041397)
Testing logNormal[M=-4.915629050610965 S=6.6402671192921385].pdf(0.30350799424381714)
Testing logNormal[M=-3.8287879777325493 S=7.123402285678321].pdf(0.7526526366256744)
Testing logNormal[M=1.8520570868062283 S=5.534864553164601].pdf(1.9463229361420742)
Testing logNormal[M=2.2466112431605456 S=2.864941083779674].pdf(2.1267768277318893)
Testing logNormal[M=-0.5560441855767788 S=6.003524710391711].pdf(1.8476126280177718)
Testing logNormal[M=-0.8729626693340498 S=4.884387918186991].pdf(0.7495698205597772)
Testing logNormal[M=3.83715599670699 S=7.778437184657344].pdf(0.8070876908867175)
Testing logNormal[M=-4.824938638011881 S=0.8629418866398975].pdf(1.5271702580940905)
Testing logNormal[M=-3.0540501568915412 S=6.852318929102768].pdf(2.2310718917135848)
Testing logNormal[M=0.2920112074771275 S=5.974655773245818].pdf(0.3672344729512555)
Testing logNormal[M=3.620991656599715 S=6.941750746861096].pdf(2.217509099526431)
Testing logNormal[M=-2.7880080393751596 S=4.773681915716226].pdf(1.7122280537193224)
Testing logNormal[M=-1.1871820588264912 S=8.462219495353601].pdf(0.3083396854759869)
Testing logNormal[M=-0.689887431964368 S=0.15962170131533338].pdf(1.994650648118249)
Testing logNormal[M=4.868674733377301 S=4.950997035369102].pdf(0.9754406088513634)
Testing logNormal[M=-0.0272769984587784 S=3.8705364538373765].pdf(1.9456715173882442)
Testing logNormal[M=-2.6397666681327 S=6.99179319893218].pdf(1.6453462665811531)
Testing logNormal[M=-4.715512587941102 S=8.556443902762599].pdf(1.947586144791639)
Testing logNormal[M=-3.831785482600117 S=9.826075534485893].pdf(1.8663900299429357)
Testing logNormal[M=4.3035384932980065 S=1.8268316640380777].pdf(1.7119004810567475)
Testing logNormal[M=-2.505463159265595 S=9.553355503646616].pdf(1.2812638008395423)
Testing logNormal[M=2.713812472250204 S=4.519189367997378].pdf(0.8818327557211348)
Testing logNormal[M=-1.0435641745959403 S=4.837226685152812].pdf(0.9630501741659196)
Testing logNormal[M=3.0001004509010887 S=9.29978139598505].pdf(1.899288398358757)
Testing logNormal[M=-3.0821269805871196 S=6.066981741559051].pdf(1.9486721154794462)
Testing logNormal[M=-4.509346020835865 S=6.784458868158731].pdf(1.62965048993827)
Testing logNormal[M=-3.907450742140681 S=7.940019911065534].pdf(1.3233097466827717)
Testing logNormal[M=-4.316929619122715 S=3.795844723402151].pdf(1.9200709601048318)
Testing logNormal[M=-2.2875727889203623 S=8.21501977391771].pdf(0.7974953442128393)
Testing logNormal[M=4.6114325491998365 S=8.072259530158911].pdf(0.30714890853431265)
Testing logNormal[M=-0.029255024722532497 S=5.935345987790881].pdf(1.6273307258124157)
Testing logNormal[M=-4.145036766303162 S=7.1284805791670225].pdf(0.6771393847958359)
Testing logNormal[M=4.998125055218919 S=1.5536070926906564].pdf(0.7610406409621194)
Testing logNormal[M=-2.1754568488014647 S=3.915803102906229].pdf(0.9046981330146946)
Testing logNormal[M=-1.7370124341890758 S=8.166394785963456].pdf(2.00559151433991)
Testing logNormal[M=0.537999432769654 S=2.2221187848214505].pdf(1.9461862854432066)
Testing logNormal[M=-4.526897765184734 S=0.534407228685706].pdf(2.2550148935461984)
Testing logNormal[M=0.5594266463777746 S=1.8609551521634826].pdf(1.4501063131607288)
Testing logNormal[M=3.587912123507502 S=2.5590079711955194].pdf(1.5619856432598858)
Testing logNormal[M=-4.829106876061109 S=0.03389997032595793].pdf(1.056959138347859)
Testing logNormal[M=-4.879207687656418 S=0.34768124295110114].pdf(2.060220461104071)
Testing logNormal[M=-1.580564007318479 S=8.798299918750335].pdf(2.085877001280493)
Testing logNormal[M=3.619180971073776 S=7.209999979376286].pdf(0.5733604416729376)
Testing logNormal[M=0.7241684923219482 S=3.3294762345353526].pdf(1.921502725951803)
Testing logNormal[M=-2.3931996251409924 S=7.362988612711979].pdf(1.8527046397681517)
Testing logNormal[M=3.5889955424880355 S=4.641523577013146].pdf(0.17473972086249537)
Testing logNormal[M=4.786015682791444 S=9.158301136369358].pdf(0.5389525632141592)
Testing logNormal[M=1.454100421765995 S=1.2908779279834393].pdf(1.439913268839132)
Testing logNormal[M=2.17361531636585 S=1.9013329715856586].pdf(2.1317696411113145)
Testing logNormal[M=-2.1338588775492395 S=4.180061630712792].pdf(1.5419328254142397)
Testing logNormal[M=0.7361362250699912 S=6.379473627958213].pdf(0.9210227728632548)
Testing logNormal[M=2.26962770335311 S=2.0999238215687113].pdf(1.9740068797154455)
Testing logNormal[M=-3.166525598210036 S=1.690506380344381].pdf(1.1552767054796973)
Testing logNormal[M=2.3668230963448096 S=5.385198979287663].pdf(1.3066531596709663)
Testing logNormal[M=-1.4490129291820808 S=4.865278779439363].pdf(2.262733004109911)
Testing logNormal[M=-1.0586696969127516 S=8.788461193311232].pdf(2.176832827342956)
Testing logNormal[M=-4.170662813134558 S=8.38234566936207].pdf(0.040636667187221844)
Testing logNormal[M=4.725948043957914 S=2.855904743335663].pdf(0.6288912232130617)
Testing logNormal[M=-3.245616267250818 S=0.39584052518550683].pdf(0.7360448315960245)
Testing logNormal[M=-3.516156323234675 S=3.548322550374282].pdf(1.019575311846736)
Testing logNormal[M=-0.1394600756427593 S=3.032667944021592].pdf(0.47326853074392394)
Testing logNormal[M=3.1166260000852155 S=7.164657010148291].pdf(1.1668670211677905)
Testing logNormal[M=3.1150866967008533 S=6.709063435492809].pdf(2.2228236083478308)
Testing logNormal[M=0.6530281370972197 S=5.846371442445335].pdf(1.287339886637093)
Testing logNormal[M=4.720917483626566 S=6.016427942704475].pdf(1.4296589134371476)
Testing logNormal[M=-1.4846074885969385 S=8.707135733423952].pdf(1.4837516409318998)
Testing logNormal[M=0.17082371048682 S=5.388056304913943].pdf(1.416842766679303)
Testing logNormal[M=3.775185291129141 S=7.905582925439645].pdf(1.469103538349361)
Testing logNormal[M=2.9559234994946557 S=7.060431797590761].pdf(2.2366621606293644)
Testing logNormal[M=3.639899352191918 S=5.542831440682322].pdf(2.1456264187272662)
Testing logNormal[M=-2.8960957493081296 S=9.730352650220448].pdf(1.7787600996274728)
Testing logNormal[M=-3.758641686464097 S=5.825409190857528].pdf(2.228898998256754)
Testing logNormal[M=-4.326842491465576 S=4.838397385294032].pdf(1.4324030048378356)
Testing logNormal[M=4.129776061017994 S=6.2869537317056245].pdf(1.431297505035162)
Testing logNormal[M=4.157154179548096 S=9.675028047735193].pdf(2.028690643142488)
Testing logNormal[M=3.601655352341325 S=3.6025896457937456].pdf(2.185217684849181)
Testing logNormal[M=4.71848838475861 S=2.7423885715671403].pdf(1.0577564019898906)
Testing logNormal[M=-0.4851903431617135 S=0.9154819674894821].pdf(1.3549243303966991)
Testing logNormal[M=-4.115187291406298 S=6.531966272313113].pdf(0.7335450776214515)
Testing logNormal[M=-3.7825471527765564 S=0.7750663616937026].pdf(1.4884778676474202)
Testing logNormal[M=-3.554197448999281 S=9.212070857513156].pdf(0.2815467744319337)
Testing logNormal[M=4.480773798852308 S=3.3421462275254354].pdf(1.8330453923182797)
Testing logNormal[M=-0.1991148876959432 S=6.264747425909178].pdf(2.052079964301261)
Testing logNormal[M=-3.066542470220149 S=4.801941276110796].pdf(2.240888572732269)
Testing logNormal[M=-4.573803175621075 S=6.948845148460395].pdf(1.9200311560875176)
Testing logNormal[M=-3.5334181810845644 S=0.608908915918871].pdf(1.1394803282996926)
Testing logNormal[M=-2.387689043824536 S=8.424048577736857].pdf(1.478171171315552)
Testing logNormal[M=0.5555991385325223 S=6.902688261840131].pdf(2.297114186683163)
Testing logNormal[M=-2.6462613201836183 S=0.4917009656062643].pdf(1.5390625174700316)
Testing logNormal[M=-4.132231343395767 S=4.4565857108212175].pdf(1.192827780592622)
Testing logNormal[M=-2.9893509696863285 S=4.3446120517999365].pdf(2.195996588753292)
Testing logNormal[M=2.6703984401630727 S=8.222229127629314].pdf(1.884336492930664)
Testing logNormal[M=-4.490146939163609 S=3.972487302160379].pdf(2.1156730983699834)
Testing logNormal[M=1.3240401803957447 S=1.7779638462243563].pdf(1.5655379500586053)
Testing logNormal[M=3.0357247139665127 S=7.1372230518454325].pdf(1.16965168831455)
Testing logNormal[M=-3.8277920947744337 S=9.670646338161932].pdf(1.056269209112982)
Testing logNormal[M=-4.796687992565988 S=9.102218698510029].pdf(0.8154455851363231)
Testing logNormal[M=0.21811248018719276 S=2.9172523024970696].pdf(0.11335167041192283)
Testing logNormal[M=3.145526840255892 S=9.57606687263649].pdf(1.9039975803194333)
Testing logNormal[M=2.842115356991223 S=0.11524398340778341].pdf(0.846077842685776)
Testing logNormal[M=2.9185513559091554 S=9.540582019793575].pdf(1.377862386943083)
Testing logNormal[M=4.1396805354934845 S=8.985035825162235].pdf(2.0632385177192996)
Testing logNormal[M=-2.211581669364789 S=6.888686579924262].pdf(1.3465416984374132)
Testing logNormal[M=3.0057573457349847 S=3.4303194594079955].pdf(1.746651830556677)
Testing logNormal[M=0.7274316119483508 S=3.1463377371516046].pdf(2.0407908873971117)
Testing logNormal[M=-1.9165640382342164 S=8.050106996016886].pdf(2.2472049785981505)
Testing logNormal[M=-3.1064969307786097 S=8.97133239385323].pdf(1.74589868052227)
Testing logNormal[M=-1.898714738419549 S=4.962833901932098].pdf(0.3289590340970693)
Testing logNormal[M=-1.798782966484712 S=4.591798590810313].pdf(1.5758297810927355)
Testing logNormal[M=-0.7884339311027428 S=1.476081459030918].pdf(2.0877140979928073)
Testing logNormal[M=1.7273486144414738 S=8.786198612725224].pdf(2.140473204614488)
Testing logNormal[M=3.6270084979486636 S=3.1840263163084783].pdf(1.700360048500499)
Testing logNormal[M=0.16179062419093526 S=3.05048923510574].pdf(0.5367292598891388)
Testing logNormal[M=1.3812174896804494 S=3.5886577228045633].pdf(2.202991047780367)
Testing logNormal[M=-1.6614783144963052 S=1.5805003909006343].pdf(0.8341303420547681)
Testing logNormal[M=3.275352507370414 S=3.1482562904058153].pdf(0.8716270328568575)
Testing logNormal[M=-0.03873094476301109 S=7.760538740973563].pdf(2.062534897017208)
Testing logNormal[M=3.004259347204062 S=7.308617480369342].pdf(2.18640811597101)
Testing logNormal[M=4.0155347540365725 S=1.7022187088959784].pdf(0.18285641745549552)
Testing logNormal[M=0.2299788966986025 S=0.7033169401068262].pdf(1.8240748659900095)
Testing logNormal[M=2.2958737571150314 S=6.263822286700834].pdf(1.2471857766009036)
Testing logNormal[M=-1.7431137647542605 S=5.905094591969814].pdf(1.4751046912914656)
Testing logNormal[M=0.34243829539115467 S=5.377083034905528].pdf(1.876110516016794)
Testing logNormal[M=3.4856176423524747 S=2.8946218644610267].pdf(1.5070752944808565)
Testing logNormal[M=0.29318649542800923 S=4.2007696244161306].pdf(1.543210767617079)
Testing logNormal[M=4.09740562763665 S=2.3389286548188615].pdf(1.4941418142821272)
Testing logNormal[M=-0.5383759835951887 S=3.6361897466837867].pdf(1.9737373348049536)
Testing logNormal[M=1.532445612885124 S=0.1047310784490263].pdf(1.9259411425718915)
Testing logNormal[M=-3.515098272158247 S=1.9052946818273797].pdf(2.2808874769713787)
Testing logNormal[M=3.5286338213983264 S=1.0073619898243824].pdf(1.776227435658173)
Testing logNormal[M=-4.390840849048628 S=3.2770171078665067].pdf(1.7661553507040513)
Testing logNormal[M=-3.7085117364505993 S=4.594313119464227].pdf(0.6348318140043493)
Testing logNormal[M=-4.809225585934977 S=0.21239305571585265].pdf(2.2466661356129274)
Testing logNormal[M=-4.787221695710412 S=6.55552602978433].pdf(2.2349033666922242)
Testing logNormal[M=0.1527263281630189 S=9.150211694963314].pdf(2.048249666313009)
Testing logNormal[M=1.358465230992314 S=9.3891136689125].pdf(1.6561752278261954)
Testing logNormal[M=-1.5429243628206635 S=1.805771814826741].pdf(1.8714262225554728)
Testing logNormal[M=3.575674588115227 S=1.408248422462125].pdf(2.0405898257198603)
Testing logNormal[M=-4.0935057082975055 S=9.396776780914568].pdf(0.5446383232492643)
Testing logNormal[M=-2.9541225103344013 S=6.70236043784919].pdf(1.0043406489819053)
Testing logNormal[M=2.842063557947273 S=4.479669993729577].pdf(1.6988331855334804)
Testing logNormal[M=1.0004751591103176 S=8.151034323259266].pdf(0.2367783074513837)
Testing logNormal[M=3.055522356491023 S=6.140008767505383].pdf(1.541570008330199)
Testing logNormal[M=3.547224059557566 S=8.726743128237551].pdf(2.2070438198449445)
Testing logNormal[M=-3.7438689116405257 S=9.896029541394247].pdf(1.536758615648545)
Testing logNormal[M=1.5072242364889963 S=8.976858956310352].pdf(2.0372671738345547)
Testing logNormal[M=3.247936088264442 S=4.906819312467011].pdf(1.543810735758518)
Testing logNormal[M=-1.6960183892728606 S=9.584585284857152].pdf(2.021941931848768)
Testing logNormal[M=-0.64459299650819 S=9.544383327971854].pdf(2.2002161481457123)
Testing logNormal[M=3.9484396041827736 S=2.8441843220101894].pdf(1.9584694292722935)
Testing logNormal[M=-0.23000425576541694 S=8.34362699656296].pdf(2.0931027118743777)
Testing logNormal[M=-0.08103134999029393 S=0.3607494816036816].pdf(2.1237907962618765)
Testing logNormal[M=1.862587881915827 S=6.712449359289176].pdf(1.9040599051145206)
Testing logNormal[M=3.934029086240411 S=1.9854119952997962].pdf(1.2999234999479985)
Testing logNormal[M=-1.1277897439477744 S=4.254231876837446].pdf(1.937449532667209)
Testing logNormal[M=-1.1350142592954282 S=4.470171933164964].pdf(1.9745956742361555)
Testing logNormal[M=-1.0479360540806528 S=4.046793968756644].pdf(2.2333134876848506)
Testing logNormal[M=-2.0945924996931122 S=2.605300123202152].pdf(1.790715287999512)
Testing logNormal[M=3.580850987277321 S=3.6120965269140157].pdf(1.360593392711131)
Testing logNormal[M=-4.938210258342195 S=4.511229032958658].pdf(2.0418745796311324)
Testing logNormal[M=4.99304627819113 S=7.465750346283006].pdf(1.9792395291371636)
Testing logNormal[M=0.8039335226214215 S=7.52722131278302].pdf(2.3011644607398507)
Testing logNormal[M=2.685695815835344 S=9.908954698702367].pdf(1.252136497763368)
Testing logNormal[M=4.692572956602186 S=3.568263773292406].pdf(1.8723987961165034)
Testing logNormal[M=2.1886743155552395 S=3.0186718619607635].pdf(2.2104924490011775)
Testing logNormal[M=-2.7839018703528726 S=7.9520353287139525].pdf(2.019417478552664)
Testing logNormal[M=-4.549443571718998 S=4.543865810964759].pdf(2.202750157883392)
Testing logNormal[M=-1.5871288496082983 S=5.117163437843976].pdf(2.1094160705328093)
Testing logNormal[M=-0.7348989172655962 S=8.04073567923835].pdf(1.4266454556359258)
Testing logNormal[M=-2.2443383326840847 S=2.9289529177073046].pdf(2.1106425834248435)
Testing logNormal[M=0.45127833712667886 S=9.820991639052757].pdf(0.18903058324926814)
Testing logNormal[M=3.341097960747634 S=6.366085580397053].pdf(1.3363673186004348)
Testing logNormal[M=-1.187743240189084 S=4.053972767325367].pdf(1.6070057153455435)
Testing logNormal[M=2.350675236730658 S=0.6869191011250375].pdf(0.13319849793769817)
Testing logNormal[M=-2.6645072255447646 S=1.1840585779814972].pdf(2.296281030467564)
Testing logNormal[M=-3.2800325371440007 S=0.013558761147692833].pdf(2.1113503561426508)
Testing logNormal[M=1.216568374435802 S=1.1595499335226267].pdf(2.1891143261629584)
Testing logNormal[M=-3.584263173253345 S=5.782544975170798].pdf(1.2416062130674326)
Testing logNormal[M=-1.10445763060505 S=3.74587045468602].pdf(1.2582975002670824)
Testing logNormal[M=3.3093223510708363 S=5.554942374118898].pdf(2.2926523916143764)
Testing logNormal[M=-2.0766760343227575 S=8.699198302258319].pdf(0.2438377870048709)
Testing logNormal[M=-1.1148737724791213 S=2.682785178642736].pdf(1.5383294973213646)
Testing logNormal[M=-3.861487575610114 S=0.7369945899202257].pdf(2.027490424831256)
Testing logNormal[M=-4.881519074888846 S=3.1688449360908564].pdf(1.6719093914025884)
Testing logNormal[M=3.771475668795052 S=5.6263885165667755].pdf(1.5832618966850882)
Testing logNormal[M=4.840127807050381 S=8.993562784145134].pdf(1.5525903410402404)
Testing logNormal[M=4.6436926972601675 S=8.713075759817341].pdf(0.6451940446376806)
Testing logNormal[M=-1.4539148308915628 S=6.263797971001348].pdf(1.4035738639543)
Testing logNormal[M=-2.785224571834294 S=2.280857596668302].pdf(2.2067657876691213)
Testing logNormal[M=-4.564637134284109 S=8.870573035258063].pdf(1.7705982845786234)
Testing logNormal[M=-0.2914240255907501 S=8.283702705996824].pdf(2.245078890317931)
Testing logNormal[M=4.791195992076995 S=6.3473268523528725].pdf(1.4672241252246159)
Testing logNormal[M=0.4144088456438544 S=0.7911473871470365].pdf(1.7123740227348083)
Testing logNormal[M=-3.292968488178034 S=1.910002971108531].pdf(0.6050039433957966)
Testing logNormal[M=-4.913986276677088 S=2.9435969048922086].pdf(2.15626745658128)
Testing logNormal[M=-0.2849361104475463 S=5.853864577396198].pdf(1.7751405251189336)
Testing logNormal[M=1.87331377657019 S=3.759057356295389].pdf(2.2859781351778587)
Testing logNormal[M=4.321825359338456 S=7.3284198555528945].pdf(1.5651715194146585)
Testing logNormal[M=1.3579133665056276 S=7.917175449299004].pdf(1.6738825291625077)
Testing logNormal[M=4.209934319170145 S=1.0944155361401675].pdf(0.5572739372322626)
Testing logNormal[M=3.7435558605264845 S=3.2641548397254008].pdf(0.6674441141689501)
Testing logNormal[M=1.844231912844215 S=0.8911064665287327].pdf(1.5736736756224492)
Testing logNormal[M=3.6806553080699054 S=0.7105911480320282].pdf(1.759941164217817)
Testing logNormal[M=1.5722908254763244 S=6.5797817187086425].pdf(1.7853007634988722)
Testing logNormal[M=2.792382647958023 S=7.424408975680602].pdf(0.7565019873069679)
Testing logNormal[M=-1.862704341792968 S=7.292107481070565].pdf(1.386957901783726)
Testing logNormal[M=0.88173607311104 S=8.748618029429998].pdf(1.3738900683522899)
Testing logNormal[M=1.627188057227313 S=3.2062971945957717].pdf(1.7813965673960563)
Testing logNormal[M=4.763078154548296 S=9.674473468609259].pdf(1.4627782514534005)
Testing logNormal[M=-2.715580061499381 S=5.241731000769683].pdf(0.6365988147984729)
Testing logNormal[M=4.17532218148593 S=3.7614661611408184].pdf(2.1981464895655254)
Testing logNormal[M=-2.081977886036488 S=7.323468934547849].pdf(2.09310876378463)
Testing logNormal[M=1.7979164641087806 S=6.305291959410761].pdf(1.4553319577422714)
Testing logNormal[M=-2.9057927006152395 S=6.18540942386535].pdf(1.4593561801095938)
Testing logNormal[M=1.2451287543411311 S=9.691832989496275].pdf(0.23831860921910775)
Testing logNormal[M=4.879724945123433 S=3.181522112658588].pdf(0.5442746860954827)
Testing logNormal[M=4.160463370319697 S=8.442553188657445].pdf(2.18965610414846)
Testing logNormal[M=0.9183942599703769 S=2.320616244961414].pdf(0.18805462497086814)
Testing logNormal[M=0.3014846399369375 S=5.4698507638150184].pdf(2.271066241498245)
Testing logNormal[M=-0.660093944280252 S=1.0558033046895332].pdf(1.4059533925467058)
Testing logNormal[M=3.1846431717084727 S=8.75660462638585].pdf(1.153449278949811)
Testing logNormal[M=-4.103897032286362 S=4.877429368982352].pdf(2.1801635203303857)
Testing logNormal[M=-2.181064308992667 S=3.2243251774311443].pdf(1.8693835149032245)
Testing logNormal[M=-1.5657316696899048 S=9.384787562475513].pdf(1.0394681919138118)
Testing logNormal[M=0.7248802588966106 S=6.46682263174942].pdf(2.2182872768665187)
Testing logNormal[M=-3.1085022063151166 S=4.893246530212547].pdf(2.0403539794265013)
Testing logNormal[M=-0.16947434298221253 S=3.0477915804871736].pdf(1.5461907893215274)
Testing logNormal[M=-2.0120526394377105 S=3.9041490190315873].pdf(2.032542349295199)
Testing logNormal[M=-1.3679325229129171 S=7.210431863401313].pdf(0.7962408911159382)
Testing logNormal[M=-2.3730745761365393 S=6.140894931525581].pdf(2.1395075512110444)
Testing logNormal[M=3.991642777513995 S=2.9918429496195897].pdf(1.8123580409541908)
Testing logNormal[M=-0.9881290582155264 S=2.394009820709506].pdf(1.2613755724342324)
Testing logNormal[M=0.2657609832842702 S=5.102664364110051].pdf(2.1717428601649402)
Testing logNormal[M=-1.839881724210477 S=1.2742516358606626].pdf(0.8768847447041044)
Testing logNormal[M=-3.3811881066615834 S=3.452484792514311].pdf(2.062939052418376)
Testing logNormal[M=1.1357220876820184 S=6.34332580928036].pdf(1.496145001702782)
Testing logNormal[M=-1.432230963264752 S=7.992087630736675].pdf(2.2942839310068783)
Testing logNormal[M=-2.4880123275803046 S=4.984851451654677].pdf(1.5230912068286435)
Testing logNormal[M=-1.5605507196337411 S=7.796763332553079].pdf(1.3430428051848442)
Testing logNormal[M=3.248028755523247 S=5.663211687644027].pdf(2.1781742458162765)
Testing logNormal[M=-2.508786440344941 S=2.80138951580449].pdf(2.2386458970765126)
Testing logNormal[M=-2.049901481025721 S=5.69975986138913].pdf(1.7884491819489812)
Testing logNormal[M=0.8903416863245859 S=5.999089514195699].pdf(2.2103491689866566)
Testing logNormal[M=-1.5658041888231677 S=5.119489823886999].pdf(1.843152705583572)
Testing logNormal[M=4.2150103631992355 S=9.672982543974054].pdf(1.7370110332938515)
Testing logNormal[M=-2.5036125785811425 S=5.5472712091512815].pdf(1.6035198775015018)
Testing logNormal[M=-0.21554260735045538 S=2.357054371623338].pdf(2.015939540471133)
Testing logNormal[M=1.6355722774150756 S=2.82675296821734].pdf(0.896158774553828)
Testing logNormal[M=0.9405519348846596 S=5.291000161708345].pdf(1.8559976767441146)
Testing logNormal[M=2.9505576527310584 S=2.5792903295625536].pdf(1.7200091944157265)
Testing logNormal[M=4.999130452384975 S=7.829138723153002].pdf(1.5975831033657641)
Testing logNormal[M=-1.0366791861001667 S=9.112164740043328].pdf(1.991725050502279)
Testing logNormal[M=0.04674261295369053 S=3.6994938236592834].pdf(1.5954261724389294)
Testing logNormal[M=-4.11374784101929 S=4.49304729040223].pdf(2.1980756415857763)
Testing logNormal[M=-2.4927411721492208 S=7.893047752810599].pdf(1.8220140307716322)
Testing logNormal[M=2.2819618403235538 S=1.6888630262300075].pdf(0.5433915793516076)
Testing logNormal[M=-2.556765128286711 S=3.2935229269615753].pdf(1.8870942680126654)
Testing logNormal[M=-3.8230654399131216 S=2.5878177738001886].pdf(1.9181939916917268)
Testing logNormal[M=-1.9817285717100663 S=6.888835029024246].pdf(0.5684859439741682)
Testing logNormal[M=4.075059795529093 S=3.4637423743935027].pdf(1.3864403248491377)
Testing logNormal[M=4.637889075541327 S=6.620888104580253].pdf(0.6342287660010991)
Testing logNormal[M=2.6769879629570443 S=7.35126894290976].pdf(1.633362006314212)
Testing logNormal[M=3.832718459263237 S=2.4943129019756305].pdf(2.050811923836255)
Testing logNormal[M=-1.1679704949697123 S=3.2194627447904067].pdf(2.1418253680874275)
Testing logNormal[M=2.4988901433151813 S=2.0826609983524147].pdf(2.0679417741805977)
Testing logNormal[M=2.330504342304219 S=7.282107643838431].pdf(2.1902428100022657)
Testing logNormal[M=-0.7427868904560118 S=2.346921637418442].pdf(0.013873588004634993)
Testing logNormal[M=-3.036364744298541 S=3.9863368973674715].pdf(0.38710886395484806)
Testing logNormal[M=3.279244743093505 S=1.3864524711800241].pdf(1.3385308548801647)
Testing logNormal[M=-1.0973152833655009 S=6.2608814010961735].pdf(1.8821275680349825)
Testing logNormal[M=-3.35870220029578 S=1.6902839921839252].pdf(1.7090108283290923)
Testing logNormal[M=3.848827485508311 S=8.635255080090062].pdf(1.6470167119008088)
Testing logNormal[M=-4.935996771687623 S=4.5276399589394645].pdf(1.4645569738068442)
Testing logNormal[M=-0.5009399712922988 S=5.15507559106681].pdf(1.6399270158612762)
Testing logNormal[M=-4.404456388637565 S=3.1735783134182336].pdf(1.9053836876411572)
Testing logNormal[M=-3.0586786906701313 S=4.476768063624266].pdf(2.275475065890984)
Testing logNormal[M=0.296036203770079 S=1.8497503821171313].pdf(1.4224739693632282)
Testing logNormal[M=3.7043383763010045 S=5.06098991904863].pdf(1.8149202840839467)
Testing logNormal[M=-0.9442801760260355 S=5.969308999574191].pdf(2.2532217543085937)
Testing logNormal[M=1.1214376602556992 S=2.9239305328565846].pdf(1.9767326337632005)
Testing logNormal[M=-0.40771942020722296 S=9.78617097833088].pdf(2.1535975576659627)
Testing logNormal[M=-0.13360723318879852 S=1.827731057918297].pdf(1.70988360737525)
Testing logNormal[M=-1.663391536403699 S=0.6278393285454742].pdf(1.2541774712318454)
Testing logNormal[M=-2.6546041374873974 S=5.355749068974322].pdf(1.7537938614414175)
Testing logNormal[M=-2.3971079721936848 S=2.766941811538348].pdf(2.124021936501937)
Testing logNormal[M=1.7952357658655789 S=6.970257646407312].pdf(1.4957529903961115)
Testing logNormal[M=3.415445724142055 S=9.561133872475782].pdf(0.6159115200711199)
Testing logNormal[M=-4.667306638073791 S=9.868412848291].pdf(0.8369648432476385)
Testing logNormal[M=-3.9729975229546133 S=9.4735448844474].pdf(1.5350452319655865)
Testing logNormal[M=2.9200567962015933 S=1.8446546307117262].pdf(0.8715055967786673)
Testing logNormal[M=2.682551450764371 S=5.747648207879705].pdf(0.6934963826718391)
Testing logNormal[M=-4.748655483272438 S=2.510563906066973].pdf(0.18073779992626854)
Testing logNormal[M=-4.968971639496714 S=1.4874048537018758].pdf(1.4959288969444966)
Testing logNormal[M=-3.0491766053702274 S=1.411748851500586].pdf(2.027087194572119)
Testing logNormal[M=-4.493927518061601 S=7.857574527028051].pdf(1.5056979817834777)
Testing logNormal[M=-1.9352863012493717 S=6.553473259436374].pdf(2.170560141232455)
Testing logNormal[M=-1.3773381783223226 S=7.827782881495881].pdf(1.446670636477592)
Testing logNormal[M=0.6391197415596785 S=2.2208909025461643].pdf(2.298810266210377)
Testing logNormal[M=2.093418864211251 S=3.1312850606296108].pdf(1.071901415581692)
Testing logNormal[M=2.625044475437175 S=0.14819946830742503].pdf(0.8814806832367225)
Testing logNormal[M=-2.1070944999301258 S=7.212554489035434].pdf(1.7398433257173702)
Testing logNormal[M=-3.5876632788721583 S=4.644066089903328].pdf(2.1880494811832283)
Testing logNormal[M=2.3979960057946714 S=3.658501211232481].pdf(0.20326939622589923)
Testing logNormal[M=3.525457782846251 S=8.884928225783879].pdf(1.7373399061938277)
Testing logNormal[M=0.9234231443448717 S=8.935239371951598].pdf(1.0629915455210606)
Testing logNormal[M=4.257391914983453 S=4.248149700535477].pdf(0.7287300055077068)
Testing logNormal[M=-4.640244681648117 S=3.609625544819761].pdf(1.412548840420721)
Testing logNormal[M=0.26718514628250567 S=9.417749704733936].pdf(0.9117253451918841)
Testing logNormal[M=-2.8043374940572963 S=9.69480619639901].pdf(2.2406456354363025)
Testing logNormal[M=-2.4591945662271764 S=3.1227230091877454].pdf(0.9983678525292747)
Testing logNormal[M=-0.18175726408522141 S=6.3098078955760375].pdf(1.995000175344477)
Testing logNormal[M=4.387571281142172 S=8.5820786765159].pdf(2.156784836410143)
Testing logNormal[M=3.1231714428281325 S=7.334875760561034].pdf(1.6064276768641397)
Testing logNormal[M=0.967758492069831 S=2.3113330669627254].pdf(2.293058284616184)
Testing logNormal[M=2.8879420125000586 S=3.405887739272231].pdf(0.7932992301914786)
Testing logNormal[M=-0.42095972759911326 S=4.884236457508018].pdf(2.0500175822864004)
Testing logNormal[M=1.9111252220228527 S=3.008875250651535].pdf(0.03715770927497865)
Testing logNormal[M=4.982083317261575 S=6.167671405530707].pdf(2.1761968554978703)
Testing logNormal[M=1.9216471956943852 S=3.595534989455149].pdf(1.4457432674180355)
Testing logNormal[M=4.617453103658571 S=2.8584059227908054].pdf(2.2741928328819405)
Testing logNormal[M=1.3685901290338665 S=6.532537123350033].pdf(2.0827747122194005)
Testing logNormal[M=2.5240154680049187 S=6.496958308249827].pdf(1.9449346009323758)
Testing logNormal[M=-3.5977175595974686 S=9.607788250714032].pdf(2.2511517166115866)
Testing logNormal[M=-0.0880537733482818 S=8.402160845689849].pdf(1.488597154915978)
Testing logNormal[M=-2.9480163671245005 S=3.388345089612419].pdf(2.081096689302175)
Testing logNormal[M=-3.6785094505026814 S=6.278953511462899].pdf(2.1861023159505812)
Testing logNormal[M=3.187997102290902 S=4.9404296545790425].pdf(1.2332986688911345)
Testing logNormal[M=0.5564946703637226 S=5.392384469000592].pdf(1.9367988489921752)
Testing logNormal[M=3.1453904600646503 S=2.0575188926234422].pdf(2.2636782594653964)
Testing logNormal[M=-2.593624614779361 S=6.657339904844296].pdf(2.2145179385882727)
Testing logNormal[M=-2.8790669569945724 S=2.6466983767389127].pdf(1.3872718480819444)
Testing logNormal[M=0.7750637187963871 S=0.34311754603802536].pdf(1.685259943893419)
Testing logNormal[M=-0.4678003687712504 S=6.4887268263196685].pdf(1.6790175859817869)
Testing logNormal[M=-3.2231113884896736 S=0.7400542945911193].pdf(2.124012242871259)
Testing logNormal[M=1.9256785217475425 S=3.6352798621507088].pdf(2.0731745463503763)
Testing logNormal[M=2.974032730024364 S=6.618629018922211].pdf(1.8129642699539703)
Testing logNormal[M=4.161914798253093 S=0.8161909041826421].pdf(1.1001575089241753)
Testing logNormal[M=-4.4247186688886035 S=5.0049415702508515].pdf(1.7994537770030292)
Testing logNormal[M=-1.0074753648931125 S=0.6117956073143127].pdf(0.9651734927788113)
Testing logNormal[M=-0.9910336411350524 S=8.019874340920008].pdf(1.3814423063342922)
Testing logNormal[M=-4.856759687265729 S=1.007974302294623].pdf(0.5637827811175256)
Testing logNormal[M=4.158228846709848 S=2.2948575196163556].pdf(2.2538818777074936)
Testing logNormal[M=1.8611036193694286 S=3.6584255789456277].pdf(1.0873386293536218)
Testing logNormal[M=-3.9838248996258487 S=3.7163336284417445].pdf(1.9660264467819741)
Testing logNormal[M=2.445024387557843 S=0.4716728139401616].pdf(1.358528114013039)
Testing logNormal[M=-4.053242356915385 S=9.333851367095553].pdf(2.0797922155812487)
Testing logNormal[M=4.7521044830478 S=7.9287841240643875].pdf(1.8397966559917056)
Testing logNormal[M=2.659444339302831 S=4.419097617235035].pdf(2.057799775742749)
Testing logNormal[M=-2.0790052536726025 S=6.9676193654709815].pdf(2.2525912686048417)
Testing logNormal[M=-2.741195721692721 S=8.661691296583577].pdf(1.6533917819476278)
Testing logNormal[M=0.167092323948407 S=7.621890417878854].pdf(0.7199880958358615)
Testing logNormal[M=-4.682997376758418 S=2.8697158696594416].pdf(1.4770105512639224)
Testing logNormal[M=2.9548407733189084 S=7.226221847242236].pdf(2.236150454721522)
Testing logNormal[M=4.604099258619726 S=4.549272806195499].pdf(1.7223619847176748)
Testing logNormal[M=0.5130174460617791 S=8.779294658954946].pdf(1.2486106039701383)
Testing logNormal[M=-0.7868116777611425 S=0.7460596814598874].pdf(2.1647412611964825)
Testing logNormal[M=4.160623298959168 S=9.454438783530525].pdf(2.139041286151176)
Testing logNormal[M=3.378497769495999 S=5.571300272544617].pdf(1.3972881033414075)
Testing logNormal[M=-1.689679541628105 S=0.2817031237319445].pdf(1.4937349245721574)
Testing logNormal[M=1.1040347911150805 S=2.2601405431433594].pdf(2.2216481516733717)
Testing logNormal[M=1.8087491504342514 S=8.934195691471823].pdf(1.4553666052999736)
Testing logNormal[M=-2.297790256143868 S=0.8459076532087884].pdf(2.2469416684877737)
Testing logNormal[M=-4.024552653767362 S=6.782679404654078].pdf(2.032382439370571)
Testing logNormal[M=0.18773461209018105 S=1.5025734686720549].pdf(2.046281796763997)
Testing logNormal[M=0.9227787852380578 S=5.240799017900535].pdf(0.5121623678533022)
Testing logNormal[M=-1.9099811168313652 S=8.800404931634564].pdf(1.6721147710528093)
Testing logNormal[M=-3.9779574534266517 S=7.414704607935486].pdf(0.5380224269663462)
Testing logNormal[M=1.7782058375328216 S=6.137430087699896].pdf(1.6200301373328565)
Testing logNormal[M=2.467470464774202 S=8.110810515270385].pdf(1.814964653501377)
Testing logNormal[M=-4.578685882123239 S=2.1203996671719247].pdf(1.3277011010857824)
Testing logNormal[M=0.40547910072431037 S=8.487576550080538].pdf(2.2539230604322262)
Testing logNormal[M=-0.9422843441738937 S=6.211923207455444].pdf(1.1571581410637461)
Testing logNormal[M=3.9463510005211493 S=4.672353025702602].pdf(1.6897211005758128)
Testing logNormal[M=4.0042264112671795 S=3.9455469074044016].pdf(1.9364457667702633)
Testing logNormal[M=1.9418483156513133 S=0.2330150507631079].pdf(0.5664309527983237)
Testing logNormal[M=1.8845460493965245 S=7.506571170328177].pdf(0.5028030700820195)
Testing logNormal[M=-4.590936877729921 S=3.7911635278110287].pdf(1.5353701967310083)
Testing logNormal[M=-0.5065992602621749 S=8.732811272097177].pdf(1.9315941077914531)
Testing logNormal[M=1.7446553185332325 S=0.37962495095481774].pdf(1.7119511093103035)
Testing logNormal[M=-2.5544066925847373 S=4.508767929085964].pdf(0.4767731024094823)
Testing logNormal[M=2.2516602939722805 S=6.807374353313205].pdf(0.8919475205460184)
Testing logNormal[M=-2.2915039896076363 S=6.2637670968807315].pdf(1.8918866920025823)
Testing logNormal[M=-0.15896778553148838 S=9.225914847130497].pdf(1.7153111609156955)
Testing logNormal[M=3.950345580508163 S=1.5288013974657255].pdf(1.5959161799054247)
Testing logNormal[M=-1.7559197428348106 S=8.245174861308314].pdf(0.17317558061739766)
Testing logNormal[M=-2.734640790227086 S=3.4957171306090853].pdf(1.7748973376870782)
Testing logNormal[M=2.3876111593242104 S=3.2402352677910438].pdf(1.5945118277738806)
Testing logNormal[M=3.4799677974695182 S=2.603635456278537].pdf(2.290967675411151)
Testing logNormal[M=-3.4892759133848417 S=2.1818614719990204].pdf(0.8712220600679152)
Testing logNormal[M=1.417173183890129 S=2.280774164046089].pdf(2.1004845704934922)
Testing logNormal[M=1.6117667419712758 S=2.469947049301725].pdf(2.2657055984526226)
Testing logNormal[M=2.4300238443204725 S=5.105768741017674].pdf(2.188953876008069)
Testing logNormal[M=4.8404088954618665 S=7.00532884038057].pdf(2.0137494344368525)
Testing logNormal[M=-2.2670048271483836 S=4.019023739213157].pdf(1.3124893089471303)
Testing logNormal[M=-4.023557835347437 S=0.5079335870075974].pdf(1.6860054785567977)
Testing logNormal[M=-3.618296291716283 S=7.535375393151655].pdf(2.204474471235671)
Testing logNormal[M=-2.7461044119657996 S=0.1050026879664212].pdf(2.0910251970834803)
Testing logNormal[M=-0.7991804430697433 S=2.8807962252572015].pdf(1.100750742472186)
Testing logNormal[M=0.014228933055622228 S=8.989471418738093].pdf(0.8922114845938809)
Testing logNormal[M=-0.02736474682893686 S=8.818142255534072].pdf(1.7722378879110445)
Testing logNormal[M=4.691177218434982 S=9.537683162738045].pdf(0.10064839762230313)
Testing logNormal[M=1.1927499326021032 S=9.338594778491133].pdf(2.273659216017713)
Testing logNormal[M=3.8587210843181445 S=3.089755763203189].pdf(1.8243850678697553)
Testing logNormal[M=3.711283578921435 S=9.893927319777003].pdf(1.7501222892715946)
Testing logNormal[M=3.854736978182304 S=4.531194006001892].pdf(0.9440211407789774)
Testing logNormal[M=2.672868889830502 S=1.156897748412039].pdf(1.3424822273933534)
Testing logNormal[M=-3.7664139332409308 S=8.130848370692995].pdf(1.775424574144045)
Testing logNormal[M=3.163061262177493 S=9.661585527670026].pdf(2.272011215543171)
Testing logNormal[M=-4.504245641860896 S=2.671066856341503].pdf(1.643797229144427)
Testing logNormal[M=-4.538270981718294 S=8.719381315064883].pdf(0.8226383218575277)
Testing logNormal[M=-0.8296405742264827 S=0.051221907366684194].pdf(1.8874456681000695)
Testing logNormal[M=2.2498564293291023 S=4.295248497618484].pdf(1.6670787683255233)
Testing logNormal[M=3.7603323145224365 S=4.208976619553267].pdf(1.837778653888249)
Testing logNormal[M=3.701730309998103 S=5.2723463094403575].pdf(2.222367933256908)
Testing logNormal[M=2.5355685579897846 S=2.208438169518123].pdf(2.1372852623584064)
Testing logNormal[M=-4.892053961725421 S=0.07367947716400702].pdf(1.9690555114872175)
Testing logNormal[M=1.8265009339488412 S=6.744748997807669].pdf(1.0849163851619326)
Testing logNormal[M=2.266734490673299 S=2.0063036445018243].pdf(2.088700521326479)
Testing logNormal[M=0.17458766574007 S=8.732617344713859].pdf(2.165085585088309)
Testing logNormal[M=3.971305731991581 S=1.9345358334369378].pdf(0.49942877418469844)
Testing logNormal[M=-3.857402075196583 S=7.375843181646038].pdf(1.925332275431148)
Testing logNormal[M=-2.641439115626809 S=8.228896884268213].pdf(1.4535449709521047)
Testing logNormal[M=-4.307470614444307 S=8.827526781952455].pdf(1.0572439454312967)
Testing logNormal[M=-0.8599358728921498 S=9.527435630241822].pdf(1.7585271804282154)
Testing logNormal[M=2.185739763890493 S=8.03752475841151].pdf(0.035486606472480905)
Testing logNormal[M=-2.5884581757440306 S=8.455120298606086].pdf(1.84612358721)
Testing logNormal[M=-3.5652259589883437 S=1.1950543257252833].pdf(2.0371669899646383)
Testing logNormal[M=-4.582041278740202 S=6.585924853581799].pdf(2.2565390877886755)
Testing logNormal[M=-4.121102208417945 S=7.50264946501951].pdf(1.4085666018360865)
Testing logNormal[M=-1.454155249496111 S=6.817426191662226].pdf(1.360285964747447)
Testing logNormal[M=-0.6139509634541724 S=5.572219509754134].pdf(0.9703365726963153)
Testing logNormal[M=-0.47399737555568944 S=5.447567275404568].pdf(2.26320311098722)
Testing logNormal[M=0.8878764642389214 S=8.492795862313885].pdf(1.9869181573446932)
Testing logNormal[M=2.9396314149572076 S=0.13110105633861058].pdf(1.5457429830203209)
Testing logNormal[M=-2.585914487430462 S=7.226207674597905].pdf(1.9383003295177286)
Testing logNormal[M=-3.222982010074552 S=5.863565211779341].pdf(2.2707609787011855)
Testing logNormal[M=-1.8136657493250707 S=4.842824160370013].pdf(1.974642182789722)
Testing logNormal[M=-1.1518902889878047 S=9.255376674362383].pdf(1.4247756740088577)
Testing logNormal[M=-1.9284878186935006 S=3.6340725269324903].pdf(2.267365141477606)
Testing logNormal[M=1.201536288333136 S=5.071531706573249].pdf(1.630035182679476)
Testing logNormal[M=4.859856368849901 S=8.21787245424916].pdf(1.5559138371660055)
Testing logNormal[M=-4.704106371491815 S=5.97988374942635].pdf(1.3695064090870832)
Testing logNormal[M=2.8969431954234075 S=9.482933540815765].pdf(1.286126249418645)
Testing logNormal[M=1.1597219691710912 S=6.840274837982428].pdf(1.2464277945236912)
Testing logNormal[M=-4.848936841924347 S=4.052317336887075].pdf(1.0870931141933728)
Testing logNormal[M=3.9620918689773603 S=9.687552807175855].pdf(1.7287760826481264)
Testing logNormal[M=3.322647406539728 S=2.8871122836627663].pdf(0.8295247275601929)
Testing logNormal[M=-2.309963063013696 S=5.322551319014908].pdf(1.9302969551803155)
Testing logNormal[M=3.0258853082720254 S=2.247370272428282].pdf(2.2492374723356465)
Testing logNormal[M=4.385628727694334 S=5.013588764658615].pdf(1.853262719542018)
Testing logNormal[M=2.209016744696135 S=1.7402375875922549].pdf(2.273094720669023)
Testing logNormal[M=4.580007091825259 S=8.358869641497813].pdf(0.3926432196990923)
Testing logNormal[M=3.0242873445520715 S=9.000032005354987].pdf(1.9548581820521806)
Testing logNormal[M=1.4214626708704206 S=6.682674529790481].pdf(0.3842429875344777)
Testing logNormal[M=-0.8395000196089608 S=0.3246562696713884].pdf(0.651935660274068)
Testing logNormal[M=4.081541206188872 S=2.8975428301247264].pdf(1.5437677867950066)
Testing logNormal[M=-0.0872993310188459 S=7.79651520988687].pdf(0.3868390945811518)
Testing logNormal[M=-0.3266036930241967 S=7.079080685111808].pdf(1.9676959061195067)
Testing logNormal[M=-1.841493721342867 S=8.391838840983402].pdf(1.3040388390810023)
Testing logNormal[M=-2.5992768660601637 S=8.290307236552227].pdf(1.673099715044265)
Testing logNormal[M=2.7249764180527443 S=0.33271493077571157].pdf(2.143090927836039)
Testing logNormal[M=-4.286975558591642 S=4.065571522363879].pdf(1.602551546974355)
Testing logNormal[M=0.6471331070774164 S=1.5771050917203588].pdf(0.1274766608615423)
Testing logNormal[M=3.321021723939934 S=7.452718907249771].pdf(1.5710730397928576)
Testing logNormal[M=-3.3255439225712635 S=7.817309365656832].pdf(0.4061765788613702)
Testing logNormal[M=-4.469164005548608 S=7.260720286816683].pdf(0.871560855815983)
Testing logNormal[M=1.0417205474558857 S=6.67606488928266].pdf(1.0585226372311198)
Testing logNormal[M=-4.349585459740267 S=8.37769557535132].pdf(1.8732213271264175)
Testing logNormal[M=2.1608218767753247 S=4.937011013238195].pdf(0.8525819473859636)
Testing logNormal[M=-3.977350882397772 S=3.9375547445578762].pdf(1.8022828286063102)
Testing logNormal[M=0.057591646349676395 S=8.244460561325354].pdf(0.07039715595761928)
Testing logNormal[M=-2.4358990838159866 S=9.557428537399844].pdf(2.0581073042621165)
Testing logNormal[M=2.6379135178386717 S=2.7415774765489562].pdf(1.8735751295122933)
Testing logNormal[M=-0.3359251323722692 S=7.59974580069813].pdf(2.220951815554408)
Testing logNormal[M=-3.5895610248963616 S=0.7954591440760206].pdf(1.8256818750868475)
Testing logNormal[M=-0.5525552905815747 S=1.4245990972079914].pdf(1.5071377072447163)
Testing logNormal[M=4.9259992057828725 S=9.766750007868714].pdf(2.108671417011554)
Testing logNormal[M=4.135507300975101 S=8.448617394249212].pdf(1.5284346636056318)
Testing logNormal[M=2.8385164503373854 S=8.971491946823578].pdf(1.5665028705421358)
Testing logNormal[M=1.0432885103476774 S=0.08810679975887914].pdf(1.7959633826316987)
Testing logNormal[M=1.0961511778854973 S=0.35899307074779285].pdf(2.1352683535575046)
Testing logNormal[M=3.3696241305559322 S=7.163360908441905].pdf(1.6368288989801285)
Testing logNormal[M=-4.181911593429159 S=1.3125772908935096].pdf(1.8394850594754217)
Testing logNormal[M=3.062670209171717 S=1.7359465321308787].pdf(2.0452891275130143)
Testing logNormal[M=2.940067630437748 S=1.1366479434369081].pdf(1.9645275570992908)
Testing logNormal[M=1.015138111321705 S=7.076767462931541].pdf(2.260143505094232)
Testing logNormal[M=4.556686359297814 S=3.078724951730727].pdf(2.0221502053233107)
Testing logNormal[M=4.876742675907618 S=4.191281909812584].pdf(1.433281165354233)
Testing logNormal[M=-2.78233371027095 S=5.952928740151478].pdf(1.5606973716617147)
Testing logNormal[M=0.69921952374089 S=6.9102805899809185].pdf(1.8562457954438762)
Testing logNormal[M=-4.496768753179779 S=4.405542499134296].pdf(1.5973370255711847)
Testing logNormal[M=1.9660423084017689 S=5.94817366469421].pdf(0.6283103850797923)
Testing logNormal[M=-1.5929635695392106 S=6.3803416845939696].pdf(1.8613418700510274)
Testing logNormal[M=0.24502974230593644 S=7.3374170776885626].pdf(2.2996724373729336)
Testing logNormal[M=-3.6537767360230777 S=6.926296696887645].pdf(1.6751175484018774)
Testing logNormal[M=-2.1113926808548857 S=0.9305940826975323].pdf(2.0585510891145953)
Testing logNormal[M=-4.1964492638403295 S=6.270087188589669].pdf(1.658055293965409)
Testing logNormal[M=0.6141122826214787 S=2.3516853020774917].pdf(1.3942206656353093)
Testing logNormal[M=-2.904675015940421 S=7.691722992940714].pdf(0.1405864334059135)
Testing logNormal[M=3.6214841549286056 S=4.424177225621132].pdf(1.5057506705355719)
Testing logNormal[M=-2.0640185522966115 S=5.955357322108377].pdf(2.2715435735181053)
Testing logNormal[M=0.45880948911657615 S=9.153551029526085].pdf(0.37657994798774264)
Testing logNormal[M=1.741580994831482 S=7.719358060804465].pdf(2.0243501426178696)
Testing logNormal[M=-1.0917936242956228 S=9.93762507896623].pdf(1.9919302405302617)
Testing logNormal[M=-1.3102476623817303 S=7.395229433141603].pdf(0.82670991876593)
Testing logNormal[M=0.7132521090050572 S=4.2337122634666].pdf(0.9914468197225547)
Testing logNormal[M=-4.927482056018508 S=9.62308952751173].pdf(0.8802638317254443)
Testing logNormal[M=-3.940960638999871 S=0.8247290204648305].pdf(1.901717002581457)
Testing logNormal[M=-1.8922063027662106 S=2.2758669131654963].pdf(0.8509418303715965)
Testing logNormal[M=1.8875738808630942 S=0.9697581410575684].pdf(1.8303663445294773)
Testing logNormal[M=-2.6674210405910292 S=9.286456528110353].pdf(2.1746945844922556)
Testing logNormal[M=2.68024121907745 S=9.369348982055119].pdf(1.7819447932860963)
Testing logNormal[M=-3.8544808140605937 S=6.49537677262863].pdf(1.1945546404430971)
Testing logNormal[M=-4.925573329958701 S=3.017673118565287].pdf(1.8226336959670801)
Testing logNormal[M=3.7923815120513247 S=5.153016305017982].pdf(1.7755333455063782)
Testing logNormal[M=4.988621897520391 S=1.932138378302387].pdf(0.6895220282562381)
Testing logNormal[M=4.678583476983514 S=7.958947417514532].pdf(1.740971743437507)
Testing logNormal[M=-4.280461260661622 S=3.9987019231911813].pdf(0.6396992112466104)
Testing logNormal[M=-1.6444482786030354 S=1.6051307773330148].pdf(2.150276789024763)
Testing logNormal[M=3.518872140013679 S=8.925427954496667].pdf(1.1288481118561342)
Testing logNormal[M=2.868485939860519 S=1.9057756447622187].pdf(1.926360954512289)
Testing logNormal[M=1.2635003192010181 S=9.11789382071866].pdf(1.9862049999936273)
Testing logNormal[M=-2.705248417741318 S=5.527185759193406].pdf(0.03832764820856946)
Testing logNormal[M=1.931054931691973 S=6.8367323133931].pdf(0.9312172258779566)
Testing logNormal[M=3.0545424135762094 S=2.214518140820428].pdf(2.1469427911461283)
Testing logNormal[M=-4.364003493615901 S=9.267012753305044].pdf(0.431338642957162)
Testing logNormal[M=-2.9520144768577916 S=5.4439497906224785].pdf(0.8013504476833845)
Testing logNormal[M=-2.306210427264933 S=4.3638207954999295].pdf(2.038769509114417)
Testing logNormal[M=3.857672255003724 S=8.307755629884555].pdf(2.1994404359159834)
Testing logNormal[M=4.015764889818863 S=0.09862087921511997].pdf(0.7215666407506963)
Testing logNormal[M=-4.53153526979821 S=6.4889931565898715].pdf(2.0919715430623205)
Testing logNormal[M=2.752284511252798 S=9.39837746936434].pdf(1.5354139766356512)
Testing logNormal[M=2.3822276643079734 S=7.214578672408009].pdf(1.957245295738493)
Testing logNormal[M=-0.5241429840734755 S=9.647103720172344].pdf(1.9005167431179992)
Testing logNormal[M=-0.9041800054127149 S=3.1292492040392283].pdf(2.1295060464938502)
Testing logNormal[M=2.201673536541654 S=0.23845495488643786].pdf(1.7082601480353525)
Testing logNormal[M=-3.726202573025498 S=0.22632299189198846].pdf(1.375433864700435)
Testing logNormal[M=1.9789223484928886 S=0.31099748558022555].pdf(0.9811547638606326)
Testing logNormal[M=2.9912138501762495 S=3.599566259500475].pdf(2.257606242768163)
Testing logNormal[M=4.285717805752707 S=9.413286401409069].pdf(1.2612001208287233)
Testing logNormal[M=3.075825608521729 S=7.699920437566131].pdf(1.7042557105962355)
Testing logNormal[M=4.809208912253061 S=7.138944234006626].pdf(0.3640335194314904)
Testing logNormal[M=3.316765750345276 S=5.283276344521574].pdf(1.9861918000549252)
Testing logNormal[M=-1.0889114922462584 S=0.14099948700304843].pdf(1.151334851289594)
Testing logNormal[M=-4.276600568913874 S=4.647611160443354].pdf(2.172452677878656)
Testing logNormal[M=-1.4549012316641061 S=8.931248827044966].pdf(1.0372328432362723)
Testing logNormal[M=1.776395240461608 S=6.032497819503995].pdf(0.6708025997741781)
Testing logNormal[M=-0.8075574837478374 S=2.6257002276433052].pdf(1.869020041428219)
Testing logNormal[M=-1.9604195189850637 S=5.2251720125093035].pdf(2.2069805273003755)
Testing logNormal[M=-1.800524797037487 S=1.411618959308275].pdf(0.8010027553957275)
Testing logNormal[M=4.0800049268260565 S=6.425045069603389].pdf(1.4267621183850185)
Testing logNormal[M=0.31482110829459664 S=1.1902054493820668].pdf(2.2737174962350495)
Testing logNormal[M=1.4211204955491743 S=7.6696595143593385].pdf(0.7454014739641323)
Testing logNormal[M=-4.026797222432573 S=8.436740954797985].pdf(0.7200502530620666)
Testing logNormal[M=3.56804553364565 S=8.872163694772631].pdf(2.135350162278209)
Testing logNormal[M=-0.028631851033761535 S=6.967997089463366].pdf(0.5101446777187235)
Testing logNormal[M=-3.7844465570829913 S=9.969795261706745].pdf(1.8194928329416622)
Testing logNormal[M=4.866915172983088 S=3.882800466303522].pdf(1.896830989261828)
Testing logNormal[M=-1.2602157844112694 S=2.8074105481315326].pdf(1.208664940761983)
Testing logNormal[M=0.0391429507107226 S=0.38974828770479863].pdf(2.289552156232287)
Testing logNormal[M=0.7957638494389112 S=0.0485644403471619].pdf(0.7526277989766672)
Testing logNormal[M=-1.5543880459916073 S=2.552882363145871].pdf(2.03633669600991)
Testing logNormal[M=-2.5673148415870695 S=8.25634186601792].pdf(1.7988795038670684)
Testing logNormal[M=4.32148854889547 S=5.561147791017756].pdf(1.4747561013877697)
Testing logNormal[M=1.0007608183349568 S=3.274813748729568].pdf(0.19915307647433314)
Testing logNormal[M=2.3822113361249855 S=5.763693945789571].pdf(1.1381124329985044)
Testing logNormal[M=2.549289662527552 S=0.17615386471447447].pdf(2.1676434099518618)
Testing logNormal[M=-0.32651059586040443 S=8.489383631933206].pdf(0.5309334892495643)
Testing logNormal[M=0.6656894931610822 S=5.84386661186516].pdf(0.6406033827010391)
Testing logNormal[M=4.86201790044764 S=6.7914602702700435].pdf(1.629365430114137)
Testing logNormal[M=-0.8178522471888545 S=1.5105625381468013].pdf(1.0932053936791815)
Testing logNormal[M=-1.1760500145723585 S=9.29490937621101].pdf(2.155913751197096)
Testing logNormal[M=-2.6929895293864203 S=8.501266514957774].pdf(0.47382020124645)
Testing logNormal[M=1.6173401954845783 S=6.112653697698289].pdf(1.9029821591543736)
Testing logNormal[M=-4.188798289892842 S=3.7703547507914417].pdf(2.150629968220807)
Testing logNormal[M=-1.5131807250436244 S=9.36484257660904].pdf(1.9323499003372724)
Testing logNormal[M=-3.561987160147978 S=7.284539350440862].pdf(2.2863771140624696)
Testing logNormal[M=2.067759716915739 S=8.681850946796802].pdf(1.7571395104261767)
Testing logNormal[M=2.33632624354653 S=5.333615677052322].pdf(2.1757376443009186)
Testing logNormal[M=2.6670028585561356 S=6.3282865547982325].pdf(2.1684261618861647)
Testing logNormal[M=4.9168715748382255 S=4.816870139147037].pdf(2.116736076409356)
Testing logNormal[M=-0.1744955515812503 S=4.860202969594312].pdf(2.2509410010788016)
Testing logNormal[M=2.6036986273597416 S=6.813344858742015].pdf(0.3207773411983156)
Testing logNormal[M=-1.015200964762336 S=0.3826131407665323].pdf(1.2582971707494786)
Testing logNormal[M=1.5874968280453983 S=0.7587184080584197].pdf(1.8930758182641072)
Testing logNormal[M=-0.32323069176123376 S=6.050183355217413].pdf(1.4390418697824339)
Testing logNormal[M=-0.9136886928783756 S=4.111963061764587].pdf(0.94347995469102)
Testing logNormal[M=0.9631874307889587 S=9.133028570567415].pdf(1.6561516247173163)
Testing logNormal[M=3.27188198882917 S=4.6759564817129515].pdf(2.1351136062749676)
Testing logNormal[M=-4.902996859429009 S=4.39179052417991].pdf(0.09609367029922475)
Testing logNormal[M=3.882337947112754 S=6.643852961294426].pdf(1.6403804392190562)
Testing logNormal[M=4.956846431878741 S=1.286146831694589].pdf(2.256457888574369)
Testing logNormal[M=1.1553273834771813 S=7.428684894050887].pdf(1.6644107008933826)
Testing logNormal[M=-0.7555158741770676 S=1.6425572665720578].pdf(2.2769368653113693)
Testing logNormal[M=-3.181066596386813 S=1.805084530460419].pdf(1.8345878289870892)
Testing logNormal[M=0.9674058029263772 S=1.7058078508214836].pdf(1.4427706311848978)
Testing logNormal[M=4.660596145653248 S=3.635156863749174].pdf(0.9552425342576799)
Testing logNormal[M=-1.2693396605823737 S=3.9021757258809453].pdf(2.235671740018601)
Testing logNormal[M=0.5370827670432243 S=9.722125821969565].pdf(1.9524952181960802)
Testing logNormal[M=-2.731146770956543 S=0.23485881654981222].pdf(1.8714288151455)
Testing logNormal[M=1.411798383332914 S=2.708670161810063].pdf(0.3949770466804888)
Testing logNormal[M=3.8048664419345233 S=1.055806350185844].pdf(1.85191914597964)
Testing logNormal[M=-2.7340769453802993 S=9.181859055712685].pdf(1.2612329000036366)
Testing logNormal[M=1.1188324652248163 S=9.806439869134095].pdf(2.19859982215221)
Testing logNormal[M=0.5006259531883597 S=6.140876193553318].pdf(1.741227914302453)
Testing logNormal[M=2.6981270742647077 S=3.3740030993824743].pdf(1.5753286303940095)
Testing logNormal[M=-0.08863665531429366 S=2.345570699789561].pdf(1.9146134528702932)
Testing logNormal[M=-1.5997394501251447 S=5.1637348069901226].pdf(2.1601463386540405)
Testing logNormal[M=3.9597388069192547 S=3.04818351727787].pdf(1.5713651899848309)
Testing logNormal[M=-4.162395424561337 S=7.216348936378619].pdf(1.5466975605115767)
Testing logNormal[M=-2.719621161307335 S=9.780570211944656].pdf(1.1730852684611117)
Testing logNormal[M=-1.316208697270028 S=4.44532054814548].pdf(0.17404362976485888)
Testing logNormal[M=2.467573761148527 S=3.0191482945626813].pdf(2.242182530546081)
Testing logNormal[M=-2.8043204134825404 S=3.3037471275606203].pdf(1.581866751980929)
Testing logNormal[M=-4.235244460816122 S=3.775890884328433].pdf(1.3532571165106022)
Testing logNormal[M=1.1782901383134234 S=6.585603114471058].pdf(2.269287860702647)
Testing logNormal[M=3.417001335368676 S=3.1092333237914946].pdf(1.7496928943284014)
Testing logNormal[M=3.589410974276541 S=3.195750870094548].pdf(1.0201288662918668)
Testing logNormal[M=1.1976700092416799 S=8.950002155717565].pdf(0.04651354420106254)
Testing logNormal[M=-2.3323914588287744 S=7.331010116817062].pdf(1.5250470052001717)
Testing logNormal[M=4.804606189840856 S=2.5111956766963193].pdf(1.4951353887853982)
Testing logNormal[M=-1.5581431691531469 S=1.2110499141457576].pdf(2.2235573609330337)
Testing logNormal[M=-0.42958929097190257 S=4.312824352614141].pdf(1.8586528337240071)
Testing logNormal[M=4.4521028184883775 S=2.4412077600419524].pdf(2.037152968273055)
Testing logNormal[M=2.5962399421121845 S=6.872134455399333].pdf(0.5161624410493001)
Testing logNormal[M=-4.8125489807920285 S=7.815384960671632].pdf(1.8047134394243682)
Testing logNormal[M=-2.3306491522122084 S=0.25962706178840333].pdf(0.908020532745997)
Testing logNormal[M=-3.605852049228915 S=2.6048174332176854].pdf(1.266210940576754)
Testing logNormal[M=-4.053827830005558 S=6.640019822504668].pdf(2.1958217300483187)
Testing logNormal[M=0.027049388702194754 S=1.3723438396021492].pdf(1.347741494905903)
Testing logNormal[M=-3.8929097332670337 S=1.1957873877622793].pdf(1.265942617757399)
Testing logNormal[M=0.9321594944497686 S=5.1684857120170165].pdf(1.6333452021330799)
Testing logNormal[M=-4.621752998201291 S=1.4849154824356825].pdf(1.0502132041876329)
Testing logNormal[M=0.13565228474106483 S=9.54748558485521].pdf(2.061994292365678)
Testing logNormal[M=3.343687371748109 S=2.179613345856911].pdf(1.3776274601490814)
Testing logNormal[M=4.224014210862762 S=0.679341587839658].pdf(0.6653103492523961)
Testing logNormal[M=-0.35719659571730134 S=1.4950372244779275].pdf(0.840098294196877)
Testing logNormal[M=-3.1448722264622164 S=9.741379438257896].pdf(0.9637389095292652)
Testing logNormal[M=4.32148780092702 S=0.2828461872407739].pdf(2.258530787060575)
Testing logNormal[M=2.0621230866968485 S=6.182742779189569].pdf(2.2868032311925286)
Testing logNormal[M=0.21246869061931317 S=0.21405077378670923].pdf(0.5907653303012539)
Testing logNormal[M=-3.7421810415295855 S=8.450667422797622].pdf(0.8699321577511846)
Testing logNormal[M=-3.134924558709673 S=4.921474072859753].pdf(1.386473311574931)
Testing logNormal[M=3.829978971922909 S=5.049196224135278].pdf(2.1223563309252844)
Testing logNormal[M=3.1482648285387462 S=7.9609104444632015].pdf(1.1702646357017352)
Testing logNormal[M=1.847272653140779 S=6.7476026233142115].pdf(0.6593122760974334)
Testing logNormal[M=-1.8453561496901418 S=5.14687245236709].pdf(1.8849999224569909)
Testing logNormal[M=4.42858602051585 S=0.6211335028824716].pdf(2.169248999993659)
Testing logNormal[M=-1.7372461733750244 S=7.1303507788187614].pdf(2.0588463583183025)
Testing logNormal[M=-3.799593575573982 S=1.9124380905522853].pdf(2.137959447610613)
Testing logNormal[M=3.61014859402707 S=1.5044346227188654].pdf(2.2128144957962683)
Testing logNormal[M=3.052136420053877 S=3.6113758898141812].pdf(0.5748790371685334)
Testing logNormal[M=-0.10733177711832198 S=8.254938690323247].pdf(2.0011213583284952)
Testing logNormal[M=-4.049810160337247 S=3.3805087597599037].pdf(0.455428867179698)
Testing logNormal[M=-2.3622908954261668 S=1.8857299111417702].pdf(1.0497362927654208)
Testing logNormal[M=-0.10651401998298038 S=9.707152646866412].pdf(2.1760063411449635)
Testing logNormal[M=4.123437307614022 S=3.4574037854366746].pdf(2.0667030527414054)
Testing logNormal[M=-2.076712508836679 S=2.1753004384014583].pdf(1.9443884531717532)
Testing logNormal[M=2.1754458324158046 S=2.8261479614194984].pdf(1.34228550204541)
Testing logNormal[M=0.264196334619613 S=2.585027159025529].pdf(1.1816110955835437)
Testing logNormal[M=4.500105650330193 S=8.262761402289401].pdf(2.2334210768317084)
Testing logNormal[M=1.9898449370251168 S=5.218801018673726].pdf(1.9940719857182818)
Testing logNormal[M=-0.7049787604087445 S=5.025559923423244].pdf(1.123831773983045)
Testing logNormal[M=4.039186066861454 S=1.6376053975184868].pdf(0.20490483982885555)
Testing logNormal[M=-3.480160774558505 S=6.312058669202852].pdf(0.562040587394401)
Testing logNormal[M=-2.788787211884096 S=0.9167938319176994].pdf(1.8006998260518363)
Testing logNormal[M=-3.8305767786215474 S=4.855502131691644].pdf(1.8434932029919922)
Testing logNormal[M=1.2489822664870198 S=9.51564107870083].pdf(1.2362799944150151)
Testing logNormal[M=0.9549880779969726 S=5.386364537731357].pdf(1.8252169525629958)
Testing logNormal[M=-3.422347663009396 S=0.6788457492843947].pdf(0.8240169002957756)
Testing logNormal[M=0.3600078934230684 S=3.723907704997683].pdf(2.2287427800417303)
Testing logNormal[M=-3.3793338583754973 S=3.0502090015130348].pdf(1.8443935021666347)
Testing logNormal[M=-1.7884286382235128 S=8.43538741316027].pdf(2.13642783154867)
Testing logNormal[M=-3.2003804500104396 S=6.901752458472352].pdf(1.8214180050613675)
Testing logNormal[M=-0.21953255974307062 S=4.684138686910316].pdf(1.0174645884038866)
Testing logNormal[M=-4.16209186504396 S=9.7727491952792].pdf(1.9363881824690519)
Testing logNormal[M=0.33933877337111706 S=7.799487201306631].pdf(2.0704485287962373)
Testing logNormal[M=-0.6054614710169268 S=5.462230455600078].pdf(1.7688769143484295)
Testing logNormal[M=2.5742488595284634 S=2.275913061529937].pdf(2.2069251237191545)
Testing logNormal[M=-4.127842587373718 S=5.454026714265181].pdf(0.38612590124838886)
Testing logNormal[M=-2.9498648722078125 S=5.909272774524533].pdf(1.9523835353343946)
Testing logNormal[M=-2.84479837569098 S=9.388042215148394].pdf(0.48786474878166497)
Testing logNormal[M=-3.3184515103751244 S=8.835271029781556].pdf(2.189450918641458)
Testing logNormal[M=-0.8326352061185114 S=6.8530935539170486].pdf(0.7595397894299507)
Testing logNormal[M=0.40399755181725094 S=6.630835946933113].pdf(1.0963489998007845)
Testing logNormal[M=-4.166893700046335 S=8.728523244303295].pdf(2.294988206924908)
Testing logNormal[M=0.1603930599020975 S=9.454998761277306].pdf(2.152830604991936)
Testing logNormal[M=4.945547380396022 S=4.579252424882963].pdf(1.0063026265503552)
Testing logNormal[M=-1.854324830270797 S=1.3828474138496216].pdf(2.24477740247162)
Testing logNormal[M=1.386283653855651 S=5.043650174025702].pdf(2.0372512305104573)
Testing logNormal[M=-2.7510294458823426 S=7.49473588886605].pdf(1.217796397839755)
Testing logNormal[M=4.023697993414354 S=8.630220830024994].pdf(1.6385628926801319)
Testing logNormal[M=0.8834070032830752 S=0.693418946607588].pdf(1.464869946959181)
Testing logNormal[M=3.1468315529573907 S=3.6151923406905073].pdf(1.4267613079556858)
Testing logNormal[M=-0.9494437879198419 S=9.230982148501052].pdf(0.7976439353614379)
Testing logNormal[M=1.8309930769900902 S=1.8348407616650997].pdf(1.5584259606909396)
Testing logNormal[M=-4.133196963696787 S=6.268127114917683].pdf(0.9279110403682361)
Testing logNormal[M=-3.627031149935862 S=5.529609515973236].pdf(1.8543409641285904)
Testing logNormal[M=-2.1767973959185314 S=9.21566307874848].pdf(0.7494435677458596)
Testing logNormal[M=-1.424223733454848 S=0.25210592365874307].pdf(1.3385621630571098)
Testing logNormal[M=2.696869279401528 S=2.9213344792446683].pdf(1.441950341996153)
Testing logNormal[M=3.6214422792381775 S=4.238744599823371].pdf(1.4437717246632078)
Testing logNormal[M=2.361162643359803 S=4.08909003612156].pdf(1.7913801449692106)
Testing logNormal[M=-3.7926337946448765 S=2.278137929325629].pdf(0.5344633345961697)
Testing logNormal[M=-4.200503372204173 S=1.5351722427018255].pdf(2.209398426747396)
Testing logNormal[M=0.12346602206469193 S=5.904946438561868].pdf(1.15208809069174)
Testing logNormal[M=2.6087771044532992 S=8.866850671329221].pdf(2.14294071946655)
Testing logNormal[M=-0.5571685594977884 S=6.358790182600556].pdf(0.853202401878695)
Testing logNormal[M=-4.048298553546043 S=8.156863321508748].pdf(1.599996555173822)
Testing logNormal[M=-3.658418645008629 S=3.748574260147758].pdf(1.5761736545823475)
Testing logNormal[M=-0.3226355551100344 S=2.31658101790945].pdf(2.2940988524102996)
Testing logNormal[M=2.0865530751897463 S=0.9017928305954637].pdf(1.7952520504331535)
Testing logNormal[M=1.550889170666152 S=8.5305432847241].pdf(1.0073667929078514)
Testing logNormal[M=-1.6516989307737329 S=7.504307666721245].pdf(2.0128394356960175)
Testing logNormal[M=-2.840433417491768 S=9.71083781671928].pdf(0.6866211288157291)
Testing logNormal[M=-4.3192293809533036 S=0.7829580842541317].pdf(0.8159509768111073)
Testing logNormal[M=-4.622633759697326 S=1.9443505661779081].pdf(2.1022709438271874)
Testing logNormal[M=4.290752879790176 S=1.2462585324214914].pdf(0.889905303688742)
Testing logNormal[M=-1.504429975420607 S=2.8779375698710687].pdf(2.0766415634468887)
Testing logNormal[M=-0.4937802288980411 S=3.3728550652922573].pdf(1.4330694086218656)
Testing logNormal[M=4.71401670259416 S=8.056170327419295].pdf(2.096303538083449)
Testing logNormal[M=-2.3271924570251357 S=1.0259959602576052].pdf(0.6020392842034489)
Testing logNormal[M=-2.3285481907575423 S=0.8500845841012739].pdf(1.2888314654755941)
Testing logNormal[M=1.9361960544097343 S=6.851584829026061].pdf(2.2339757673346656)
Testing logNormal[M=-2.113585547587448 S=3.7515935517993713].pdf(2.055369307649694)
Testing logNormal[M=4.482617073467107 S=9.612594451304734].pdf(0.683467586966403)
Testing logNormal[M=4.554643349267485 S=2.865847542962099].pdf(0.7976828137066383)
Testing logNormal[M=-2.649748220611008 S=0.05733004011727716].pdf(0.8714503183664678)
Testing logNormal[M=-0.4074292439039908 S=5.23904422963281].pdf(2.0472588250579333)
Testing logNormal[M=3.7239275625716637 S=8.820349134979406].pdf(1.1597290017455064)
Testing logNormal[M=3.2185237521842307 S=4.152086087066477].pdf(0.775175457992539)
Testing logNormal[M=3.6091235079672277 S=0.6717541434046315].pdf(2.1152687432526585)
Testing logNormal[M=-1.0845277043026713 S=8.637214708712161].pdf(2.0216075727245983)
Testing logNormal[M=4.447879509030262 S=0.20081374027251742].pdf(0.3069580621086657)
Testing logNormal[M=-3.7660523758499154 S=7.0043175944016935].pdf(1.9167931737871702)
Testing logNormal[M=3.064762375766561 S=0.7910031386129479].pdf(0.3149818769723995)
Testing logNormal[M=-3.391220237559698 S=7.55255427141968].pdf(1.7930778480508334)
Testing logNormal[M=-0.2187964696316982 S=2.588749698959444].pdf(1.0002622222154534)
Testing logNormal[M=-0.1791281210904847 S=1.6681188146734571].pdf(2.248330518588016)
Testing logNormal[M=-2.7289454996324114 S=5.199328488386088].pdf(1.8502390265197148)
Testing logNormal[M=-4.916923569555413 S=5.112079203353685].pdf(1.6412514820715434)
Testing logNormal[M=1.3745525557118885 S=5.049737147184516].pdf(1.0640377501548042)
Testing logNormal[M=4.831074650770189 S=6.811597509365821].pdf(0.44433253358900604)
Testing logNormal[M=-0.9570291848108967 S=2.155013972973978].pdf(1.7076193059517646)
Testing logNormal[M=-3.3802316552554945 S=9.506039285460822].pdf(1.8678965827270229)
Testing logNormal[M=-0.14830268338965968 S=6.562545898676287].pdf(2.1237301169533023)
Testing logNormal[M=2.2299591194252226 S=9.500681266394924].pdf(1.1502223473014799)
Testing logNormal[M=-4.107198648731021 S=3.714487811316559].pdf(1.8730847426642143)
Testing logNormal[M=-3.089060340217821 S=5.646769004041927].pdf(2.222393523060398)
Testing logNormal[M=-4.520802538339751 S=5.318043545619879].pdf(2.120256333198233)
Testing logNormal[M=-1.6715350516404515 S=5.844033551268292].pdf(1.0412849567079456)
Testing logNormal[M=0.22338649331097926 S=1.0951196697216292].pdf(2.2064708015819767)
Testing logNormal[M=-1.5354112740887094 S=1.5697392675414545].pdf(0.7091748488990559)
Testing logNormal[M=0.27025386278663177 S=7.993155666190343].pdf(1.2143286063118515)
Testing logNormal[M=2.5279258154677304 S=9.82093048991029].pdf(2.263571717736209)
Testing logNormal[M=2.8968580605674727 S=6.0139802068767345].pdf(0.5603199699816976)
Testing logNormal[M=2.991897141296846 S=9.96491134564055].pdf(0.9977929430032012)
Testing logNormal[M=-0.7365747475931386 S=0.8022728182482575].pdf(2.229070320015293)
Testing logNormal[M=4.542564581084903 S=2.8886822850564373].pdf(1.9739323554697492)
Testing logNormal[M=2.9131895649665687 S=9.59418599590351].pdf(1.7233688986736786)
Testing logNormal[M=4.148863546430487 S=6.501018686877674].pdf(2.2392103166365973)
Testing logNormal[M=3.481460422044604 S=4.8945630474928645].pdf(1.9239625135158278)
Testing logNormal[M=1.4840263666238185 S=3.2871757526499925].pdf(1.9582141411917184)
Testing logNormal[M=-3.381970001910397 S=2.565212423847388].pdf(1.890660508685773)
Testing logNormal[M=-4.920587468772519 S=9.917464078689328].pdf(2.2228059669252467)
Testing logNormal[M=2.501393395348818 S=8.922797908621913].pdf(1.5677071598168175)
Testing logNormal[M=-3.9310205953265975 S=6.022608168487533].pdf(1.4143362634994119)
Testing logNormal[M=0.9575616413942232 S=6.462141785876087].pdf(2.028466376887097)
Testing logNormal[M=4.852612391451634 S=1.6465054542675395].pdf(0.11801042134200927)
Testing logNormal[M=0.5592040819753121 S=0.8358447361943477].pdf(2.0853444152395477)
Testing logNormal[M=-1.9137931670684152 S=5.5683288787398215].pdf(2.081446061088107)
Testing logNormal[M=0.6912938164339808 S=5.740512651966901].pdf(2.0974277153502108)
Testing logNormal[M=-0.24193363025929848 S=1.9557613771018567].pdf(1.77671166656944)
Testing logNormal[M=0.14812820978986707 S=2.4157008140734595].pdf(0.2477072891869937)
Testing logNormal[M=1.3738305884414448 S=8.399271721308963].pdf(1.446942959542043)
Testing logNormal[M=4.0016407718352465 S=5.9727777803906354].pdf(2.112604639768169)
Testing logNormal[M=-1.5160157557246845 S=3.6646530665797994].pdf(0.7992339496447132)
Testing logNormal[M=1.3668497312050558 S=1.786972242377407].pdf(1.4180746221126825)
Testing logNormal[M=-0.3468848194257319 S=5.949793504875458].pdf(0.7988560310793079)
Testing logNormal[M=-3.1848837379694728 S=3.2430198795946454].pdf(0.7929304949447056)
Testing logNormal[M=-2.381051207570728 S=4.918427921832737].pdf(0.8801584408011814)
Testing logNormal[M=-3.077577271088532 S=8.749981524525278].pdf(0.28902049279530184)
Testing logNormal[M=4.195734960943344 S=6.9914524691188475].pdf(0.3489346141507636)
Testing logNormal[M=-0.5151350942880448 S=3.682339689354106].pdf(1.429484953124476)
Testing logNormal[M=-2.9136879795262702 S=9.169787592541104].pdf(2.238043535731805)
Testing logNormal[M=-1.1768971265985684 S=5.1480289519304145].pdf(2.291599536709348)
Testing logNormal[M=4.22626557343035 S=7.209437586904936].pdf(2.0644356686064356)
Testing logNormal[M=-1.4579433145825016 S=7.5554858324339484].pdf(1.9153380550164405)
Testing logNormal[M=3.377346749241031 S=4.557143412176706].pdf(2.0743734786291457)
Testing logNormal[M=-2.701680335365176 S=0.36029891904652].pdf(1.6993199047412832)
Testing logNormal[M=-0.8397548603420004 S=6.429157409508713].pdf(2.16866488029451)
Testing logNormal[M=-2.6555722304828198 S=6.899612206954084].pdf(2.171297476192885)
Testing logNormal[M=-4.799488284789675 S=5.2185459807382495].pdf(1.8931587433993144)
Testing logNormal[M=0.9343232249372235 S=5.0857147275560735].pdf(1.7890109277490658)
Testing logNormal[M=4.2043811301029095 S=4.28030637219397].pdf(2.163546902591381)
Testing logNormal[M=1.3209834851236177 S=4.517934908773133].pdf(1.6622576407738563)
Testing logNormal[M=1.371635182549456 S=1.2455390792090926].pdf(2.2051395384435635)
Testing logNormal[M=4.767118777338572 S=4.496344856618584].pdf(2.2181913512691964)
Testing logNormal[M=1.022128286356513 S=7.825214717528875].pdf(1.3038713730773916)
Testing logNormal[M=0.6039227478442637 S=8.708542665942662].pdf(0.5946936214449647)
Testing logNormal[M=-2.0616693561024615 S=8.792013950119614].pdf(2.2702298316391922)
Testing logNormal[M=-2.617203797012814 S=6.437611939770233].pdf(1.2532756151573998)
Testing logNormal[M=3.010701725621839 S=9.156419112950223].pdf(1.9061247282744362)
Testing logNormal[M=4.99876819690231 S=3.5393834876123087].pdf(2.266279173351754)
Testing logNormal[M=4.558611176472493 S=6.75359838854744].pdf(0.08830837057303138)
Testing logNormal[M=0.5083014187654245 S=2.6322185352686454].pdf(2.1073986965496228)
Testing logNormal[M=-3.113840453566097 S=7.175907602721154].pdf(0.49956255717874554)
Testing logNormal[M=-2.2908398585997425 S=5.402964151508842].pdf(1.9121442424957373)
Testing logNormal[M=0.051413746377800607 S=4.069676571460603].pdf(0.20455819157358118)
Testing logNormal[M=-3.6746268659742656 S=8.785404569325483].pdf(2.2663381573803973)
Testing logNormal[M=-3.1012966235605646 S=2.2905310685279554].pdf(2.298661370529192)
Testing logNormal[M=3.0956186413887483 S=1.2272724823743786].pdf(0.35430604615879263)
Testing logNormal[M=1.380356145903379 S=7.038508333762239].pdf(2.267359587042672)
Testing logNormal[M=-1.587965607870594 S=6.866370515052729].pdf(2.1669805147941297)
Testing logNormal[M=-3.7527089307746566 S=6.6297567551138625].pdf(1.4167403278872308)
Testing logNormal[M=-2.2722275604279494 S=9.655268492279617].pdf(1.150106965509041)
Testing logNormal[M=-3.429316614708535 S=1.087837015992803].pdf(2.191178467684385)
Testing logNormal[M=1.6176367483763272 S=6.643576695219372].pdf(1.9301958725715171)
Testing logNormal[M=3.1704263294914963 S=5.9658430479879865].pdf(1.1916520933406747)
Testing logNormal[M=4.335919357690157 S=5.780991351862097].pdf(1.3051107155394164)
Testing logNormal[M=2.0618386490238425 S=9.436493298894069].pdf(2.082218015892921)
Testing logNormal[M=2.492152013863822 S=0.9835023064138226].pdf(1.694230127711351)
Testing logNormal[M=-2.5350209898289835 S=7.184825970596548].pdf(1.8447400613760672)
Testing logNormal[M=-0.42609144383627395 S=7.549273408324513].pdf(2.1526325434801876)
Testing logNormal[M=-1.0654289572983155 S=4.688390726558947].pdf(2.00116324865686)
Testing logNormal[M=-0.02464461849708144 S=3.835589598149344].pdf(1.2010468483646237)
Testing logNormal[M=3.328676170476527 S=7.1418103072781145].pdf(2.0725952100559892)
Testing logNormal[M=-2.504725944337156 S=6.3544411435124335].pdf(1.591808392680333)
Testing logNormal[M=-4.55312756422491 S=8.528510897388456].pdf(1.4776062340644704)
Testing logNormal[M=-4.348892475769475 S=5.421707677452952].pdf(1.679870821709642)
Testing logNormal[M=-1.652235489801328 S=2.110696404475314].pdf(1.7166235115819646)
Testing logNormal[M=0.6809901415966841 S=3.844895947718597].pdf(1.7399102310282628)
Testing logNormal[M=-1.516546901504964 S=3.8654273165220188].pdf(0.35150321575089144)
Testing logNormal[M=-3.832152808803637 S=7.469011374745582].pdf(0.524403961376212)
Testing logNormal[M=-4.429861153166716 S=0.42253432300953353].pdf(1.8771268945206072)
Testing logNormal[M=-4.467646658678084 S=7.917595947308177].pdf(1.6121068772988327)
Testing logNormal[M=-0.7696749245039323 S=5.025250809138431].pdf(0.3360460868551846)
Testing logNormal[M=1.3464355353797526 S=1.4013290075393914].pdf(0.5422163927563951)
Testing logNormal[M=-1.8362365072028264 S=5.182083242021789].pdf(0.7772975162829421)
Testing logNormal[M=2.460250999218844 S=2.421859501756889].pdf(2.122936098654262)
Testing logNormal[M=-1.496701896438073 S=7.936329187346476].pdf(2.137354421557482)
Testing logNormal[M=4.116044412160726 S=9.338470376755147].pdf(0.32816533484258154)
Testing logNormal[M=2.195805748336471 S=6.871040066397534].pdf(1.7768450857000664)
Testing logNormal[M=-0.1959601903851489 S=7.282208769934867].pdf(1.7476982042343119)
Testing logNormal[M=-3.379896655362188 S=4.506566866701468].pdf(1.1306296918497654)
Testing logNormal[M=-1.2275022401693247 S=6.097350353972438].pdf(2.1639641251462614)
Testing logNormal[M=-2.455688647335874 S=0.737353370358641].pdf(2.1948706555188444)
Testing logNormal[M=-4.467745813028491 S=2.4553398935889073].pdf(1.3366321703778412)
Testing logNormal[M=-4.909463661977302 S=4.97006825543756].pdf(2.179350006498114)
Testing logNormal[M=-4.71989191599262 S=3.011902554175493].pdf(1.7260220904308718)
Testing logNormal[M=0.48709904826288053 S=3.4550851162221075].pdf(0.9640789176375731)
Testing logNormal[M=0.8797061141707623 S=5.226782245959098].pdf(0.957440467789449)
Testing logNormal[M=4.186148126558306 S=3.7105326206166667].pdf(0.25145261585387946)
Testing logNormal[M=1.50003742574477 S=2.539674719441524].pdf(0.5621824687982012)
Testing logNormal[M=2.9171763331470473 S=7.25522287737141].pdf(1.9003832126749436)
Testing logNormal[M=-2.085148208705734 S=8.812622285744707].pdf(0.843837952693529)
Testing logNormal[M=0.4186751948985554 S=5.4451061104368925].pdf(2.156312033683382)
Testing logNormal[M=-1.0349625681555121 S=9.108311551949997].pdf(1.891183602851072)
Testing logNormal[M=-2.583828147124516 S=4.972795316980152].pdf(1.3525918286284964)
Testing logNormal[M=-3.9079983263986473 S=6.440241936543152].pdf(1.5264480907623623)
Testing logNormal[M=-3.7163492842647528 S=7.514387676827964].pdf(0.6994699479009221)
Testing logNormal[M=-1.3765830805787838 S=3.653929575473015].pdf(0.8927851514921898)
Testing logNormal[M=0.9946629407248437 S=8.836473304091733].pdf(0.4924997632993704)
Testing logNormal[M=1.903917071266954 S=1.888336234766993].pdf(0.6935433689534588)
Testing logNormal[M=-1.2877721300099165 S=5.598852765587166].pdf(1.1579991793004683)
Testing logNormal[M=-0.8730349737963312 S=1.0603407826551525].pdf(0.8378180696188383)
Testing logNormal[M=4.514127388581317 S=0.7540979771382783].pdf(1.9565968463637093)
Testing logNormal[M=0.43995931605345007 S=5.866345735918394].pdf(2.187431039131272)
Testing logNormal[M=-1.271717297011703 S=4.868867692104304].pdf(0.4202458330569228)
Testing logNormal[M=0.9935444500260111 S=9.621281193151036].pdf(2.2646602051162126)
Testing logNormal[M=4.405004862749472 S=2.6444514622718662].pdf(0.8005343987605252)
Testing logNormal[M=-2.959607371419829 S=5.328603647291914].pdf(2.2243052391826197)
Testing logNormal[M=-2.1303939538902563 S=2.8247540990735134].pdf(1.7209224362981201)
Testing logNormal[M=-1.067481809915373 S=8.279081836410318].pdf(2.288853303413005)
Testing logNormal[M=-1.9745043924282788 S=3.004360574482857].pdf(1.9115287310722906)
Testing logNormal[M=-1.4787148108349313 S=7.490383758635102].pdf(1.6434712190048404)
Testing logNormal[M=-1.7358778127373906 S=1.2632660604079238].pdf(1.8071206009256944)
Testing logNormal[M=4.076869918382753 S=8.806606490018865].pdf(0.16574391419224663)
Testing logNormal[M=-0.5614853042106782 S=8.430824124820795].pdf(1.9449427837856237)
Testing logNormal[M=3.1463987667220383 S=8.762642322808881].pdf(1.2784852055147413)
Testing logNormal[M=2.2487014060334793 S=8.843494049801103].pdf(2.2441427140995955)
Testing logNormal[M=-4.336554045498996 S=2.0871411051389943].pdf(1.666701932656706)
Testing logNormal[M=1.3967642096460349 S=0.018316300653724582].pdf(1.8487256364356377)
Testing logNormal[M=-4.335375882893034 S=7.539107973124455].pdf(1.9152066181362226)
Testing logNormal[M=1.183174413100926 S=4.800752828914211].pdf(1.603303950995496)
Testing logNormal[M=-2.9214660823115723 S=3.5635935276462405].pdf(2.1010768628719423)
Testing logNormal[M=-0.5459948211811847 S=9.190515028102187].pdf(1.2180986324013974)
Testing logNormal[M=-3.550575928340529 S=6.21690449750263].pdf(1.3768597446380342)
Testing logNormal[M=-4.520126445102904 S=8.597146868668602].pdf(1.36404186221219)
Testing logNormal[M=-4.3718206278465335 S=2.907599231238631].pdf(0.7140041756102117)
Testing logNormal[M=-2.241552038127179 S=7.655365656469806].pdf(2.111532203404173)
Testing logNormal[M=-2.362174591266879 S=9.003036334799429].pdf(2.1094770557553164)
Testing logNormal[M=1.9983545089413814 S=7.9469551136511445].pdf(2.1283611782020255)
Testing logNormal[M=-0.7668621585396966 S=8.82402990025832].pdf(2.2503845579613357)
Testing logNormal[M=3.6451343776499865 S=9.5339870938137].pdf(2.0139652913248542)
Testing logNormal[M=-4.014107784985812 S=1.3080510299456294].pdf(0.616066271516407)
Testing logNormal[M=-4.287876961668923 S=4.640188836716897].pdf(2.298847559678402)
Testing logNormal[M=-4.525766995022757 S=5.619066498738501].pdf(0.9376472904988313)
Testing logNormal[M=-1.3177903638325708 S=5.288589979167303].pdf(2.1791103909147393)
Testing logNormal[M=0.3497260997947169 S=0.0036653477491399578].pdf(0.5998010101834168)
Testing logNormal[M=1.4695841001249104 S=4.2556459393619654].pdf(1.6759128786542543)
Testing logNormal[M=1.4383257558898785 S=8.840984548752616].pdf(0.6056973655013494)
Testing logNormal[M=3.5421718489670706 S=1.8971740391650171].pdf(1.298761955006439)
Testing logNormal[M=-1.6359904035779902 S=7.055488744362491].pdf(0.21879016022586067)
Testing logNormal[M=4.683465403544435 S=1.7642336446254314].pdf(1.2321653070250242)
Testing logNormal[M=3.701292361303823 S=2.5971003154078023].pdf(2.167085938119551)
Testing logNormal[M=-4.336852742721539 S=7.5189523183587195].pdf(1.2682365844087922)
Testing logNormal[M=1.2068956981595438 S=7.8154460705079165].pdf(1.558762289597325)
Testing logNormal[M=0.0062421614909045076 S=5.701083841655762].pdf(1.770479427177181)
Testing logNormal[M=3.6368864400662044 S=8.859757578703174].pdf(0.8768624665180981)
Testing logNormal[M=3.534077618922943 S=5.643065887133244].pdf(1.6577484741250983)
Testing logNormal[M=-3.5558674804182777 S=4.26587140600902].pdf(2.296001112511534)
Testing logNormal[M=0.6354243136685023 S=2.6012334481999755].pdf(2.2532147946118903)
Testing logNormal[M=3.703757189219367 S=5.176333379035851].pdf(0.8746154529069436)
Testing logNormal[M=-4.279554313272003 S=0.7399996044981283].pdf(2.1623589001090817)
Testing logNormal[M=1.7033589005178076 S=9.510481588569515].pdf(1.507643194834276)
Testing logNormal[M=-1.221588022235296 S=2.8852952504254645].pdf(1.8730698318576176)
Testing logNormal[M=2.997998213258823 S=8.562821706837322].pdf(1.9612737884584044)
Testing logNormal[M=0.5585678134366514 S=3.368299086749605].pdf(1.3938808259972195)
Testing logNormal[M=0.6718872029793532 S=4.6122937854705].pdf(1.5467368472159615)
Testing logNormal[M=3.032132577393039 S=2.469141472578573].pdf(2.243966902832316)
Testing logNormal[M=-4.068010667724447 S=2.8821789040900168].pdf(2.0488576174007584)
Testing logNormal[M=4.622502023068273 S=8.931792963863352].pdf(1.4548707020160885)
Testing logNormal[M=0.49738636393968605 S=8.162858711971355].pdf(1.448515531026396)
Testing logNormal[M=2.0812708850866413 S=5.428016916204008].pdf(1.614858524420002)
Testing logNormal[M=-3.566301143166636 S=9.785950270881399].pdf(1.4739464765873005)
Testing logNormal[M=4.430736490169808 S=8.95097935466078].pdf(2.056962614287503)
Testing logNormal[M=-2.339388098614752 S=9.127763689622595].pdf(1.62403163379141)
Testing logNormal[M=-1.2173918316872037 S=0.2785736387500115].pdf(1.6893998418657452)
Testing logNormal[M=-0.6147510363571254 S=3.992137094449817].pdf(1.3570070619672143)
Testing logNormal[M=-4.443391851999622 S=5.662166563154621].pdf(0.3062432761712651)
Testing logNormal[M=-3.3473425079085652 S=4.629730576404537].pdf(0.01529212440742498)
Testing logNormal[M=3.3627288823342933 S=3.1948554994028333].pdf(1.4561764254274778)
Testing logNormal[M=0.35140404636604217 S=5.574014545253143].pdf(1.345638613792719)
Testing logNormal[M=-4.86832355095143 S=9.726736611248247].pdf(0.7110220120059486)
Testing logNormal[M=3.176141917662749 S=4.570768050675817].pdf(0.891892055723528)
Testing logNormal[M=0.09033625685902624 S=2.1017385925007392].pdf(1.706621385844345)
Testing logNormal[M=-0.5334960819600703 S=8.42188116402262].pdf(2.2991657829527434)
Testing logNormal[M=-0.38282636393447866 S=3.516934232784327].pdf(1.7562315569745879)
Testing logNormal[M=0.22097260660909157 S=4.587572960116514].pdf(1.366822458259227)
Testing logNormal[M=-3.9346154922162144 S=9.67735365171716].pdf(1.6194011387966787)
Testing logNormal[M=-1.8226031989493539 S=7.060902252486149].pdf(0.9352936915939729)
Testing logNormal[M=2.708156614461398 S=7.368513021978828].pdf(0.7478674382671443)
Testing logNormal[M=-4.8690471596528795 S=4.7809685972557165].pdf(1.5028451666989926)
Testing logNormal[M=-1.6629379250678622 S=9.872384673619239].pdf(0.7518920809311657)
Testing logNormal[M=-0.36924000296012416 S=6.865377065488072].pdf(1.683746569855279)
Testing logNormal[M=-1.9389334817161377 S=9.088621986236703].pdf(1.9777677092143138)
Testing logNormal[M=-2.043839892894467 S=6.512224019947405].pdf(1.8841774602792167)
Testing logNormal[M=3.5794615310064177 S=6.568834189064827].pdf(0.6016594717144452)
Testing logNormal[M=2.9314925171866637 S=3.988154650866711].pdf(2.1131176253969803)
Testing logNormal[M=3.5229488697218176 S=9.947444110358719].pdf(0.985570495423452)
Testing logNormal[M=3.142317349554137 S=3.2918983561940216].pdf(1.461769747097537)
Testing logNormal[M=-2.6694454771448353 S=3.9667535262868214].pdf(2.1526239085428434)
Testing logNormal[M=0.9353482892017002 S=6.426619048514368].pdf(1.904806095142104)
Testing logNormal[M=-2.494066010990059 S=1.4299293159519422].pdf(1.283359128672379)
Testing logNormal[M=0.39171070742674097 S=7.654029824431959].pdf(1.883182324965548)
Testing logNormal[M=-0.9862058363976676 S=3.480906199647503].pdf(1.2857238261422173)
Testing logNormal[M=-4.177469651677046 S=3.888392412011216].pdf(0.3253904913533725)
Testing logNormal[M=-0.3313223229421052 S=1.423768721800881].pdf(1.909556504379599)
Testing logNormal[M=-3.2881658349133405 S=2.094405411812439].pdf(0.12210061474597049)
Testing logNormal[M=0.23836583635517794 S=3.4186335037722415].pdf(0.8962329923387972)
Testing logNormal[M=-1.0884527846566225 S=3.0837988539797645].pdf(2.0004555400095296)
Testing logNormal[M=-2.4991790202158914 S=5.415792311304932].pdf(2.050353713846596)
Testing logNormal[M=4.528494710006273 S=4.823932923692777].pdf(1.6841011347321329)
Testing logNormal[M=3.11741944224274 S=9.156198991418496].pdf(2.096894059547442)
Testing logNormal[M=-4.243968985138528 S=3.6481333526575144].pdf(0.25330748353549537)
Testing logNormal[M=-1.0204557188359695 S=4.991953079098211].pdf(1.7805868046039914)
Testing logNormal[M=0.05408168787240353 S=8.00852969362969].pdf(0.3651243974641959)
Testing logNormal[M=-3.297422752013517 S=4.098951763207044].pdf(2.1674702220909223)
Testing logNormal[M=1.9629833489107984 S=3.8877382657403947].pdf(0.6269273812901566)
Testing logNormal[M=-3.040827978479317 S=9.68939521415258].pdf(1.929035986437444)
Testing logNormal[M=-1.0258730603241775 S=3.14183572494935].pdf(0.5116289812088564)
Testing logNormal[M=-2.6064594860633292 S=8.748127617266658].pdf(1.9204729152324014)
Testing logNormal[M=2.836480014059579 S=3.279039256766044].pdf(2.3021062558761485)
Testing logNormal[M=3.3015591340730683 S=2.7027534034617484].pdf(1.7449266779069899)
Testing logNormal[M=-0.2583480527248767 S=4.887364211422352].pdf(2.0635637007817866)
Testing logNormal[M=2.731630152563352 S=6.226920425109357].pdf(0.47193533524188425)
Testing logNormal[M=3.0108869699409 S=0.41620882947390414].pdf(0.9831171849400532)
Testing logNormal[M=2.622710785007979 S=6.6412438386131125].pdf(2.1417035182509334)
Testing logNormal[M=-3.552681657664223 S=2.7900200385287146].pdf(0.6009379333244754)
Testing logNormal[M=-2.754254421853579 S=6.90434080690208].pdf(0.47290121090032894)
Testing logNormal[M=-0.36548171967067233 S=9.858952002663045].pdf(0.550239260703111)
Testing logNormal[M=3.8161909590751044 S=3.071632565632486].pdf(0.756617877412949)
Testing logNormal[M=0.6867003552904265 S=7.762906356396416].pdf(1.9086730347254444)
Testing logNormal[M=-4.200835865826333 S=2.3336845666538553].pdf(1.2698690025998198)
Testing logNormal[M=-2.8570849933187983 S=1.105619777684983].pdf(2.221126633744151)
Testing logNormal[M=-1.859182521050716 S=8.720774517399462].pdf(2.1283584772042046)
Testing logNormal[M=3.23072811997665 S=1.0684074583917513].pdf(1.9706575424893729)
Testing logNormal[M=2.1749360929137236 S=6.524233862796001].pdf(0.5192393837693096)
Testing logNormal[M=-4.175811148253317 S=5.866761803101282].pdf(1.5205004316060613)
Testing logNormal[M=0.23701725106160687 S=4.499770797645505].pdf(2.270079339958391)
Testing logNormal[M=3.796375866267633 S=3.5615343907705324].pdf(1.9214894277097592)
Testing logNormal[M=-2.508964831292354 S=2.498920762757797].pdf(0.20052770867093583)
Testing logNormal[M=-0.4834783024573497 S=8.053085826720386].pdf(1.8017293085720445)
Testing logNormal[M=-4.507460409414539 S=8.698327555026518].pdf(2.0176397356011475)
Testing logNormal[M=0.26424995352390646 S=2.4047189096494916].pdf(0.6038440194248338)
Testing logNormal[M=0.6243054367066669 S=5.607244520565434].pdf(1.3989730960486366)
Testing logNormal[M=-2.5492024685693693 S=4.371257912657889].pdf(1.1020122655885027)
Testing logNormal[M=-0.6202814428020673 S=8.738153706240482].pdf(1.9599665432675055)
Testing logNormal[M=1.0248455565758796 S=7.823316135987581].pdf(0.17945497487283946)
Testing logNormal[M=2.0204149564860803 S=1.5880480947990638].pdf(1.770972262009919)
Testing logNormal[M=4.138009632631222 S=3.5243483260996777].pdf(1.080099174654412)
Testing logNormal[M=4.841892583869134 S=3.7553367432015694].pdf(1.9609834628392693)
Testing logNormal[M=1.46174888323492 S=7.672590439093786].pdf(2.127829872000468)
Testing logNormal[M=-0.7534219768744377 S=2.1739667334151767].pdf(1.8934256305292225)
Testing logNormal[M=2.368542788470428 S=9.490831149020803].pdf(2.0698926244245595)
Testing logNormal[M=1.7951592394551898 S=0.7577228595493857].pdf(1.6767435764500038)
Testing logNormal[M=-4.318208031066027 S=2.980532136515909].pdf(0.726751550239274)
Testing logNormal[M=3.692783203223229 S=4.023261429631454].pdf(1.997824635013028)
Testing logNormal[M=-1.497560135638417 S=6.58321811202541].pdf(1.8641367991977456)
Testing logNormal[M=-4.367326945319481 S=3.3246486204607137].pdf(2.263388016508016)
Testing logNormal[M=-2.611835418311669 S=1.6883613296137545].pdf(1.8791693319581633)
Testing logNormal[M=-3.1355636591789526 S=9.28708696098255].pdf(2.276955432306517)
Testing logNormal[M=-0.3981990778747715 S=0.8907556478988898].pdf(1.9172399702717065)
Testing logNormal[M=2.6924696973608677 S=3.7036026794889834].pdf(1.7479784077014766)
Testing logNormal[M=1.3314772824574703 S=2.5485417164018855].pdf(1.9033142303594175)
Testing logNormal[M=3.373877137532853 S=8.696599008301922].pdf(1.4266635129724938)
Testing logNormal[M=3.562097830013558 S=0.67944067421293].pdf(1.7017343989551919)
Testing logNormal[M=-1.6381976813062806 S=3.722542352464676].pdf(1.3378262556407476)
Testing logNormal[M=-2.4444991371571856 S=0.6624782767843085].pdf(1.7158837419777015)
Testing logNormal[M=-4.000058051704207 S=7.050525018970632].pdf(2.1265984831728963)
Testing logNormal[M=-3.0769700065703773 S=2.1827775222596033].pdf(0.6546615940770453)
Testing logNormal[M=-1.2779763564356128 S=2.2888987626125443].pdf(1.8597137530135075)
Testing logNormal[M=-2.32702526007994 S=1.5697993502229257].pdf(1.5616333096877342)
Testing logNormal[M=1.9453315389930932 S=2.8724819204220884].pdf(1.5227790227418132)
Testing logNormal[M=2.123814906942009 S=5.069732176978295].pdf(2.06499657600489)
Testing logNormal[M=1.8977164408927951 S=8.779781496270827].pdf(1.966610292512714)
Testing logNormal[M=-0.2720793396546384 S=5.04732474784084].pdf(1.5258708692522307)
Testing logNormal[M=1.0039523185081336 S=1.3351085675980956].pdf(1.9807199659896046)
Testing logNormal[M=2.959610986614133 S=9.86359420904985].pdf(1.9466326001559116)
Testing logNormal[M=1.0094473555937888 S=2.3543846547751213].pdf(1.7619303564645485)
Testing logNormal[M=-4.060336341823243 S=0.4166577914342606].pdf(1.7404992401057793)
Testing logNormal[M=-4.759606393577991 S=4.686057957547403].pdf(2.0797685455282804)
Testing logNormal[M=1.5562904755615712 S=2.651101634467169].pdf(0.7603075387891715)
Testing logNormal[M=2.843292433245126 S=7.242553793987618].pdf(0.5763819114045046)
Testing logNormal[M=1.9192726946816467 S=7.560047381686284].pdf(0.4279876344787039)
Testing logNormal[M=4.731232872637154 S=1.1352197495925076].pdf(0.640013053937757)
Testing logNormal[M=0.650123084203563 S=5.458894554880959].pdf(2.062115464599151)
Testing logNormal[M=0.711253178514129 S=8.111833210866305].pdf(0.955681762406868)
Testing logNormal[M=-1.0316749586036442 S=1.0264533271802723].pdf(1.6004763166241711)
Testing logNormal[M=-1.494348714979128 S=6.573657767902486].pdf(1.7479286134537833)
Testing logNormal[M=2.245160991491492 S=5.908493227354042].pdf(2.052821793401369)
Testing logNormal[M=-0.9533951096753803 S=9.854979854469684].pdf(1.7204456396603272)
Testing logNormal[M=-3.161449854291324 S=3.2238521464303362].pdf(0.45007337861874636)
Testing logNormal[M=-3.0903509270147564 S=0.6551301666669873].pdf(0.49705946431577824)
Testing logNormal[M=3.3262583214867405 S=1.3795127050133127].pdf(2.1725841857334824)
Testing logNormal[M=-2.4865016537443663 S=0.046397555431491044].pdf(1.2779557073132763)
Testing logNormal[M=0.24508149068998542 S=6.835503515003563].pdf(2.2042211246519954)
Testing logNormal[M=-0.987512238920452 S=3.3007806508286395].pdf(0.5900724792831525)
Testing logNormal[M=2.9321492682974597 S=4.967529899785178].pdf(2.184488059912564)
Testing logNormal[M=-4.382637407554627 S=1.4564766211948876].pdf(0.33836910616276)
Testing logNormal[M=-1.9239953865646608 S=6.957997803280095].pdf(2.1048067347036508)
Testing logNormal[M=2.9322202271994326 S=1.4015711429824962].pdf(2.040618029207472)
Testing logNormal[M=-1.2796933694057202 S=5.92313289573366].pdf(1.9611896042190637)
Testing logNormal[M=-1.8763338942900498 S=3.969770526031481].pdf(2.2299551813410274)
Testing logNormal[M=1.3168376940197266 S=0.7640897914313638].pdf(1.9924505490901623)
Testing logNormal[M=-1.51965044120821 S=0.6135985603238259].pdf(1.7063680241738632)
Testing logNormal[M=-0.48138483824022327 S=5.4642966804429935].pdf(1.0205817509497839)
Testing logNormal[M=2.3705966360669573 S=3.9107764911797016].pdf(1.1123656474251562)
Testing logNormal[M=4.990271446637099 S=6.684991327817938].pdf(2.058837426225574)
Testing logNormal[M=2.1554594582929987 S=2.8031871754084046].pdf(1.1074228133876503)
Testing logNormal[M=3.1407725631659087 S=3.752990611641102].pdf(0.4570662587879624)
Testing logNormal[M=-1.3718522207017325 S=1.0285929606694277].pdf(1.3720847546361863)
Testing logNormal[M=-4.579690311907592 S=6.2397534486281785].pdf(0.5735112633765205)
Testing logNormal[M=-1.2339999650046085 S=4.117434481872509].pdf(1.2983162827461132)
Testing logNormal[M=-0.9993329857161504 S=9.993623772868435].pdf(1.5917943689841287)
Testing logNormal[M=3.7717330997799117 S=7.503535631041927].pdf(1.7305575068657861)
Testing logNormal[M=-1.469861580616815 S=8.90610113481924].pdf(2.2851560786143237)
Testing logNormal[M=-1.4563204958767786 S=4.442820265163646].pdf(1.5269675737672184)
Testing logNormal[M=-2.928258407081179 S=7.68883170927047].pdf(1.8042868856040186)
Testing logNormal[M=0.471326904461562 S=5.258637150666213].pdf(1.4502677429810293)
Testing logNormal[M=0.6454440777999215 S=6.02895535523866].pdf(2.2997995742789414)
Testing logNormal[M=4.11166157595237 S=5.433394474972921].pdf(1.6920308438210674)
Testing logNormal[M=-1.7308671509831983 S=0.0901818411576416].pdf(1.9814543243573206)
Testing logNormal[M=1.9505896962168254 S=4.579544704962948].pdf(2.1155792415474597)
Testing logNormal[M=-3.006243591518638 S=6.090657777942365].pdf(0.5633921382862265)
Testing logNormal[M=0.8905206791132958 S=4.919866549696305].pdf(1.451914567830434)
Testing logNormal[M=-1.4826695321721184 S=8.107876432602726].pdf(1.339450234947691)
Testing logNormal[M=-3.3597811715686987 S=1.0148494647792328].pdf(2.0725750688269935)
Testing logNormal[M=-3.3969599747086865 S=4.248306252039225].pdf(1.7578882153905642)
Testing logNormal[M=-1.1370510962487792 S=0.21257874165696578].pdf(1.216698430153199)
Testing logNormal[M=-4.2539420951167255 S=8.672604560946922].pdf(1.0410903419350221)
Testing logNormal[M=-4.890980836558139 S=3.777779856172838].pdf(1.653543415226846)
Testing logNormal[M=2.742376514003757 S=5.286807374617225].pdf(0.425285109658238)
Testing logNormal[M=-1.4805014940323522 S=7.235054635410268].pdf(2.224796714354901)
Testing logNormal[M=-4.408343419354645 S=3.632015737881511].pdf(1.0571364213641856)
Testing logNormal[M=-1.2081140461500537 S=7.101977203663804].pdf(1.7041911804892946)
Testing logNormal[M=3.192059216353467 S=0.04585493583151079].pdf(1.9207844167434525)
Testing logNormal[M=-3.4151546884881725 S=9.00276905140895].pdf(1.8318819250159717)
Testing logNormal[M=1.8806026258084465 S=1.4994610742044157].pdf(1.7002295924319752)
Testing logNormal[M=-3.7298726279540584 S=3.972269328136729].pdf(2.2677305097303453)
Testing logNormal[M=4.614267267735533 S=3.8847708446602947].pdf(1.2479152418963682)
Testing logNormal[M=0.73703688900045 S=4.750558328969437].pdf(1.9383099726531463)
Testing logNormal[M=-0.6890854330771248 S=1.811525315685818].pdf(0.9948816923649796)
Testing logNormal[M=2.676616228870216 S=5.596713409252839].pdf(0.4834171434159691)
Testing logNormal[M=4.021084909236642 S=6.335451412582151].pdf(0.12489234146976703)
Testing logNormal[M=-3.689269698906965 S=7.112436687632302].pdf(0.271116875448743)
Testing logNormal[M=1.5448941662050464 S=8.410010465552594].pdf(2.19281833422396)
Testing logNormal[M=0.8327527407480169 S=8.542810335299777].pdf(1.8988512308163477)
Testing logNormal[M=-0.15578574611006513 S=6.044945634911748].pdf(2.167572171477111)
Testing logNormal[M=-3.8707531163236473 S=4.08337514181437].pdf(2.0164859768016727)
Testing logNormal[M=4.540404911496678 S=3.1953810741788025].pdf(0.8298301297238028)
Testing logNormal[M=-3.8634761872210888 S=6.519139320054799].pdf(1.302869634842074)
Testing logNormal[M=4.8511060663054835 S=1.819772782154897].pdf(1.9362905780348525)
Testing logNormal[M=-2.1316262014570753 S=7.390189475970308].pdf(1.5978912865797188)
Testing logNormal[M=4.549459284969977 S=2.7474481561605413].pdf(0.2145788383645534)
Testing logNormal[M=-3.822414169836051 S=2.509397510398669].pdf(2.168036423823545)
Testing logNormal[M=-1.680308194608119 S=7.816493053674875].pdf(2.2803101525858365)
Testing logNormal[M=3.6734422285308064 S=2.500506514687717].pdf(1.8181031500828644)
Testing logNormal[M=3.5704018237764696 S=8.571454601121873].pdf(1.9392806492641583)
Testing logNormal[M=-3.451160791534119 S=6.507647419018026].pdf(1.4592899325067084)
Testing logNormal[M=4.184375240585963 S=2.302692149085365].pdf(2.190379212324563)
Testing logNormal[M=4.652072355664229 S=1.6190415610595021].pdf(0.8042405536115906)
Testing logNormal[M=3.043426358188686 S=3.9751865775915585].pdf(0.8344162793833667)
Testing logNormal[M=-0.2780306094474385 S=9.495522496610759].pdf(0.9266515803457058)
Testing logNormal[M=0.33343694575867033 S=5.279471462509198].pdf(1.5002492789992146)
Testing logNormal[M=0.5227004726878608 S=9.025744561336722].pdf(2.290539023279843)
Testing logNormal[M=-0.8484820817043115 S=3.6109193455228006].pdf(2.1800181111522856)
Testing logNormal[M=2.81064700185624 S=6.038248290774487].pdf(0.022501449620673315)
Testing logNormal[M=-2.8734865244304797 S=3.1969130164856283].pdf(1.9971167725862133)
Testing logNormal[M=3.5045238487071693 S=2.291733510329117].pdf(0.49465216647709365)
Testing logNormal[M=4.089244085623134 S=8.027069169216709].pdf(1.281869374101356)
Testing logNormal[M=1.6496795270873976 S=1.5032350089265978].pdf(1.4796397360769264)
Testing logNormal[M=-0.279293396289253 S=0.5837607942960565].pdf(1.689351557908925)
Testing logNormal[M=0.4031594834850507 S=0.21032649587902075].pdf(1.8054254429370038)
Testing logNormal[M=2.188686831007934 S=5.666356593111901].pdf(2.0294194066281954)
Testing logNormal[M=1.1001137790228732 S=7.625211513085].pdf(1.1030415532607203)
Testing logNormal[M=-4.950796674647302 S=4.257905062601385].pdf(1.5377958372662395)
Testing logNormal[M=-4.749210304467199 S=4.789357922247868].pdf(1.811719704106699)
Testing logNormal[M=-3.718532043207622 S=7.31029740255353].pdf(2.2511526366396266)
Testing logNormal[M=-4.146506123093347 S=6.8020739633703995].pdf(1.718329384636234)
Testing logNormal[M=2.3346297186360747 S=0.32400879069570565].pdf(2.036028083672438)
Testing logNormal[M=0.8669084501038551 S=7.070885312708192].pdf(2.0758926036745153)
Testing logNormal[M=2.111462142065932 S=6.31048764109385].pdf(2.223901260130459)
Testing logNormal[M=-1.5238463445268238 S=0.652270632200056].pdf(1.0350862203138986)
Testing logNormal[M=-0.5957325120314385 S=9.76582507538181].pdf(2.274075076132291)
Testing logNormal[M=-4.7892827521163275 S=8.524634864319555].pdf(1.6972674202800406)
Testing logNormal[M=-1.0373290828200732 S=7.889745634284431].pdf(2.170428429564801)
Testing logNormal[M=-2.044924164475602 S=8.058188219337406].pdf(1.414210674668493)
Testing logNormal[M=-1.1990269795060238 S=5.543140029418111].pdf(0.7515590982606343)
Testing logNormal[M=-0.8192084991494522 S=9.8031024658927].pdf(0.8728126668650608)
Testing logNormal[M=4.395779930277179 S=0.9663532464427371].pdf(2.282633532335461)
Testing logNormal[M=4.9945091599066345 S=1.7446788072199626].pdf(1.9026161188434845)
Testing logNormal[M=-4.906588324588577 S=7.440614362846444].pdf(1.9635080069600883)
Testing logNormal[M=4.431949016805017 S=1.687756408865212].pdf(1.1411413273747177)
Testing logNormal[M=-1.118927640093558 S=2.2687032653108172].pdf(1.8453550393548743)
Testing logNormal[M=-3.4469732911054782 S=3.5207935449113483].pdf(1.9988668113445605)
Testing logNormal[M=-4.411728612298182 S=5.982960090149967].pdf(2.070544905472172)
Testing logNormal[M=-1.0355432993265934 S=5.915670478640292].pdf(1.3920338101708245)
Testing logNormal[M=0.2861082971677611 S=1.595715148026945].pdf(1.5224045610024919)
Testing logNormal[M=2.626693786249583 S=5.848805586968361].pdf(1.333488135617261)
Testing logNormal[M=0.5165683645078181 S=6.204797357840322].pdf(1.320507858402562)
Testing logNormal[M=3.0561362040146314 S=7.982323435096966].pdf(1.384918628367514)
Testing logNormal[M=-1.265334687121423 S=0.7467757134229402].pdf(1.3908120989713204)
Testing logNormal[M=0.965281766057613 S=5.256458529966467].pdf(1.7698241891231032)
Testing logNormal[M=-2.9037989046542876 S=5.732038370481131].pdf(2.062515765209208)
Testing logNormal[M=-2.671337577659245 S=9.59092568042514].pdf(1.7473511328383986)
Testing logNormal[M=0.4130348693838819 S=7.567008777225776].pdf(1.5743862617615816)
Testing logNormal[M=-4.253512108077859 S=5.491415675860601].pdf(2.246441464532589)
Testing logNormal[M=-0.470456802138254 S=6.109477309603999].pdf(1.8209378472482458)
Testing logNormal[M=-1.4081912378046582 S=0.6857195084859247].pdf(2.251821240681636)
Testing logNormal[M=1.185989698075156 S=4.439057665715622].pdf(1.683442866778929)
Testing logNormal[M=3.007364630318568 S=8.684113927650333].pdf(1.878449297751839)
Testing logNormal[M=-3.966375322863649 S=7.968786126738289].pdf(1.7450092611171166)
Testing logNormal[M=4.93117655684207 S=9.3331946979151].pdf(2.0590761598631224)
Testing logNormal[M=-1.0927142935349 S=5.949838112272305].pdf(0.3496608852105866)
Testing logNormal[M=-1.213743057561424 S=4.100265435518984].pdf(0.8236295681733152)
Testing logNormal[M=-1.4055826159247706 S=7.761826588453418].pdf(0.04431784407909616)
Testing logNormal[M=1.4633779362983814 S=8.395943959114948].pdf(2.17754691018275)
Testing logNormal[M=-0.5777130835515232 S=1.0217572317233947].pdf(1.798293448017477)
Testing logNormal[M=-0.5187573663348832 S=6.05992411294868].pdf(2.148964363640375)
Testing logNormal[M=-2.1830875145604436 S=4.088927869181518].pdf(1.8562526817319454)
Testing logNormal[M=-4.499082482000847 S=8.800549480617347].pdf(1.9272008549776012)
Testing logNormal[M=4.183701556563095 S=9.764951347076666].pdf(0.7149714970188984)
Testing logNormal[M=-1.2690206868687581 S=0.0014089438912079366].pdf(1.5049263785317286)
Testing logNormal[M=1.5912100730767476 S=8.74586400218566].pdf(1.965945780608324)
Testing logNormal[M=-0.9242276920778805 S=5.077633842565082].pdf(1.8713921738778854)
Testing logNormal[M=-1.3225348040782912 S=1.3017743736483478].pdf(2.2483849833965226)
Testing logNormal[M=-4.21055275263333 S=0.4187999927632946].pdf(1.355412015281099)
Testing logNormal[M=-0.08240295436847322 S=7.154676903264204].pdf(1.1711093622203301)
Testing logNormal[M=0.38052048755159795 S=8.08283703132821].pdf(1.4976835701848767)
Testing logNormal[M=-3.825393161905054 S=5.226976963297777].pdf(1.5383126375004665)
Testing logNormal[M=-1.3339373582614913 S=3.6944430067129175].pdf(2.1532039417435294)
Testing logNormal[M=3.906146375665399 S=5.368124773445121].pdf(2.123403691076726)
Testing logNormal[M=-2.1590684848716633 S=9.521297250721432].pdf(2.156312866610298)
Testing logNormal[M=-4.693779303642853 S=1.343562309687093].pdf(2.139171591427547)
Testing logNormal[M=-0.24747778940812015 S=5.925446139339607].pdf(1.921394572939559)
Testing logNormal[M=1.3543113749730393 S=9.898855510592817].pdf(1.8760083587014873)
Testing logNormal[M=4.950208968981325 S=1.304505805977606].pdf(1.511753111014721)
Testing logNormal[M=3.6209400125767424 S=8.305805543072482].pdf(2.2087159791290434)
Testing logNormal[M=-0.2717407841772834 S=4.467172740691253].pdf(2.0900649507025486)
Testing logNormal[M=1.956419673308054 S=9.648546514776584].pdf(1.9181275280102887)
Testing logNormal[M=-1.8932407367243353 S=6.957133701294361].pdf(2.2065490502822014)
Testing logNormal[M=2.735485503789061 S=6.988070706350117].pdf(2.1212517173181396)
Testing logNormal[M=-4.726610153028492 S=7.238987453450433].pdf(0.7151390665140893)
Testing logNormal[M=3.9580267388873622 S=6.3661679117150225].pdf(0.8388864143371869)
Testing logNormal[M=-4.933649427653136 S=8.373911156608944].pdf(2.0063955421222217)
Testing logNormal[M=-4.157861006094348 S=4.47058328914739].pdf(1.858818245389639)
Testing logNormal[M=4.752839454471724 S=4.202095761796215].pdf(0.8845826809963806)
Testing logNormal[M=-2.112012723133568 S=3.3396319641171623].pdf(1.7318438728149121)
Testing logNormal[M=0.6960619163438455 S=4.494547596828999].pdf(2.078134093387463)
Testing logNormal[M=4.258213615729035 S=4.808403459083851].pdf(1.8112465016531885)
Testing logNormal[M=-2.8726578337085518 S=2.433368700002446].pdf(0.11267133863075066)
Testing logNormal[M=-3.774981445937826 S=1.2185224726792676].pdf(1.5597571713516816)
Testing logNormal[M=-0.7057999739439076 S=8.647941154942734].pdf(0.2619208308408882)
Testing logNormal[M=-1.0569148793654213 S=2.6300901966978953].pdf(1.0790724136919785)
Testing logNormal[M=3.2956418542565764 S=4.138641348070778].pdf(0.902266856725392)
Testing logNormal[M=-1.0402316816652526 S=2.436018332483212].pdf(1.7306583854503164)
Testing logNormal[M=-2.6332730755767697 S=3.162240921948547].pdf(1.9359709102357643)
Testing logNormal[M=-2.858043796873898 S=6.157016851426022].pdf(1.5359451695973612)
Testing logNormal[M=-3.660797109936137 S=5.034935358425717].pdf(1.235720364014713)
Testing logNormal[M=3.062512509526657 S=9.070581657876065].pdf(1.365012125617255)
Testing logNormal[M=3.744464711644776 S=7.591757988614715].pdf(1.9611508776359439)
Testing logNormal[M=-1.6260156657868063 S=9.458728073182582].pdf(1.1465696915537062)
Testing logNormal[M=-0.15155748912125055 S=0.36701827020250266].pdf(1.4388746913703003)
Testing logNormal[M=-0.8540934453413769 S=4.473907186831372].pdf(1.7980447128335817)
Testing logNormal[M=-0.8423582656431838 S=2.4077428553669034].pdf(2.0783508067910765)
Testing logNormal[M=0.8540488037480012 S=0.5363210169846477].pdf(1.007207390435962)
Testing logNormal[M=2.393925792025046 S=5.143765252268544].pdf(1.8448151634396466)
Testing logNormal[M=2.8610246866999365 S=6.338988849120277].pdf(0.7058919840624349)
Testing logNormal[M=-2.77183892622634 S=6.029069649566127].pdf(1.187018464397647)
Testing logNormal[M=1.2070158208322832 S=0.40303328534701754].pdf(0.792616498097893)
Testing logNormal[M=3.630012105992055 S=1.0140739294669698].pdf(1.551042211501717)
Testing logNormal[M=-0.3326797523882785 S=9.706521236882722].pdf(2.076812849589296)
Testing logNormal[M=4.404955155485627 S=5.490814739251476].pdf(1.3311191411684684)
Testing logNormal[M=3.153165520908722 S=8.284631744493398].pdf(0.2172894870810238)
Testing logNormal[M=1.4036597490426423 S=3.4037754944337695].pdf(2.112322116479173)
Testing logNormal[M=1.0256811194719582 S=0.48269214889184675].pdf(1.3287089881801977)
Testing logNormal[M=1.5025007404487845 S=5.949464110802389].pdf(1.8004534637132097)
Testing logNormal[M=-2.827523002412977 S=4.616638934347889].pdf(1.7939398951012309)
Testing logNormal[M=-3.419077594747393 S=1.8896157609498454].pdf(0.5632443158654928)
Testing logNormal[M=1.9464877678305719 S=6.2589791008926445].pdf(1.495991583985726)
Testing logNormal[M=1.1431506634856268 S=8.678365328631788].pdf(1.6196312284952852)
Testing logNormal[M=-2.143784905831464 S=6.646187515920796].pdf(1.5076447952700478)
Testing logNormal[M=-0.5789651658012787 S=4.453296498569883].pdf(1.168666611260452)
Testing logNormal[M=-0.47432277476727513 S=0.5505827233389338].pdf(2.1933672666811623)
Testing logNormal[M=4.180851365673707 S=4.256905632556136].pdf(1.5937114740050364)
Testing logNormal[M=-3.255670440468635 S=8.6784718960014].pdf(2.1481402791645183)
Testing logNormal[M=-1.1725071591908076 S=9.781919974194906].pdf(2.0174939005427293)
Testing logNormal[M=4.396698997914351 S=4.820384438011813].pdf(1.799342371957328)
Testing logNormal[M=-4.920166425247155 S=2.1509799344143343].pdf(1.5159150509837287)
Testing logNormal[M=-4.602487398998708 S=5.229437663362635].pdf(1.9348063931626471)
Testing logNormal[M=1.291625485067983 S=3.7266793113340024].pdf(1.9210010617970443)
Testing logNormal[M=4.742123282862721 S=6.218541230119508].pdf(1.1243015560301028)
Testing logNormal[M=1.4960429716334982 S=0.0960754900145322].pdf(2.2514296004387897)
Testing logNormal[M=-3.3710389746875222 S=1.8452824607393359].pdf(1.4916832935302413)
Testing logNormal[M=4.78844301894898 S=5.751669178192076].pdf(2.0491898209371784)
Testing logNormal[M=0.4119182001598958 S=7.1512108793574125].pdf(1.4692182217054122)
Testing logNormal[M=-3.2207909444494076 S=7.226528914781717].pdf(1.4817012280866055)
Testing logNormal[M=-2.2586459597231077 S=4.7363316204717805].pdf(2.294690266863759)
Testing logNormal[M=3.8166552747493796 S=5.1033659418813695].pdf(2.2429072210422873)
Testing logNormal[M=0.36891316304994337 S=8.978331397027237].pdf(1.651507139485614)
Testing logNormal[M=1.9438724566162877 S=0.45662650333239907].pdf(1.5098397843592133)
Testing logNormal[M=0.7459608627962098 S=3.413864485646876].pdf(2.2976806521186677)
Testing logNormal[M=-4.718410632251288 S=1.292982805143117].pdf(1.010857144358792)
Testing logNormal[M=-2.238883241959062 S=2.841614097173103].pdf(1.7427038259221581)
Testing logNormal[M=3.580944883501619 S=6.953202948849913].pdf(2.2709670597659017)
Testing logNormal[M=-0.8857526224588455 S=9.760048567146955].pdf(2.0711784054422755)
Testing logNormal[M=-2.2593250314952096 S=2.948802219480763].pdf(0.879045034407196)
Testing logNormal[M=-3.461209021614012 S=1.8174547816078168].pdf(1.3671689237807705)
Testing logNormal[M=3.6801237801485644 S=8.063272694316185].pdf(2.2722980198417955)
Testing logNormal[M=-1.1267254064327492 S=8.403320690614624].pdf(2.2882641442145877)
Testing logNormal[M=1.8108980069648037 S=6.979379730125324].pdf(1.6552638541025546)
Testing logNormal[M=-4.228525973256741 S=3.5837862055445777].pdf(1.5026626236639389)
Testing logNormal[M=-1.3827943894516546 S=8.57381953302563].pdf(1.7383615237046721)
Testing logNormal[M=2.371987308139434 S=0.265794538687133].pdf(1.5828864138531045)
Testing logNormal[M=-2.513163977722046 S=7.881695098079082].pdf(2.109108417625999)
Testing logNormal[M=-3.4742550227285864 S=9.33734282569093].pdf(1.4389095609682099)
Testing logNormal[M=-1.63364758204699 S=8.723950307435594].pdf(1.8810614945937807)
Testing logNormal[M=1.1160403891178339 S=3.0673955356244207].pdf(0.47553529911406067)
Testing logNormal[M=-0.14924528815629667 S=9.778485459041592].pdf(2.147747071970247)
Testing logNormal[M=-4.123026011393537 S=7.78207522947834].pdf(0.9774483767163494)
Testing logNormal[M=2.873633215857301 S=1.7650416320577678].pdf(1.5690599163124312)
Testing logNormal[M=-0.8377812933963069 S=7.653383227346133].pdf(1.839767179378446)
Testing logNormal[M=-4.743503155671355 S=0.30975813804969055].pdf(0.8499446242736283)
Testing logNormal[M=-1.441809415345705 S=0.25930853716282454].pdf(2.141538710789916)
Testing logNormal[M=-2.77430771154082 S=2.295197246957279].pdf(0.730344758185197)
Testing logNormal[M=0.2478149449305258 S=9.125617599988349].pdf(2.1503291285224724)
Testing logNormal[M=1.0429988156486072 S=8.270916550980994].pdf(1.894355234264217)
Testing logNormal[M=-3.4920930410151074 S=4.417456448696041].pdf(0.4683791348665551)
Testing logNormal[M=2.392156725939472 S=4.6179147172216215].pdf(2.0197588179139188)
Testing logNormal[M=4.147198233629489 S=6.544117159721989].pdf(0.9574846517213764)
Testing logNormal[M=-0.8768697777951795 S=5.8329082435529696].pdf(2.085145381556559)
Testing logNormal[M=4.039683769465711 S=7.427624227600667].pdf(0.5065475348260352)
Testing logNormal[M=-1.6999015412195408 S=0.2111207840977003].pdf(2.0286072178090295)
Testing logNormal[M=-0.28727700718019733 S=1.2517934989458024].pdf(2.1944326597033905)
Testing logNormal[M=-2.8305968017308913 S=1.7836879659354643].pdf(1.8694119169867431)
Testing logNormal[M=-2.222511607117786 S=8.733700396611336].pdf(2.1571042137075382)
Testing logNormal[M=4.692049170217569 S=8.069199803144599].pdf(2.006193830575467)
Testing logNormal[M=-3.762853366203285 S=8.456431973684918].pdf(1.8714081226802972)
Testing logNormal[M=-2.5332359883755027 S=7.4609230462309455].pdf(1.835250922180153)
Testing logNormal[M=-3.4203446318402033 S=1.2254942968001281].pdf(0.3667721575822575)
Testing logNormal[M=2.6280370060794738 S=4.942909442575002].pdf(1.7970097279521426)
Testing logNormal[M=0.8912795040830543 S=5.177034331735864].pdf(1.7734336766977183)
Testing logNormal[M=-3.1508841201570092 S=7.942105688267654].pdf(2.220364659594636)
Testing logNormal[M=-3.3733665440755134 S=9.014666452091346].pdf(1.0153070158479067)
Testing logNormal[M=2.6131409528303866 S=3.25513269315251].pdf(1.4073221020084064)
Testing logNormal[M=-4.57390605133422 S=9.902010020572517].pdf(0.825972623615498)
Testing logNormal[M=1.308099414798166 S=4.955423049976431].pdf(1.220185947691053)
Testing logNormal[M=2.405307671013829 S=0.4550447205231445].pdf(2.1178029919527868)
Testing logNormal[M=4.133532779604408 S=8.178735002779518].pdf(1.6036338123822427)
Testing logNormal[M=3.086134981824383 S=6.133006965339139].pdf(1.9287984230273418)
Testing logNormal[M=4.2171853606530725 S=7.301542088741558].pdf(2.236157848895529)
Testing logNormal[M=-0.6484514557961152 S=1.7984900612220223].pdf(1.8502980284840274)
Testing logNormal[M=1.3663174477715074 S=6.422444850089225].pdf(1.2921223783902587)
Testing logNormal[M=4.374570474372071 S=6.267437812300239].pdf(1.6955933788921624)
Testing logNormal[M=-4.891985286420555 S=2.130663144629965].pdf(1.7116037272622702)
Testing logNormal[M=-3.4030350720322353 S=0.6436398487415029].pdf(0.7652220941930326)
Testing logNormal[M=-1.179156135933015 S=3.201367815855388].pdf(1.7715341956311925)
Testing logNormal[M=-0.5505619095108525 S=3.2284182827225107].pdf(1.8446814935680778)
Testing logNormal[M=-1.249602417949335 S=9.207561593326414].pdf(1.4574220655388284)
Testing logNormal[M=-0.780576282067889 S=9.20767607563278].pdf(2.2051498970253)
Testing logNormal[M=-1.0004238194695478 S=7.499790052020614].pdf(2.141238032264473)
Testing logNormal[M=3.93382038419581 S=6.119417008609574].pdf(1.8824873833799112)
Testing logNormal[M=-0.27938315279368275 S=3.606772416573405].pdf(1.9700528424642307)
Testing logNormal[M=1.0842240088551875 S=6.995321730168307].pdf(2.2939648621395956)
Testing logNormal[M=2.619193768799116 S=2.107341122679803].pdf(2.248669050078975)
Testing logNormal[M=-1.7224985983035044 S=6.251916783272097].pdf(1.203132423068444)
Testing logNormal[M=4.9597665705589264 S=8.798443473909694].pdf(0.5495600489306113)
Testing logNormal[M=2.8044743144133424 S=9.681972178000937].pdf(2.0976293909955563)
Testing logNormal[M=-4.739024766250525 S=8.221914023015879].pdf(2.2623269958796635)
Testing logNormal[M=-0.9855636059063535 S=3.3261573999390603].pdf(1.2084786235523384)
Testing logNormal[M=-0.5889983285786649 S=8.614896387521258].pdf(0.7335982662105432)
Testing logNormal[M=-4.695163201300918 S=7.252853460142474].pdf(0.508024343017979)
Testing logNormal[M=-1.4409068448897324 S=2.4847004554600263].pdf(2.010160188629934)
Testing logNormal[M=0.887077192996574 S=7.96182607542435].pdf(1.3567193475624255)
Testing logNormal[M=-0.7389257107635361 S=2.600344136160273].pdf(1.633164178394171)
Testing logNormal[M=-4.788391247030194 S=8.844049105040503].pdf(1.5379507283276952)
Testing logNormal[M=3.785818066668659 S=5.7759142569350805].pdf(1.7838386381012867)
Testing logNormal[M=3.7504403910955784 S=5.990016398494319].pdf(1.491514313216987)
Testing logNormal[M=1.1592019272216856 S=7.78175464591452].pdf(1.8297646980079159)
Testing logNormal[M=-4.256265968594693 S=4.854913921998683].pdf(0.23199050985793232)
Testing logNormal[M=-0.5171471256579405 S=0.3476922542425742].pdf(2.0719488733873317)
Testing logNormal[M=4.043060529767141 S=7.171115786471443].pdf(1.9311642139926286)
Testing logNormal[M=1.6078312627098645 S=5.660523720435219].pdf(2.20885950680884)
Testing logNormal[M=4.182950118466982 S=8.35933926716567].pdf(2.12797596039726)
Testing logNormal[M=-2.122431262024472 S=2.9779602807147763].pdf(2.1950421135340004)
Testing logNormal[M=4.333287193199109 S=3.5289619728020414].pdf(0.5819339795970003)
Testing logNormal[M=1.5107146949943173 S=6.788753020608327].pdf(0.6740530203272004)
Testing logNormal[M=-0.21175800620712515 S=6.892453696473966].pdf(0.9953127639660669)
Testing logNormal[M=3.629596093648221 S=9.9557151862303].pdf(2.162775741606523)
Testing logNormal[M=2.87183298445062 S=7.406250967465018].pdf(2.1341587012227903)
Testing logNormal[M=0.9472972015112227 S=4.410162084856375].pdf(1.7822727333625852)
Testing logNormal[M=-0.0981332298675941 S=6.976645696624701].pdf(1.0695015279795785)
Testing logNormal[M=-2.7041743442845467 S=2.5119078377761084].pdf(0.0627947105813332)
Testing logNormal[M=3.5296744348845372 S=0.3786686890263724].pdf(0.6398945974784712)
Testing logNormal[M=-3.158227607568066 S=0.7343152475802206].pdf(1.2282525534748647)
Testing logNormal[M=-0.8896396754364364 S=6.397371696180275].pdf(2.074438134636631)
Testing logNormal[M=-4.772386395888 S=2.478360208302063].pdf(1.200840905676715)
Testing logNormal[M=4.5431436964317555 S=8.651716091040306].pdf(0.38810621818471375)
Testing logNormal[M=-4.608369230220585 S=7.272497343025151].pdf(1.9076922873640483)
Testing logNormal[M=0.9697031638858666 S=3.5316577983996456].pdf(2.224055609972603)
Testing logNormal[M=-1.7957557795302117 S=2.7801813227692462].pdf(1.8984913703298771)
Testing logNormal[M=0.8322392800178315 S=1.030505771334158].pdf(2.178765403813504)
Testing logNormal[M=-3.222374331747324 S=9.203900079634725].pdf(1.5489104988491593)
Testing logNormal[M=-4.18789346531765 S=1.650550578660841].pdf(0.652429232708852)
Testing logNormal[M=-1.3625897633738528 S=7.45615096232786].pdf(0.31596177354784477)
Testing logNormal[M=-2.825563674438488 S=6.119640833236634].pdf(1.8826254214279905)
Testing logNormal[M=3.7442551601569605 S=5.067490849953344].pdf(1.6564417875076318)
Testing logNormal[M=-4.362705016259035 S=2.5382786988181962].pdf(0.9465107620270022)
Testing logNormal[M=-4.485533731944659 S=9.062978895888001].pdf(1.9010908741888257)
Testing logNormal[M=3.279531681866297 S=7.468962485664374].pdf(1.607824425118075)
Testing logNormal[M=-1.688837366351402 S=2.557310549423024].pdf(1.0031399963661063)
Testing logNormal[M=0.6731261885377791 S=3.9180229899858787].pdf(1.5971710445972753)
Testing logNormal[M=-1.8515594145708802 S=7.967866015587192].pdf(2.2275186751876235)
Testing logNormal[M=3.216809853848737 S=1.23096426928063].pdf(1.6842492787015888)
Testing logNormal[M=-2.7070766263209647 S=2.3017649753370186].pdf(1.278670017005582)
Testing logNormal[M=3.707479218543625 S=9.199532155613642].pdf(1.3105960576142197)
Testing logNormal[M=-0.3945892153533235 S=1.0223708732912218].pdf(2.0524151391560346)
Testing logNormal[M=4.7413737177384245 S=1.8201346913749672].pdf(2.013838048828945)
Testing logNormal[M=-0.08039328379004829 S=2.36739787411023].pdf(0.45636265977632234)
Testing logNormal[M=-3.837821593228692 S=9.24734571325745].pdf(0.769058666477758)
Testing logNormal[M=-0.8659065553415637 S=8.103808139365116].pdf(0.2278854547377205)
Testing logNormal[M=3.389556840377953 S=3.0067965542132336].pdf(1.6029303390622307)
Testing logNormal[M=4.016655801715643 S=5.820607200349906].pdf(1.353899329200129)
Testing logNormal[M=-4.431094746355312 S=5.9861438593148675].pdf(2.211436602561433)
Testing logNormal[M=2.3086787838224083 S=7.910080004173797].pdf(1.8001035312192366)
Testing logNormal[M=1.7665863248664877 S=5.5003479476587245].pdf(1.5831590825348372)
Testing logNormal[M=2.1106528932071296 S=9.417070141741933].pdf(1.7304762894029186)
Testing logNormal[M=2.9364186583307728 S=6.300664737792063].pdf(1.7199316403281044)
Testing logNormal[M=3.363248855543363 S=4.564089672859797].pdf(1.5920234836081193)
Testing logNormal[M=2.064818586978383 S=4.112849377726078].pdf(2.1331161936847782)
Testing logNormal[M=1.3523525397645209 S=7.458541039773337].pdf(2.128318299910765)
Testing logNormal[M=-0.5232484740062393 S=8.387307660278722].pdf(1.9905167628207678)
Testing logNormal[M=-0.34079817560783 S=4.658725426953614].pdf(2.272123248360538)
Testing logNormal[M=-0.25024749552525183 S=0.32644245027778074].pdf(1.385422618929539)
Testing logNormal[M=4.268258797790001 S=6.828945402388501].pdf(2.1854242912583164)
Testing logNormal[M=1.4240656749237814 S=6.506579945612342].pdf(1.17206216792256)
Testing logNormal[M=-4.855181502095015 S=3.072105008686299].pdf(2.219385200944012)
Testing logNormal[M=4.735928168524165 S=9.058989104115602].pdf(0.26075029236548547)
Testing logNormal[M=-4.848320924346203 S=3.119276509121316].pdf(2.0385630813169953)
Testing logNormal[M=3.9559977834900764 S=7.313213500319237].pdf(2.1421011490965896)
Testing logNormal[M=-0.9142591909321336 S=2.112393651382616].pdf(1.3040827401773898)
Testing logNormal[M=-2.760643628517654 S=0.9064198927475298].pdf(1.5910520041688012)
Testing logNormal[M=2.622010639956639 S=2.6049305305197623].pdf(0.4866679181278261)
Testing logNormal[M=3.2319715411514665 S=0.14631800310282772].pdf(2.0914298791912405)
Testing logNormal[M=-2.629471240233341 S=1.0805567239325087].pdf(2.121866023733231)
Testing logNormal[M=2.478780586509737 S=9.155994737792273].pdf(1.3135611736496198)
Testing logNormal[M=-1.6019155148561213 S=0.7063846278837738].pdf(2.214605939180757)
Testing logNormal[M=-3.0443709653645312 S=7.354471672847468].pdf(1.8887258926148185)
Testing logNormal[M=-0.1999934153750802 S=6.027824311009815].pdf(1.3114350221305389)
Testing logNormal[M=0.5410531534089138 S=7.668900088706953].pdf(1.876038134668816)
Testing logNormal[M=-4.391289568457795 S=6.937634408647877].pdf(2.192454076491545)
Testing logNormal[M=0.6853875553564448 S=0.35552017950762904].pdf(0.8442971795882519)
Testing logNormal[M=-1.0700547555941995 S=3.278535048957333].pdf(2.2726100161201255)
Testing logNormal[M=-0.7858501506740581 S=3.7945733624800915].pdf(2.0825582766997504)
Testing logNormal[M=0.7179623982860104 S=6.091179624317532].pdf(0.8300593502452396)
Testing logNormal[M=3.6891775520353907 S=5.988130727129982].pdf(2.235845525210955)
Testing logNormal[M=0.7768416666749856 S=6.580906732577686].pdf(1.938121368246634)
Testing logNormal[M=-3.1336522859568614 S=7.796117450543073].pdf(1.9885176161109823)
Testing logNormal[M=-0.7676525101059264 S=5.778457035737599].pdf(2.161153652097293)
Testing logNormal[M=-1.7414978240122156 S=9.414477588712018].pdf(1.0176605295775114)
Testing logNormal[M=3.045314757643773 S=5.2801283696020604].pdf(2.293408465137366)
Testing logNormal[M=4.3857774507152545 S=6.018036101938567].pdf(2.2191424422245016)
Testing logNormal[M=4.4506173724391385 S=1.3693502528769907].pdf(2.061304440116988)
Testing logNormal[M=1.757807201788271 S=3.734306470704908].pdf(0.5464427046528588)
Testing logNormal[M=-0.5168564427742153 S=1.426845685010183].pdf(1.9990962383695376)
Testing logNormal[M=-1.6954697371292315 S=3.292237433357479].pdf(2.2972570573928595)
Testing logNormal[M=2.45318136472791 S=9.3904672411303].pdf(2.251593743001794)
Testing logNormal[M=-3.0389054374008517 S=7.828848073049426].pdf(0.9789320821874189)
Testing logNormal[M=-3.0579546446235173 S=8.666795846515722].pdf(1.9204712939233675)
Testing logNormal[M=-2.851092483532839 S=4.346262154500479].pdf(1.9063941870156917)
Testing logNormal[M=-0.3170448487120936 S=6.0485010313015355].pdf(1.9589897638630882)
Testing logNormal[M=4.31431931764728 S=1.995569683086137].pdf(1.586517017822839)
Testing logNormal[M=4.31145962934364 S=1.239077822244704].pdf(2.2327291671302176)
Testing logNormal[M=2.110165385770949 S=5.3583099611624245].pdf(1.2315400794862206)
Testing logNormal[M=-4.367413652095845 S=8.74325733317712].pdf(1.803139342880834)
Testing logNormal[M=1.5831979012673152 S=0.34478768689532036].pdf(2.1916661335866707)
Testing logNormal[M=-0.5276079536727254 S=5.429666910145476].pdf(0.6593680349541008)
Testing logNormal[M=3.446536823855695 S=6.098396752728048].pdf(1.2553912686711755)
Testing logNormal[M=2.385957502836476 S=9.927075358445821].pdf(1.9198859687381147)
Testing logNormal[M=-3.041089191758802 S=3.1887038029420225].pdf(0.48590732363688266)
Testing logNormal[M=-2.5659955059996706 S=8.253623904157703].pdf(0.46804138319413063)
Testing logNormal[M=-3.261209814154997 S=8.012581104539155].pdf(1.1517835898680837)
Testing logNormal[M=4.857620743988827 S=6.461790126857121].pdf(2.242119770549861)
Testing logNormal[M=-3.9299324087585785 S=5.119651925994939].pdf(1.9271135144949216)
Testing logNormal[M=0.05079856470484945 S=5.650816269868111].pdf(0.8280098438712322)
Testing logNormal[M=2.8648886277434666 S=6.171280261698757].pdf(1.7266784146744316)
Testing logNormal[M=2.2912909408670092 S=5.438741942143958].pdf(2.169651147549657)
Testing logNormal[M=-0.6355363301954808 S=1.3036159583671025].pdf(1.6960387832026589)
Testing logNormal[M=-1.4472591317003802 S=0.4339552372006472].pdf(1.4957058677354635)
Testing logNormal[M=4.826379006607226 S=1.8069684012192555].pdf(2.233333897105751)
Testing logNormal[M=1.5370221919664049 S=8.029270700438676].pdf(2.291635121266907)
Testing logNormal[M=4.891479017951482 S=2.4903761814794887].pdf(1.8156656374193838)
Testing logNormal[M=-4.66279207118617 S=1.1366834153289407].pdf(1.9113317893548463)
Testing logNormal[M=2.4339353906682035 S=3.264457177996145].pdf(1.58837877679892)
Testing logNormal[M=2.8309257225178976 S=5.138023497436217].pdf(1.3126517969452522)
Testing logNormal[M=1.1983408551289951 S=7.446060686837851].pdf(0.7194567988362534)
Testing logNormal[M=-3.849126779070038 S=7.871553055490065].pdf(2.1997720118753015)
Testing logNormal[M=4.309845402555508 S=4.709762952362439].pdf(1.9773064750119487)
Testing logNormal[M=1.2776634359086678 S=9.442766710446092].pdf(1.1469848639422673)
Testing logNormal[M=3.187685267518214 S=5.890354646664485].pdf(2.117305565141143)
Testing logNormal[M=-4.823273731268234 S=7.538906593761525].pdf(0.31023827118846387)
Testing logNormal[M=1.0582786138457614 S=5.31650916330507].pdf(2.2810858058291363)
Testing logNormal[M=0.6895541396122784 S=5.033403226254476].pdf(2.0756176132692907)
Testing logNormal[M=-3.2291051999087292 S=2.067118747602202].pdf(1.1482941485404372)
Testing logNormal[M=1.2788191552984944 S=4.35291146270297].pdf(1.9673410138647753)
Testing logNormal[M=-1.5351351887584084 S=7.620910938498802].pdf(1.8336444106138683)
Testing logNormal[M=3.6851009858689494 S=7.525926912215516].pdf(0.1881909686514573)
Testing logNormal[M=2.4902686003551473 S=8.130064999153705].pdf(1.8861918925024286)
Testing logNormal[M=3.6287706713211527 S=8.758290500904502].pdf(2.0661908925276564)
Testing logNormal[M=2.3746934877558337 S=2.434972387969693].pdf(2.237045526049514)
Testing logNormal[M=-0.9341158948854229 S=4.717293563287174].pdf(1.8906484649693964)
Testing logNormal[M=-3.1550291131560804 S=2.411236354601053].pdf(1.7690175233629106)
Testing logNormal[M=4.767505663918708 S=2.4651742869988547].pdf(1.2480377020069633)
Testing logNormal[M=4.5625419326904275 S=0.3107241548138717].pdf(1.2889747684428339)
Testing logNormal[M=-4.800672869503483 S=1.5285108061199426].pdf(1.9339833693198327)
Testing logNormal[M=4.375348182288892 S=6.730999941177927].pdf(0.2906497596442118)
Testing logNormal[M=-2.1912397110005366 S=8.519459011999881].pdf(1.1361514399384411)
Testing logNormal[M=-1.759339638812052 S=7.221732514832185].pdf(1.9571416347547725)
Testing logNormal[M=-4.349647768750689 S=8.732407380713246].pdf(1.5791838610550006)
Testing logNormal[M=0.021059977748835834 S=3.483881677806596].pdf(0.5468844176223351)
Testing logNormal[M=2.631094427894501 S=6.767664957314775].pdf(1.6947877881336728)
Testing logNormal[M=1.1064475299620185 S=6.881025933399167].pdf(0.21971651690723434)
Testing logNormal[M=4.002518169477177 S=3.056802446497602].pdf(2.161203974631441)
Testing logNormal[M=-0.11175839999690496 S=2.0551512394982243].pdf(2.153196686667701)
Testing logNormal[M=-2.130534479807861 S=4.016413318779772].pdf(2.1258334608942593)
Testing logNormal[M=-1.9649320142614801 S=2.972268209683888].pdf(2.2955060559830605)
Testing logNormal[M=-3.986831225863537 S=3.7377329314220087].pdf(1.4783560423811213)
Testing logNormal[M=0.2431760287890281 S=9.563673991240544].pdf(2.2078584689264553)
Testing logNormal[M=-2.2040317753936733 S=8.405625932828181].pdf(1.4919968911318018)
Testing logNormal[M=-2.4007933891527165 S=6.105960120156169].pdf(2.0679181910810636)
Testing logNormal[M=-1.3131850272502712 S=4.4953660448608606].pdf(2.1369072175146875)
Testing logNormal[M=2.396277964747009 S=5.880091610598598].pdf(2.3011272361108728)
Testing logNormal[M=-4.140010760703725 S=2.756324886246948].pdf(1.76970639723945)
Testing logNormal[M=2.001068736759475 S=3.9572136124008717].pdf(1.9435866093093357)
Testing logNormal[M=-4.866230686076264 S=7.162284790402783].pdf(2.2203115660019606)
Testing logNormal[M=-4.48722441279786 S=6.8141098547132355].pdf(1.9350148278695012)
Testing logNormal[M=-1.0332454338395705 S=0.20395186048373648].pdf(1.2409754063502862)
Testing logNormal[M=4.881871328379088 S=7.9152612436235295].pdf(1.9405405793184456)
Testing logNormal[M=-2.35183768587109 S=9.639962634846835].pdf(1.2004712485363205)
Testing logNormal[M=1.8657389931587272 S=7.9827537454179955].pdf(0.7156398543889421)
Testing logNormal[M=0.2641624742775859 S=2.6080187091865636].pdf(1.0442893079980065)
Testing logNormal[M=0.5177172503955774 S=1.7813279686029715].pdf(2.180219830516844)
Testing logNormal[M=0.8840617429923139 S=3.3639000558183483].pdf(2.0872403448773906)
Testing logNormal[M=-2.126990765759481 S=3.4493184074448258].pdf(1.0178679453955821)
Testing logNormal[M=-4.783154717969805 S=8.423644138565162].pdf(1.280390510561638)
Testing logNormal[M=-3.469243324101907 S=3.2576914902852883].pdf(2.1313394290116614)
Testing logNormal[M=-2.378621215183112 S=4.934622406202437].pdf(2.04479037582663)
Testing logNormal[M=3.412225335690028 S=4.373891195556949].pdf(1.6054172127156896)
Testing logNormal[M=-1.9179237469356734 S=8.029844904962108].pdf(2.1974182119107404)
Testing logNormal[M=1.499807243283481 S=6.7764022129124655].pdf(1.7108212435229815)
Testing logNormal[M=1.0725558320147215 S=5.159947014008476].pdf(2.2583959984356747)
Testing logNormal[M=3.508186829148375 S=3.3723855424665206].pdf(2.0933447924276614)
Testing logNormal[M=2.5069819829115625 S=0.026797632911464975].pdf(1.5321601305508772)
Testing logNormal[M=-4.694400480657518 S=5.023695172685024].pdf(1.7762194465956946)
Testing logNormal[M=-1.4977483058672894 S=2.3442273719866167].pdf(2.22295068106383)
Testing logNormal[M=1.7750275453244786 S=2.078436722063348].pdf(0.2345751254993908)
Testing logNormal[M=2.812050545439501 S=4.121995251123241].pdf(0.12045025317675351)
Testing logNormal[M=-0.10060147996587965 S=5.513774266389456].pdf(1.052697544531632)
Testing logNormal[M=-0.5621230227228029 S=9.143240899928923].pdf(2.097236635919283)
Testing logNormal[M=-3.870101439767958 S=0.38772718197781386].pdf(0.553723468470779)
Testing logNormal[M=1.2011029547935594 S=3.612845359359995].pdf(1.718872670811052)
Testing logNormal[M=-0.32559491586666134 S=9.048549283155298].pdf(1.0892771666818426)
Testing logNormal[M=4.168701845088538 S=3.6427771439561587].pdf(1.8272116758374275)
Testing logNormal[M=0.12094891153214249 S=8.743101511901685].pdf(2.0078107341666804)
Testing logNormal[M=3.278007771927685 S=8.388707474996437].pdf(0.8785043354594393)
Testing logNormal[M=-0.748224688056566 S=0.3836648065228965].pdf(1.5084825732500164)
Testing logNormal[M=1.7085494293589543 S=2.7328299298170853].pdf(1.9337588741886365)
Testing logNormal[M=-1.731995058029392 S=9.69979838305951].pdf(1.4266879330799624)
Testing logNormal[M=1.4989293385166782 S=8.467071890921932].pdf(2.1590246914397544)
Testing logNormal[M=1.0857304601117317 S=9.070085728250746].pdf(0.7047904577863532)
Testing logNormal[M=-2.1934796431151393 S=7.771024918804118].pdf(1.9182309380705749)
Testing logNormal[M=-4.02012687594628 S=3.4605083524707867].pdf(0.0162067587259739)
Testing logNormal[M=1.5547054815526087 S=9.897883427677906].pdf(0.9314026687373268)
Testing logNormal[M=4.861980949431651 S=3.8529557893962507].pdf(1.7478740512739606)
Testing logNormal[M=3.9896176704111763 S=1.7051353598336672].pdf(2.2878719455428924)
Testing logNormal[M=3.6543091014649534 S=7.122252590254571].pdf(2.25452321635215)
Testing logNormal[M=2.7531280732713075 S=0.5935890673621702].pdf(1.9951458665556556)
Testing logNormal[M=1.048542690100028 S=2.9240078484048326].pdf(1.4120730514658064)
Testing logNormal[M=-0.6306500292198987 S=8.632715586867887].pdf(2.0713633988697073)
Testing logNormal[M=2.980034429164914 S=1.9977303070538899].pdf(2.266907212216373)
Testing logNormal[M=2.5345750932061737 S=0.7545087438975073].pdf(0.461748491280137)
Testing logNormal[M=2.890818458790436 S=9.501708387917237].pdf(1.1355531609984622)
Testing logNormal[M=-1.2670701194072755 S=0.15984221443532287].pdf(2.0020750364554534)
Testing logNormal[M=0.040492231020461844 S=6.8893012388664685].pdf(0.22213360604619012)
Testing logNormal[M=-1.0831214064308572 S=4.16587666082393].pdf(1.0641800433238588)
Testing logNormal[M=3.8118352929058403 S=6.819219733138415].pdf(0.2935746808883204)
Testing logNormal[M=-4.215931906483677 S=0.7249767405532803].pdf(1.5330258450220524)
Testing logNormal[M=0.9183427211129382 S=3.682872223587461].pdf(2.0183025186312644)
Testing logNormal[M=3.5096354592757386 S=4.437589769509952].pdf(2.1313836470923437)
Testing logNormal[M=3.4577232419395525 S=3.629499145863415].pdf(1.1648865369029684)
Testing logNormal[M=0.21010010421856773 S=7.5115724414152485].pdf(2.278833573622791)
Testing logNormal[M=-0.8876166356291479 S=3.758401925229411].pdf(1.7853305268075261)
Testing logNormal[M=0.8628090340028738 S=5.697093838070173].pdf(1.4927326307193225)
Testing logNormal[M=4.355004774071482 S=2.1319178730331623].pdf(1.8310149399387612)
Testing logNormal[M=0.8369910183563158 S=2.4149709751482638].pdf(1.9247930631707917)
Testing logNormal[M=1.5483897664949131 S=1.6011825379489653].pdf(1.2279396593461374)
Testing logNormal[M=1.765422148155408 S=7.695803570133334].pdf(2.023141069412036)
Testing logNormal[M=-1.4325670217645605 S=9.11246674646588].pdf(0.7656573071279602)
Testing logNormal[M=-2.7808798123540415 S=6.683212401099202].pdf(0.40819464965536284)
Testing logNormal[M=3.2571748025672473 S=4.616615692253326].pdf(1.5444506918738408)
Testing logNormal[M=2.136937865114243 S=9.834923937758049].pdf(2.2472678431532636)
Testing logNormal[M=4.899005780318985 S=5.416246578088009].pdf(1.7867111160202593)
Testing logNormal[M=4.657390719864173 S=7.207984909968982].pdf(1.8156941314101902)
Testing logNormal[M=-3.13144640679584 S=4.354867933245976].pdf(0.27505129214845336)
Testing logNormal[M=-4.929891772555724 S=0.7869197557392349].pdf(0.795609917708254)
Testing logNormal[M=-1.1120813394410356 S=5.688062097303059].pdf(0.809798515271349)
Testing logNormal[M=-1.1829220801365938 S=0.5531509825202985].pdf(1.1079461671603286)
Testing logNormal[M=3.035565574234436 S=0.5234075025265827].pdf(2.2952569801592575)
Testing logNormal[M=-4.058659324485881 S=0.2360360415724938].pdf(2.2573559407389356)
Testing logNormal[M=0.5625520324432953 S=9.97111128476438].pdf(0.277851729515429)
Testing logNormal[M=1.1594173534186396 S=6.639004458760906].pdf(1.377825968650103)
Testing logNormal[M=2.5320892252779554 S=2.81314837736263].pdf(0.5450560088428108)
Testing logNormal[M=3.5115733892112964 S=8.195168791049925].pdf(2.231701314095247)
Testing logNormal[M=3.8991501467766856 S=4.332915690559625].pdf(2.1838296487408746)
Testing logNormal[M=4.0101125412519 S=6.042505107783609].pdf(1.6028048768734362)
Testing logNormal[M=-0.24087095676441717 S=1.5707305442164632].pdf(2.2965908626457905)
Testing logNormal[M=-4.025561886246721 S=8.358971723751251].pdf(0.971889946811008)
Testing logNormal[M=-1.996747048916998 S=8.498989986734527].pdf(0.8789238880400159)
Testing logNormal[M=-4.680452882217448 S=1.0421858216699764].pdf(0.49620230246030766)
Testing logNormal[M=-4.938457023227626 S=9.767452317374769].pdf(1.9186995140082643)
Testing logNormal[M=2.081028814142849 S=4.380500001263796].pdf(2.0107060986099428)
Testing logNormal[M=-4.632237043356387 S=5.0295401163983575].pdf(1.9056789222603185)
Testing logNormal[M=3.6780416272526786 S=6.200271909714164].pdf(2.2055224934101627)
Testing logNormal[M=-3.3245236724143004 S=0.8633399493547544].pdf(1.8422294835405235)
Testing logNormal[M=-3.133655584213707 S=0.2359002915128361].pdf(0.4213653698294319)
Testing logNormal[M=2.735743613262633 S=4.667337606240226].pdf(2.0963729663418085)
Testing logNormal[M=-2.332650967167784 S=4.932934508212946].pdf(1.5163905957258639)
Testing logNormal[M=0.45902919710206547 S=5.632125568748916].pdf(2.2525564375841722)
Testing logNormal[M=0.550658001272696 S=6.804803836012866].pdf(1.5121031497142043)
Testing logNormal[M=1.5844980100652863 S=7.738674957293279].pdf(0.6039197392608091)
Testing logNormal[M=-4.491491284045335 S=6.136120121567563].pdf(1.0153300343653537)
Testing logNormal[M=0.6441586600462657 S=0.5652430838579647].pdf(0.5065846099390677)
Testing logNormal[M=-4.235891258671886 S=3.5081327636730086].pdf(1.886826343493233)
Testing logNormal[M=-2.7479649078475177 S=0.5214478457707761].pdf(1.6546414577091708)
Testing logNormal[M=-1.5766108092598174 S=9.328938950300833].pdf(1.7290913347707069)
Testing logNormal[M=-0.5338258549147392 S=8.06205846126572].pdf(2.2937188441712046)
Testing logNormal[M=-0.9911829325359731 S=5.683484392658897].pdf(1.6400344841335834)
Testing logNormal[M=-1.7902089256129927 S=9.689301302994467].pdf(2.146540398704758)
Testing logNormal[M=-3.257652484865962 S=1.6937468131033961].pdf(2.282140514302221)
Testing logNormal[M=3.100544844509715 S=8.598492914152724].pdf(1.1191438754125989)
Testing logNormal[M=2.2319442561605456 S=1.2072165071413687].pdf(1.106994416082389)
Testing logNormal[M=-3.0558044928080905 S=1.22855984368753].pdf(1.607418432267128)
Testing logNormal[M=-1.1296092308485806 S=3.9736679098023178].pdf(1.9742773579705746)
Testing logNormal[M=-3.167206661655472 S=7.176657109083507].pdf(1.0256269902218265)
Testing logNormal[M=-1.1883107234794887 S=9.814858910502458].pdf(1.2213174936742643)
Testing logNormal[M=0.7147653518651147 S=6.96501981145253].pdf(1.4720633261556906)
Testing logNormal[M=0.48779971831177527 S=9.245232339106188].pdf(2.185211060518193)
Testing logNormal[M=-1.0318632678192339 S=1.6613302909791428].pdf(1.0191753727138053)
Testing logNormal[M=-4.6642876828388715 S=5.876843426176892].pdf(1.9808595714803243)
Testing logNormal[M=-2.1970261271488956 S=9.742104432959335].pdf(1.992075547224998)
Testing logNormal[M=-1.441063898290663 S=3.0840489235250756].pdf(1.2511202261786682)
Testing logNormal[M=-0.36603642701338845 S=2.5076691954205965].pdf(2.298559460785831)
Testing logNormal[M=-4.654531464567144 S=4.5483528525499475].pdf(1.3831723880456137)
Testing logNormal[M=4.259266460577088 S=7.865567544133333].pdf(0.060501649617682084)
Testing logNormal[M=4.251213054246314 S=0.5531628944218359].pdf(1.534773497386448)
Testing logNormal[M=1.2723837109642933 S=6.547764314605531].pdf(2.217519232258788)
Testing logNormal[M=-4.522894322320558 S=0.9218770598723558].pdf(1.107829695037398)
Testing logNormal[M=4.851435050102356 S=8.936134202140334].pdf(1.891381725854427)
Testing logNormal[M=2.1635410904832666 S=5.71148274217494].pdf(2.2472484405561888)
Testing logNormal[M=-4.2703620049002255 S=0.0298915559997337].pdf(2.069900945207864)
Testing logNormal[M=-2.4850043825593957 S=5.94226709548588].pdf(0.8725965473107666)
Testing logNormal[M=4.257083082705899 S=8.310085268102728].pdf(1.3454224200404818)
Testing logNormal[M=4.6689552372255125 S=0.5746244771434161].pdf(2.2874517884518837)
Testing logNormal[M=-4.026575868734026 S=5.021712378596782].pdf(0.97562236860183)
Testing logNormal[M=0.8924975645844846 S=4.142826997608495].pdf(0.9744185080750729)
Testing logNormal[M=3.307414530728259 S=9.173516127161193].pdf(2.180691787413147)
Testing logNormal[M=0.46719388696317665 S=9.85436849054018].pdf(0.4459325176767924)
Testing logNormal[M=4.402003303324257 S=8.41443094510847].pdf(2.271137986339632)
Testing logNormal[M=3.476814994057202 S=0.5433628779399258].pdf(2.0678350445642533)
Testing logNormal[M=1.5736707627859374 S=4.217468035008874].pdf(1.8990340891076556)
Testing logNormal[M=-2.643428812326224 S=5.087374294482389].pdf(0.16828694398377697)
Testing logNormal[M=-4.936034585771751 S=7.710171555884148].pdf(1.7428146805587708)
Testing logNormal[M=3.8623710205856927 S=1.8124105323697137].pdf(1.451278068612552)
Testing logNormal[M=-3.9405446340053665 S=4.746970932162979].pdf(0.596240866114507)
Testing logNormal[M=-2.647160028808103 S=0.3793429420174277].pdf(0.17349102247335985)
Testing logNormal[M=-1.1281409310872457 S=1.6736935600931424].pdf(0.40856090059970557)
Testing logNormal[M=3.4738173600823554 S=9.304364842929507].pdf(1.4616989987178386)
Testing logNormal[M=3.3914501141441438 S=6.590598408701497].pdf(2.0480778053258755)
Testing logNormal[M=-2.678450352052738 S=8.585342952148302].pdf(1.698919405328841)
Testing logNormal[M=-1.7717352742222503 S=0.42131798522131114].pdf(1.5009118128928087)
Testing logNormal[M=4.66153609856549 S=1.2383762246687224].pdf(1.2609937597302965)
Testing logNormal[M=-1.821806601981062 S=0.1575425116465956].pdf(1.929630679835518)
Testing logNormal[M=4.621752240837804 S=8.358740569737847].pdf(0.7828155942876687)
Testing logNormal[M=-1.9855870817035104 S=9.037561606211522].pdf(2.162826071050959)
Testing logNormal[M=-1.6387114128535938 S=5.331695091748708].pdf(0.5540051648033554)
Testing logNormal[M=-2.2840494070580264 S=9.158945241062487].pdf(1.7944753460345786)
Testing logNormal[M=-0.27919866853874176 S=5.555068596896308].pdf(0.9124785935059212)
Testing logNormal[M=-2.4423505759921547 S=2.0769118297347133].pdf(2.1919685300056715)
Testing logNormal[M=-2.355231131380987 S=5.94065961159605].pdf(1.0448205035834568)
Testing logNormal[M=-0.28387598904130673 S=5.352708706298958].pdf(2.0366180732580803)
Testing logNormal[M=0.9348544549559579 S=6.91556449126273].pdf(1.9191745125726964)
Testing logNormal[M=3.6687733606606336 S=9.061613521440378].pdf(1.3815000107139026)
Testing logNormal[M=-1.7345263355445173 S=3.704236258093212].pdf(2.058374293626441)
Testing logNormal[M=-4.001808446845998 S=9.179800125724103].pdf(1.0052633000123732)
Testing logNormal[M=-1.7789242559408658 S=8.762873148599406].pdf(2.215957483637883)
Testing logNormal[M=3.39899730755028 S=9.1200767792312].pdf(0.02584701409517096)
Testing logNormal[M=0.6390889241548692 S=7.395754823043028].pdf(2.1850576475812913)
Testing logNormal[M=-4.635806186497742 S=2.2922631864922547].pdf(2.1474120656403275)
Testing logNormal[M=-0.865189050580847 S=7.415665749981699].pdf(2.281626003462812)
Testing logNormal[M=-1.1995032602126177 S=9.978423361980688].pdf(2.103357826867055)
Testing logNormal[M=-0.786821208258381 S=2.9558260278671025].pdf(2.2596104747077455)
Testing logNormal[M=0.85795237579112 S=2.928601650067024].pdf(1.705366796191121)
Testing logNormal[M=-4.878805794019612 S=6.521775993715151].pdf(1.513823421760532)
Testing logNormal[M=0.08792677700437679 S=8.697034489532548].pdf(1.7890093794127704)
Testing logNormal[M=3.3412977336590153 S=7.864666135436591].pdf(1.27289356400104)
Testing logNormal[M=-0.8905367662703068 S=3.0765126667471154].pdf(1.8644010622612976)
Testing logNormal[M=-0.6253320965122615 S=6.650897342490434].pdf(1.7101573569569959)
Testing logNormal[M=-1.7262305892824568 S=6.424038250936245].pdf(0.3074329259864461)
Testing logNormal[M=-3.260117360684407 S=7.944764366378724].pdf(0.9269224724479617)
Testing logNormal[M=1.2202310628276951 S=1.7010011895559696].pdf(1.3735491261232249)
Testing logNormal[M=4.863705036076354 S=5.161526257741718].pdf(0.7755040969168225)
Testing logNormal[M=-4.570091593001129 S=7.278399529559703].pdf(1.5876229744398864)
Testing logNormal[M=-0.18670677835581273 S=3.874057541323659].pdf(2.178888312636242)
Testing logNormal[M=1.6405362328011766 S=8.591547399139689].pdf(1.539146146884499)
Testing logNormal[M=-2.9629746092222007 S=8.849773252276636].pdf(1.9449100224313876)
Testing logNormal[M=-1.0698759780298825 S=9.921991800985715].pdf(2.22950738389161)
Testing logNormal[M=2.92839880005502 S=8.056640323528232].pdf(2.071017964818303)
Testing logNormal[M=-4.5533127756996015 S=6.275695619546687].pdf(1.5201331881488536)
Testing logNormal[M=3.418688326389832 S=8.801896534393373].pdf(2.1427648691645484)
Testing logNormal[M=-0.3827606144216036 S=1.5889912117027005].pdf(1.6779477535521021)
Testing logNormal[M=3.2912347412096565 S=4.460539585233158].pdf(1.6545602034651747)
Testing logNormal[M=0.9728688778122141 S=1.680659387224075].pdf(1.8203611693679305)
Testing logNormal[M=0.24843822839020824 S=0.11563635831677854].pdf(1.8431826741308839)
Testing logNormal[M=4.566978122770669 S=1.9875753261962459].pdf(1.3793101145961622)
Testing logNormal[M=0.2641475244389202 S=3.0704831291382217].pdf(0.939569830711497)
Testing logNormal[M=2.47676477304974 S=7.748466374906011].pdf(2.2137186366598796)
Testing logNormal[M=-0.16223639859985717 S=2.799801461265583].pdf(1.7439914758141386)
Testing logNormal[M=1.4480787003950812 S=0.7515712338148328].pdf(1.6413253893764224)
Testing logNormal[M=2.601504263462032 S=8.555413786168893].pdf(1.2701711537076144)
Testing logNormal[M=-1.6003104251582432 S=4.537184018740268].pdf(1.9652273924617738)
Testing logNormal[M=-1.5366531589462875 S=8.777103142851107].pdf(1.6608823336214484)
Testing logNormal[M=-2.6287200489554117 S=9.443626880648466].pdf(0.7311497378827606)
Testing logNormal[M=-0.4553314924547758 S=9.624275333091015].pdf(2.200676556440608)
Testing logNormal[M=-2.069479942923953 S=9.08665541693251].pdf(2.191864849318202)
Testing logNormal[M=2.475770204115477 S=0.22193137502989568].pdf(2.0156323373922826)
Testing logNormal[M=-0.47656349777295137 S=7.013138161272488].pdf(2.2341711416646355)
Testing logNormal[M=-1.478319432482861 S=9.394254749286354].pdf(2.0318087498472823)
Testing logNormal[M=0.5315077494533682 S=9.122603636381358].pdf(1.814600491500577)
Testing logNormal[M=0.746717713146503 S=5.7348151869417165].pdf(2.1934814210304)
Testing logNormal[M=4.788215448020194 S=6.3566085644706485].pdf(1.818806924491217)
Testing logNormal[M=-4.162536449671929 S=1.2416825483801652].pdf(1.883644521335487)
Testing logNormal[M=-1.6476073605183417 S=1.6463131235139894].pdf(1.523435486835209)
Testing logNormal[M=4.011856263924647 S=1.733023759721124].pdf(1.6556704376473594)
Testing logNormal[M=-2.595271578430298 S=9.820303555183377].pdf(2.2433364127906983)
Testing logNormal[M=0.29752255926138993 S=1.5492339152435919].pdf(1.778213994107021)
Testing logNormal[M=3.2176173705178854 S=6.171298542185602].pdf(0.8427030358589709)
Testing logNormal[M=-1.302310697647738 S=2.5142699686741876].pdf(2.2884556611603397)
Testing logNormal[M=-3.239140399143743 S=0.4679467632772616].pdf(0.4013933712778078)
Testing logNormal[M=0.30051177885146796 S=6.661837081861889].pdf(1.9017646655433542)
Testing logNormal[M=-0.85257661432804 S=2.322862868308435].pdf(1.729144488962037)
Testing logNormal[M=3.697615134505126 S=7.078834203299306].pdf(2.135134465217631)
Testing logNormal[M=-4.725257507395787 S=6.198494324835382].pdf(2.2553992517726273)
Testing logNormal[M=-3.9008727999056827 S=4.36118975227533].pdf(2.082010837105954)
Testing logNormal[M=1.9819754762907769 S=2.3952290628842867].pdf(1.3710581424909842)
Testing logNormal[M=-3.1161789178598465 S=8.952151971502843].pdf(1.324169168929817)
Testing logNormal[M=-1.377768854636019 S=1.056828943025745].pdf(2.2931089319050364)
Testing logNormal[M=-4.2711551142303215 S=1.7122882707614795].pdf(2.0055483460870076)
Testing logNormal[M=0.25456598197507585 S=6.3700791888755095].pdf(1.7622589057216003)
Testing logNormal[M=3.1395298072209386 S=0.9516066963436309].pdf(0.8814102499990724)
Testing logNormal[M=-1.3669462478097372 S=2.6805656300877025].pdf(0.22126418621990246)
Testing logNormal[M=1.678768108654678 S=4.187986355505151].pdf(0.6206004430715611)
Testing logNormal[M=-4.041926143831845 S=7.642130364427765].pdf(1.7843500395814904)
Testing logNormal[M=4.137203428589229 S=5.599342056364398].pdf(1.044836066026282)
Testing logNormal[M=-0.32515732576673084 S=6.565916080457683].pdf(1.9839509262450956)
Testing logNormal[M=-2.3556911821721584 S=0.7334333406260907].pdf(2.1746732820736434)
Testing logNormal[M=-4.102107503140898 S=9.739152432162237].pdf(1.0348057222747964)
Testing logNormal[M=-0.18880302701703844 S=4.508453106457045].pdf(1.7917663333192198)
Testing logNormal[M=-4.135576170213838 S=0.24363832711175037].pdf(2.1182990245438655)
Testing logNormal[M=-0.8720667831663533 S=4.032648724007225].pdf(2.1424257311569175)
Testing logNormal[M=-4.886218602352597 S=9.445020229484564].pdf(2.1719690464741923)
Testing logNormal[M=-0.01146927419554622 S=0.9271114522454493].pdf(1.3644601726005374)
Testing logNormal[M=1.0350857681323653 S=4.835960154860418].pdf(1.1709622581356358)
Testing logNormal[M=-2.7329140959625575 S=9.644056567633857].pdf(1.7495427576379694)
Testing logNormal[M=1.6273697591111667 S=4.9239072518728575].pdf(1.7781128677667106)
Testing logNormal[M=-3.5253118697343844 S=0.2779717624554734].pdf(1.5848564287512952)
Testing logNormal[M=-1.834580195346569 S=7.371654985664358].pdf(2.0654780781244226)
Testing logNormal[M=-2.3482300154586024 S=2.834080642186838].pdf(1.3936445334378333)
Testing logNormal[M=0.6357599690784372 S=7.34249336275062].pdf(0.9854212666481954)
Testing logNormal[M=1.3236054099058308 S=2.0795200686554205].pdf(1.9539853078779994)
Testing logNormal[M=-2.482845594354438 S=9.470191289666516].pdf(1.293370869055634)
Testing logNormal[M=-4.678680308181175 S=3.803423063543836].pdf(0.05955568441375274)
Testing logNormal[M=1.7423910192190046 S=4.0848456145596925].pdf(1.511070865094246)
Testing logNormal[M=-4.337182681622527 S=2.1854722172211973].pdf(2.1001914638336174)
Testing logNormal[M=4.25648203368959 S=0.35810302284154605].pdf(1.8117953850049526)
Testing logNormal[M=1.434644013959561 S=0.4392524151514099].pdf(1.968969797324945)
Testing logNormal[M=-3.4270349448039807 S=1.7470271302414364].pdf(1.8056117923703068)
Testing logNormal[M=-2.0795111447334005 S=9.784887121507088].pdf(2.2311260014814995)
Testing logNormal[M=0.5423724390019231 S=4.740892644787245].pdf(2.2588600632043776)
Testing logNormal[M=3.8097966621260646 S=8.710462489686387].pdf(1.1080772668662235)
Testing logNormal[M=2.353378459093973 S=6.613892688779975].pdf(2.085375824837816)
Testing logNormal[M=-3.751349764187389 S=2.95183853037865].pdf(1.6713792678683794)
Testing logNormal[M=3.9045305567571873 S=2.2101512023389134].pdf(1.7143776848524612)
Testing logNormal[M=1.7575107793308877 S=0.7780794878230324].pdf(1.7307509086559967)
Testing logNormal[M=1.3705888487107671 S=6.585441175290327].pdf(2.0496464368366327)
Testing logNormal[M=4.930780497694343 S=9.203351885055145].pdf(2.2375628916082193)
Testing logNormal[M=0.8108093834635985 S=3.803915441152684].pdf(2.0258253079228314)
Testing logNormal[M=4.491443744387297 S=9.531577126877785].pdf(0.19342516224460604)
Testing logNormal[M=4.874889306257359 S=5.138049309584782].pdf(1.859384292479303)
Testing logNormal[M=-4.6822942436151616 S=5.005459145323718].pdf(0.31756866484429297)
Testing logNormal[M=-2.300400003285427 S=3.863806901027899].pdf(1.494396639101218)
Testing logNormal[M=2.23638856673716 S=3.0719157577414635].pdf(2.2492551537712835)
Testing logNormal[M=-4.372015646597917 S=8.385045546554942].pdf(2.2210623513544516)
Testing logNormal[M=-1.2913447175910253 S=6.770982584133993].pdf(1.8828316074768288)
Testing logNormal[M=-1.6386422043232152 S=2.1864544144815556].pdf(1.9030324160972327)
Testing logNormal[M=4.535121835667441 S=6.080067088737973].pdf(2.288745408170235)
Testing logNormal[M=-0.18428869020773675 S=7.789508704502216].pdf(1.3950346024843514)
Testing logNormal[M=0.023683445295628047 S=8.49895662410406].pdf(1.768608865985738)
Testing logNormal[M=0.8322791275672561 S=5.389468841508588].pdf(2.0607698992146295)
Testing logNormal[M=2.712773533624352 S=1.4959540730532517].pdf(0.8208132559302539)
Testing logNormal[M=4.630061523693669 S=2.8697007849327605].pdf(1.633591149628812)
Testing logNormal[M=4.569276303810314 S=4.699825217661414].pdf(1.0583117112058182)
Testing logNormal[M=-1.1705887255034506 S=9.752126890874251].pdf(0.8031218464950397)
Testing logNormal[M=3.5685473633194054 S=4.395173431067647].pdf(1.5056250645988354)
Testing logNormal[M=-1.290156283393873 S=0.7978025753434759].pdf(1.6292772389401398)
Testing logNormal[M=-2.4488105408555496 S=5.426890526781728].pdf(1.2160305158579494)
Testing logNormal[M=-4.559305600129864 S=1.5021787734725156].pdf(1.721522500740267)
Testing logNormal[M=2.007879101476883 S=3.003095695574064].pdf(2.201096180947758)
Testing logNormal[M=2.1349234903673704 S=1.3675005025463005].pdf(2.0951235134224353)
Testing logNormal[M=-1.1354992768300534 S=3.65653222092834].pdf(1.160404821312824)
Testing logNormal[M=-3.4422663097876716 S=4.180383281826467].pdf(1.494176528216276)
Testing logNormal[M=1.6955231307408543 S=1.5444847691938524].pdf(1.9005773181740908)
Testing logNormal[M=2.262901479471312 S=9.662751429850502].pdf(1.7857982845506846)
Testing logNormal[M=-1.9781867263470687 S=9.361808209027195].pdf(2.205070620641439)
Testing logNormal[M=-1.4822743737350552 S=3.7514010543185505].pdf(1.948169968101311)
Testing logNormal[M=3.6198153179151333 S=9.847691214294903].pdf(0.9178219182548176)
Testing logNormal[M=0.026691642485441314 S=0.01610912995010705].pdf(1.6504229903016243)
Testing logNormal[M=-1.0465587386591513 S=4.626304383837674].pdf(1.2964409291590164)
Testing logNormal[M=-4.731892938830385 S=8.274456294517659].pdf(1.6446267657536309)
Testing logNormal[M=-2.198572039135346 S=6.2356371787354234].pdf(0.9275594077798021)
Testing logNormal[M=-0.5836278410791271 S=5.446300037337678].pdf(1.991065235390741)
Testing logNormal[M=-1.3809488660130507 S=7.830843492308018].pdf(1.4581002608447065)
Testing logNormal[M=-2.6805478385504466 S=3.8883229974452216].pdf(2.257829991667737)
Testing logNormal[M=2.947055960642854 S=8.05851011294709].pdf(2.180001237322993)
Testing logNormal[M=-3.7328206474097145 S=8.273228088117454].pdf(0.6292983302358126)
Testing logNormal[M=1.1845152077881957 S=7.571499693241264].pdf(1.6070044835863744)
Testing logNormal[M=3.3394908192041157 S=5.654607891967206].pdf(2.074060913411682)
Testing logNormal[M=-4.32871895397911 S=8.325048495730039].pdf(1.753183991144744)
Testing logNormal[M=3.099607555123441 S=5.948541861480314].pdf(1.6262665123538225)
Testing logNormal[M=2.039672321857422 S=5.769882053070044].pdf(2.1024690158916757)
Testing logNormal[M=-2.3620661464388384 S=5.441347196759604].pdf(1.796627159935083)
Testing logNormal[M=1.9729106681171347 S=7.292827834795961].pdf(2.2454845015525655)
Testing logNormal[M=-1.6159539770424116 S=9.98463626101924].pdf(1.9282633662651771)
Testing logNormal[M=4.238564845386152 S=0.5096109204598609].pdf(2.0053879995527284)
Testing logNormal[M=-1.3583497949936674 S=7.013031249125343].pdf(1.8512466974997812)
Testing logNormal[M=-2.2836297792357674 S=4.4269410236695155].pdf(2.108735229611963)
Testing logNormal[M=-2.935302450749254 S=1.7447273508963412].pdf(0.8437842706483352)
Testing logNormal[M=3.168730210677836 S=4.183760710655701].pdf(0.9808518112606388)
Testing logNormal[M=-4.832679667031295 S=1.978421885123104].pdf(0.8179615234500925)
Testing logNormal[M=1.2277376321220483 S=2.634850253630602].pdf(2.2039905011708227)
Testing logNormal[M=0.07894626991763509 S=7.143667097863712].pdf(1.6193850819275102)
Testing logNormal[M=-2.351897162832093 S=7.022137992550216].pdf(1.2712143834990248)
Testing logNormal[M=-1.3472491835643963 S=0.22762641954770402].pdf(1.802395866819736)
Testing logNormal[M=-4.836247126339099 S=6.020761660840314].pdf(2.1463727570707096)
Testing logNormal[M=-1.2454984956753714 S=7.783539078286305].pdf(2.29795921960888)
Testing logNormal[M=-0.7199276523212284 S=9.219966211681847].pdf(1.4461902449161053)
Testing logNormal[M=4.905094592996637 S=5.434305016059989].pdf(2.0167765901797607)
Testing logNormal[M=4.810634496654153 S=4.074861731505984].pdf(2.0929432540102555)
Testing logNormal[M=-0.8882150566903935 S=1.0056458911178778].pdf(2.1601064362058)
Testing logNormal[M=-2.9379260802888565 S=1.005209847823172].pdf(2.0992844518545692)
Testing logNormal[M=-0.7977196068651473 S=4.84936113904345].pdf(1.629916604851729)
Testing logNormal[M=-1.9884891647524716 S=3.781347790045446].pdf(1.518618199216168)
Testing logNormal[M=-1.556713478731513 S=5.056560010051011].pdf(1.1807389858096196)
Testing logNormal[M=-1.8165080781202536 S=6.304833367348984].pdf(1.199400022923985)
Testing logNormal[M=0.9004790151477362 S=8.268256083544138].pdf(1.652513481328632)
Testing logNormal[M=-0.24862018943172082 S=7.564296418489535].pdf(1.8877043439208987)
Testing logNormal[M=-4.21883608082577 S=1.383299180706642].pdf(1.7223797764478859)
Testing logNormal[M=3.9209498598069423 S=0.5329268181218683].pdf(0.8472334752690925)
Testing logNormal[M=2.747738917150766 S=5.574210113666764].pdf(1.9592318025783995)
Testing logNormal[M=4.598380593287846 S=7.761871192026387].pdf(1.4118591935151181)
Testing logNormal[M=-4.563288332632331 S=0.9144951633812759].pdf(2.2558727142261477)
Testing logNormal[M=-0.8263126223753705 S=2.0724792408869197].pdf(1.989257840592678)
Testing logNormal[M=-1.1404005832329012 S=5.083256096074309].pdf(2.28726441712884)
Testing logNormal[M=0.0824523127289476 S=2.5009741467019064].pdf(2.2920905093767283)
Testing logNormal[M=-1.6228116396964678 S=9.836702734323183].pdf(2.2463078478623735)
Testing logNormal[M=-2.7861386933342747 S=1.7379047443154638].pdf(2.169325909491121)
Testing logNormal[M=3.0384955477368827 S=2.5160886128943325].pdf(2.156390658478239)
Testing logNormal[M=-0.42174730472315325 S=3.291281669939324].pdf(1.4964045014659408)
Testing logNormal[M=-3.2635652854373074 S=1.9617860420340583].pdf(1.5687477650014012)
Testing logNormal[M=-4.599741468363399 S=5.902000424685603].pdf(2.1657693161101528)
Testing logNormal[M=-2.7077485869256357 S=0.5584236459803593].pdf(1.2221352630544335)
Testing logNormal[M=-0.023620678293168496 S=7.42602682094507].pdf(1.7800979093317728)
Testing logNormal[M=2.7111334131427984 S=2.1625811117425133].pdf(0.7902332712575281)
Testing logNormal[M=-2.7229981303901365 S=8.217658377437711].pdf(1.8664044458463425)
Testing logNormal[M=-3.911501576021786 S=1.7494536621048284].pdf(1.640136747138854)
Testing logNormal[M=1.8609320003460503 S=2.4327007263084455].pdf(1.9905492019546478)
Testing logNormal[M=2.629171648725457 S=8.965402447314753].pdf(2.160835635225103)
Testing logNormal[M=-2.328018800794821 S=4.922420563632986].pdf(0.7595036117224104)
Testing logNormal[M=1.4331359467414542 S=4.715200391363204].pdf(1.1018750212000716)
Testing logNormal[M=-4.794323348953693 S=9.269706865866949].pdf(1.1110387094279448)
Testing logNormal[M=0.1299886393971308 S=5.897542539718437].pdf(0.555700463794961)
Testing logNormal[M=4.0904753087628265 S=5.067120709293169].pdf(1.5450062919563552)
Testing logNormal[M=-0.8945957507834299 S=7.3912612720245].pdf(2.258973777587064)
Testing logNormal[M=3.3980619260574674 S=4.509334577305908].pdf(1.953606522556894)
Testing logNormal[M=1.4558202044152937 S=5.3592830574924015].pdf(1.5183157857579241)
Testing logNormal[M=3.5200290077686454 S=9.82558348435366].pdf(1.143118177007035)
Testing logNormal[M=-3.5136339453169283 S=2.902780595874892].pdf(1.7229884622939657)
Testing logNormal[M=-4.611113205315018 S=3.7350646323863312].pdf(1.9883458040156552)
Testing logNormal[M=-0.930267030716486 S=3.2846595483967853].pdf(0.4615522301562372)
Testing logNormal[M=2.0571259741286854 S=1.8839120744977278].pdf(1.1181760472887647)
Testing logNormal[M=-0.2501419693791931 S=0.4748136020034044].pdf(2.1163093641733295)
Testing logNormal[M=2.7891315178288174 S=4.085744772648448].pdf(1.250291275895224)
Testing logNormal[M=0.8569931239480724 S=5.643545873617194].pdf(1.7288216694861294)
Testing logNormal[M=-2.0906832410275342 S=5.009696555796105].pdf(0.2977941679705529)
Testing logNormal[M=-2.582043864540239 S=6.979911543970719].pdf(1.2580828204008756)
Testing logNormal[M=4.597513122292948 S=1.1080478877850497].pdf(1.773933898814021)
Testing logNormal[M=2.0360682599054947 S=9.166555722639236].pdf(2.299624651712699)
Testing logNormal[M=3.96937744863121 S=7.88182066009278].pdf(1.2218763535537442)
Testing logNormal[M=-2.2039403267516624 S=5.735137854700845].pdf(2.0931303151703085)
Testing logNormal[M=1.5641870383445369 S=0.5268451090607396].pdf(1.7438017101160406)
Testing logNormal[M=0.6109689752288343 S=4.250294743558883].pdf(2.1005878684656043)
Testing logNormal[M=4.532524017833328 S=6.679520228717695].pdf(0.6837846885078697)
Testing logNormal[M=0.7445809446677316 S=2.1331321268995582].pdf(2.016984967228094)
Testing logNormal[M=-4.882398101623901 S=6.9156722795291214].pdf(1.822859109797483)
Testing logNormal[M=-0.42138368730307363 S=4.327651001126726].pdf(0.5975852318964497)
Testing logNormal[M=4.235100205520517 S=1.1953816827411778].pdf(1.9298212112131083)
Testing logNormal[M=-3.6347246727300195 S=3.6762665861656774].pdf(1.942038022217995)
Testing logNormal[M=1.1817626647397166 S=3.207017228992266].pdf(1.8222500617137705)
Testing logNormal[M=3.476539511570783 S=5.042173641845746].pdf(2.2277564059088735)
Testing logNormal[M=-4.068403107639938 S=5.273175912960943].pdf(1.8209742895205858)
Testing logNormal[M=4.778588709807366 S=0.2506238697285579].pdf(2.177057181203412)
Testing logNormal[M=2.286900106699708 S=3.671769947538661].pdf(1.373573943492641)
Testing logNormal[M=0.42389399266609207 S=7.611991898920433].pdf(1.1956038477452149)
Testing logNormal[M=-2.353705022172987 S=9.884731992248838].pdf(2.300151220066404)
Testing logNormal[M=-1.5012152384553912 S=2.625936748851181].pdf(0.11398305173549453)
Testing logNormal[M=-1.5249930945604309 S=5.286603987552415].pdf(1.161277047959808)
Testing logNormal[M=-3.2361444841205502 S=1.9866521659108827].pdf(1.5548060746239096)
Testing logNormal[M=-4.762081807090866 S=0.40458528370471036].pdf(1.0960011523398565)
Testing logNormal[M=4.023733197951245 S=2.31698951279793].pdf(0.8302309259256911)
Testing logNormal[M=4.417699206091324 S=6.909850768712098].pdf(1.4326623121302127)
Testing logNormal[M=0.9893575556266327 S=5.1987813275674535].pdf(1.717868093026083)
Testing logNormal[M=-2.7250344868894527 S=9.20638974214286].pdf(0.5692384213060333)
Testing logNormal[M=-1.6790001915823827 S=5.3669425490184794].pdf(2.2769173375030856)
Testing logNormal[M=-3.096683786518345 S=0.2270856628024842].pdf(1.2399251007470233)
Testing logNormal[M=4.550964739885513 S=9.933625895921631].pdf(1.361334512264757)
Testing logNormal[M=0.19577585361339622 S=3.634464915516027].pdf(1.0355220293169556)
Testing logNormal[M=4.479951913300761 S=1.354310643415163].pdf(1.7078399728418878)
Testing logNormal[M=-2.2655549189698174 S=0.06878243142215967].pdf(1.911213275772368)
Testing logNormal[M=-2.935546358784026 S=3.4530904921848626].pdf(2.0452744643694083)
Testing logNormal[M=-0.1045277399974438 S=4.143431962991886].pdf(0.3088243948454825)
Testing logNormal[M=-2.2194427067360967 S=5.127671809660365].pdf(1.5989551025694475)
Testing logNormal[M=-2.5499409296722986 S=4.969754682000188].pdf(1.0457438701516368)
Testing logNormal[M=-4.885935611381188 S=1.2854219574787662].pdf(1.1765210069026317)
Testing logNormal[M=1.549940228360275 S=8.328805207132238].pdf(1.4697952706647368)
Testing logNormal[M=-0.975480016915431 S=6.267093232824489].pdf(2.173433371175307)
Testing logNormal[M=3.244996403333026 S=1.1409959022003968].pdf(0.08919851120582076)
Testing logNormal[M=4.00661575137814 S=0.028801232371765684].pdf(1.0423347155293037)
Testing logNormal[M=4.287212228753976 S=9.094030856972102].pdf(1.296689588403802)
Testing logNormal[M=2.378628700054576 S=1.2768277445021048].pdf(1.7735815271394606)
Testing logNormal[M=4.467588639160695 S=0.7893585209816578].pdf(1.334905534450242)
Testing logNormal[M=-3.3123566072078714 S=1.6136400516970117].pdf(0.7881521213773804)
Testing logNormal[M=-0.6932867987841664 S=9.51475968861057].pdf(0.4335997357006129)
Testing logNormal[M=1.0987290005656627 S=7.7464789872979285].pdf(0.922800251383367)
Testing logNormal[M=-1.5178935904054014 S=8.23769705632316].pdf(1.7407163403155037)
Testing logNormal[M=-0.37847203815802466 S=6.21134689688041].pdf(1.3576315365414566)
Testing logNormal[M=-1.6423922131535038 S=9.348953388345429].pdf(1.0984186288387967)
Testing logNormal[M=-1.355997067476984 S=3.3018101735350145].pdf(2.0355662586735686)
Testing logNormal[M=-2.7621870612186052 S=7.327627317245835].pdf(2.0494362486791955)
Testing logNormal[M=-4.659228178452412 S=7.8732541995616].pdf(1.7491464339363283)
Testing logNormal[M=1.46230375246917 S=7.940057244120981].pdf(0.9871689638277296)
Testing logNormal[M=-1.4361832315462997 S=3.091298137591507].pdf(0.2955163684381884)
Testing logNormal[M=-1.2943227617827335 S=1.452671810139402].pdf(0.2676035826136009)
Testing logNormal[M=2.788786917225271 S=9.165287837337106].pdf(2.2941828799229915)
Testing logNormal[M=3.2468920432440207 S=6.961392787274794].pdf(1.9462767973380941)
Testing logNormal[M=-3.046326932158884 S=8.791725883198549].pdf(0.916754155627389)
Testing logNormal[M=-4.427384411206324 S=0.5964303333889254].pdf(0.7891204489552809)
Testing logNormal[M=-2.752330827910713 S=4.885320865653091].pdf(1.1875262076586834)
Testing logNormal[M=-0.44887680791697004 S=2.583334614041086].pdf(1.569950275296547)
Testing logNormal[M=-3.366097970876943 S=6.285303133933393].pdf(0.752359779587296)
Testing logNormal[M=-4.925253009289503 S=0.26861606085573864].pdf(1.8175639283844873)
Testing logNormal[M=0.7080018447904202 S=8.88796348040434].pdf(1.9816820142295313)
Testing logNormal[M=-3.471366645093974 S=9.98793664785821].pdf(1.718730594798504)
Testing logNormal[M=1.3687388450065265 S=1.3450491405117193].pdf(1.9996190618262881)
Testing logNormal[M=-0.5531126837425981 S=0.051683260580194235].pdf(2.146639464604022)
Testing logNormal[M=2.193331752931737 S=9.382657846148106].pdf(1.3279108156820871)
Testing logNormal[M=-2.4931557307578203 S=4.590714173963876].pdf(0.9768485984447617)
Testing logNormal[M=2.5221162256623213 S=2.329115013729779].pdf(1.9261015033750308)
Testing logNormal[M=-3.696054209896319 S=0.08951019683179462].pdf(0.10578481040980908)
Testing logNormal[M=0.42251200770928854 S=7.233083756847334].pdf(1.8204240920153385)
Testing logNormal[M=0.14377841453467077 S=5.060755014687926].pdf(2.2225600012665976)
Testing logNormal[M=-0.4544761314217993 S=2.6702464362822456].pdf(1.0353881118151322)
Testing logNormal[M=1.8432727609367303 S=1.909491279451353].pdf(2.2240218454546263)
Testing logNormal[M=1.5024630805442012 S=9.913035711078507].pdf(2.256662244874896)
Testing logNormal[M=-3.0811693509363103 S=2.7676200032846774].pdf(0.2764463649441861)
Testing logNormal[M=2.4371905777025473 S=0.4850679745022213].pdf(2.269035903384511)
Testing logNormal[M=2.091598869355213 S=7.075524906171889].pdf(1.5854757892382183)
Testing logNormal[M=0.05093622582970703 S=0.46542070553867276].pdf(2.263288476009069)
Testing logNormal[M=-2.3952921700154004 S=6.76154874123616].pdf(2.1275198192055966)
Testing logNormal[M=0.503685395976313 S=7.780268743658634].pdf(1.060647766216608)
Testing logNormal[M=0.9602462286992175 S=6.983398178114286].pdf(1.4753038600814194)
Testing logNormal[M=3.587342485968694 S=8.173981980251934].pdf(1.4863534202428024)
Testing logNormal[M=-4.725988039969435 S=5.006894047833233].pdf(1.1360777312907642)
Testing logNormal[M=-4.6172766882114225 S=3.396715031013937].pdf(2.079958958989216)
Testing logNormal[M=0.01093409683527291 S=5.258964584800948].pdf(1.6673996167151548)
Testing logNormal[M=3.528470185957225 S=7.449247935576091].pdf(1.6927225344519041)
Testing logNormal[M=3.53118987612935 S=3.162137697972044].pdf(0.14041306625497418)
Testing logNormal[M=-2.7740475258231934 S=4.907657394474574].pdf(2.1690353128013586)
Testing logNormal[M=-3.9617390519679474 S=3.986029460973286].pdf(1.8553453764312313)
Testing logNormal[M=0.975240194400433 S=8.228008944817892].pdf(2.26259922165868)
Testing logNormal[M=-3.43790134061238 S=1.6783727604447596].pdf(1.6970548008288775)
Testing logNormal[M=-4.944934863058155 S=8.083743451096254].pdf(2.2201631013643155)
Testing logNormal[M=-0.28273294538229266 S=1.9601551644939996].pdf(2.288930804083928)
Testing logNormal[M=-3.1263537143004116 S=4.855662219475336].pdf(2.1271372250890996)
Testing logNormal[M=1.5721533966272094 S=1.152084735176887].pdf(0.1336027302589837)
Testing logNormal[M=0.8807421750118669 S=0.15776681148110927].pdf(2.2773036710213437)
Testing logNormal[M=-4.438199484406862 S=6.191384954427428].pdf(2.2954892971444982)
Testing logNormal[M=3.9031010164348583 S=8.455046732304645].pdf(1.2536949019294994)
Testing logNormal[M=-4.982710529893954 S=2.2369187936608292].pdf(2.116056047815881)
Testing logNormal[M=1.5957910635769803 S=0.7930293256217336].pdf(0.9457663669394066)
Testing logNormal[M=-2.6986395003479613 S=5.235076448353056].pdf(2.1141343673844344)
Testing logNormal[M=1.8870221688240916 S=6.664536010678104].pdf(1.4651689347328645)
Testing logNormal[M=-3.522948838845644 S=0.7210661161019072].pdf(2.0867383175280487)
Testing logNormal[M=3.881087706388527 S=5.449598745339034].pdf(1.548071620385661)
Testing logNormal[M=1.3204982350493335 S=8.213306463516389].pdf(2.037786759284097)
Testing logNormal[M=-0.42637719159201737 S=9.686481279331826].pdf(1.604664722654444)
Testing logNormal[M=-3.5294064910372622 S=2.1115264616554175].pdf(1.8937268184975298)
Testing logNormal[M=4.276649744518107 S=2.090296637131801].pdf(0.8707811123550997)
Testing logNormal[M=-3.6958578498050567 S=0.4014963030793939].pdf(1.5084131754106684)
Testing logNormal[M=-1.628969036021215 S=9.133170575403597].pdf(2.263481001352831)
Testing logNormal[M=-0.7751579918779345 S=5.64769624724069].pdf(1.4663541052851268)
Testing logNormal[M=-2.8493852765148517 S=9.507655032867902].pdf(1.8728456950480972)
Testing logNormal[M=-0.00629888932685585 S=8.078000302974381].pdf(1.9690256692884625)
Testing logNormal[M=-3.6679916062873694 S=3.01571330308278].pdf(2.1988893675658665)
Testing logNormal[M=-1.8354183604006247 S=4.667042817857889].pdf(1.3213633285225128)
Testing logNormal[M=-1.2624211983886982 S=0.12880734726154253].pdf(0.3445069626414514)
Testing logNormal[M=2.6546860794325466 S=3.374736821634291].pdf(1.4562619685523799)
Testing logNormal[M=-0.06411422815452639 S=4.868779863683212].pdf(0.04867909008648773)
Testing logNormal[M=-3.828427354479386 S=1.3071692695168358].pdf(1.571858187943897)
Testing logNormal[M=-0.9570143281843757 S=4.281215445074249].pdf(1.7028969594861934)
Testing logNormal[M=-1.4542708069932155 S=1.1161743732329465].pdf(1.1542240657363922)
Testing logNormal[M=-1.3454492507035232 S=4.29949944930912].pdf(2.0975967971398757)
Testing logNormal[M=-4.268591311637193 S=9.308065582760523].pdf(1.2617891107544483)
Testing logNormal[M=-2.4348891637974743 S=1.220407824029519].pdf(1.9361703196848568)
Testing logNormal[M=-3.2630714793960323 S=0.2992161091155654].pdf(2.223772588781814)
Testing logNormal[M=-3.7784222611054363 S=3.8836051141680383].pdf(0.4582951960473557)
Testing logNormal[M=3.4559594512792575 S=1.8063708960048241].pdf(2.125229508072439)
Testing logNormal[M=2.150051272492969 S=9.102332431736718].pdf(0.0817697629732464)
Testing logNormal[M=3.768508091427856 S=2.548827611129357].pdf(2.0373333779627956)
Testing logNormal[M=4.910757987847372 S=3.6095398976780024].pdf(1.0684866766200232)
Testing logNormal[M=-0.27064730989474306 S=4.98157303075458].pdf(2.137090134512536)
Testing logNormal[M=4.16036489555829 S=0.8054661952516751].pdf(2.044570603663592)
Testing logNormal[M=-1.1537440440676838 S=0.9518858759775339].pdf(1.8254947111413067)
Testing logNormal[M=0.05833803274436811 S=1.5630225809854736].pdf(2.1603628691672965)
Testing logNormal[M=-1.8295115716796309 S=7.710090462798255].pdf(2.0420412257861)
Testing logNormal[M=0.9934361194048256 S=7.95434271664548].pdf(1.519703804237059)
Testing logNormal[M=1.6021101290802209 S=0.828987783657239].pdf(2.272946666172309)
Testing logNormal[M=3.511642263504875 S=6.271970096268587].pdf(2.0942635326544314)
Testing logNormal[M=0.5491257006103369 S=7.489033894167965].pdf(1.3390047921094486)
Testing logNormal[M=-0.35537018526915 S=2.973869879584].pdf(2.1850352382097906)
Testing logNormal[M=3.9951585618692658 S=2.2276282917755297].pdf(2.098547157344671)
Testing logNormal[M=1.6184633672144058 S=1.7233632356619366].pdf(1.1229027727019902)
Testing logNormal[M=-1.4147300079130054 S=3.7517590549540514].pdf(1.0990920342976946)
Testing logNormal[M=4.664386250491043 S=8.200669374242755].pdf(2.1422436863357883)
Testing logNormal[M=3.8787090104876505 S=7.522320659927884].pdf(1.163822548205607)
Testing logNormal[M=-3.0659437776909115 S=9.153759568566421].pdf(2.021979722900925)
Testing logNormal[M=0.9181161673348717 S=4.679489545073037].pdf(0.9361604697212194)
Testing logNormal[M=-4.26571462151799 S=6.0261343755988985].pdf(0.05639164618210244)
Testing logNormal[M=3.937114600403575 S=5.914127172210804].pdf(0.21526072243912095)
Testing logNormal[M=1.5069388692892396 S=2.1282115010500724].pdf(1.2234351399651142)
Testing logNormal[M=-4.88493695854595 S=6.765130447395088].pdf(1.673313590667296)
Testing logNormal[M=-2.4619707425359794 S=6.997542540082683].pdf(0.7655594433788703)
Testing logNormal[M=-0.23157552109556967 S=0.0368133607641008].pdf(0.4736277451153159)
Testing logNormal[M=-3.3558319966610908 S=8.546775470358542].pdf(2.096096431678808)
Testing logNormal[M=-4.0177658546541295 S=0.8744903150708849].pdf(1.9455475175165018)
Testing logNormal[M=0.22988252030631262 S=1.8753622376997103].pdf(1.6539854584965894)
Testing logNormal[M=-4.151758145779759 S=1.2691814940958956].pdf(0.8586462227280492)
Testing logNormal[M=0.38377027217064885 S=9.841361000766605].pdf(1.130991131002965)
Testing logNormal[M=1.1297093484483423 S=2.1836204753519817].pdf(2.1001627368387945)
Testing logNormal[M=4.654588082607569 S=1.8876405627954151].pdf(0.04486937009511207)
Testing logNormal[M=1.5811067618086323 S=9.01592431200286].pdf(1.6282083005131351)
Testing logNormal[M=-1.7816875016959708 S=7.059747492550489].pdf(0.6720534298151793)
Testing logNormal[M=-1.7978174653745302 S=0.07327157002212203].pdf(1.168985795002959)
Testing logNormal[M=-4.844784404806158 S=7.402239045642316].pdf(1.1186547562775142)
Testing logNormal[M=1.4827975900585315 S=5.871622777957145].pdf(2.092369605836)
Testing logNormal[M=1.0663953466975826 S=3.7993846984813997].pdf(1.6796446863525565)
Testing logNormal[M=-0.8569882949338927 S=4.470773724858505].pdf(1.9900327947198322)
Testing logNormal[M=0.29938777075926204 S=0.8396944103440107].pdf(2.224073148974355)
Testing logNormal[M=-1.1059240642601562 S=4.796074362036053].pdf(0.7232829533444755)
Testing logNormal[M=-2.4536545574813564 S=5.9483557868838535].pdf(0.6839505912152779)
Testing logNormal[M=-1.8093562348237913 S=7.931396162148777].pdf(1.7837951158567396)
Testing logNormal[M=2.639322287427315 S=0.6756441561376458].pdf(2.1284705898983844)
Testing logNormal[M=-4.806235459875423 S=4.713369256037331].pdf(0.29689841111737597)
Testing logNormal[M=-2.38135077439652 S=5.831618374347261].pdf(0.38981487143484966)
Testing logNormal[M=-1.710473550380195 S=6.1068959229745055].pdf(0.44370762814181436)
Testing logNormal[M=-1.6421531617103646 S=6.553207717093105].pdf(1.7703355207911755)
Testing logNormal[M=-4.817780531850696 S=5.479646357459348].pdf(2.2268175197604276)
Testing logNormal[M=-4.936656675336545 S=4.326409717536138].pdf(1.7320940323015332)
Testing logNormal[M=-3.5867286623005477 S=3.349465473675477].pdf(2.1145397213815076)
Testing logNormal[M=4.997076803183388 S=3.4535024571840998].pdf(1.0934648610610838)
Testing logNormal[M=-2.8924492570196136 S=7.146576740584884].pdf(1.5476117123502744)
Testing logNormal[M=-1.6846580448533102 S=2.20877783474291].pdf(1.0702275489753277)
Testing logNormal[M=3.382315314928036 S=5.0847012402365515].pdf(1.8833468538405358)
Testing logNormal[M=0.9080092484475681 S=4.66229919355302].pdf(0.41199211461192325)
Testing logNormal[M=4.882712274050435 S=4.869694003419243].pdf(0.4178943066919416)
Testing logNormal[M=-0.05373288335583126 S=2.4837973078341644].pdf(0.6175266111217428)
Testing logNormal[M=4.931811785336709 S=6.953835719472324].pdf(1.5154159210758205)
Testing logNormal[M=4.428391743348776 S=7.057723346511889].pdf(0.8695512093450849)
Testing logNormal[M=-4.30961815339556 S=9.326012533975051].pdf(1.9329315352938659)
Testing logNormal[M=-2.181689759689088 S=6.097003542464048].pdf(2.130670570252941)
Testing logNormal[M=-1.2070415397825842 S=5.42247912255316].pdf(2.1996624250337216)
Testing logNormal[M=1.7980577628367325 S=1.45064673289794].pdf(2.220719860809087)
Testing logNormal[M=-4.171309638163352 S=6.560857279634576].pdf(0.5099383791576249)
Testing logNormal[M=-3.610912900963333 S=7.149858752731228].pdf(1.7963594630907134)
Testing logNormal[M=3.4483586360947207 S=0.6611098715074648].pdf(0.7056976558142505)
Testing logNormal[M=1.287079587244797 S=9.215125959407667].pdf(1.7201404293714393)
Testing logNormal[M=4.262742168113057 S=7.734959883277867].pdf(1.8587246487039937)
Testing logNormal[M=-0.5673736359448078 S=8.211589710676114].pdf(0.7189696623286302)
Testing logNormal[M=0.14887403508114616 S=4.5587423899486765].pdf(2.1739352105278735)
Testing logNormal[M=-1.0260734403405039 S=0.6411671417506182].pdf(0.09448654117694387)
Testing logNormal[M=0.7911481857354863 S=2.1181880104725193].pdf(1.0833097214571705)
Testing logNormal[M=-4.479988631591546 S=8.261934289481664].pdf(1.6132034041818113)
Testing logNormal[M=4.066636499907322 S=3.8975633490921426].pdf(1.597282673013286)
Testing logNormal[M=-0.3328405176411797 S=7.816526944952723].pdf(2.131764247150556)
Testing logNormal[M=3.8057501539224035 S=2.3151975957862914].pdf(1.6754315653424394)
Testing logNormal[M=4.315140389354948 S=1.7952252164114257].pdf(0.9865915518171634)
Testing logNormal[M=1.4152318938006037 S=1.5036471932191653].pdf(2.289553010920781)
Testing logNormal[M=2.652916044683721 S=1.289563431746572].pdf(2.199645853481584)
Testing logNormal[M=-1.8717172845116394 S=5.697462631361448].pdf(2.0556890581596696)
Testing logNormal[M=-3.5016113514922997 S=0.535703437168249].pdf(1.2918404217836252)
Testing logNormal[M=3.4659179218706466 S=7.6160448201844595].pdf(1.5047840861717716)
Testing logNormal[M=-2.8817353944057245 S=2.2650201862362875].pdf(1.7019998837547756)
Testing logNormal[M=-4.6946413767044 S=8.276460152937267].pdf(2.0169062788343735)
Testing logNormal[M=3.640755604780418 S=1.7313325717450412].pdf(1.849894252263193)
Testing logNormal[M=0.07125264671754472 S=1.4447280980398935].pdf(1.4734555223269492)
Testing logNormal[M=0.23589031196929344 S=8.070103024947466].pdf(1.7237919262754926)
Testing logNormal[M=4.297362334114048 S=6.4346762114429525].pdf(2.2145953771669586)
Testing logNormal[M=-4.99531539346822 S=0.6932491335837809].pdf(1.7337642808698366)
Testing logNormal[M=-1.8496429561518504 S=6.104257379600523].pdf(2.2691383667192637)
Testing logNormal[M=3.5752301287602783 S=8.699259804775146].pdf(1.905018540338524)
Testing logNormal[M=2.096340389089354 S=2.8137978338163405].pdf(1.511187228674084)
Testing logNormal[M=3.865876129509335 S=1.0906321069852365].pdf(1.6141376426356921)
Testing logNormal[M=-1.1567358402666983 S=7.071895539361767].pdf(1.4135330136244613)
Testing logNormal[M=-3.358137988420784 S=0.9835736806700945].pdf(2.236566065866796)
Testing logNormal[M=-2.3823473320542785 S=0.3127461731384118].pdf(1.775157752487828)
Testing logNormal[M=2.974865502670215 S=8.313881325159663].pdf(1.9560259584263988)
Testing logNormal[M=-2.241342102541659 S=9.983949977904667].pdf(1.6240968684042316)
Testing logNormal[M=3.329526152630585 S=0.39178933865283705].pdf(2.2831002364185315)
Testing logNormal[M=0.21392257260155922 S=6.898913761462061].pdf(1.9895715863308945)
Testing logNormal[M=1.2525085247615735 S=6.567358634496029].pdf(1.8254357859591452)
Testing logNormal[M=-2.0606688199079235 S=3.042926191495121].pdf(1.992876652255925)
Testing logNormal[M=-3.7751387095657463 S=7.631302099677156].pdf(0.8824840296310644)
Testing logNormal[M=0.736431207292708 S=7.487751013151957].pdf(0.19759275055551676)
Testing logNormal[M=2.883913018631901 S=8.573091419500386].pdf(2.179303309525483)
Testing logNormal[M=4.833383963298957 S=6.765429019823774].pdf(1.570675974556938)
Testing logNormal[M=1.1659729028875452 S=9.693912256427499].pdf(1.087332955942691)
Testing logNormal[M=-2.488786690719953 S=3.7671983445655446].pdf(1.2608910064933252)
Testing logNormal[M=-4.963296727030835 S=9.937384660698163].pdf(1.4913823344621948)
Testing logNormal[M=4.408708836929918 S=7.808678426664438].pdf(1.8959204398169893)
Testing logNormal[M=-4.314375263460216 S=3.302950476485175].pdf(1.201812974449858)
Testing logNormal[M=-1.1621503526926826 S=5.526246535861445].pdf(0.977284675521878)
Testing logNormal[M=-3.777700736424636 S=6.218714732933989].pdf(0.14132404839563342)
Testing logNormal[M=1.772954084808057 S=1.1278724650895522].pdf(2.0778372708189665)
Testing logNormal[M=2.304211239535169 S=7.608749000059727].pdf(1.550572161461737)
Testing logNormal[M=-4.176460227549796 S=1.4737709150161427].pdf(0.5791842605109342)
Testing logNormal[M=3.485190878280367 S=8.869054238311909].pdf(2.1260611773369003)
Testing logNormal[M=-0.47587027161259066 S=1.8785817085671197].pdf(2.1316713337757833)
Testing logNormal[M=4.678629798363934 S=2.987253340187086].pdf(2.2981393843131914)
Testing logNormal[M=-3.004931535072145 S=6.766511408143263].pdf(1.688266967411829)
Testing logNormal[M=4.155384635603653 S=9.641690623473895].pdf(0.3432679262518651)
Testing logNormal[M=-2.2679661764017913 S=3.223803875545018].pdf(2.1234793605624143)
Testing logNormal[M=-4.406557506442141 S=6.453274987466882].pdf(1.2230953762320274)
Testing logNormal[M=2.965115345948642 S=4.104178648484705].pdf(2.1373335665112703)
Testing logNormal[M=4.930743246892957 S=3.2847123389263366].pdf(0.23355688202674932)
Testing logNormal[M=-1.4275274076834088 S=9.034097109664232].pdf(0.5873987245111713)
Testing logNormal[M=3.9012717345379446 S=3.967197708068826].pdf(1.4974231519622787)
Testing logNormal[M=4.916195513664622 S=4.817368144072406].pdf(1.9905429866564155)
Testing logNormal[M=2.4565720156132205 S=9.452355195068328].pdf(1.224349912232964)
Testing logNormal[M=4.98024487559192 S=8.936900512250588].pdf(1.131546741546718)
Testing logNormal[M=-3.1211160066510892 S=3.641798640442495].pdf(1.5382207783861095)
Testing logNormal[M=4.441418084833229 S=8.123460045718707].pdf(1.8229714625154028)
Testing logNormal[M=4.335886203892521 S=0.8389518711133803].pdf(2.276558088804092)
Testing logNormal[M=4.014298015517175 S=2.8365865013036986].pdf(1.4807219289704654)
Testing logNormal[M=-4.257365933977496 S=5.012138612070998].pdf(0.6937460223253296)
Testing logNormal[M=-3.879145987526927 S=2.318489458302566].pdf(1.2760077454172383)
Testing logNormal[M=4.312740043690136 S=5.196549311661779].pdf(1.0540936955004805)
Testing logNormal[M=4.104233682497275 S=5.943213485098216].pdf(1.7398710958998704)
Testing logNormal[M=3.232874297477082 S=0.03412916880670913].pdf(1.2554905770869669)
Testing logNormal[M=3.4026383412111763 S=2.5886695752552793].pdf(0.8846891342253417)
Testing logNormal[M=2.2559805451285815 S=2.885617192846012].pdf(1.5942112546767926)
Testing logNormal[M=-4.8121682417357805 S=4.746607291223821].pdf(1.80567290863063)
Testing logNormal[M=0.13714070476437534 S=7.793545264211609].pdf(1.2741167998511265)
Testing logNormal[M=-0.14888185536416287 S=1.429902397027999].pdf(1.7538372409505059)
Testing logNormal[M=-0.13299202126004595 S=5.976236672764742].pdf(2.290936955274174)
Testing logNormal[M=0.14404250568779453 S=6.38565345764849].pdf(1.9673498449708304)
Testing logNormal[M=2.1964136354812025 S=1.5337991058558986].pdf(1.72276013372857)
Testing logNormal[M=2.630419626413082 S=3.0324641010536735].pdf(2.194047263831554)
Testing logNormal[M=3.5035326667279953 S=7.623451060431433].pdf(2.0127403439810574)
Testing logNormal[M=-2.098305560017523 S=8.764391512860204].pdf(2.255858260110756)
Testing logNormal[M=2.521000242839511 S=7.04223103564122].pdf(1.1946084583001648)
Testing logNormal[M=-1.2743849495042436 S=4.55873050140749].pdf(2.033021370063993)
Testing logNormal[M=0.8137291429711482 S=2.2201930631032383].pdf(2.296791532108776)
Testing logNormal[M=2.7261336671173817 S=5.227210152398386].pdf(1.8533410382374809)
Testing logNormal[M=1.5267786297552943 S=3.447078748543616].pdf(0.21533706700101096)
Testing logNormal[M=-1.9444383968445402 S=0.9912290729298778].pdf(2.2060671160426844)
Testing logNormal[M=-4.1771322592208024 S=0.6993629565156967].pdf(2.2599636972823225)
Testing logNormal[M=2.5487190201861125 S=5.715919291717952].pdf(0.9394934190807407)
Testing logNormal[M=-3.244409321262661 S=0.41288559452087314].pdf(2.289224009427261)
Testing logNormal[M=-1.5441413467573928 S=6.636773059217036].pdf(2.279302021314784)
Testing logNormal[M=0.4057717711696043 S=0.023851606838372064].pdf(2.0082791018337653)
Testing logNormal[M=2.772264268124064 S=4.951038105259072].pdf(1.2442303354806403)
Testing logNormal[M=4.479551370843719 S=5.813863934888746].pdf(1.551334568984577)
Testing logNormal[M=0.7609365476041212 S=7.816714972204419].pdf(2.283332099960777)
Testing logNormal[M=-3.646382023108554 S=8.692465986407326].pdf(1.9922379240095018)
Testing logNormal[M=-2.3807976576840026 S=9.050177589150387].pdf(0.40614514450505235)
Testing logNormal[M=-0.6054977214892174 S=6.721187912644054].pdf(1.5360820670086197)
Testing logNormal[M=-2.853302985112788 S=2.429362052283505].pdf(1.7780074531304222)
Testing logNormal[M=1.3873777710772774 S=6.106348296122938].pdf(1.8965153640779049)
Testing logNormal[M=0.4516533884283369 S=4.124105920166302].pdf(2.013719493207284)
Testing logNormal[M=-4.533174096352987 S=9.256456991126072].pdf(1.9137720508781864)
Testing logNormal[M=2.490655874756868 S=3.714894297308998].pdf(1.7354943745303477)
Testing logNormal[M=-0.12923195251056807 S=8.956953311190073].pdf(1.6213843731574062)
Testing logNormal[M=-1.2570946490680468 S=3.408626543445531].pdf(2.172144993365637)
Testing logNormal[M=3.783760653294401 S=2.2445671733310792].pdf(2.0005996045654664)
Testing logNormal[M=3.459540932173546 S=3.488905633724917].pdf(1.6259126392074996)
Testing logNormal[M=-3.9133335372262037 S=6.79721395251843].pdf(2.1990305431608204)
Testing logNormal[M=3.0305513833507565 S=9.68754926956334].pdf(1.8646727196492623)
Testing logNormal[M=1.4246258417146427 S=2.567468314416682].pdf(1.3647735181465015)
Testing logNormal[M=3.4971085721335875 S=6.481425355837217].pdf(2.2448275021894015)
Testing logNormal[M=4.833501702246005 S=3.7664473799401077].pdf(1.3101733250517151)
Testing logNormal[M=2.149495447067869 S=4.6224096932986924].pdf(2.1937335392105566)
Testing logNormal[M=-1.9847031635484935 S=8.374611395388396].pdf(1.0352406959332388)
Testing logNormal[M=-0.8536189751548378 S=3.6141693409912987].pdf(2.118857557361914)
Testing logNormal[M=0.39767895627511596 S=7.767879022406461].pdf(0.9541316895279863)
Testing logNormal[M=-0.3824223160964717 S=4.899939858675436].pdf(1.4483539866434352)
Testing logNormal[M=-1.271094221845508 S=2.551130341803595].pdf(1.5729945264778866)
Testing logNormal[M=3.9678004227924397 S=4.8078601087167865].pdf(2.0285884581217943)
Testing logNormal[M=-2.607187728087964 S=3.9474002277722517].pdf(2.173079083175117)
Testing logNormal[M=-4.7121946107006165 S=8.018959664765424].pdf(1.953764598542048)
Testing logNormal[M=3.840626882074389 S=6.097548058604484].pdf(0.5544552786284612)
Testing logNormal[M=4.032447868315002 S=8.30207816237453].pdf(1.6241954423410305)
Testing logNormal[M=3.2882674922256303 S=3.718828121280975].pdf(1.9802228469746312)
Testing logNormal[M=-1.6481553908632938 S=8.136828233176265].pdf(1.1055949956094744)
Testing logNormal[M=-1.1920405630410427 S=0.46893671092277933].pdf(2.0960684846385855)
Testing logNormal[M=-0.6616705839995509 S=4.893957961896691].pdf(1.8757516982693168)
Testing logNormal[M=2.665257411538523 S=5.107707671504382].pdf(2.202390677020962)
Testing logNormal[M=-1.5942274645000754 S=6.288959710443684].pdf(0.16437729520296424)
Testing logNormal[M=1.6693513958231208 S=7.801542544536709].pdf(2.1399201490796242)
Testing logNormal[M=-4.632554107435702 S=6.978807974432108].pdf(2.2027107011261866)
Testing logNormal[M=0.3753773448581841 S=3.4309223745977393].pdf(2.00639811321775)
Testing logNormal[M=-3.449327079640756 S=2.1407438605817375].pdf(2.0998051797954447)
Testing logNormal[M=2.8674990703212018 S=9.742709342502815].pdf(2.1247834238815386)
Testing logNormal[M=2.2250709885016198 S=3.385471492820403].pdf(1.305758651486443)
Testing logNormal[M=-0.6979781799210016 S=4.103270281040469].pdf(1.7010746083041457)
Testing logNormal[M=1.7176182143930632 S=6.3486240743566].pdf(1.2948536552243464)
Testing logNormal[M=-0.8733763483151726 S=9.288091889753005].pdf(0.6474422423487448)
Testing logNormal[M=2.6981049569253726 S=3.4584133927008622].pdf(0.8575805452214423)
Testing logNormal[M=-1.8281702776687023 S=9.466366105947245].pdf(2.1417439366203044)
Testing logNormal[M=-1.8902701716451196 S=9.62480928084769].pdf(1.3608020090382225)
Testing logNormal[M=0.3672500370629903 S=8.994481688497297].pdf(0.2996944466966498)
Testing logNormal[M=-1.8109498075618058 S=7.872285471801157].pdf(0.8764716280368239)
Testing logNormal[M=4.8897741536135015 S=0.8643545360976645].pdf(2.2572863484224044)
Testing logNormal[M=3.9347436196655767 S=5.537235989457944].pdf(2.241594923915073)
Testing logNormal[M=-1.1320724679459646 S=3.5403910005961823].pdf(2.195471324778867)
Testing logNormal[M=-3.6145185602697105 S=1.5627772179171595].pdf(1.5590460791277534)
Testing logNormal[M=-3.0288154567637307 S=5.2910960972423915].pdf(1.39858549917552)
Testing logNormal[M=-0.10914590857144546 S=9.41546751004196].pdf(2.246951423368877)
Testing logNormal[M=-4.200705561523846 S=0.2924552698847793].pdf(1.278243934508854)
Testing logNormal[M=-3.507506024430614 S=4.080074030342274].pdf(2.0016058216810824)
Testing logNormal[M=-2.355821448122666 S=8.849269987523192].pdf(2.213422340215789)
Testing logNormal[M=2.3466890406304666 S=8.590370412622258].pdf(1.0456461116470652)
Testing logNormal[M=2.987180064204235 S=1.4404059508799327].pdf(1.0360032539098905)
Testing logNormal[M=-3.472951855820675 S=5.414233582432189].pdf(1.9994495083314883)
Testing logNormal[M=0.3472425302770592 S=6.373719634731582].pdf(1.1521158739189512)
Testing logNormal[M=-3.671416267631363 S=3.1440925840602976].pdf(1.0747166685810314)
Testing logNormal[M=2.4855392840306934 S=7.4535764889037015].pdf(1.9216668324348054)
Testing logNormal[M=-2.0237669360137334 S=7.777373955363684].pdf(2.2902934604883582)
Testing logNormal[M=3.84827257606117 S=5.281220202702849].pdf(1.8146088393538298)
Testing logNormal[M=1.3461840129096068 S=6.104576187328745].pdf(0.8152868615032517)
Testing logNormal[M=-1.9854293841090653 S=3.6947520796395894].pdf(0.1523296008041823)
Testing logNormal[M=-2.478307948155888 S=8.216778904661794].pdf(2.2893569074255455)
Testing logNormal[M=3.404772496235207 S=7.598460613742893].pdf(0.355744736174164)
Testing logNormal[M=-1.9857071227669696 S=7.3700672713542295].pdf(1.9430513375173815)
Testing logNormal[M=1.3045107765663344 S=9.899261816602857].pdf(1.4353294611842675)
Testing logNormal[M=2.0478284886284825 S=7.651187169296904].pdf(1.8495850384820347)
Testing logNormal[M=0.0926664831584878 S=7.246334233253409].pdf(1.0690773577340373)
Testing logNormal[M=-4.289824042470699 S=6.560383544964755].pdf(1.9267884761599643)
Testing logNormal[M=3.4551728331475537 S=3.621105864119629].pdf(1.7690862497537114)
Testing logNormal[M=0.35849832328795195 S=4.427158020787986].pdf(0.6945591520473174)
Testing logNormal[M=3.835326386496666 S=6.281753751654517].pdf(1.4810212937093692)
Testing logNormal[M=-4.079459631958489 S=5.620042761877633].pdf(2.0997574405857717)
Testing logNormal[M=0.11363285884623409 S=2.2825264004734915].pdf(1.3114804136502034)
Testing logNormal[M=-0.19060779831041597 S=6.653205527223437].pdf(2.2849133724246347)
Testing logNormal[M=2.2689420410179926 S=0.8592507047607645].pdf(2.2675334771348403)
Testing logNormal[M=-3.9574851668972597 S=2.2387221402816437].pdf(2.2488120986554287)
Testing logNormal[M=-0.6761052993783441 S=5.766111504484069].pdf(2.2100283801875236)
Testing logNormal[M=-2.155631983923735 S=4.026519193127543].pdf(1.2012737883865647)
Testing logNormal[M=1.5880834429308868 S=5.688343171576193].pdf(2.1992139711525924)
Testing logNormal[M=2.943356740077345 S=6.376396620208036].pdf(1.381577208411332)
Testing logNormal[M=-4.22396579110276 S=2.4522165662083815].pdf(1.3051434877731973)
Testing logNormal[M=-3.3589090424505983 S=9.057335510089448].pdf(2.130553345226984)
Testing logNormal[M=3.796228447284589 S=7.139149317755331].pdf(1.1934913296190577)
Testing logNormal[M=-4.772175610759863 S=9.40042877824447].pdf(1.2047123644989046)
Testing logNormal[M=3.6311217651648597 S=5.929530514924215].pdf(0.6554028016495813)
Testing logNormal[M=0.3497126000662645 S=1.9925023794169117].pdf(2.0058576236757206)
Testing logNormal[M=-0.032862342170783876 S=5.3823045956129025].pdf(0.8470936316030917)
Testing logNormal[M=2.883393603222501 S=3.3734569684619897].pdf(1.6862448075419492)
Testing logNormal[M=1.7567666451904342 S=9.217061293197919].pdf(2.2396208381300853)
Testing logNormal[M=1.355944455864499 S=0.4611156792180593].pdf(0.13987748960606683)
Testing logNormal[M=-4.68251287337719 S=0.14077885171114968].pdf(1.2153469668672758)
Testing logNormal[M=-2.086787037552612 S=1.2154344793793637].pdf(2.164632917999802)
Testing logNormal[M=-0.8854651138794996 S=4.583452839961675].pdf(2.1402922848876504)
Testing logNormal[M=-1.5521207726816453 S=3.144385420766392].pdf(1.8434835928370574)
Testing logNormal[M=-1.2172367212412292 S=5.697720522357127].pdf(0.7707024543383657)
Testing logNormal[M=-2.031228260112896 S=0.1919774298228849].pdf(0.7986810879064424)
Testing logNormal[M=-1.661977642221295 S=7.862148828354303].pdf(0.8355543656281992)
Testing logNormal[M=-0.9132629587721368 S=7.902978002666483].pdf(2.0781922132867243)
Testing logNormal[M=-0.61454381785199 S=8.379800054457533].pdf(0.11457240907426136)
Testing logNormal[M=-0.6480873535607836 S=5.197823303107805].pdf(1.9269667754362896)
Testing logNormal[M=1.623939331176297 S=3.279352474798365].pdf(1.8832103548795511)
Testing logNormal[M=-2.3065005295536913 S=4.727520293327609].pdf(1.604246938764236)
Testing logNormal[M=-1.885409080573833 S=5.882501384432189].pdf(1.890926189246801)
Testing logNormal[M=-2.3979114699327786 S=6.649004763860545].pdf(0.4559440448299161)
Testing logNormal[M=0.6441291079952833 S=8.14148024491383].pdf(1.9911252640471395)
Testing logNormal[M=1.6657988829591188 S=2.5413950106053385].pdf(1.7110884139299962)
Testing logNormal[M=3.4224097665153135 S=0.7149566346947367].pdf(2.2964059161413077)
Testing logNormal[M=2.7306653271790458 S=6.50692373672395].pdf(1.960739899800288)
Testing logNormal[M=-0.6728490789944575 S=7.294048928124606].pdf(2.181679894734899)
Testing logNormal[M=0.98924588985036 S=6.609520880205376].pdf(0.7865018467950472)
Testing logNormal[M=4.2709441324888715 S=0.556497352401828].pdf(1.9590042411911803)
Testing logNormal[M=-2.66394818773961 S=5.46991114390484].pdf(1.4167181310434211)
Testing logNormal[M=-0.9458681714415649 S=1.305214458324735].pdf(1.8158578076299035)
Testing logNormal[M=-2.596211605152603 S=2.952646204392474].pdf(1.492485930718069)
Testing logNormal[M=-4.898041136399673 S=6.78211340077829].pdf(1.9941731931549833)
Testing logNormal[M=-2.9357870468187963 S=1.8558213218841924].pdf(1.6745793460678944)
Testing logNormal[M=0.07233340844086378 S=7.7654468221840425].pdf(2.1350790335015906)
Testing logNormal[M=3.064900523999622 S=1.6303867731899913].pdf(2.1341783557120073)
Testing logNormal[M=0.7175778521619041 S=6.030545956790252].pdf(1.9312078613926733)
Testing logNormal[M=0.7197460263850779 S=1.7812916728599093].pdf(1.5892707398792965)
Testing logNormal[M=2.8433290987165485 S=9.812302091559616].pdf(2.0778750996065)
Testing logNormal[M=2.4097961522074005 S=4.53500220021667].pdf(2.002202624423349)
Testing logNormal[M=-1.923085035893287 S=3.1455538249318584].pdf(1.9758964303393245)
Testing logNormal[M=-4.016024591807124 S=2.9129505655426655].pdf(0.6422755494594433)
Testing logNormal[M=2.915196728038972 S=4.132739097796607].pdf(1.5303576045177318)
Testing logNormal[M=3.9745015626839475 S=6.092781302638578].pdf(1.518695820797765)
Testing logNormal[M=-4.41090914733458 S=7.390763482675368].pdf(1.9376074857929957)
Testing logNormal[M=2.4801609734459937 S=9.892224156240179].pdf(1.5378798329187937)
Testing logNormal[M=3.4180519065057346 S=0.4477014326236328].pdf(1.6833206811815147)
Testing logNormal[M=2.1247884549377174 S=5.572508696996272].pdf(2.092612449156804)
Testing logNormal[M=-0.9595230905733443 S=4.909852013926891].pdf(1.339876437078393)
Testing logNormal[M=-1.3262101364143328 S=2.9769969955828044].pdf(0.3863763919636475)
Testing logNormal[M=4.537720253842824 S=4.09833151188972].pdf(1.3137950976052926)
Testing logNormal[M=-3.083736130024166 S=1.8818386946808585].pdf(1.7236832616037554)
Testing logNormal[M=0.003381683711505268 S=7.566812774756263].pdf(1.5061576430871901)
Testing logNormal[M=0.5214292126889735 S=5.270350254805428].pdf(1.3056442629229819)
Testing logNormal[M=-4.090554340579727 S=1.7656509855834324].pdf(1.425058863909426)
Testing logNormal[M=-4.836507121129352 S=3.565953790784022].pdf(1.9416449487438419)
Testing logNormal[M=-1.4761172904590483 S=1.7391959600098972].pdf(0.21106253108518183)
Testing logNormal[M=3.633762939632284 S=5.397629171560181].pdf(2.032904756671806)
Testing logNormal[M=-2.2282446393527 S=9.208837781425323].pdf(0.7390456640281887)
Testing logNormal[M=-1.8717665046540044 S=6.553915614510474].pdf(2.0843754635196583)
Testing logNormal[M=2.0405117200644636 S=7.206272295470063].pdf(1.9200405159756717)
Testing logNormal[M=-3.6129574211513784 S=6.704921407411632].pdf(1.5449859514578603)
Testing logNormal[M=0.6172164011800412 S=9.481093953560503].pdf(0.6284064430121928)
Testing logNormal[M=2.653022154709869 S=8.73356526323633].pdf(1.2896676373911522)
Testing logNormal[M=-4.363342971091591 S=2.865879223988724].pdf(2.300760566427401)
Testing logNormal[M=1.7476839226391396 S=2.424651701879691].pdf(2.0495595052794373)
Testing logNormal[M=1.0329464089490408 S=1.6417567340569739].pdf(2.1375823624882546)
Testing logNormal[M=3.438425420317417 S=0.6688236987473117].pdf(2.2745338358902845)
Testing logNormal[M=2.9354096580158116 S=1.0395277333787967].pdf(0.21220189111760704)
Testing logNormal[M=-3.1273774807716026 S=9.247564853346168].pdf(2.10469926115009)
Testing logNormal[M=-0.05473884582053046 S=3.06348785065122].pdf(1.4110715070320619)
Testing logNormal[M=4.97165352740593 S=4.124120092043545].pdf(1.9585852831487383)
Testing logNormal[M=4.460626804844651 S=3.1185546715817916].pdf(2.2448360414386115)
Testing logNormal[M=0.17954318688111126 S=4.1210166156560355].pdf(0.3101546976159652)
Testing logNormal[M=1.4774888603300917 S=8.116800978789488].pdf(1.1783764561014833)
Testing logNormal[M=3.5987281550945838 S=8.913957172595078].pdf(2.010991353891232)
Testing logNormal[M=3.8705072419256776 S=1.8104327681034749].pdf(0.9100888401941398)
Testing logNormal[M=-1.195546383756274 S=0.9174215582310463].pdf(1.4404236200522136)
Testing logNormal[M=-3.0857937374600963 S=7.675453213999573].pdf(2.27367002294501)
Testing logNormal[M=-2.504725164094812 S=2.4649190646000765].pdf(1.156633959881157)
Testing logNormal[M=2.9443108857040388 S=4.05851667685532].pdf(2.1127354413567296)
Testing logNormal[M=0.7702099300116361 S=7.607252100673897].pdf(1.6792020343896408)
Testing logNormal[M=-0.22416398932791104 S=2.3470548557265944].pdf(1.8453251819088254)
Testing logNormal[M=-4.744214353670624 S=0.6153346416447703].pdf(0.6388448860052306)
Testing logNormal[M=-4.915753247101532 S=7.240531180715561].pdf(1.1534903570447803)
Testing logNormal[M=-2.231606057668495 S=3.622071144995779].pdf(0.7550336193466424)
Testing logNormal[M=1.8758216132317296 S=4.6213372783398645].pdf(1.195466277206573)
Testing logNormal[M=3.4321571940954776 S=3.943078661371542].pdf(1.4414688856680793)
Testing logNormal[M=1.5341388652974022 S=9.332304136166272].pdf(1.8171770631872024)
Testing logNormal[M=-1.9472084409912869 S=5.300830595615997].pdf(1.6471581088680354)
Testing logNormal[M=-2.608782712862893 S=8.955069020478621].pdf(1.9502090122379667)
Testing logNormal[M=-0.9446368901942437 S=7.76718956720134].pdf(0.8725443454638526)
Testing logNormal[M=3.038370944457773 S=5.662870277100596].pdf(1.9048098185796287)
Testing logNormal[M=-3.0563457119550383 S=0.020256079050852138].pdf(0.9712880547789879)
Testing logNormal[M=3.569850674362547 S=1.730118661065585].pdf(1.4633594326730945)
Testing logNormal[M=4.796661266262214 S=6.187138357298912].pdf(1.6536789325589978)
Testing logNormal[M=-0.7991051151262756 S=5.437754758445634].pdf(2.1833040851351098)
Testing logNormal[M=1.1395840113571518 S=4.038254806473126].pdf(0.7359298759032048)
Testing logNormal[M=0.8624859888524394 S=0.04864591540315155].pdf(2.0814684690571688)
Testing logNormal[M=3.715768262997713 S=9.46426213446909].pdf(1.6766808642124957)
Testing logNormal[M=-3.16720281666403 S=1.427265210469395].pdf(2.103524893075056)
Testing logNormal[M=-0.014120959635920194 S=0.8730045575494461].pdf(1.7523190987137165)
Testing logNormal[M=-3.589248202412202 S=0.7491158438196432].pdf(2.1625094916177074)
Testing logNormal[M=0.9662132833849713 S=0.10835260746400732].pdf(2.292260274553386)
Testing logNormal[M=-4.487122759188374 S=7.4384774596252425].pdf(2.1489075414151535)
Testing logNormal[M=-1.2687772944086015 S=9.377605007706697].pdf(1.1079975727876932)
Testing logNormal[M=-2.8393247901776664 S=3.0186722812283886].pdf(1.0726576680628148)
Testing logNormal[M=2.5105275382576657 S=4.0921415244505575].pdf(1.0483659952645843)
Testing logNormal[M=1.9230876194667044 S=5.9261423140149825].pdf(2.1950824842656216)
Testing logNormal[M=-0.23470769012758552 S=3.7871290114203204].pdf(1.672660398378626)
Testing logNormal[M=-3.3843303114751224 S=0.61904116374352].pdf(1.6302068917830634)
Testing logNormal[M=-0.7016120849462677 S=8.983666883520309].pdf(1.6911604160388651)
Testing logNormal[M=1.6662197909828542 S=2.4313531971808056].pdf(1.3887384665528961)
Testing logNormal[M=4.929447680321889 S=2.5507801710114086].pdf(0.3911341309314775)
Testing logNormal[M=0.37662504791457163 S=6.5001596095122816].pdf(2.278678019250698)
Testing logNormal[M=-2.508340022489428 S=9.880737834033951].pdf(1.8318971324970574)
Testing logNormal[M=-1.043935482626436 S=7.811030608712631].pdf(0.3450985329068393)
Testing logNormal[M=2.7689397433670813 S=7.228559740582896].pdf(1.3392911643341432)
Testing logNormal[M=4.838218729409162 S=5.101164237196318].pdf(0.32265145038486603)
Testing logNormal[M=-0.25203018815424905 S=2.1465572361016374].pdf(0.513967045485171)
Testing logNormal[M=0.3774818855017159 S=6.001707870412768].pdf(1.1170924649834137)
Testing logNormal[M=-0.6632397209410232 S=1.5389530120096562].pdf(0.7734690992365164)
Testing logNormal[M=2.6894341961875288 S=6.655050955570777].pdf(1.7837232113958597)
Testing logNormal[M=3.1459935076367334 S=0.12504300589253559].pdf(1.7996237400425616)
Testing logNormal[M=3.2626234859888417 S=1.0230403933187726].pdf(0.5945998154795448)
Testing logNormal[M=-4.722619784566825 S=7.596214629630305].pdf(1.084851210869926)
Testing logNormal[M=-3.591604242477917 S=3.7302340319492524].pdf(1.9510871587619167)
Testing logNormal[M=2.649397435751805 S=2.427698554879667].pdf(2.204159752746997)
Testing logNormal[M=-1.0524560698132768 S=0.6894499106345608].pdf(1.7593088312795597)
Testing logNormal[M=-4.631763852408207 S=5.029980265795971].pdf(1.874140229707143)
Testing logNormal[M=1.8316102094832134 S=3.0461089764371687].pdf(1.951102896862699)
Testing logNormal[M=4.116745944621423 S=0.9762248869569945].pdf(1.2768429293565309)
Testing logNormal[M=0.6433001591776684 S=9.213658137192182].pdf(0.637887474850602)
Testing logNormal[M=-3.0091371188002536 S=0.7345118874237921].pdf(1.082075930287705)
Testing logNormal[M=-0.6426057547655883 S=7.874072417797513].pdf(2.2250711547242044)
Testing logNormal[M=2.5026696818059957 S=4.384195663783466].pdf(2.292786936054565)
Testing logNormal[M=-2.4748396116397275 S=1.6471617657060278].pdf(1.6248345164187934)
Testing logNormal[M=2.72196723517691 S=2.531593682627941].pdf(2.075205185608014)
Testing logNormal[M=4.538704010649823 S=1.8938502843460592].pdf(1.8669992071534753)
Testing logNormal[M=-3.2429107285137215 S=6.767413356572391].pdf(1.908780043445973)
Testing logNormal[M=-3.533077754242896 S=6.966998576312059].pdf(0.5324425128552079)
Testing logNormal[M=-0.8848971735045144 S=3.335946555502982].pdf(2.276007399557835)
Testing logNormal[M=3.71742482991003 S=2.9458846530862304].pdf(2.2023598230175505)
Testing logNormal[M=0.799462035451822 S=9.826822355414727].pdf(0.5087984227496589)
Testing logNormal[M=4.4501986613806 S=9.926765844389742].pdf(0.895421845182253)
Testing logNormal[M=-0.2126487254028504 S=7.56841915485994].pdf(1.302785339754979)
Testing logNormal[M=-3.1431360298917155 S=1.3045620351279008].pdf(1.8455173111556773)
Testing logNormal[M=-0.49361312816170155 S=2.8716915467483117].pdf(1.769313394174269)
Testing logNormal[M=-3.992516786573972 S=3.3438071806542844].pdf(2.055158587146102)
Testing logNormal[M=-3.3478080746464567 S=2.378786835374165].pdf(1.073805724819677)
Testing logNormal[M=-3.073181278050192 S=7.686939063453549].pdf(0.5244414897164162)
Testing logNormal[M=4.8412893342315435 S=9.473869978118948].pdf(0.6472524372140894)
Testing logNormal[M=-1.4404572206931143 S=3.8276963189436763].pdf(1.5647809818075806)
Testing logNormal[M=0.4970733135368466 S=5.449289512739657].pdf(2.2125470886157723)
Testing logNormal[M=-4.109034961740142 S=5.112440236534638].pdf(2.0384731987374676)
Testing logNormal[M=-0.6416601300776623 S=4.770354913015204].pdf(1.3915401246064185)
Testing logNormal[M=-0.621368388128615 S=5.370663399774529].pdf(1.5733692812742368)
Testing logNormal[M=-1.2578633361752392 S=6.305671180765389].pdf(2.002582167577633)
Testing logNormal[M=1.4932317792902436 S=5.29641351639678].pdf(1.6400054556846657)
Testing logNormal[M=3.308717157116682 S=3.4288496574201686].pdf(0.6024872262133256)
Testing logNormal[M=3.514101642554351 S=2.404710339464644].pdf(1.22355592810849)
Testing logNormal[M=2.8310377246007956 S=8.414417751947743].pdf(2.0562696279781627)
Testing logNormal[M=0.7276045711553616 S=9.828997848069335].pdf(2.0751967594275977)
Testing logNormal[M=3.3648028527602296 S=8.342793383344432].pdf(1.9940064732894094)
Testing logNormal[M=0.7651179496935177 S=6.0557370779414725].pdf(1.9585710094886533)
Testing logNormal[M=1.684801259898193 S=5.440702956435699].pdf(0.1810317514192075)
Testing logNormal[M=-4.768346609594535 S=8.068677634226189].pdf(1.9899733006466422)
Testing logNormal[M=3.200554370691709 S=7.553039073575336].pdf(2.0572707604411145)
Testing logNormal[M=0.07592766249917737 S=5.482565841497209].pdf(2.141131434475549)
Testing logNormal[M=-0.06325353850603843 S=8.760993150115313].pdf(0.23332667308900443)
Testing logNormal[M=-0.6789832406484928 S=8.261270338821355].pdf(1.9030234331528093)
Testing logNormal[M=-2.630020884552656 S=2.105318111823591].pdf(1.4107075972882153)
Testing logNormal[M=0.28327891625559065 S=9.65272497528744].pdf(2.2511705666032613)
Testing logNormal[M=4.636093263356752 S=1.2271444997253866].pdf(2.0103709799548013)
Testing logNormal[M=4.69816575560616 S=4.473061170460636].pdf(0.49273986541268255)
Testing logNormal[M=-4.654884585985263 S=0.0030604397881406342].pdf(2.022107242033928)
Testing logNormal[M=0.028199548548931475 S=8.178546007619111].pdf(1.0034886103229939)
Testing logNormal[M=-2.6208284922578793 S=7.674660003428045].pdf(1.96186243013969)
Testing logNormal[M=-4.611489997983376 S=5.126989761961529].pdf(1.8135813698961747)
Testing logNormal[M=1.931859251183968 S=2.9530797488066773].pdf(2.0672558980134768)
Testing logNormal[M=-3.6641576149113653 S=3.7982403520840657].pdf(2.1474605734626735)
Testing logNormal[M=-4.496793510568143 S=7.35147494432912].pdf(1.8622349677756462)
Testing logNormal[M=1.600059124325024 S=1.6543732132680566].pdf(1.282505882748179)
Testing logNormal[M=-0.06295188138863406 S=7.031590571166943].pdf(0.32206303790857566)
Testing logNormal[M=-2.052133022917344 S=7.839421152252607].pdf(2.0258080586251097)
Testing logNormal[M=-1.3633465760757888 S=6.027804074225638].pdf(1.458443615738744)
Testing logNormal[M=-3.302487000324783 S=1.2219642291946364].pdf(1.3699605753935837)
Testing logNormal[M=2.672566420142485 S=8.066443969894712].pdf(1.3590122677865086)
Testing logNormal[M=-3.925235021766267 S=9.089434273334927].pdf(0.38329158422226883)
Testing logNormal[M=-0.5305852884022846 S=6.432015786975942].pdf(0.8626302854313445)
Testing logNormal[M=-3.491110537746478 S=8.639711045642068].pdf(1.0442016244829726)
Testing logNormal[M=4.117433492381474 S=2.627594353518894].pdf(1.185868456464572)
Testing logNormal[M=4.386450909690671 S=3.834327719844234].pdf(2.2980017756876205)
Testing logNormal[M=4.867193706848692 S=4.595555690339705].pdf(0.8374597443324677)
Testing logNormal[M=-1.5619950671481342 S=3.1639503163548364].pdf(0.29052433754834806)
Testing logNormal[M=-2.827098526039128 S=4.462352229470462].pdf(1.8413283475253461)
Testing logNormal[M=-2.163377370619778 S=8.565185281270443].pdf(0.6876901603600226)
Testing logNormal[M=0.8310067381370967 S=6.777186948353531].pdf(2.186691019054152)
Testing logNormal[M=-3.4161872726524445 S=9.089430662517605].pdf(1.7807898427973439)
Testing logNormal[M=4.079875938185982 S=4.67202115339748].pdf(1.9967910583149289)
Testing logNormal[M=2.6562088255599647 S=2.86749971774807].pdf(2.1583828527589706)
Testing logNormal[M=-4.257179034256487 S=0.8378833698360166].pdf(1.0889951789218455)
Testing logNormal[M=1.244896222461457 S=9.611578295061507].pdf(1.8485933790881968)
Testing logNormal[M=-4.3465485518508835 S=8.01648835287011].pdf(1.4429162581434523)
Testing logNormal[M=-4.715238669951828 S=8.275733674644268].pdf(2.0574455119302835)
Testing logNormal[M=4.324652030581106 S=4.186734997929056].pdf(1.463558219287257)
Testing logNormal[M=4.9462097396784355 S=7.502898420961976].pdf(0.4023125190003907)
Testing logNormal[M=-2.481864308588441 S=4.405220477670547].pdf(1.1929501308726356)
Testing logNormal[M=3.034111093488443 S=4.42945604291654].pdf(0.941234423386645)
Testing logNormal[M=0.5445122800404665 S=0.42116930370271866].pdf(1.9951742386286324)
Testing logNormal[M=1.2749660032824757 S=9.122266113549495].pdf(2.1026114719677103)
Testing logNormal[M=0.8557372140442805 S=0.5879185149094601].pdf(1.65158709759276)
Testing logNormal[M=0.24885951672811135 S=3.703780068467192].pdf(1.7321290714780957)
Testing logNormal[M=-3.861886017901588 S=6.534635730227071].pdf(0.09391704875869314)
Testing logNormal[M=-0.22038526948409398 S=3.4309982853790553].pdf(1.5368663768600666)
Testing logNormal[M=0.12287203516389589 S=9.342117244430368].pdf(1.9761633617810983)
Testing logNormal[M=-2.328965097600623 S=0.30670216620714785].pdf(2.1594644764833677)
Testing logNormal[M=-3.103921830356411 S=7.165630949745687].pdf(1.6644958756077257)
Testing logNormal[M=-2.4835945692275576 S=7.856782214252158].pdf(1.6533236403024483)
Testing logNormal[M=1.5125777394080986 S=4.025264755299766].pdf(2.0626764786246814)
Testing logNormal[M=1.3026841318777915 S=7.655990789087161].pdf(1.7121346142995666)
Testing logNormal[M=-1.0873272976454231 S=4.743984541541641].pdf(1.0428939484595907)
Testing logNormal[M=0.7902814669716793 S=1.2831076779661243].pdf(2.068864135379643)
Testing logNormal[M=0.547263384664129 S=9.006984236109107].pdf(1.3213087550869689)
Testing logNormal[M=1.1100862091297703 S=0.2666029055158259].pdf(0.20870926308128762)
Testing logNormal[M=-3.7906909040254364 S=4.0361482053581454].pdf(2.155681556575182)
Testing logNormal[M=-3.5489298048406983 S=2.629580030508399].pdf(1.5005133719564094)
Testing logNormal[M=4.928071379450323 S=6.057174340299207].pdf(0.296952817707611)
Testing logNormal[M=0.24791376127159648 S=4.442542578912691].pdf(0.45192803219450284)
Testing logNormal[M=1.4530979697554072 S=7.5565288085211915].pdf(2.1112956726541294)
Testing logNormal[M=-1.019452288558523 S=3.232981506025455].pdf(2.235206918177549)
Testing logNormal[M=3.6279258526651468 S=5.5218601802251].pdf(1.4803215980538826)
Testing logNormal[M=-4.786846645859509 S=3.3567649792998178].pdf(1.2930322766634585)
Testing logNormal[M=2.5169412798181936 S=2.564277588835273].pdf(0.25815361243059426)
Testing logNormal[M=-1.5383281693609785 S=4.5808326206449435].pdf(2.1914026653241208)
Testing logNormal[M=-0.501978321804458 S=6.181981947740508].pdf(1.2049368819599506)
Testing logNormal[M=1.4797055895089297 S=7.176127790182947].pdf(1.8267264624665516)
Testing logNormal[M=-0.8518674185397064 S=2.7878893999308128].pdf(1.2721487808726213)
Testing logNormal[M=-2.451832311809948 S=4.628121887776315].pdf(0.11187173144053295)
Testing logNormal[M=4.262962446227588 S=9.102862925425075].pdf(1.6671897817961427)
Testing logNormal[M=-3.6138974786218734 S=6.638517497651256].pdf(1.7852437987915275)
Testing logNormal[M=0.2928617652240355 S=1.810103993027573].pdf(2.188733873025855)
Testing logNormal[M=3.7632852403654375 S=0.8498585446610496].pdf(2.0171478686714983)
Testing logNormal[M=2.611218978929263 S=9.023659669033094].pdf(1.3778605617108635)
Testing logNormal[M=2.9754909455775422 S=5.409709924165549].pdf(2.2589711498638145)
Testing logNormal[M=-0.3224420138876152 S=2.865432769661027].pdf(2.0741926392142873)
Testing logNormal[M=0.07526102589467154 S=6.691101121436854].pdf(2.2649344017525785)
Testing logNormal[M=-3.07842283360812 S=7.798781360592639].pdf(1.2959510395815628)
Testing logNormal[M=0.13647327130585918 S=4.517256515820729].pdf(1.2670593547894913)
Testing logNormal[M=3.816942563571681 S=1.246458942847527].pdf(0.9471806615208053)
Testing logNormal[M=3.547157960479847 S=7.249139472788966].pdf(1.7394587519921614)
Testing logNormal[M=-1.2566807732449403 S=3.761611681496466].pdf(1.7593743957616954)
Testing logNormal[M=-3.9027525321257874 S=1.5222872093590878].pdf(2.161449836893924)
Testing logNormal[M=-2.832562620168102 S=4.582800824597876].pdf(1.7601145093316235)
Testing logNormal[M=4.403832137338554 S=1.1613121463956988].pdf(1.5224624546549372)
Testing logNormal[M=-0.013270574888934128 S=1.675661409227528].pdf(0.43520675052603625)
Testing logNormal[M=-3.0658420258861097 S=9.131180977489386].pdf(1.463308777431908)
Testing logNormal[M=-2.6925443990901323 S=6.699766657519369].pdf(1.8373410097421514)
Testing logNormal[M=-1.9395955364130213 S=5.73634591395113].pdf(2.051342098002804)
Testing logNormal[M=0.25791080833002766 S=0.1359180505649682].pdf(2.117590580367513)
Testing logNormal[M=2.6862185983469944 S=5.343648876893164].pdf(0.6124777398636222)
Testing logNormal[M=3.484643260360066 S=5.4242081373438324].pdf(1.6862284685254898)
Testing logNormal[M=-2.5193975437476537 S=8.373487633709912].pdf(1.7368087507372136)
Testing logNormal[M=-4.704913661161742 S=4.335855705794927].pdf(1.7455478379222134)
Testing logNormal[M=0.6496181799157252 S=0.1423482318612479].pdf(2.128614457043916)
Testing logNormal[M=-3.04191887269724 S=2.2160425845659413].pdf(1.0376050594884025)
Testing logNormal[M=4.809295804297626 S=6.601427312374048].pdf(1.233054132637757)
Testing logNormal[M=1.7732551073715097 S=2.582364824006862].pdf(0.06294843241635142)
Testing logNormal[M=4.404057876218676 S=2.1502479709870626].pdf(1.8584332818762583)
Testing logNormal[M=1.4543248662541863 S=4.813570788192982].pdf(1.9883435366968343)
Testing logNormal[M=3.348564084641442 S=6.841464334206192].pdf(2.2019314508179093)
Testing logNormal[M=0.4803017994304515 S=6.241682986271011].pdf(1.227087102794899)
Testing logNormal[M=-4.108252441973908 S=7.834535779549211].pdf(2.2083378666336593)
Testing logNormal[M=-1.942151826283327 S=6.707071643939644].pdf(0.8891793162557076)
Testing logNormal[M=-3.2559037752248843 S=9.23576951611312].pdf(1.5448508885263161)
Testing logNormal[M=1.890811675294274 S=7.521994415960195].pdf(1.4350052882050706)
Testing logNormal[M=2.774859939019617 S=1.022882693233188].pdf(1.213653674987202)
Testing logNormal[M=4.246276706464959 S=5.865430161546548].pdf(1.2024253637055449)
Testing logNormal[M=0.870178458201889 S=9.398051577097789].pdf(1.3206131116482318)
Testing logNormal[M=2.6153403697756747 S=1.025383273888153].pdf(2.199755850172441)
Testing logNormal[M=0.4956658783024528 S=5.2339113088400655].pdf(1.844647340802816)
Testing logNormal[M=-4.797125800508838 S=3.993994161434349].pdf(2.043941525629646)
Testing logNormal[M=0.8654011846441474 S=6.447496343910481].pdf(2.2696302989672574)
Testing logNormal[M=0.8977693733462102 S=9.856616502632752].pdf(1.923653194248631)
Testing logNormal[M=1.98208138652892 S=5.579795297666555].pdf(1.5758598377542137)
Testing logNormal[M=-4.720475872856886 S=8.87369573582273].pdf(1.6621025686262223)
Testing logNormal[M=-3.6886551202547513 S=6.1475784451391995].pdf(2.120225187786168)
Testing logNormal[M=-4.029364831423178 S=2.6161451047409257].pdf(0.6298871386686503)
Testing logNormal[M=3.6708849740964755 S=5.826644373184278].pdf(1.7114107352926664)
Testing logNormal[M=1.5301134873208966 S=2.085949555437143].pdf(0.6440392507763402)
Testing logNormal[M=-4.308436188559302 S=8.356195761533737].pdf(1.5174428522032661)
Testing logNormal[M=0.7720556067169877 S=4.17303297650856].pdf(0.6837358496428458)
Testing logNormal[M=-1.4550833444046796 S=4.13131416357193].pdf(0.48464105696847704)
Testing logNormal[M=4.78773639313963 S=0.4055964803350809].pdf(2.1798226491350445)
Testing logNormal[M=-1.5804621531825234 S=7.287445887433365].pdf(1.9193346624264656)
Testing logNormal[M=2.6432122267052014 S=0.34865847516445503].pdf(2.253914205185059)
Testing logNormal[M=2.5900307198493957 S=9.929386463612245].pdf(1.238747398877099)
Testing logNormal[M=3.8685604198902066 S=4.950526459703854].pdf(2.0471138326142486)
Testing logNormal[M=-2.125913073611433 S=2.742961958143674].pdf(1.9095457930593296)
Testing logNormal[M=0.3240703286166955 S=4.118572465394199].pdf(1.6033284054934902)
Testing logNormal[M=-3.9617370858938084 S=9.012934060808684].pdf(2.2934864231849166)
Testing logNormal[M=-3.1316520043185014 S=1.885381701630281].pdf(2.2176387274006513)
Testing logNormal[M=-0.8513980036480007 S=4.266919784796648].pdf(0.5019708792600003)
Testing logNormal[M=-1.4010114952015842 S=1.9361378521507755].pdf(0.8841486031140265)
Testing logNormal[M=-3.8031915270094494 S=0.9100050283576022].pdf(1.6321504822767114)
Testing logNormal[M=-2.3583363953243985 S=3.191398523274762].pdf(1.5562544854818972)
Testing logNormal[M=-1.9354790887374684 S=5.198386909095848].pdf(2.0456979462736187)
Testing logNormal[M=0.5105813442995721 S=6.970529228373579].pdf(1.998426253110877)
Testing logNormal[M=0.7746567006491256 S=5.3373344499397914].pdf(2.1743677287256777)
Testing logNormal[M=-3.4641669236645334 S=9.451225307849306].pdf(2.0606406680778577)
Testing logNormal[M=1.054001118901036 S=2.6817956716891556].pdf(1.702676397500331)
Testing logNormal[M=-4.090636067325414 S=2.166981574802176].pdf(0.8254092498985083)
Testing logNormal[M=-1.3612079431678135 S=1.8129120732916826].pdf(2.1967770716231354)
Testing logNormal[M=0.8156450838614173 S=2.8548475443763244].pdf(1.8600410813970352)
Testing logNormal[M=-1.8206400496181239 S=7.475168654122744].pdf(1.6184794307301837)
Testing logNormal[M=-2.6324868324443775 S=4.15614922621093].pdf(1.7913686870868186)
Testing logNormal[M=1.7135265786103657 S=0.576067633797589].pdf(2.2163633862205954)
Testing logNormal[M=3.4516804479622767 S=6.5597267893663425].pdf(1.597871062525487)
Testing logNormal[M=-3.778192221673077 S=6.064024261046397].pdf(2.267931337348146)
Testing logNormal[M=-2.120561397164369 S=8.430325299264567].pdf(0.941234579910094)
Testing logNormal[M=4.490297117125589 S=3.436981899022049].pdf(1.3522191727662678)
Testing logNormal[M=-4.617917524198685 S=6.653075477133255].pdf(2.041698915672245)
Testing logNormal[M=1.3075520792846191 S=3.0725572114300945].pdf(1.6553094142213403)
Testing logNormal[M=-0.5825825214432436 S=2.6208136831667583].pdf(1.4196292409376698)
Testing logNormal[M=-1.7230899782578457 S=6.087402841050303].pdf(2.135229932915246)
Testing logNormal[M=0.2769506105430377 S=2.558735472283681].pdf(0.8264407356169247)
Testing logNormal[M=2.583838926099471 S=6.740719368938642].pdf(1.6002164733418893)
Testing logNormal[M=4.007504337182581 S=2.701330553263074].pdf(2.2043750133898508)
Testing logNormal[M=2.4234294033529284 S=6.4641296899947935].pdf(1.438707345133866)
Testing logNormal[M=4.116970967704541 S=4.554983277443293].pdf(2.1749217409513255)
Testing logNormal[M=3.7228590859099135 S=7.0412196472108945].pdf(1.6367604474223947)
Testing logNormal[M=1.4765232911040647 S=7.092772497460327].pdf(1.5942041466844574)
Testing logNormal[M=-1.3942788063989688 S=8.215069131135506].pdf(2.179523723983882)
Testing logNormal[M=0.475358275733873 S=0.20347371152931282].pdf(0.43770611708275226)
Testing logNormal[M=-3.0393245035845284 S=4.808808555943489].pdf(2.27968177081266)
Testing logNormal[M=1.4716966101340843 S=2.6349289671147402].pdf(2.17262006833854)
Testing logNormal[M=-3.9518003053466644 S=4.85642122182374].pdf(0.5555694531304617)
Testing logNormal[M=-2.0096065065651567 S=3.4354809190314617].pdf(1.2018013779037864)
Testing logNormal[M=2.7241278916361065 S=3.246942051386763].pdf(0.9951688481149954)
Testing logNormal[M=-4.103018393462675 S=0.4357336644974852].pdf(2.1703698175550206)
Testing logNormal[M=0.06444446583994434 S=9.637626950176116].pdf(1.1927208556275513)
Testing logNormal[M=2.8241750868253037 S=7.488403234061657].pdf(1.2614083823142026)
Testing logNormal[M=-3.4709356394679025 S=9.498384053117624].pdf(1.3307401021774976)
Testing logNormal[M=3.403446017882386 S=7.494701692105782].pdf(2.2602573773319836)
Testing logNormal[M=4.46454652410541 S=9.304682842780617].pdf(2.0250042122313117)
Testing logNormal[M=-2.8136922419855015 S=6.154515742645577].pdf(2.0130994276565444)
Testing logNormal[M=0.2501390689170879 S=2.635005699530347].pdf(2.189791213491229)
Testing logNormal[M=0.4398819777737799 S=0.10540115435945463].pdf(1.4400687961896765)
Testing logNormal[M=4.033324095882049 S=3.751325619890343].pdf(0.8438017250568771)
Testing logNormal[M=4.952883728187128 S=8.808553099688956].pdf(0.6191794207184369)
Testing logNormal[M=-1.1008868952922892 S=9.968297640444181].pdf(2.1984373000501187)
Testing logNormal[M=4.769074730774939 S=0.7430802258374014].pdf(1.8026359183589293)
Testing logNormal[M=2.0028851861123123 S=4.053965369956868].pdf(0.10700538683611793)
Testing logNormal[M=-2.054995855919859 S=0.9258731014344301].pdf(2.225706083487184)
Testing logNormal[M=-3.2096974530325237 S=6.795358326141304].pdf(1.5339761778413652)
Testing logNormal[M=-0.6974828283851231 S=0.6656844488161917].pdf(0.39775794277506066)
Testing logNormal[M=-4.8699126708056495 S=7.041305915573075].pdf(0.9045746295559471)
Testing logNormal[M=4.165042308304448 S=7.79441153176975].pdf(0.6836194459480985)
Testing logNormal[M=-0.2490394730185228 S=4.903652054964203].pdf(1.378569002322049)
Testing logNormal[M=4.035791293028469 S=9.625307088329187].pdf(2.195770766381419)
Testing logNormal[M=-1.8483091600783128 S=1.4835346266929894].pdf(1.17992211888621)
Testing logNormal[M=-0.43421279158320747 S=0.1435468696315645].pdf(1.942579708963162)
Testing logNormal[M=-4.502346222490608 S=2.4126676894627552].pdf(1.7093394870258205)
Testing logNormal[M=-0.7659194382652332 S=1.4424314691219853].pdf(1.160134982280239)
Testing logNormal[M=3.5480680180464503 S=1.8080621405186503].pdf(1.1274743919588324)
Testing logNormal[M=-0.6391274893188514 S=2.9246846129383464].pdf(1.3148475472943297)
Testing logNormal[M=-0.5975021162901948 S=6.446214578924932].pdf(1.2788727092832888)
Testing logNormal[M=1.6449793754721647 S=3.326070738276743].pdf(1.8589321898890587)
Testing logNormal[M=1.6336428167584405 S=4.085321198412679].pdf(1.1690250332289898)
Testing logNormal[M=-1.0128727928802794 S=4.680590403336203].pdf(0.7984255498932407)
Testing logNormal[M=-0.8392091140990381 S=0.9131349243060383].pdf(1.4543916924886666)
Testing logNormal[M=-2.559308987049133 S=6.728949606213258].pdf(1.579477017775985)
Testing logNormal[M=-0.982504582378759 S=5.23195008195004].pdf(1.3505424013673768)
Testing logNormal[M=4.687239226409982 S=9.841707257986844].pdf(1.9090253396873917)
Testing logNormal[M=-3.6036306766844683 S=8.737887970017047].pdf(1.2307440265604912)
Testing logNormal[M=4.047533059766774 S=5.850596994625442].pdf(0.9746326449981233)
Testing logNormal[M=0.15114293456226235 S=8.746202738308437].pdf(0.0964409686090003)
Testing logNormal[M=-0.8331033832010117 S=9.462762888665008].pdf(1.576047564341075)
Testing logNormal[M=-3.6608178695147164 S=6.287365256476604].pdf(1.7940553424784014)
Testing logNormal[M=-0.5795279355838714 S=2.84118038815751].pdf(2.17482528387667)
Testing logNormal[M=-2.0001126589398934 S=2.279339384374653].pdf(0.960801191553455)
Testing logNormal[M=-2.0931660224768835 S=8.011721469111372].pdf(1.3578747798571897)
Testing logNormal[M=-0.9324880278277536 S=2.9001809649681833].pdf(1.6499148614713823)
Testing logNormal[M=-4.27302528514741 S=5.289957069110396].pdf(2.0774146233404265)
Testing logNormal[M=-4.024685133423679 S=4.163100317633117].pdf(1.754085616495576)
Testing logNormal[M=-4.610489742512398 S=6.573274069795994].pdf(0.7396906560331838)
Testing logNormal[M=-3.15331202764064 S=2.5564018514994857].pdf(2.159084062877415)
Testing logNormal[M=2.07026328564708 S=7.6855789197790445].pdf(2.0330648870546866)
Testing logNormal[M=4.068518090709633 S=8.737228022343539].pdf(0.7256276744047083)
Testing logNormal[M=1.9687016422031274 S=2.3113194727654243].pdf(1.9130112586676782)
Testing logNormal[M=-4.32294001351539 S=5.1950723574729025].pdf(0.5731438624509884)
Testing logNormal[M=1.119975965365322 S=7.5361714606347485].pdf(0.6999582939369118)
Testing logNormal[M=3.554168147510346 S=8.19762524876571].pdf(1.954216387655467)
Testing logNormal[M=4.955172976398627 S=5.493478878773903].pdf(1.266259264715079)
Testing logNormal[M=-4.5765413088203815 S=4.98250561505653].pdf(1.8013192268731553)
Testing logNormal[M=-3.646076105802678 S=2.1943454529078563].pdf(2.007130963720795)
Testing logNormal[M=1.0177864124777356 S=8.47294191877116].pdf(2.2592648789593595)
Testing logNormal[M=2.2514624679128117 S=6.0446374650014025].pdf(2.2307427182901294)
Testing logNormal[M=3.784269457333341 S=7.608278564201178].pdf(1.487218299504571)
Testing logNormal[M=-2.3978875943330435 S=5.6810776568667904].pdf(1.2903560918552108)
Testing logNormal[M=3.422204096328418 S=4.634139892924053].pdf(1.4539539984715675)
Testing logNormal[M=4.777366175155436 S=1.2576218955142582].pdf(2.09677096932808)
Testing logNormal[M=-1.9317865538091663 S=8.881584261912312].pdf(1.5590663626492132)
Testing logNormal[M=2.333824752770579 S=0.6110593577328272].pdf(1.80634140350156)
Testing logNormal[M=-0.5238331768815918 S=6.290704334838544].pdf(1.3936938500861507)
Testing logNormal[M=4.413917343138424 S=0.0018990033867472].pdf(2.289904997985849)
Testing logNormal[M=-1.2640596701589346 S=8.6237317077618].pdf(2.009057060873709)
Testing logNormal[M=2.7946865155189933 S=1.0802042457656258].pdf(1.2648480238679118)
Testing logNormal[M=2.260855980462697 S=0.8178934812505256].pdf(1.6539536689655088)
Testing logNormal[M=-4.446642874050899 S=1.577270826054884].pdf(1.3876264722561256)
Testing logNormal[M=-3.068730368843422 S=5.095898318652932].pdf(1.9163406470131954)
Testing logNormal[M=-1.192433796871455 S=1.86051522887683].pdf(1.0261218174605466)
Testing logNormal[M=2.7331629640887387 S=1.2931803983433388].pdf(1.8736190997506341)
Testing logNormal[M=1.7743672227558696 S=3.993009177688036].pdf(1.8187785380011983)
Testing logNormal[M=-2.016487239565742 S=3.188382419282021].pdf(0.8693822312890856)
Testing logNormal[M=4.266814409281816 S=7.753023511784915].pdf(0.9801014652242873)
Testing logNormal[M=-4.241219470437949 S=8.28897487687037].pdf(2.260034101505283)
Testing logNormal[M=-2.6113459435050523 S=8.238124501139032].pdf(1.2575226830947885)
Testing logNormal[M=-0.3307424715759133 S=3.6440113250229853].pdf(1.1953519397663004)
Testing logNormal[M=3.8778041224749327 S=3.5995855958323175].pdf(1.1203671399046276)
Testing logNormal[M=-0.5863788672781336 S=0.8550305640990097].pdf(1.8425208752558424)
Testing logNormal[M=1.9998244972800103 S=8.423529289666527].pdf(2.2903387228385252)
Testing logNormal[M=-2.709320529545688 S=0.898975076412516].pdf(1.7158184696182532)
Testing logNormal[M=-1.117181764985279 S=5.534539831916759].pdf(2.1012601465166028)
Testing logNormal[M=3.463588140523303 S=6.028777078271749].pdf(1.54056372139137)
Testing logNormal[M=-3.937790823519296 S=7.532222697520224].pdf(1.3295875795904757)
Testing logNormal[M=-3.3306435784516184 S=9.165870422696592].pdf(1.8212690422385083)
Testing logNormal[M=-3.027199067704113 S=1.6156312770276127].pdf(1.6577113580266214)
Testing logNormal[M=2.898538794951058 S=2.9965492335880173].pdf(2.0654960142844017)
Testing logNormal[M=-1.4877098418550903 S=2.2140035922623302].pdf(1.1526984592106717)
Testing logNormal[M=2.301953322589398 S=2.2725718030499875].pdf(2.1918371070985225)
Testing logNormal[M=-3.285435901157819 S=2.313324274162566].pdf(2.2897557281633754)
Testing logNormal[M=3.5345751048377316 S=6.0903442242050785].pdf(2.043498695628818)
Testing logNormal[M=-1.6973357919477863 S=5.007834303921613].pdf(1.3035822207289611)
Testing logNormal[M=1.6788161073123273 S=5.483388740692393].pdf(1.8508190937997662)
Testing logNormal[M=0.14204456510659735 S=0.6994794244226044].pdf(1.5261685702037968)
Testing logNormal[M=2.3268958052217537 S=0.7220563956610637].pdf(2.043909780596731)
Testing logNormal[M=-3.101823859889634 S=3.612772857544427].pdf(1.921992755054296)
Testing logNormal[M=2.7367443443447694 S=7.547991209263113].pdf(2.2164852920984175)
Testing logNormal[M=1.679943146362323 S=4.907714958890336].pdf(1.3096302267162274)
Testing logNormal[M=-2.699690215503562 S=8.59113922818965].pdf(1.4210579412535411)
Testing logNormal[M=0.9959856971186518 S=9.565945176561781].pdf(1.316337794059129)
Testing logNormal[M=-2.443674332356113 S=0.5951040867648882].pdf(1.2607723164485791)
Testing logNormal[M=3.53741596992273 S=2.8421517019252764].pdf(2.1002174258588524)
Testing logNormal[M=-3.3573018245691144 S=0.8879350770461236].pdf(1.613737764340194)
Testing logNormal[M=-1.5705454659306106 S=4.8879903035851955].pdf(2.2157562655175966)
Testing logNormal[M=2.933317594450137 S=8.053249317060574].pdf(1.725023073671572)
Testing logNormal[M=1.3156622816443955 S=8.720364293819099].pdf(1.98648911601925)
Testing logNormal[M=4.932074019008692 S=6.606690244513863].pdf(2.242404598396336)
Testing logNormal[M=-4.129646563236178 S=0.8691380741294719].pdf(1.088812608855082)
Testing logNormal[M=0.6761820766380104 S=0.36933163922355683].pdf(1.346001441495141)
Testing logNormal[M=4.084774363320999 S=0.21416082904530898].pdf(0.9319154022055739)
Testing logNormal[M=-3.125821780429856 S=8.061502775673945].pdf(1.6838846605499276)
Testing logNormal[M=0.2778946829327289 S=8.5299465187301].pdf(2.210518870491209)
Testing logNormal[M=-1.8357287629379848 S=6.431707931907608].pdf(1.1525904839509111)
Testing logNormal[M=-0.9671924177796507 S=3.6286993817314963].pdf(1.0624534806875214)
Testing logNormal[M=-4.366790361080093 S=9.82135827117031].pdf(1.0202532835500446)
Testing logNormal[M=3.6287361462327485 S=1.426908158647875].pdf(2.2266685701275892)
Testing logNormal[M=-3.0210208615953937 S=8.971006462573548].pdf(2.1807963862991104)
Testing logNormal[M=4.543817202471711 S=6.882006932991259].pdf(2.214587006733987)
Testing logNormal[M=-0.8086476136332097 S=6.203754712379551].pdf(0.7334001178528744)
Testing logNormal[M=0.008473563824498598 S=2.2697563954544053].pdf(1.5963090181751076)
Testing logNormal[M=-2.470806898809087 S=2.9878348857589976].pdf(0.4123432220828886)
Testing logNormal[M=-2.9240592673385715 S=3.1444696571411965].pdf(2.155338165346677)
Testing logNormal[M=-0.4116702872789526 S=4.29886316571152].pdf(2.0782431660812013)
Testing logNormal[M=0.173658642135873 S=5.397805765714891].pdf(1.0177794943750922)
Testing logNormal[M=0.1973378490076172 S=6.6641472441971885].pdf(1.7386781185793412)
Testing logNormal[M=-1.195869990512901 S=2.4355135135511086].pdf(2.299438142726931)
Testing logNormal[M=4.119233525638524 S=8.519851943519548].pdf(1.1635369143938727)
Testing logNormal[M=0.7516225869175113 S=8.617346937650426].pdf(2.208378875503106)
Testing logNormal[M=-2.381227097243248 S=4.431938862047292].pdf(1.9826564534419162)
Testing logNormal[M=-3.365535359262255 S=3.6163600052407463].pdf(0.6748424303754796)
Testing logNormal[M=0.22621560048304623 S=9.34748138891296].pdf(2.0913878075741814)
Testing logNormal[M=-4.107961017387356 S=9.279605988720581].pdf(1.6843578802028316)
Testing logNormal[M=-3.79410119949498 S=5.222985834197415].pdf(1.9215712450774922)
Testing logNormal[M=0.5211384114376418 S=7.94022479874015].pdf(1.5123939032143343)
Testing logNormal[M=-3.8930320179270437 S=7.0491172880083415].pdf(0.32718640614922995)
Testing logNormal[M=2.3190346891748392 S=8.006067703359253].pdf(2.0120735718837266)
Testing logNormal[M=-4.834918722265177 S=5.796688246546783].pdf(1.5970488908251508)
Testing logNormal[M=3.4704965555574514 S=3.8522636163344517].pdf(1.504948939919681)
Testing logNormal[M=0.9068553264959025 S=2.9284487842913896].pdf(2.202846099868683)
Testing logNormal[M=-0.8194778878736049 S=8.478346112442233].pdf(1.0321435516768431)
Testing logNormal[M=4.42847127993719 S=6.738857951748343].pdf(1.8022734561913039)
Testing logNormal[M=-0.1397589628128486 S=0.8399002185349758].pdf(2.0438437016066002)
Testing logNormal[M=-0.5662461088909732 S=8.993217992546775].pdf(1.1180222472468084)
Testing logNormal[M=-0.42447194042873004 S=4.167197895758502].pdf(1.2313627575678414)
Testing logNormal[M=-4.577893872535343 S=7.091278829477612].pdf(1.7304400118236394)
Testing logNormal[M=4.778331590983182 S=3.3966024350011734].pdf(2.293359353555856)
Testing logNormal[M=3.511179384029278 S=1.4591194663050666].pdf(1.1056581325292916)
Testing logNormal[M=-1.2206593022133347 S=3.2727151399779295].pdf(1.9739422789940273)
Testing logNormal[M=4.782914991759743 S=8.309039383051921].pdf(1.6865477420875374)
Testing logNormal[M=-1.5501184174445481 S=9.528993326826704].pdf(1.7274887202647644)
Testing logNormal[M=-2.5358408142140565 S=7.561092014927837].pdf(2.159192994041219)
Testing logNormal[M=-3.070572100949093 S=7.79773903049572].pdf(2.150478601575262)
Testing logNormal[M=2.8044913406875773 S=8.280828869894293].pdf(2.218593955737985)
Testing logNormal[M=-0.31350442853024063 S=4.579293924056255].pdf(2.1296100674385596)
Testing logNormal[M=-1.0567083778568631 S=8.376484740838254].pdf(0.04789722450571361)
Testing logNormal[M=3.6674169250890927 S=6.767837587505951].pdf(1.8373488790037549)
Testing logNormal[M=-0.7336977496439534 S=7.269548678114881].pdf(0.380511833863063)
Testing logNormal[M=1.0057674891149224 S=0.5087832517216362].pdf(1.1140501142281336)
Testing logNormal[M=-0.04045769524262699 S=2.7821229583311355].pdf(1.0778456082732844)
Testing logNormal[M=-4.946601905977619 S=7.19720922285799].pdf(1.8346312669973315)
Testing logNormal[M=-2.9259947897298657 S=5.353283078511833].pdf(1.5874896631714173)
Testing logNormal[M=-4.1492320559177065 S=6.228907303564705].pdf(2.229859256619843)
Testing logNormal[M=4.162988483536617 S=6.961717145451123].pdf(1.71440874251084)
Testing logNormal[M=0.8159345046249955 S=5.900720112158084].pdf(2.1234963915932)
Testing logNormal[M=-1.551775612478906 S=4.213756986171892].pdf(2.0566288137278548)
Testing logNormal[M=0.5914046660747898 S=9.32469886571367].pdf(1.1865277372822278)
Testing logNormal[M=-2.530478667873383 S=2.559421739322334].pdf(1.7826515354320949)
Testing logNormal[M=3.8915586608758197 S=2.477021530778262].pdf(1.2176254551750407)
Testing logNormal[M=4.9194427781976415 S=6.942281771074599].pdf(1.5953219910123349)
Testing logNormal[M=2.185034311395002 S=8.785285574157733].pdf(1.88397744961737)
Testing logNormal[M=2.9047144740402766 S=2.8534123511583687].pdf(0.9991239375324622)
Testing logNormal[M=4.834434735550271 S=2.3546716055323937].pdf(2.1031622124374785)
Testing logNormal[M=4.324389886488364 S=3.2429317935149737].pdf(1.1623545067278451)
Testing logNormal[M=0.7569364245132348 S=3.699663523910975].pdf(1.86790431510404)
Testing logNormal[M=1.3206845978783424 S=3.309112846668719].pdf(2.143517300811915)
Testing logNormal[M=0.8277895100639974 S=7.322577346879994].pdf(1.5562942190355669)
Testing logNormal[M=0.8373986442865045 S=1.6463757214213115].pdf(0.016292606466331516)
Testing logNormal[M=-3.799578749014044 S=2.6982209760319478].pdf(1.325141615306011)
Testing logNormal[M=-0.21933565858842208 S=0.4334830439543713].pdf(0.49029050323199697)
Testing logNormal[M=1.0211729889235581 S=0.4229025952558152].pdf(1.2831596561793508)
Testing logNormal[M=4.6189628390505355 S=1.8686522443788367].pdf(1.7558882741189075)
Testing logNormal[M=-0.6188290629000326 S=0.11859664945853221].pdf(2.1302807557854417)
Testing logNormal[M=-0.03370322279551363 S=0.7374718314528983].pdf(2.073844647211923)
Testing logNormal[M=1.601157122118412 S=3.2817957080133686].pdf(1.2538821804265858)
Testing logNormal[M=2.5491436680377344 S=8.944423080230715].pdf(0.9469310736727962)
Testing logNormal[M=2.247827074884996 S=7.432378769109946].pdf(1.6764079437145287)
Testing logNormal[M=-2.7980112689254444 S=8.4556016210809].pdf(2.1850894473606255)
Testing logNormal[M=-1.7896870716555746 S=2.0089811290331703].pdf(1.5269300993393264)
Testing logNormal[M=3.302582681621315 S=9.289779683817287].pdf(2.290256506223353)
Testing logNormal[M=3.646810516288024 S=7.538659271178188].pdf(1.1422501064944013)
Testing logNormal[M=2.5493100868484486 S=6.059108823211003].pdf(2.225652725835815)
Testing logNormal[M=-1.2055033603082386 S=3.686228645939532].pdf(1.7820380361592663)
Testing logNormal[M=-0.3549048696534989 S=3.5856631402444163].pdf(1.5084191792408763)
Testing logNormal[M=-2.2362760774485957 S=0.003997188113998851].pdf(2.0242598558002567)
Testing logNormal[M=-4.917740179158235 S=3.1124208764469916].pdf(1.9191515958592973)
Testing logNormal[M=1.8657420406776817 S=3.9881317849779565].pdf(2.040584546983424)
Testing logNormal[M=0.8782794756684753 S=0.5630598147946586].pdf(1.8717324935107418)
Testing logNormal[M=-4.262420128424025 S=4.199656421231613].pdf(1.2124087924581624)
Testing logNormal[M=-1.2918907453202824 S=9.764661003233165].pdf(1.9628467437563992)
Testing logNormal[M=1.108246364413307 S=0.9273223096169858].pdf(1.0141260628525572)
Testing logNormal[M=-2.882200172589151 S=7.364260972993138].pdf(1.565695161384856)
Testing logNormal[M=2.588212743525432 S=3.8565499696448438].pdf(2.116739593719294)
Testing logNormal[M=4.03961019052865 S=2.0775437060755895].pdf(1.5350008005997264)
Testing logNormal[M=0.6073706660172329 S=9.275852189068296].pdf(1.6522443377283238)
Testing logNormal[M=2.812748547733773 S=7.233456749959934].pdf(0.28759278470825067)
Testing logNormal[M=1.9659008294777287 S=6.766900239918288].pdf(0.7918808781172069)
Testing logNormal[M=4.038156540353468 S=1.4998916864224887].pdf(2.0610803085577305)
Testing logNormal[M=2.8897128657618403 S=1.1337524774837182].pdf(1.379774279683577)
Testing logNormal[M=4.042574220649508 S=0.6865533424101689].pdf(1.8072396705838467)
Testing logNormal[M=-1.1985441085711845 S=3.1089657826519512].pdf(2.300157810851531)
Testing logNormal[M=1.4663086916780852 S=2.889233670941538].pdf(2.174377357408806)
Testing logNormal[M=-0.09586927665150391 S=3.2338990415646185].pdf(1.0588639637171886)
Testing logNormal[M=1.1131379064143818 S=5.989457473263718].pdf(2.111729825402394)
Testing logNormal[M=1.407491970866804 S=9.71950371090047].pdf(2.1643708331878306)
Testing logNormal[M=-2.0566944618129 S=7.2299215090699285].pdf(1.211609441376957)
Testing logNormal[M=-0.5691266476139889 S=1.6080711117779012].pdf(1.5376453217735602)
Testing logNormal[M=2.7467105410527832 S=9.836016825943574].pdf(1.57259829031136)
Testing logNormal[M=2.3767557715009415 S=8.23162368811518].pdf(0.3600261281765492)
Testing logNormal[M=3.534516736306072 S=4.014104676860475].pdf(1.7497605068374562)
Testing logNormal[M=-1.4476012006235117 S=6.087961093304735].pdf(2.151673491280345)
Testing logNormal[M=0.44337206657597417 S=8.056072561117308].pdf(1.161707366363621)
Testing logNormal[M=-3.844068159273281 S=0.4503011455893491].pdf(2.275047356473752)
Testing logNormal[M=-0.5589480763488561 S=7.026228638598349].pdf(1.835511002689133)
Testing logNormal[M=2.670187008394236 S=4.274495640386132].pdf(0.7881970722503138)
Testing logNormal[M=0.4904111072339603 S=7.8692879846797155].pdf(1.7198631724957696)
Testing logNormal[M=-1.8874794523655671 S=0.29030106011166734].pdf(1.4601321887766898)
Testing logNormal[M=-0.911213803241905 S=8.173708484721681].pdf(2.2208393029694404)
Testing logNormal[M=-3.908474779242017 S=0.1721217137909936].pdf(1.5705693758528276)
Testing logNormal[M=3.234602920439622 S=1.2932528545277222].pdf(2.1891138117909072)
Testing logNormal[M=-3.271029373178859 S=1.5270598766338317].pdf(0.5865013713703465)
Testing logNormal[M=2.9454055910291954 S=2.716465653497877].pdf(2.2311028504866965)
Testing logNormal[M=4.580789155459726 S=4.540073148782491].pdf(0.27530803887446786)
Testing logNormal[M=4.199149394609158 S=7.790123505045347].pdf(1.670554605575617)
Testing logNormal[M=-1.5164842572186 S=3.051693671151796].pdf(1.4622587744093567)
Testing logNormal[M=-2.82132827383365 S=7.322726078530741].pdf(0.2250473011687196)
Testing logNormal[M=-1.0180206193526908 S=4.5751020805629175].pdf(1.868990254416512)
Testing logNormal[M=-3.250565190586153 S=3.4226258344791227].pdf(1.5933848014628753)
Testing logNormal[M=0.8390006696438892 S=4.91784656542251].pdf(1.3577407673054158)
Testing logNormal[M=0.40565194028661633 S=5.56753435217635].pdf(1.9167646756354875)
Testing logNormal[M=1.1571519585041283 S=2.3673639879317743].pdf(2.180353347829519)
Testing logNormal[M=-2.9592454474623 S=9.203027503535154].pdf(1.6857478738936056)
Testing logNormal[M=-1.8891735343010785 S=8.658248689953204].pdf(2.0131250089576262)
Testing logNormal[M=-2.2470145384469697 S=6.271190722962067].pdf(1.660216070787418)
Testing logNormal[M=1.2900056647030569 S=1.8191391168348925].pdf(1.7401840361816552)
Testing logNormal[M=0.25615193004964887 S=9.070152992883756].pdf(1.7358381432681411)
Testing logNormal[M=2.1164117564791507 S=8.800730249063026].pdf(1.127075190571188)
Testing logNormal[M=1.9248470311482757 S=2.4084084165698103].pdf(2.248411458066787)
Testing logNormal[M=-0.08733007407056981 S=6.6422689614145645].pdf(2.065387013544313)
Testing logNormal[M=1.5933051514873746 S=7.038714035134968].pdf(2.274602164405767)
Testing logNormal[M=3.263785755945383 S=9.389334797308603].pdf(0.6400964721341222)
Testing logNormal[M=0.15703277337597044 S=4.433200474415694].pdf(2.256236645872599)
Testing logNormal[M=4.347710508383413 S=1.5159885495229597].pdf(2.032244173450314)
Testing logNormal[M=2.362762562083218 S=1.6156146328803744].pdf(1.9322792335402605)
Testing logNormal[M=-2.1702872117787084 S=9.265510818643477].pdf(0.24830632848014272)
Testing logNormal[M=-1.77838963464648 S=4.598033647537681].pdf(1.922206815709633)
Testing logNormal[M=4.165647185685081 S=3.2521925735498227].pdf(1.8979547001520627)
Testing logNormal[M=4.994497544648858 S=7.327082126588112].pdf(2.1351357558756154)
Testing logNormal[M=2.3374407935641015 S=8.293500003358588].pdf(1.9738124258240761)
Testing logNormal[M=-4.80695701309502 S=2.95098589722264].pdf(1.7782526884268743)
Testing logNormal[M=2.9509857161643227 S=6.107394476503686].pdf(1.958794115304748)
Testing logNormal[M=-0.8318026168287389 S=8.35322553091341].pdf(1.0244519565319705)
Testing logNormal[M=-4.912580826291796 S=6.350457101812697].pdf(1.853917120003632)
Testing logNormal[M=2.376548124662272 S=1.9478820582232037].pdf(1.5502737260706934)
Testing logNormal[M=3.9976180659173135 S=5.858332306290043].pdf(0.09120636376154154)
Testing logNormal[M=-2.433302683072054 S=5.793623153054526].pdf(2.0710654406879936)
Testing logNormal[M=1.3670940587312987 S=6.151721205122895].pdf(1.4349457792671065)
Testing logNormal[M=-3.76146058015302 S=8.038858056438462].pdf(1.6254428989852874)
Testing logNormal[M=2.649836239032732 S=7.5181989886655884].pdf(0.2912065010257668)
Testing logNormal[M=-3.019051774415924 S=1.4567089635102504].pdf(1.9725102976958364)
Testing logNormal[M=-4.119197723519222 S=1.3231164386039185].pdf(1.6184557225795535)
Testing logNormal[M=-1.9206237792931358 S=3.031269566248892].pdf(2.1505848268614347)
Testing logNormal[M=0.7031052953069006 S=8.147147369299825].pdf(2.293324660488898)
Testing logNormal[M=1.1691572004868709 S=1.083444596621549].pdf(1.035501675998275)
Testing logNormal[M=-1.5060223845475598 S=7.56289519088841].pdf(1.9353285256565882)
Testing logNormal[M=2.4055671677832198 S=8.855701101704529].pdf(2.220829686694391)
Testing logNormal[M=2.267908228944587 S=4.177336899645958].pdf(2.248815746062949)
Testing logNormal[M=0.40256322433268465 S=0.9374809914859961].pdf(1.942299614847504)
Testing logNormal[M=1.5592532913434178 S=5.12324988237887].pdf(1.99449246619831)
Testing logNormal[M=0.12846801118099993 S=8.56670378067028].pdf(2.248996367092325)
Testing logNormal[M=-3.6816223354550317 S=5.169032157585125].pdf(2.0256471444633437)
Testing logNormal[M=-2.853723451466814 S=4.7588870949731525].pdf(1.3909015626255101)
Testing logNormal[M=2.730992008602885 S=8.186276325897504].pdf(0.5516574902272956)
Testing logNormal[M=-2.172654430992156 S=9.75520452343739].pdf(1.2454484740831486)
Testing logNormal[M=0.5950093566693209 S=4.272486840834641].pdf(0.7037727540925707)
Testing logNormal[M=2.827997848584136 S=0.8502950844054424].pdf(1.940702895170122)
Testing logNormal[M=-4.0015960555431205 S=8.911416878580368].pdf(1.8996365350532367)
Testing logNormal[M=-4.442948587808642 S=3.463587198813076].pdf(1.873142801205577)
Testing logNormal[M=3.6234770858833834 S=3.0206064361122453].pdf(2.1042509248968977)
Testing logNormal[M=4.43767798396321 S=3.0301697897358926].pdf(1.9856757942251002)
Testing logNormal[M=-4.4383056919545165 S=1.9641586585867].pdf(2.2113515409756475)
Testing logNormal[M=1.0373246365690472 S=9.52508328322433].pdf(1.5017508007768245)
Testing logNormal[M=1.2324305050120348 S=9.810769453305351].pdf(1.1797274223890937)
Testing logNormal[M=4.565529056072975 S=5.7939722185368945].pdf(1.820644305552747)
Testing logNormal[M=3.8688648340515446 S=7.483926949535791].pdf(1.8053618864423762)
Testing logNormal[M=3.5461734779500116 S=8.216663847170555].pdf(2.2867108005414245)
Testing logNormal[M=-0.11979805805630228 S=7.478498854749334].pdf(1.4594431580767493)
Testing logNormal[M=-1.4328878099812337 S=7.509865525941819].pdf(0.583770997279428)
Testing logNormal[M=-4.116571242861352 S=6.234837578496805].pdf(1.9845344475665714)
Testing logNormal[M=2.2547152528523515 S=8.909736418906274].pdf(1.500433043943306)
Testing logNormal[M=-0.17849290271755436 S=9.189217052803777].pdf(1.1787534725074325)
Testing logNormal[M=-1.1115730669368395 S=6.518859765970113].pdf(0.9841095655408847)
Testing logNormal[M=0.9901388837470062 S=1.0632566905545238].pdf(1.8147892217554207)
Testing logNormal[M=-0.7342852930229524 S=4.965192269032657].pdf(1.1190989178147133)
Testing logNormal[M=0.5355732483233533 S=4.869821459956263].pdf(1.248134046219721)
Testing logNormal[M=1.8926083502745517 S=7.37784997925675].pdf(2.113668391330088)
Testing logNormal[M=4.582113360899616 S=7.263214722368732].pdf(2.2752330834756087)
Testing logNormal[M=4.158162413094551 S=7.795065961212729].pdf(0.8657970242227554)
Testing logNormal[M=-2.008318286739499 S=9.580381873393494].pdf(0.7214060617677491)
Testing logNormal[M=-4.051231344957925 S=9.04731631031775].pdf(2.2473581461484047)
Testing logNormal[M=-3.8636006601716177 S=4.096197733539491].pdf(1.9401161958356465)
Testing logNormal[M=1.8985614234566306 S=3.110356909112013].pdf(1.042675001268514)
Testing logNormal[M=1.8003435767291496 S=9.831827059779563].pdf(2.262884662656639)
Testing logNormal[M=-0.6619237383353749 S=6.500745493406468].pdf(0.7366673983056375)
Testing logNormal[M=-2.6631363489372517 S=7.719831191474204].pdf(2.0712240019494335)
Testing logNormal[M=0.16598654486365128 S=7.508849807863469].pdf(1.2958043447840242)
Testing logNormal[M=-4.961584266797958 S=0.32204704192023814].pdf(2.1126840033241754)
Testing logNormal[M=2.423490271973275 S=1.2922712751302035].pdf(1.8222405778238453)
Testing logNormal[M=4.553214295905244 S=0.8326627601168335].pdf(2.2844519139754715)
Testing logNormal[M=0.7170376273816998 S=1.4825597902056298].pdf(1.7996481920600733)
Testing logNormal[M=4.33214029964768 S=5.183528283276115].pdf(1.2723136954999643)
Testing logNormal[M=-1.813300219399637 S=7.6359155443681725].pdf(0.19565709581788704)
Testing logNormal[M=2.906899879555783 S=3.955520341994375].pdf(1.3871395273604215)
Testing logNormal[M=3.2309226392982655 S=1.7651111412618925].pdf(1.4029018143911396)
Testing logNormal[M=1.5644278351833378 S=0.8674879549728565].pdf(2.176008095093186)
Testing logNormal[M=-1.82027008016488 S=9.449861464649924].pdf(0.13717805066596583)
Testing logNormal[M=2.9659510228842407 S=7.3822120305498].pdf(0.5197602978312575)
Testing logNormal[M=-0.27578207209340366 S=2.728662663426941].pdf(1.1018259249392055)
Testing logNormal[M=0.40175216312692896 S=4.372691280132631].pdf(1.033803193285559)
Testing logNormal[M=-4.328344647996434 S=3.677154732427165].pdf(0.3649402481272836)
Testing logNormal[M=2.1808634008755776 S=2.9111258156204025].pdf(1.1228604089320169)
Testing logNormal[M=-1.060948675315693 S=6.717132416404075].pdf(1.8352934570686)
Testing logNormal[M=-4.027150153669287 S=6.218284608793537].pdf(1.340215938225365)
Testing logNormal[M=-2.4899151235694794 S=7.247251965439046].pdf(2.049141205656549)
Testing logNormal[M=0.8455690066909272 S=2.278176774262227].pdf(1.4127838503821037)
Testing logNormal[M=2.9789551169941344 S=2.9593895503385568].pdf(0.13387143588792166)
Testing logNormal[M=-1.1061243510232153 S=3.1760743195392616].pdf(0.42188600687138417)
Testing logNormal[M=2.3370563028736777 S=3.839321257300913].pdf(0.5281666701998677)
Testing logNormal[M=-2.5850760736771674 S=1.5615418314629592].pdf(2.29385086624096)
Testing logNormal[M=4.570867348222876 S=9.044686849326906].pdf(2.2831211006559284)
Testing logNormal[M=4.178224576258401 S=6.807245900005167].pdf(0.9819006326344635)
Testing logNormal[M=4.403247599250516 S=8.833024981676239].pdf(1.0895618837245882)
Testing logNormal[M=-3.947520978446507 S=2.1424492461537215].pdf(0.7156644505447278)
Testing logNormal[M=1.2653625658848018 S=9.585398827385571].pdf(2.1112684203274115)
Testing logNormal[M=-2.1701525063680327 S=9.624128832593673].pdf(1.038241745590621)
Testing logNormal[M=-4.276327163797362 S=5.004388765450546].pdf(0.94976900077923)
Testing logNormal[M=2.112466852407521 S=2.4948875088416744].pdf(1.2363349385746643)
Testing logNormal[M=4.963831878198965 S=6.530744729821063].pdf(1.8107997257300643)
Testing logNormal[M=-2.2657858670484563 S=0.8980432899380786].pdf(1.695019286500482)
Testing logNormal[M=0.47900745361479125 S=2.467925260212244].pdf(2.2693589714546585)
Testing logNormal[M=-1.7415407368890867 S=4.907104482846432].pdf(2.2154526474889797)
Testing logNormal[M=2.3481433486805052 S=6.416459101535451].pdf(2.2160681236889146)
Testing logNormal[M=-4.310330021896817 S=7.7828622294599334].pdf(0.26341961632911476)
Testing logNormal[M=2.0437366573849562 S=2.081267507413176].pdf(0.6694875539365124)
Testing logNormal[M=-2.814264419048146 S=3.126912139714164].pdf(1.3466883824559677)
Testing logNormal[M=3.2805894670962488 S=1.5522283984580465].pdf(2.24504244324699)
Testing logNormal[M=-2.9521923887613752 S=2.8343066172074427].pdf(1.806900027953858)
Testing logNormal[M=-1.0910238733970834 S=0.16391402763897278].pdf(2.190205992564223)
Testing logNormal[M=0.35211165267638034 S=3.8451586845385863].pdf(1.4257430742558699)
Testing logNormal[M=4.431202163327786 S=4.747853051464473].pdf(1.9915814100177451)
Testing logNormal[M=-0.3984460338235376 S=8.634183334970414].pdf(2.1443221599828304)
Testing logNormal[M=3.7542431108049445 S=3.7820872780415336].pdf(0.3689597267550658)
Testing logNormal[M=-0.27006193013501445 S=7.798293457119025].pdf(1.337135295293971)
Testing logNormal[M=-2.0192583851449966 S=4.545897994500724].pdf(1.7015203226680935)
Testing logNormal[M=0.38986586110839916 S=8.494726241824623].pdf(0.6673645420136195)
Testing logNormal[M=-4.957399299488442 S=4.793561001470877].pdf(0.5600744597011835)
Testing logNormal[M=-3.5752773421234094 S=9.013757819968532].pdf(1.423053550126794)
Testing logNormal[M=0.6729156127215754 S=4.3488389176557245].pdf(2.0490037390181373)
Testing logNormal[M=-1.1255812492928694 S=5.412639410265601].pdf(1.6859907596435249)
Testing logNormal[M=1.9861418879727566 S=5.736146498150042].pdf(1.8432875862940088)
Testing logNormal[M=-3.414926683276361 S=9.181026904257655].pdf(0.790549694063643)
Testing logNormal[M=-4.323645223959817 S=3.13524975830507].pdf(2.2461533420342357)
Testing logNormal[M=-1.8322148607558573 S=1.4215234858547199].pdf(2.1472207051321495)
Testing logNormal[M=-2.433193473879467 S=0.661877707976023].pdf(1.6382429390642534)
Testing logNormal[M=3.368184800656154 S=5.015089547018085].pdf(0.20790904183619452)
Testing logNormal[M=-0.7885130968212355 S=5.9246592921974095].pdf(0.826941276439315)
Testing logNormal[M=1.5230283174719217 S=1.4027795759177009].pdf(2.1943048815103277)
Testing logNormal[M=2.2661482695267647 S=4.348263021880983].pdf(2.1750179475738447)
Testing logNormal[M=1.6185099304116681 S=5.90446839081379].pdf(1.9341848154696797)
Testing logNormal[M=-2.5792555408333673 S=3.6120277389911495].pdf(0.41252149030598123)
Testing logNormal[M=1.5217555353800636 S=1.3321249503479315].pdf(0.6144322488381389)
Testing logNormal[M=2.4057084315531183 S=3.1582388780230684].pdf(1.3152363955860278)
Testing logNormal[M=3.69874608635784 S=9.762424078639203].pdf(1.9270401574963978)
Testing logNormal[M=-1.3776970854097748 S=7.773572032027528].pdf(2.053704304598068)
Testing logNormal[M=-4.4502376294597745 S=7.812264819647345].pdf(1.9220441466161204)
Testing logNormal[M=2.78991079806156 S=9.876280574836061].pdf(0.6010986345655522)
Testing logNormal[M=0.0416970205212408 S=5.733971291719238].pdf(2.243657319471559)
Testing logNormal[M=2.04342911802598 S=3.970144203586321].pdf(1.9169308984931208)
Testing logNormal[M=2.1717380142528135 S=8.131109139588414].pdf(0.5914006941922182)
Testing logNormal[M=1.8124329741235083 S=5.138663762488351].pdf(2.1079684451909833)
Testing logNormal[M=4.1680456673616675 S=8.682858982290742].pdf(0.7357371612134089)
Testing logNormal[M=-0.6605055629617373 S=1.1794449712418986].pdf(1.2422601388796408)
Testing logNormal[M=-3.948313947166797 S=6.262075593763462].pdf(1.8012112345927451)
Testing logNormal[M=-2.6839762062932024 S=0.11557553763580142].pdf(2.234839175667622)
Testing logNormal[M=-2.990644642150727 S=9.672219267862982].pdf(1.9436290285235556)
Testing logNormal[M=-1.6447628407316097 S=5.884556439504527].pdf(2.20435794826458)
Testing logNormal[M=-2.0533751641497666 S=2.8747135714063].pdf(1.7126261889763807)
Testing logNormal[M=-3.7785705773455227 S=6.689256725312125].pdf(1.7997316225759903)
Testing logNormal[M=1.0014867233548514 S=5.819917042760247].pdf(2.205601351019914)
Testing logNormal[M=-4.914245353453036 S=7.569702254115224].pdf(1.0045918958160236)
Testing logNormal[M=-0.8649213505989826 S=1.2582511925117057].pdf(0.5285766195230286)
Testing logNormal[M=-2.0190448073952707 S=7.501996797745946].pdf(2.166910158330258)
Testing logNormal[M=-1.362102226360904 S=2.2777564448009002].pdf(0.4607486660143766)
Testing logNormal[M=-4.014874406905831 S=2.0906429702126905].pdf(0.5915939836526766)
Testing logNormal[M=3.5032557062245786 S=8.301606693459108].pdf(2.0857999495720367)
Testing logNormal[M=-0.1855045725345299 S=7.942794374399274].pdf(0.4374335994832811)
Testing logNormal[M=1.3454246797264702 S=3.3783990402323827].pdf(1.0397870872290411)
Testing logNormal[M=-1.6275080173337075 S=5.071558712086459].pdf(1.229158026250795)
Testing logNormal[M=4.679844135565599 S=2.7299407748535467].pdf(0.7284648059936668)
Testing logNormal[M=-2.403220300323196 S=9.97496229225367].pdf(0.747540443043529)
Testing logNormal[M=-2.80497404089989 S=5.905845829424567].pdf(2.0363506639472964)
Testing logNormal[M=-1.024140242113638 S=9.791950628927022].pdf(1.5853590177839125)
Testing logNormal[M=-1.7264587455714588 S=3.2106655570753793].pdf(2.1421553336541725)
Testing logNormal[M=2.9474819950295625 S=1.9355175520569068].pdf(1.6048503283787432)
Testing logNormal[M=0.4479436510495374 S=2.1454870700446604].pdf(2.272748437518589)
Testing logNormal[M=-0.6331919490039342 S=4.198069172815453].pdf(2.150027565528725)
Testing logNormal[M=1.1029553840861093 S=2.1644563555725718].pdf(1.1542483618365331)
Testing logNormal[M=-1.063975839700586 S=5.073852931590871].pdf(1.0786569931435621)
Testing logNormal[M=-4.55687615448574 S=5.861487441673536].pdf(0.6272464702677613)
Testing logNormal[M=2.7702972311187306 S=3.5646801547020313].pdf(1.4864581301041693)
Testing logNormal[M=0.5089756736730555 S=1.984007179689582].pdf(2.0923152546012864)
Testing logNormal[M=-1.4728611128222822 S=8.850752567431012].pdf(0.8716720096072509)
Testing logNormal[M=0.10204325278361814 S=0.0917350245741777].pdf(2.2725532474988865)
Testing logNormal[M=-4.3337237635748105 S=0.6899100818381421].pdf(1.8421591965416815)
Testing logNormal[M=1.0914700477180066 S=9.303559521287433].pdf(0.44126921565313326)
Testing logNormal[M=-0.037051342326524406 S=3.0279327833354586].pdf(0.9026019181158221)
Testing logNormal[M=-3.3428051958828062 S=5.359896779358461].pdf(2.1133244903089397)
Testing logNormal[M=2.6303910293698447 S=9.996554722721992].pdf(0.28486216704156464)
Testing logNormal[M=0.8797322775776264 S=2.8856903335499107].pdf(2.249310397458248)
Testing logNormal[M=0.19085507652666678 S=6.7702235080808615].pdf(1.8187672763755809)
Testing logNormal[M=-3.0161376882652213 S=6.93779742634015].pdf(1.8730384246387248)
Testing logNormal[M=-2.45992822114086 S=8.477987682317881].pdf(0.7678556269739082)
Testing logNormal[M=4.27016743496333 S=8.149255418002415].pdf(2.2218286432811065)
Testing logNormal[M=-1.7478933608804468 S=8.839212315846739].pdf(1.439472621917192)
Testing logNormal[M=0.6861972018208773 S=2.446297648342668].pdf(1.5471685203243764)
Testing logNormal[M=-0.9313142804467676 S=6.052194513136345].pdf(1.9778029078371162)
Testing logNormal[M=3.1915936363649706 S=8.511070588467302].pdf(2.0763111049615826)
Testing logNormal[M=4.84667024907268 S=4.528668418566465].pdf(0.8837009698474451)
Testing logNormal[M=-0.683563233007499 S=8.64421889519168].pdf(1.851431928755077)
Testing logNormal[M=4.888257990389892 S=7.3929777454029235].pdf(1.4400222549197599)
Testing logNormal[M=-0.46904111515556846 S=6.470651684038754].pdf(1.0348834302245957)
Testing logNormal[M=-4.472536756531415 S=2.9058397214996057].pdf(1.248798769558059)
Testing logNormal[M=2.1519749414373788 S=2.151325437189555].pdf(0.06659808646091302)
Testing logNormal[M=4.976800369904748 S=8.571346515274675].pdf(1.9339720484764866)
Testing logNormal[M=3.2028417200854733 S=6.564592519061234].pdf(2.2498799417645188)
Testing logNormal[M=4.919374056013906 S=0.530680714238706].pdf(2.2508095351444277)
Testing logNormal[M=1.2710369859454653 S=2.342140898897911].pdf(1.5022664632499625)
Testing logNormal[M=4.0350835264232146 S=3.854892061128241].pdf(1.822746415737028)
Testing logNormal[M=-1.2972028561233517 S=3.398793866741258].pdf(1.8384447401047912)
Testing logNormal[M=-0.612709007062481 S=0.5152480844827678].pdf(1.405936831245579)
Testing logNormal[M=-3.7357463045654384 S=5.2551424060194165].pdf(1.5380641216774147)
Testing logNormal[M=3.0895388040398277 S=6.238859372792439].pdf(1.7844245302515873)
Testing logNormal[M=1.7473246418414679 S=0.14684205030925934].pdf(0.8213586084873974)
Testing logNormal[M=0.9484102427428889 S=9.2163061832119].pdf(2.075177930707945)
Testing logNormal[M=-0.901494194186955 S=1.060671408412961].pdf(2.1216734912533575)
Testing logNormal[M=2.1181511544718994 S=7.955253896987413].pdf(1.810943895081591)
Testing logNormal[M=-2.173794904582876 S=3.2657911193973934].pdf(2.1150311797652512)
Testing logNormal[M=3.3252764865294875 S=4.6839576878952265].pdf(1.7291239898985384)
Testing logNormal[M=-1.5527213680800669 S=1.2230110852672726].pdf(2.1124047919617785)
Testing logNormal[M=-0.8193772485618291 S=6.878794063058873].pdf(1.265925874512062)
Testing logNormal[M=-1.0749768319120347 S=4.034466357956438].pdf(1.4808623572735962)
Testing logNormal[M=-1.6490863985779614 S=7.127095240322994].pdf(1.384770666510143)
Testing logNormal[M=-2.176500374759567 S=4.259436600531251].pdf(1.2206489767806694)
Testing logNormal[M=-1.3659784332871148 S=2.0200025852459724].pdf(2.1953212314243173)
Testing logNormal[M=1.842842189067392 S=0.5973691417999238].pdf(2.2890848733736435)
Testing logNormal[M=1.4939821360365908 S=2.919273875748708].pdf(2.1472463131224653)
Testing logNormal[M=1.6174654597188818 S=7.310071920278201].pdf(1.5980165978862662)
Testing logNormal[M=-2.780967672574539 S=6.233306154566859].pdf(1.1283338792283164)
Testing logNormal[M=-0.9001663693817896 S=7.91778451736495].pdf(2.090240189700494)
Testing logNormal[M=2.257252097164187 S=9.338298913320685].pdf(2.033057879159806)
Testing logNormal[M=-1.260566746556412 S=7.801569278328582].pdf(2.2738443325661306)
Testing logNormal[M=-1.091695616851899 S=0.7120712437212551].pdf(1.9870506052506776)
Testing logNormal[M=-1.7335502007068069 S=2.570161761732621].pdf(0.9091391488840181)
Testing logNormal[M=-2.163864673879109 S=5.096336273321164].pdf(2.196163423587557)
Testing logNormal[M=4.8590665121090275 S=1.7251680296518224].pdf(1.9093960049989187)
Testing logNormal[M=0.8316880006186071 S=1.6003932847436209].pdf(1.830278381548309)
Testing logNormal[M=-3.880806305386555 S=1.7641225421169615].pdf(0.7094694721684618)
Testing logNormal[M=0.6066874248527485 S=8.852786449102426].pdf(0.3802272981313789)
Testing logNormal[M=-0.4179057926244134 S=6.451767546318878].pdf(1.8250209340176091)
Testing logNormal[M=4.452525311017109 S=0.7213705301945006].pdf(0.5922508898062521)
Testing logNormal[M=-0.8258567125702507 S=9.04329660564458].pdf(1.5177287900819119)
Testing logNormal[M=2.1687313344301 S=9.092135673443305].pdf(1.9793072608732651)
Testing logNormal[M=-3.621278396172757 S=5.772105003661041].pdf(2.062415713014912)
Testing logNormal[M=3.9201148837777815 S=9.767011501926394].pdf(1.44121109029205)
Testing logNormal[M=-4.886783415991398 S=1.1429444396486677].pdf(1.5139957094064198)
Testing logNormal[M=2.156296343334118 S=4.616794195905307].pdf(1.533035187709206)
Testing logNormal[M=-3.182512779082299 S=0.014692537593761212].pdf(1.60456229485032)
Testing logNormal[M=-2.6768543929669972 S=1.1309324372526186].pdf(2.2306617680291767)
Testing logNormal[M=4.682112080846311 S=4.688713879586505].pdf(1.796631033271211)
Testing logNormal[M=-1.3710622444572005 S=7.4125606205922185].pdf(1.0878683681159447)
Testing logNormal[M=3.5575154290730957 S=3.8656461680253686].pdf(1.5111739353287479)
Testing logNormal[M=1.979586701913715 S=1.6862167833984543].pdf(2.062903502932946)
Testing logNormal[M=-4.1103410796249875 S=1.0870753381274922].pdf(0.9649033736294433)
Testing logNormal[M=-1.179350847248367 S=2.972668596493505].pdf(2.2317117869122702)
Testing logNormal[M=-4.446931127537773 S=7.255117320066523].pdf(0.6686834192440781)
Testing logNormal[M=4.057591055376665 S=9.742176838916027].pdf(1.3720843619911824)
Testing logNormal[M=-0.7361684072970709 S=8.274832165949576].pdf(1.0565397344636638)
Testing logNormal[M=-1.6810083519983374 S=7.930185596940587].pdf(0.45211107469540995)
Testing logNormal[M=2.397047690213359 S=9.540761887942388].pdf(0.18084134905638635)
Testing logNormal[M=2.617302962892979 S=0.01946250366392621].pdf(2.273198018700613)
Testing logNormal[M=3.094821094964429 S=7.996700524871115].pdf(1.5190834476896444)
Testing logNormal[M=-4.489210281141705 S=0.43155574676908226].pdf(2.056761713829969)
Testing logNormal[M=1.0494981121054812 S=7.677823005365624].pdf(0.3980459672434103)
Testing logNormal[M=-2.778385284325008 S=2.0912568888974556].pdf(1.0409174159938173)
Testing logNormal[M=1.1853028862870385 S=9.83621745803491].pdf(2.1145785815687996)
Testing logNormal[M=-1.3240089188270634 S=0.6693038203632606].pdf(1.4074045215501196)
Testing logNormal[M=0.7830424838376393 S=2.9174442856798755].pdf(1.6691325815666227)
Testing logNormal[M=-3.4884476449219406 S=4.1920948092822385].pdf(0.9367644770757104)
Testing logNormal[M=-1.3690468432793992 S=7.009413270982714].pdf(0.7040735619058052)
Testing logNormal[M=-0.5124121037101865 S=3.2805984755511264].pdf(1.220925709297198)
Testing logNormal[M=1.684505833519097 S=2.5294822607356773].pdf(1.8821159608786073)
Testing logNormal[M=0.7737793844233547 S=6.218879550339981].pdf(1.5952426538747793)
Testing logNormal[M=3.064823770513165 S=1.9464596177919502].pdf(0.4615145011409481)
Testing logNormal[M=4.405778477206804 S=9.162858217141277].pdf(1.7371191699510107)
Testing logNormal[M=-2.11186775395823 S=9.3599389908098].pdf(2.1246609650590194)
Testing logNormal[M=-4.638239663926784 S=7.400146837918641].pdf(0.7773262143756683)
Testing logNormal[M=2.9421708034025666 S=9.707965251117352].pdf(2.0409306011688377)
Testing logNormal[M=-1.9117186801098884 S=2.9094200018694893].pdf(2.265856782930765)
Testing logNormal[M=3.8511126184609257 S=8.78230576758184].pdf(2.2721636937786314)
Testing logNormal[M=0.9852503980242577 S=3.75677223182729].pdf(1.9274924074953488)
Testing logNormal[M=4.88524624846961 S=2.0007901800828476].pdf(2.170911962003694)
Testing logNormal[M=2.998996765940415 S=6.617938446211396].pdf(1.4218847967341368)
Testing logNormal[M=3.3667966148022774 S=7.326256480628153].pdf(2.1716034611455917)
Testing logNormal[M=2.700368445928911 S=3.9052185376996853].pdf(1.8745804162790112)
Testing logNormal[M=1.9720563591624787 S=9.428322578902645].pdf(1.9590075209129614)
Testing logNormal[M=0.6698956598803765 S=3.144027232161608].pdf(0.48485900334167464)
Testing logNormal[M=-4.757564246401152 S=5.519147495491045].pdf(2.1783801090573562)
Testing logNormal[M=3.354220122702067 S=7.582096796498216].pdf(1.9728840513305275)
Testing logNormal[M=3.1796880568807904 S=8.58379494683869].pdf(2.078760861623314)
Testing logNormal[M=3.501278991808249 S=3.5952745770786123].pdf(2.1204770103489086)
Testing logNormal[M=-4.091869789103393 S=4.662895895091519].pdf(1.057043135916192)
Testing logNormal[M=0.8337553341874031 S=4.09122474349539].pdf(1.882236365088187)
Testing logNormal[M=4.65968019400329 S=3.3472761365608372].pdf(0.6438734802360658)
Testing logNormal[M=-0.9729268035791971 S=1.1830260851007768].pdf(0.7391958372392398)
Testing logNormal[M=-4.389817811286191 S=0.7992014072080145].pdf(2.206442815261542)
Testing logNormal[M=4.00256560765696 S=6.265282344949545].pdf(1.7359738869034644)
Testing logNormal[M=3.8723721777350235 S=8.421842861221977].pdf(0.7681705564196597)
Testing logNormal[M=-4.559421529545485 S=0.31973689787591963].pdf(0.3422710420565905)
Testing logNormal[M=-1.9104421687423176 S=7.561832829828488].pdf(1.5177329982343994)
Testing logNormal[M=-2.0975080648165334 S=1.1807358935540968].pdf(2.038899449750331)
Testing logNormal[M=2.904116962111991 S=6.644296786786718].pdf(2.015573593424481)
Testing logNormal[M=-3.1054825392287344 S=0.6528921903764806].pdf(2.051581148362664)
Testing logNormal[M=4.732761833029883 S=4.683338307819117].pdf(0.1253684070617072)
Testing logNormal[M=1.72970674475145 S=2.325949674604877].pdf(1.6780338874633236)
Testing logNormal[M=2.3065925148812463 S=3.1050001104973157].pdf(1.863931715366275)
Testing logNormal[M=1.6565511923655594 S=7.801181242203453].pdf(1.1234335978600412)
Testing logNormal[M=-2.8111095553829557 S=4.575466753340182].pdf(1.8503284536736582)
Testing logNormal[M=-2.5666838411905433 S=6.353453015557202].pdf(1.915167227843935)
Testing logNormal[M=1.059566930196489 S=3.7781924513413836].pdf(2.2952135785806136)
Testing logNormal[M=-3.897418132246646 S=7.129976317941295].pdf(1.1067352441020923)
Testing logNormal[M=-0.31484910307488967 S=5.090479372965845].pdf(1.0701599622571751)
Testing logNormal[M=-1.134572576220255 S=3.4522057219582836].pdf(2.2313219398992703)
Testing logNormal[M=2.7622396095286312 S=4.9894286805215895].pdf(1.1616993706566376)
Testing logNormal[M=1.9202628548762881 S=5.885368264220383].pdf(1.6212285247020688)
Testing logNormal[M=0.8322092682227167 S=1.3680243745563914].pdf(1.29794521766477)
Testing logNormal[M=0.8244742579422031 S=6.023651325118636].pdf(2.1321676053866674)
Testing logNormal[M=0.9205767860517744 S=5.043196044520978].pdf(2.124719898926481)
Testing logNormal[M=0.18684792466583833 S=1.908890341844136].pdf(1.468931355676832)
Testing logNormal[M=2.470712625875125 S=5.865847138624574].pdf(1.219921169830843)
Testing logNormal[M=-0.1495028788142534 S=6.730067679503197].pdf(1.2017505865837672)
Testing logNormal[M=2.6150834946598405 S=1.4347340235259753].pdf(2.1546200671321865)
Testing logNormal[M=-3.187885499014529 S=5.554062303446241].pdf(1.367130819429636)
Testing logNormal[M=0.6415248335749109 S=6.028623409223602].pdf(0.9465709055949563)
Testing logNormal[M=3.0034793535032343 S=1.9704894701581555].pdf(0.22091244760498174)
Testing logNormal[M=4.155746249717412 S=7.359051171409363].pdf(1.6863517096604483)
Testing logNormal[M=3.4138026606730634 S=3.67313134382636].pdf(2.0006271952299226)
Testing logNormal[M=-4.422519169839973 S=6.993660754010599].pdf(0.8631973655346283)
Testing logNormal[M=-3.4440353714252128 S=9.112627853792292].pdf(2.1815677323795097)
Testing logNormal[M=1.7218258406222855 S=3.40242040893623].pdf(2.0034884282462215)
Testing logNormal[M=2.140498842754093 S=4.436938488316155].pdf(1.0742005323260622)
Testing logNormal[M=0.5878546745894404 S=8.660007300847429].pdf(2.1013893896518017)
Testing logNormal[M=-2.2670493014704105 S=3.781542926168524].pdf(1.7504253480090222)
Testing logNormal[M=-1.3176180762273737 S=8.54307657309599].pdf(1.8864887210089292)
Testing logNormal[M=2.228707822807663 S=1.7985378906657246].pdf(0.3420641216139574)
Testing logNormal[M=-1.0568227419625775 S=4.8627579169527095].pdf(1.4475392759030812)
Testing logNormal[M=-4.789063288847548 S=4.3465825941098455].pdf(2.116021190478198)
Testing logNormal[M=1.7272752012079975 S=7.277964689458813].pdf(1.8067243834332194)
Testing logNormal[M=-3.848758118427998 S=2.0389745718404964].pdf(1.8538108643190936)
Testing logNormal[M=-2.291673410829765 S=4.124925072723533].pdf(1.6941682573542196)
Testing logNormal[M=3.023657059511484 S=4.608767555967589].pdf(0.7852884043403952)
Testing logNormal[M=-4.67769600368022 S=6.015278889889641].pdf(1.8979056755609816)
Testing logNormal[M=-3.2186018886173375 S=8.068089327856562].pdf(0.5281927924953307)
Testing logNormal[M=-1.6039859246529673 S=8.000768882338251].pdf(0.7924768873453514)
Testing logNormal[M=-4.796709732600077 S=0.511652967159405].pdf(0.7350241011441524)
Testing logNormal[M=-3.5837184585238213 S=4.759704573995719].pdf(1.2262504428166996)
Testing logNormal[M=-2.349276645261803 S=0.7636210215580208].pdf(2.1688138059229742)
Testing logNormal[M=4.611208956232964 S=7.39304690659957].pdf(1.4657061307963246)
Testing logNormal[M=3.9242475376261066 S=4.699887765738232].pdf(1.0803140914022837)
Testing logNormal[M=2.2145761614544064 S=8.306239889464223].pdf(1.1038186728165644)
Testing logNormal[M=2.3434461126882713 S=4.093714587081933].pdf(0.9140037426846974)
Testing logNormal[M=3.6016467026049206 S=5.21354228540895].pdf(1.8508960085431874)
Testing logNormal[M=4.914947127596863 S=2.613142092624061].pdf(2.1053411414722696)
Testing logNormal[M=-1.6541332267476863 S=4.45524293535211].pdf(1.40321183237522)
Testing logNormal[M=1.154624278593582 S=6.0712112903031334].pdf(2.100542354642578)
Testing logNormal[M=-3.6032417596182107 S=1.1001398138729446].pdf(1.9458226758996093)
Testing logNormal[M=-3.36739101304276 S=0.22778913230408038].pdf(2.298580060782706)
Testing logNormal[M=1.50778424876734 S=8.729714007869836].pdf(2.093315582668155)
Testing logNormal[M=-2.6419756950665585 S=3.1956995760961004].pdf(1.6796211898005278)
Testing logNormal[M=-2.211960380417101 S=6.214045921507404].pdf(0.2089070728619017)
Testing logNormal[M=-4.2352435486161415 S=9.709600696503388].pdf(1.571829934638461)
Testing logNormal[M=-0.15953928836242426 S=7.944854635040526].pdf(1.2443521033956106)
Testing logNormal[M=-4.098564596304839 S=7.884064027536707].pdf(1.8437883165192341)
Testing logNormal[M=-2.650945452887484 S=0.9131938336774004].pdf(2.04833813803859)
Testing logNormal[M=2.9173239448033907 S=0.19174164568876662].pdf(1.9057069534837765)
Testing logNormal[M=4.4961921079438625 S=5.96124430781164].pdf(1.5218972414375787)
Testing logNormal[M=-2.830029537561811 S=7.153655885769053].pdf(2.1750859046457114)
Testing logNormal[M=2.6604711617812846 S=3.1371223134236317].pdf(2.0137929226791096)
Testing logNormal[M=-0.6561975719292814 S=8.643649835321991].pdf(2.273607129663041)
Testing logNormal[M=0.018816064512151343 S=7.1480762549409125].pdf(1.9852167708357313)
Testing logNormal[M=3.6046376459452834 S=2.1451895203494553].pdf(2.121287296780854)
Testing logNormal[M=1.7685490325567796 S=0.37311199112612936].pdf(1.6435107254304746)
Testing logNormal[M=1.7781854828536767 S=4.634595445895994].pdf(1.6277470368316074)
Testing logNormal[M=3.6641734367013292 S=3.551548982163122].pdf(1.4096090590017591)
Testing logNormal[M=0.9854411193758548 S=2.811925617911979].pdf(2.2882526557339684)
Testing logNormal[M=0.13817446248057674 S=6.338679112565057].pdf(1.7331561581654487)
Testing logNormal[M=-1.0928086372951995 S=5.913578507875249].pdf(0.21028849139158523)
Testing logNormal[M=-2.8945134080140864 S=5.317030173010694].pdf(1.852929390170893)
Testing logNormal[M=4.257280279181014 S=2.0138321413544635].pdf(1.834489608414037)
Testing logNormal[M=-0.42117762348189913 S=0.7470498455579178].pdf(2.2242153184185964)
Testing logNormal[M=-1.574645317367275 S=3.6514265023903345].pdf(1.2835755206742843)
Testing logNormal[M=4.010816035939836 S=2.9291157908472867].pdf(2.0806179884515985)
Testing logNormal[M=-2.375707607284295 S=7.240345727099596].pdf(2.253683072996646)
Testing logNormal[M=3.7905332325658456 S=1.3338156962330294].pdf(1.3702016157427466)
Testing logNormal[M=-0.2629138051258746 S=0.2211654979607447].pdf(0.8567977896511703)
Testing logNormal[M=-1.1352450784020771 S=7.29849963503005].pdf(2.0837213985808023)
Testing logNormal[M=1.4887736521138075 S=0.768753415598229].pdf(0.8853884782646756)
Testing logNormal[M=3.964291537961657 S=6.483736259081427].pdf(0.6394348108108969)
Testing logNormal[M=-4.087590910355939 S=8.362785611640845].pdf(0.3752458865857512)
Testing logNormal[M=-3.126254790400572 S=8.096183460417494].pdf(2.1007174976440766)
Testing logNormal[M=-2.60145092568865 S=5.519582521493842].pdf(2.0224918850793507)
Testing logNormal[M=2.6731776895393526 S=3.520283724030012].pdf(2.1825434032685247)
Testing logNormal[M=0.6308111788963835 S=0.839596214691245].pdf(0.6670093401649234)
Testing logNormal[M=-3.388631465601375 S=9.602882006917573].pdf(1.9764228832929196)
Testing logNormal[M=-2.8882641231289785 S=2.0447663014154918].pdf(1.059611072941423)
Testing logNormal[M=4.903126779730529 S=2.841721899948971].pdf(1.7872627791947102)
Testing logNormal[M=1.7236413070596566 S=0.5639768303299231].pdf(1.8704136943397383)
Testing logNormal[M=-1.2194767883490245 S=0.05121627309829013].pdf(1.6790155650911938)
Testing logNormal[M=-1.276635279312679 S=6.137009646706093].pdf(1.3501348663078898)
Testing logNormal[M=-0.1027403548806749 S=9.16140938255046].pdf(1.5124006516470654)
Testing logNormal[M=0.12856335762556537 S=7.119627347315976].pdf(2.1125814416822526)
Testing logNormal[M=4.21016182545713 S=1.1391978595149932].pdf(2.1435843083868393)
Testing logNormal[M=4.452651342687192 S=9.335802571794131].pdf(1.0301630876437824)
Testing logNormal[M=4.276578969170151 S=4.45587576314474].pdf(0.9690351190077631)
Testing logNormal[M=-0.27042560748562483 S=2.4529413753885665].pdf(1.9612837519756388)
Testing logNormal[M=-1.9212206353687753 S=7.961660442674301].pdf(1.8506364356088123)
Testing logNormal[M=3.8120419064856446 S=0.13152153714650283].pdf(2.0370164166093296)
Testing logNormal[M=3.6536261420628655 S=7.944499103900119].pdf(1.4000436488804748)
Testing logNormal[M=-2.3010433087047377 S=8.890504673771023].pdf(1.329927972582657)
Testing logNormal[M=-0.6325895930992589 S=5.818494469603799].pdf(1.9003622948831151)
Testing logNormal[M=-0.667116407638928 S=1.6064076072593703].pdf(1.5168871527499972)
Testing logNormal[M=3.276280561579016 S=0.3487719053815874].pdf(1.7152950001784497)
Testing logNormal[M=-3.4635608662793604 S=2.1651003642193856].pdf(2.029501526108363)
Testing logNormal[M=3.9590200197541634 S=7.012769495265379].pdf(1.8460548845316884)
Testing logNormal[M=-2.2404803463993272 S=1.4572490048052977].pdf(1.9383194201757636)
Testing logNormal[M=-0.4670483030398396 S=6.940562742642684].pdf(1.9899700683110737)
Testing logNormal[M=1.880465643396633 S=4.119827097668477].pdf(1.9783026008926665)
Testing logNormal[M=4.923893151337545 S=9.47017435225328].pdf(1.6225148317615288)
Testing logNormal[M=-4.97742553852401 S=9.231030038387035].pdf(2.1028582626953285)
Testing logNormal[M=-2.3955121253060185 S=5.966410454182656].pdf(0.0038778618250469026)
Testing logNormal[M=-2.747070920046635 S=5.806094614820631].pdf(1.806627860915315)
Testing logNormal[M=-2.4681711510438054 S=7.2869693234939215].pdf(1.5176873727284483)
Testing logNormal[M=4.036807880486322 S=3.3163947455007623].pdf(0.6710750080903236)
Testing logNormal[M=-0.6566056409115983 S=1.1423176086777165].pdf(1.8818956180325186)
Testing logNormal[M=3.6658129756795788 S=0.7989289168812863].pdf(0.8782804263554037)
Testing logNormal[M=-4.910843968343585 S=5.238280508292541].pdf(2.1049621837428187)
Testing logNormal[M=-3.3166329557346783 S=0.4959805949579388].pdf(2.1824300221039694)
Testing logNormal[M=3.881528234501472 S=2.7318646748241884].pdf(1.664902396618923)
Testing logNormal[M=-2.0409181077176863 S=1.8456652704460108].pdf(0.424726873008689)
Testing logNormal[M=1.1004553443817215 S=7.280013267865778].pdf(2.200589139181134)
Testing logNormal[M=3.02716709116215 S=8.124185043020312].pdf(0.20331053829738638)
Testing logNormal[M=3.180611478067366 S=1.8448344011521678].pdf(1.7094904985544424)
Testing logNormal[M=2.3248092473322046 S=4.19678390256953].pdf(1.9258048232165679)
Testing logNormal[M=2.04720080376784 S=7.417033695000955].pdf(1.4629411960993515)
Testing logNormal[M=-3.1758799946183904 S=9.452660204404307].pdf(2.1377992477149705)
Testing logNormal[M=-2.304001901832123 S=9.62566142010214].pdf(1.500595943284553)
Testing logNormal[M=-1.7814689330530822 S=8.830687884050567].pdf(2.0360887296650403)
Testing logNormal[M=-0.8256758795281698 S=6.260391166300073].pdf(1.03077441370841)
Testing logNormal[M=-2.8918915051831293 S=4.650155697808971].pdf(1.7226715931103387)
Testing logNormal[M=4.580513266352831 S=1.7355729960333943].pdf(2.289163573426013)
Testing logNormal[M=2.133384584919109 S=9.438464388016158].pdf(1.4193659282615145)
Testing logNormal[M=2.0993997078507274 S=2.3860771942734504].pdf(1.1278944359117842)
Testing logNormal[M=3.930754130870074 S=5.92130379888106].pdf(0.5439594891318118)
Testing logNormal[M=2.4938540256576944 S=8.444726980365502].pdf(0.5159995189635779)
Testing logNormal[M=0.48719468750844896 S=1.8340977478331455].pdf(0.8274048993000321)
Testing logNormal[M=2.455320646993676 S=0.33028499148759605].pdf(2.114450119087571)
Testing logNormal[M=-2.4702377416241896 S=1.7700551378650808].pdf(1.9860093695761514)
Testing logNormal[M=-0.04417531985197343 S=8.182046047616236].pdf(1.8598343868655545)
Testing logNormal[M=0.7463604930759784 S=7.295371282474195].pdf(2.233357943601786)
Testing logNormal[M=-0.6314018730199953 S=8.302353599379629].pdf(1.7232537706803892)
Testing logNormal[M=-3.5568652025811165 S=3.1988464747518486].pdf(2.2414971171570905)
Testing logNormal[M=-3.9287192495646805 S=2.896619348113453].pdf(1.390180360875921)
Testing logNormal[M=3.5539661406027747 S=5.890776203145927].pdf(1.924674751107613)
Testing logNormal[M=3.735419244534045 S=9.807955644792067].pdf(1.1135966801453947)
Testing logNormal[M=3.8374038948898814 S=3.6600997577391423].pdf(2.087403494334638)
Testing logNormal[M=-1.0968094962139485 S=7.940802423288183].pdf(1.9171446577719)
Testing logNormal[M=-2.9765495895492045 S=4.441329996202836].pdf(2.0723596342789397)
Testing logNormal[M=2.562514381998808 S=5.384846417748915].pdf(1.190453715468922)
Testing logNormal[M=2.8475271677494973 S=0.37892371164284677].pdf(1.6318359162101768)
Testing logNormal[M=-4.136590679469448 S=3.901610842364922].pdf(1.8700239619016554)
Testing logNormal[M=-1.935167744191003 S=6.396415047492711].pdf(0.43906403495556245)
Testing logNormal[M=-0.07345592501391884 S=4.2178736749835375].pdf(2.173368712540538)
Testing logNormal[M=-3.3727396922911703 S=3.8604848082825716].pdf(0.7017261902615836)
Testing logNormal[M=-4.1458006510485825 S=3.8461001889925384].pdf(1.8454810362381824)
Testing logNormal[M=-4.639647518988411 S=3.0780515695379265].pdf(2.0461132465405627)
Testing logNormal[M=3.958811716696257 S=7.415584001625067].pdf(2.01069775694758)
Testing logNormal[M=-4.500523897740446 S=9.87361037469028].pdf(1.9310019364460183)
Testing logNormal[M=-4.528251131576647 S=6.006849874185116].pdf(2.099920688573885)
Testing logNormal[M=-2.3343616069872386 S=8.025999777950865].pdf(1.8255987548600436)
Testing logNormal[M=2.09427915261006 S=4.496446973241445].pdf(0.381379745507565)
Testing logNormal[M=4.377109194438614 S=6.61197187109401].pdf(1.0424390177563916)
Testing logNormal[M=-2.5490609899459615 S=6.429507576276519].pdf(0.21786535138288202)
Testing logNormal[M=2.7620765711229076 S=9.035741522513533].pdf(1.869553251845617)
Testing logNormal[M=2.153074809935509 S=7.676203833313019].pdf(2.2706601008926826)
Testing logNormal[M=-0.8857524747936543 S=2.6590111890589316].pdf(1.2859959359110642)
Testing logNormal[M=-2.2348393818033174 S=1.7005681135000772].pdf(0.08385069447640571)
Testing logNormal[M=-2.2353138282522633 S=3.670722838863698].pdf(1.7025257491600994)
Testing logNormal[M=0.9114570094143071 S=7.389603310599969].pdf(1.5008045810935497)
Testing logNormal[M=1.126366857078681 S=0.3549771353421538].pdf(1.9318198693598738)
Testing logNormal[M=1.4147670031715869 S=8.885848150426277].pdf(1.5379430321205392)
Testing logNormal[M=1.747802987889374 S=4.979205609101774].pdf(2.295105606680013)
Testing logNormal[M=2.100134779941886 S=0.9956078165711013].pdf(1.6758726921812201)
Testing logNormal[M=-1.6914168322236147 S=9.669283227610883].pdf(1.5702108063502678)
Testing logNormal[M=-2.101328668434894 S=7.945014085369727].pdf(0.9082630606048165)
Testing logNormal[M=2.739477169766797 S=8.38518102862962].pdf(2.2470116137329916)
Testing logNormal[M=-0.4151751944104056 S=7.303306242150034].pdf(1.684540781857111)
Testing logNormal[M=3.994385748660365 S=4.693652031171301].pdf(1.7307663742577035)
Testing logNormal[M=2.5696417055388068 S=7.572785313850692].pdf(0.7159400167341418)
Testing logNormal[M=4.111171408108895 S=6.794805126207848].pdf(1.3357514987018873)
Testing logNormal[M=1.570454464662383 S=2.2378900775238].pdf(1.7246745906920873)
Testing logNormal[M=-2.1496395476742425 S=3.4925185491765056].pdf(1.75336567306576)
Testing logNormal[M=3.799784306599122 S=6.179491068729586].pdf(0.7416856997448413)
Testing logNormal[M=-2.052508262034971 S=9.343439576748814].pdf(2.1408077480697396)
Testing logNormal[M=2.284629893207896 S=3.561769088056667].pdf(0.5092784331628819)
Testing logNormal[M=-2.88974167589944 S=1.9041580286228443].pdf(0.9935147944165074)
Testing logNormal[M=0.8868225094410045 S=4.132735382438182].pdf(1.8074920856784007)
Testing logNormal[M=0.4616748604174594 S=7.685370854546811].pdf(1.2029122435962165)
Testing logNormal[M=0.726678147766946 S=1.7309388657646196].pdf(1.6926499178648498)
Testing logNormal[M=-4.451726345387397 S=6.643034676827147].pdf(0.23831444551671152)
Testing logNormal[M=-4.966571311113768 S=3.8652212789661067].pdf(0.9240908818905952)
Testing logNormal[M=4.6834355702486405 S=7.955819307006383].pdf(1.8565391531598892)
Testing logNormal[M=0.41211679826255576 S=4.748873675143952].pdf(2.037139249940946)
Testing logNormal[M=2.0056651256393785 S=5.64962710646172].pdf(1.1725295185397255)
Testing logNormal[M=3.484202057523863 S=2.9191213259267346].pdf(1.848864047413832)
Testing logNormal[M=3.394810111113518 S=2.373335278422002].pdf(1.3260637485917084)
Testing logNormal[M=2.55984820953905 S=3.6586088859620913].pdf(2.018578726559522)
Testing logNormal[M=-3.2427346423680534 S=3.3551217828255817].pdf(2.180781613517441)
Testing logNormal[M=0.9976552927251001 S=9.051204096317418].pdf(2.062043850726422)
Testing logNormal[M=-0.7018259749311317 S=4.314294946510989].pdf(2.0031452281218898)
Testing logNormal[M=3.9343673852464605 S=3.2521272643098618].pdf(2.0333878357174826)
Testing logNormal[M=2.4679190596409857 S=4.447630073912116].pdf(2.254487200884468)
Testing logNormal[M=-0.48162887409160504 S=7.61435088827593].pdf(1.6745719518525464)
Testing logNormal[M=-4.447652208988196 S=1.1485223976767756].pdf(0.9368650261804686)
Testing logNormal[M=3.9889790800003144 S=6.8287120387187406].pdf(1.9051172264204985)
Testing logNormal[M=-4.44195019305916 S=8.071142482267836].pdf(1.7087629615667215)
Testing logNormal[M=-0.39741317732371684 S=8.801944456018392].pdf(1.6585341342331927)
Testing logNormal[M=1.111715689406151 S=1.3752473548070876].pdf(1.4868819307132901)
Testing logNormal[M=-2.821953930707367 S=7.760401970814561].pdf(2.1831705314611773)
Testing logNormal[M=4.1162660383236975 S=1.3010974178028878].pdf(1.9553478357905676)
Testing logNormal[M=-2.1930564435512867 S=8.427765242063213].pdf(2.1330501924130587)
Testing logNormal[M=-0.28221613285136016 S=4.376322090961143].pdf(1.4035706951644753)
Testing logNormal[M=-2.051169665749797 S=3.9052187306653985].pdf(1.2212589943913714)
Testing logNormal[M=3.0608401740294937 S=6.436862833793436].pdf(0.5033447128023547)
Testing logNormal[M=3.831894236415085 S=4.498306260701615].pdf(2.237149605572493)
Testing logNormal[M=-3.7927252364462696 S=2.8854759161282493].pdf(2.0734628762328953)
Testing logNormal[M=1.171705717211716 S=0.36318646809259447].pdf(1.2242286191184273)
Testing logNormal[M=-1.6870382332970966 S=1.8204145616461842].pdf(2.020486462990482)
Testing logNormal[M=-3.47185977234427 S=9.163777009481896].pdf(1.9946227338550888)
Testing logNormal[M=-4.916728483421898 S=8.377223832144065].pdf(2.2547186518421083)
Testing logNormal[M=-2.918724620119768 S=4.8511255154916935].pdf(1.271296430959238)
Testing logNormal[M=-2.1865915376671676 S=6.260742049332409].pdf(2.2613390714862844)
Testing logNormal[M=1.291382759111647 S=7.954620867864209].pdf(2.1441137317368257)
Testing logNormal[M=4.411065042108062 S=8.687937810660575].pdf(0.20534963775234485)
Testing logNormal[M=-3.2053390985230754 S=0.1151456255183747].pdf(1.7054936238674208)
Testing logNormal[M=2.865302272378627 S=2.8704934490331837].pdf(2.0107505143173783)
Testing logNormal[M=-2.373551927750881 S=4.192976716953375].pdf(1.2370648142435972)
Testing logNormal[M=-0.7075796873185087 S=8.485698902322316].pdf(1.9067792211781525)
Testing logNormal[M=-1.6447667833323298 S=3.008963861187104].pdf(0.8167284906632167)
Testing logNormal[M=-4.785020859729255 S=7.496139908800121].pdf(2.1976311298264686)
Testing logNormal[M=-3.328057473762608 S=8.788359250847366].pdf(0.8870745859621073)
Testing logNormal[M=-0.31133949899288194 S=4.313516611809492].pdf(0.7642327445293602)
Testing logNormal[M=-0.05234844207130518 S=3.9836893013846533].pdf(2.1763828867363606)
Testing logNormal[M=-3.5253444425328393 S=0.561212136587127].pdf(0.8077782273739261)
Testing logNormal[M=-1.2700134799912965 S=5.950245542120064].pdf(1.5299726331050771)
Testing logNormal[M=-1.8034568773442117 S=3.1834981224396133].pdf(1.7952169728930265)
Testing logNormal[M=3.6978943070673687 S=6.856016976923522].pdf(2.27699778173761)
Testing logNormal[M=1.6797033765194236 S=9.247715185193234].pdf(2.2133056506506095)
Testing logNormal[M=-3.869952728179804 S=0.280198280500602].pdf(0.4569748564824614)
Testing logNormal[M=-2.709199220458476 S=5.662868749137639].pdf(2.2941255579181505)
Testing logNormal[M=0.5134199240839656 S=4.85589677352123].pdf(1.8471612255164542)
Testing logNormal[M=-2.715842198454551 S=8.292352355904542].pdf(1.8699643839119358)
Testing logNormal[M=-3.358646752708938 S=0.07574883225528906].pdf(2.0744155028872258)
Testing logNormal[M=3.8252476116176126 S=5.8291056948224345].pdf(2.120326910597908)
Testing logNormal[M=-0.2869629847935151 S=7.326359331774172].pdf(0.962718920474472)
Testing logNormal[M=-2.141061988305397 S=3.2500696275178873].pdf(1.5006635912448245)
Testing logNormal[M=2.65387641469112 S=8.099420161640214].pdf(1.6956886086094667)
Testing logNormal[M=-3.851546310455871 S=5.718480357104207].pdf(2.206166533729429)
Testing logNormal[M=4.738606569337067 S=0.6754171401455].pdf(1.713197799752834)
Testing logNormal[M=0.03346416599653512 S=6.6157071582609].pdf(1.8136280950535237)
Testing logNormal[M=-1.5703439661142218 S=4.396968255007575].pdf(1.0205249768425315)
Testing logNormal[M=-4.754286743332469 S=7.372474362309546].pdf(2.1296033065516156)
Testing logNormal[M=1.1503925055429214 S=4.77803187221539].pdf(2.080307352678483)
Testing logNormal[M=-3.4549789836874867 S=0.670703735602517].pdf(1.8011992905611718)
Testing logNormal[M=0.9609754409481139 S=5.1463476617841835].pdf(2.179650310862482)
Testing logNormal[M=1.711163142367143 S=0.7759754665321306].pdf(1.7384003064913718)
Testing logNormal[M=-1.6313941269555143 S=6.4625661250949396].pdf(0.43152454746132873)
Testing logNormal[M=-4.941180353296103 S=9.433100145525765].pdf(1.8699493400135554)
Testing logNormal[M=-2.480322556118489 S=2.048017043768411].pdf(1.9686788030042934)
Testing logNormal[M=4.2129423247575435 S=8.618607300757487].pdf(1.9982190908874082)
Testing logNormal[M=-0.9488410085320096 S=3.4575216680256524].pdf(2.070732797073497)
Testing logNormal[M=3.7958408533489187 S=1.0898122354679751].pdf(2.2603869820964335)
Testing logNormal[M=-1.5216544597362058 S=7.13771343437251].pdf(0.7643174232390743)
Testing logNormal[M=3.8439073397825627 S=0.859655488588581].pdf(1.8841746642636656)
Testing logNormal[M=-0.6908284721378735 S=5.168858053548986].pdf(1.8333285394072227)
Testing logNormal[M=4.778768735564409 S=2.3885133605431452].pdf(1.9357551010403184)
Testing logNormal[M=4.629236934856646 S=8.816647048409855].pdf(2.101212295610772)
Testing logNormal[M=3.8598851887718286 S=3.113817050462627].pdf(0.5641631473722808)
Testing logNormal[M=-4.845598659645152 S=3.8513730500381262].pdf(2.2130188850571226)
Testing logNormal[M=-4.681160002492504 S=3.3562130128208425].pdf(1.6253157867266461)
Testing logNormal[M=-2.7466874094963467 S=7.8830412536806165].pdf(0.36646422530046996)
Testing logNormal[M=3.214598978325494 S=2.1967044360331265].pdf(1.9722595595889454)
Testing logNormal[M=0.21017346332364184 S=5.326455936199683].pdf(1.827544038411967)
Testing logNormal[M=-0.9221437269056914 S=0.10359517988466793].pdf(1.5563141461218866)
Testing logNormal[M=1.2266625594948568 S=1.0771907779345724].pdf(1.5930169608738771)
Testing logNormal[M=4.728791416427907 S=8.214810964906713].pdf(1.7732192898402788)
Testing logNormal[M=4.95503131646003 S=9.710622594141263].pdf(1.764145990092131)
Testing logNormal[M=-2.082144732961665 S=2.9910188068249246].pdf(2.0175125574593538)
Testing logNormal[M=-0.6083005470273308 S=8.881707111162584].pdf(1.9944037915984214)
Testing logNormal[M=4.322474757254405 S=1.6425355207262382].pdf(2.1089601703195515)
Testing logNormal[M=4.324277237225504 S=8.219415753937806].pdf(1.511809131372772)
Testing logNormal[M=-1.3298262505427791 S=3.9710031880172716].pdf(2.0567859448840666)
Testing logNormal[M=2.4668108193903295 S=8.51176856184884].pdf(2.2440165246041777)
Testing logNormal[M=-2.8876615964048593 S=0.6544916218370367].pdf(2.1478427390971744)
Testing logNormal[M=-0.07625171923663654 S=2.533368527404154].pdf(1.9012930456634458)
Testing logNormal[M=-1.4587866911998715 S=3.295262467155333].pdf(2.2157512939669)
Testing logNormal[M=0.610538634918357 S=7.656306171308772].pdf(1.8027322251361275)
Testing logNormal[M=2.925567598356368 S=5.0734310353951475].pdf(0.9643331744639904)
Testing logNormal[M=0.33951863180374886 S=5.998029069208636].pdf(0.5108117200673221)
Testing logNormal[M=4.997395934715275 S=5.40597521535452].pdf(2.2656790234180297)
Testing logNormal[M=4.832296062775349 S=7.517917673608311].pdf(2.282701730289997)
Testing logNormal[M=1.3330071112952453 S=4.682753412902086].pdf(1.700156119166056)
Testing logNormal[M=-2.551973222446635 S=7.531956656137083].pdf(0.35239387152211477)
Testing logNormal[M=1.0258719163796357 S=0.8137978675168278].pdf(1.4336555418313652)
Testing logNormal[M=3.0573027584144192 S=3.8160278530325287].pdf(1.5359979816177733)
Testing logNormal[M=3.2174665904229496 S=7.720661066140583].pdf(2.0865732144927565)
Testing logNormal[M=0.9499370871905874 S=9.145632813520518].pdf(2.1172660376236783)
Testing logNormal[M=-1.7195006062635065 S=8.960473856706972].pdf(0.6837820032042283)
Testing logNormal[M=-3.3373468237198622 S=4.270419206372629].pdf(2.1598127156891924)
Testing logNormal[M=2.5584105611905947 S=7.604001791886978].pdf(1.8370256912196763)
Testing logNormal[M=-2.328892632829731 S=1.3354166536017242].pdf(1.5372482123240498)
Testing logNormal[M=-1.3619006038840356 S=5.3506649666425945].pdf(1.9833471034045946)
Testing logNormal[M=-2.8454482907505474 S=8.192898792174692].pdf(2.017645281200078)
Testing logNormal[M=-0.45170337313319653 S=6.663767071851254].pdf(2.0253712408089353)
Testing logNormal[M=1.4477833483960092 S=6.095889967527418].pdf(2.2963600911554103)
Testing logNormal[M=-4.225168077505421 S=4.307208528139784].pdf(2.2962844107780374)
Testing logNormal[M=-4.286332075826168 S=5.055262729526209].pdf(0.46818570067050075)
Testing logNormal[M=-3.998517948380471 S=8.615427047569927].pdf(2.0070392658542127)
Testing logNormal[M=4.375300469928723 S=4.492103571093805].pdf(2.179085273219991)
Testing logNormal[M=-4.538535119692456 S=8.12386656570093].pdf(1.676474626567858)
Testing logNormal[M=-3.2409344799662785 S=8.838874260523554].pdf(2.070277194997109)
Testing logNormal[M=-3.8742499258949916 S=8.247130322313016].pdf(1.8363497692036344)
Testing logNormal[M=4.382896579635432 S=4.325948949870728].pdf(1.5848388271259675)
Testing logNormal[M=1.8645891549024949 S=6.618231181215846].pdf(1.6461672621310282)
Testing logNormal[M=4.110243069413178 S=6.49537088888104].pdf(0.529477826835842)
Testing logNormal[M=-2.231055611745391 S=5.149333426252078].pdf(2.1178324602602028)
Testing logNormal[M=4.2612152854283565 S=9.235281025708993].pdf(1.7444467341867258)
Testing logNormal[M=-1.4583375236588658 S=2.6371127604222666].pdf(1.896470033206584)
Testing logNormal[M=1.5287326322306907 S=2.2280157039615576].pdf(0.8735164498515554)
Testing logNormal[M=-1.565927270750529 S=6.436743664137624].pdf(2.1928882032466226)
Testing logNormal[M=2.0724630315274153 S=6.020282109339644].pdf(1.862852679572165)
Testing logNormal[M=3.2797727599640396 S=4.55536031596381].pdf(2.264651151624556)
Testing logNormal[M=-2.5431682704910283 S=3.8703285056039394].pdf(0.6785764979663387)
Testing logNormal[M=-4.138955866048293 S=8.470453872093463].pdf(0.9321359130010851)
Testing logNormal[M=2.850666936274208 S=1.293416805637].pdf(1.6474875566711658)
Testing logNormal[M=0.3665317041006597 S=6.784005532510047].pdf(0.9255586110769646)
Testing logNormal[M=0.3865421726216436 S=6.952739968029624].pdf(1.3480708303028763)
Testing logNormal[M=4.57454351386761 S=4.3011502683727265].pdf(2.2447706834633543)
Testing logNormal[M=3.135330599801126 S=9.778453627065755].pdf(1.5482224486650666)
Testing logNormal[M=-0.02558129674799048 S=0.08051094293743732].pdf(1.9840919972638522)
Testing logNormal[M=1.304856799582832 S=8.619506673994966].pdf(0.7832876791538749)
Testing logNormal[M=2.6351338891498086 S=7.813302530598234].pdf(0.23343208323150927)
Testing logNormal[M=-3.3560492081066275 S=4.529325108958623].pdf(1.4250721105611017)
Testing logNormal[M=-0.026082946156458675 S=1.7708855651585353].pdf(2.0398485072711123)
Testing logNormal[M=-0.898974924559993 S=4.9447594048640795].pdf(1.8597061502819894)
Testing logNormal[M=-1.5076086898384045 S=4.012230072600004].pdf(0.5932496783214243)
Testing logNormal[M=3.125212791731318 S=8.65553236869775].pdf(1.5642866526428478)
Testing logNormal[M=3.7824271757791923 S=9.75816487490179].pdf(1.8753987190925134)
Testing logNormal[M=-3.6631918518726057 S=6.94113370267459].pdf(1.8222559061678272)
Testing logNormal[M=4.54794060103848 S=3.7353954090733876].pdf(1.727864722986209)
Testing logNormal[M=-2.5429098704475073 S=1.0565029916237645].pdf(1.3434034538835047)
Testing logNormal[M=-1.5180180253643605 S=8.303194080159447].pdf(2.2369681944887945)
Testing logNormal[M=3.152160145814838 S=9.291559603817554].pdf(0.2139447765710791)
Testing logNormal[M=-4.5625469261511125 S=1.1833586520299666].pdf(1.7931107861408295)
Testing logNormal[M=3.8271744955244564 S=8.516245289385258].pdf(2.2608184925571018)
Testing logNormal[M=3.034980895427763 S=6.255045770891735].pdf(2.14174910382476)
Testing logNormal[M=0.3228583405192893 S=4.633693169795756].pdf(1.0398615534362456)
Testing logNormal[M=-2.0093151408931256 S=8.991271249444571].pdf(0.6063530523756538)
Testing logNormal[M=-3.9821236619826705 S=7.087605610937454].pdf(0.6277475426884384)
Testing logNormal[M=-3.4083874770799505 S=2.3322753839604013].pdf(1.9942750941829002)
Testing logNormal[M=-4.459322999312782 S=9.560725520114588].pdf(2.1891194956118634)
Testing logNormal[M=3.455402748673409 S=5.46967150445949].pdf(2.244185741934)
Testing logNormal[M=-4.588496785665463 S=8.64876757942117].pdf(1.0786311048696802)
Testing logNormal[M=2.0701840756240024 S=9.440797828890853].pdf(1.8405670379198762)
Testing logNormal[M=-3.643150664662904 S=8.42709873304538].pdf(1.8991519553116)
Testing logNormal[M=-1.6688381157127754 S=6.087221977402429].pdf(1.368523004167013)
Testing logNormal[M=-4.87345658968965 S=3.565289567962556].pdf(2.2538532450754856)
Testing logNormal[M=3.7843600731208635 S=1.5720582249918436].pdf(1.7255128729519298)
Testing logNormal[M=-1.7262696552863477 S=0.7516143635005279].pdf(1.5391128629028838)
Testing logNormal[M=0.5466933824332649 S=2.5373461053312187].pdf(2.0256443957616033)
Testing logNormal[M=-2.5047444590759893 S=4.62541211419259].pdf(0.45087712731186047)
Testing logNormal[M=2.982862891349888 S=6.249457381706134].pdf(2.270454590332104)
Testing logNormal[M=-2.1408969640116604 S=2.8177706246058607].pdf(1.7092294954375948)
Testing logNormal[M=-3.719929275270709 S=4.884210453563913].pdf(2.2009074832263176)
Testing logNormal[M=-1.472555171613675 S=4.075086566922716].pdf(2.0613316139147555)
Testing logNormal[M=-4.545239541672139 S=2.0817289752785917].pdf(1.3777290427170823)
Testing logNormal[M=1.6632504299858688 S=6.970071507411594].pdf(0.7336969185634773)
Testing logNormal[M=2.1246890635933378 S=3.8952570211152637].pdf(1.9561318586387793)
Testing logNormal[M=3.3260150871380407 S=3.27989371033809].pdf(2.12203756138636)
Testing logNormal[M=-1.762402584208742 S=4.366532747894852].pdf(0.9011506569000506)
Testing logNormal[M=-2.3662112814150627 S=3.544597262180261].pdf(0.8161092503706917)
Testing logNormal[M=-4.014724088225869 S=7.110599583695101].pdf(2.174687436816742)
Testing logNormal[M=-1.6708963906159746 S=6.540915600906536].pdf(1.8098871764160025)
Testing logNormal[M=4.572685644378872 S=2.148630743035879].pdf(1.9209990423392833)
Testing logNormal[M=-3.985203709894607 S=6.971835913161591].pdf(0.6738252419656837)
Testing logNormal[M=4.311427633459999 S=9.905687595015445].pdf(2.088935572352447)
Testing logNormal[M=-3.157678107871625 S=2.2560190463550924].pdf(1.7782046433466159)
Testing logNormal[M=2.7732961278743042 S=0.8527555291727273].pdf(1.9779505190566837)
Testing logNormal[M=-3.1168068716879227 S=3.1562079241202365].pdf(1.4394560793290347)
Testing logNormal[M=1.6267347818099696 S=7.975354312112004].pdf(2.174365975876276)
Testing logNormal[M=-3.9533829921799954 S=1.5407559850549846].pdf(1.6365361661121651)
Testing logNormal[M=0.08669118474288506 S=1.868811158859326].pdf(2.054185244870633)
Testing logNormal[M=3.565061316685238 S=1.5231952116188652].pdf(1.4393740696670245)
Testing logNormal[M=-4.295557862960093 S=1.026822808794392].pdf(1.9566600074903855)
Testing logNormal[M=-3.079543683378297 S=7.957726629376534].pdf(1.5196845255266604)
Testing logNormal[M=1.115656058212564 S=3.4168801619490297].pdf(1.2149095881077723)
Testing logNormal[M=-4.633533644643311 S=3.0124811469430455].pdf(1.8131017948842838)
Testing logNormal[M=3.3975919493125737 S=6.161536041623929].pdf(1.6413312727755471)
Testing logNormal[M=3.8207038502373667 S=1.8952211955657505].pdf(2.285516739781555)
Testing logNormal[M=1.701701288418099 S=1.3890396333463073].pdf(0.8885942262913752)
Testing logNormal[M=0.3633344907064684 S=0.2897589364261921].pdf(0.33533494219118715)
Testing logNormal[M=-1.6725946299111683 S=2.768558466557991].pdf(2.2316361625365198)
Testing logNormal[M=-3.185359508339951 S=4.3607752387486].pdf(2.175982135643304)
Testing logNormal[M=-1.657246534247494 S=4.645041970395228].pdf(2.2687564929400965)
Testing logNormal[M=4.95911993644892 S=1.43877149126585].pdf(1.7215389567307215)
Testing logNormal[M=0.9523238919048085 S=1.1306003446511315].pdf(2.253922312410509)
Testing logNormal[M=0.12912771174643378 S=8.226905978233098].pdf(1.9262533514823494)
Testing logNormal[M=-2.416007572224342 S=5.448073571041045].pdf(0.21064992262310245)
Testing logNormal[M=-2.7578409415630123 S=6.983310995416164].pdf(1.5544180993935872)
Testing logNormal[M=3.1955459232236514 S=6.135077568451007].pdf(1.1724594812780573)
Testing logNormal[M=-2.0242658127054938 S=0.1390188758353117].pdf(0.9406667088429288)
Testing logNormal[M=2.8944665018179547 S=9.893650926769583].pdf(1.8083722520674272)
Testing logNormal[M=-0.1442605354047375 S=2.179185382923735].pdf(1.9939664191654094)
Testing logNormal[M=-1.905404688840464 S=4.7278273229733525].pdf(1.0436043917950353)
Testing logNormal[M=1.267453335957475 S=1.193157573877145].pdf(1.3258837692842527)
Testing logNormal[M=4.493963565725151 S=9.453481210747809].pdf(2.140694797943966)
Testing logNormal[M=3.0616916994836725 S=5.124001464252354].pdf(1.8640704451379229)
Testing logNormal[M=1.57392070848271 S=2.255602682476223].pdf(1.9829438381040785)
Testing logNormal[M=3.41274930440853 S=6.4714539950544].pdf(2.031748167165969)
Testing logNormal[M=-0.08393196145383719 S=2.345353023127487].pdf(0.0637266695888503)
Testing logNormal[M=-4.4686515128075435 S=7.222350879956667].pdf(1.4331282055137256)
Testing logNormal[M=3.1881768613232566 S=1.8552905375571205].pdf(1.7081466887145633)
Testing logNormal[M=1.2937069161264265 S=5.60077545449909].pdf(1.7892967075045965)
Testing logNormal[M=-1.1540057178073218 S=8.245678302533854].pdf(1.8994774718045035)
Testing logNormal[M=-3.9014028265515046 S=4.534010510458826].pdf(1.880507130324932)
Testing logNormal[M=1.0815576738453458 S=8.006711763147838].pdf(2.1583165298968088)
Testing logNormal[M=1.0632491755132207 S=9.924059318632116].pdf(1.466249390378287)
Testing logNormal[M=-1.1964449783596534 S=9.33615474022729].pdf(1.2436630556535178)
Testing logNormal[M=-4.82236374299416 S=5.014477955769298].pdf(1.3368748918996523)
Testing logNormal[M=-3.607323166480941 S=8.333143444299276].pdf(2.0714442918197054)
Testing logNormal[M=3.511834923682999 S=9.56421761106494].pdf(0.7835409080806252)
Testing logNormal[M=-3.3610850859299557 S=3.9972758748460304].pdf(1.0930275452916343)
Testing logNormal[M=-0.4895253862778661 S=7.649668788723899].pdf(1.5608299355208646)
Testing logNormal[M=-4.46493062080772 S=4.95890255890195].pdf(0.6625231021165051)
Testing logNormal[M=4.799620004867446 S=0.7420820936735639].pdf(2.011562803443007)
Testing logNormal[M=1.73570508689171 S=2.7432195364166265].pdf(1.878322901936572)
Testing logNormal[M=3.14360094874581 S=3.534171156929772].pdf(1.8902401451195674)
Testing logNormal[M=4.43805825327045 S=3.2789541298607316].pdf(1.61267752507058)
Testing logNormal[M=0.5462981894723429 S=3.5710805613805654].pdf(1.0620970503642886)
Testing logNormal[M=3.3839724417935653 S=7.5169020208743484].pdf(1.7221059253221227)
Testing logNormal[M=4.983874564875407 S=6.573148831543635].pdf(1.4289031556341196)
Testing logNormal[M=-4.3883336142805085 S=0.4214177758715687].pdf(1.7456633535409392)
Testing logNormal[M=4.119139043297897 S=8.804774831481566].pdf(1.909288764471565)
Testing logNormal[M=4.320999484137669 S=2.2121159684680625].pdf(2.199386297028578)
Testing logNormal[M=4.131175308045272 S=9.419545169073801].pdf(2.281069436852016)
Testing logNormal[M=1.98800468605529 S=7.900125052752729].pdf(1.3358832498775464)
Testing logNormal[M=1.7456675445739016 S=7.5845932773488105].pdf(0.906883176788895)
Testing logNormal[M=-3.623336607725356 S=9.76566558156988].pdf(2.143956709645678)
Testing logNormal[M=-2.47296443050943 S=8.231939569315003].pdf(2.183460532020677)
Testing logNormal[M=1.3333146143817078 S=2.0999635296757093].pdf(0.6814230532981809)
Testing logNormal[M=4.771412226225085 S=0.7820163562979032].pdf(2.2700480204439195)
Testing logNormal[M=2.1862162299171377 S=5.163850809822955].pdf(2.2637527054967546)
Testing logNormal[M=-2.0482540755693734 S=1.5688806949928757].pdf(1.5236889338936885)
Testing logNormal[M=4.75371180026891 S=8.678206047815898].pdf(1.1305328668349892)
Testing logNormal[M=3.4298218219446532 S=5.736612631792106].pdf(2.188910508287578)
Testing logNormal[M=-3.784225878299913 S=2.629086095379354].pdf(1.9962724108753995)
Testing logNormal[M=-4.244968245596102 S=0.13513732858599248].pdf(2.1594813095508334)
Testing logNormal[M=0.7382005190657761 S=0.49630540714918014].pdf(1.8269690617144194)
Testing logNormal[M=-2.872426371137876 S=7.23500551853747].pdf(1.2658056975418004)
Testing logNormal[M=-4.286852603091243 S=5.69782020545818].pdf(2.096652114969133)
Testing logNormal[M=-4.932069335043168 S=9.359729631623].pdf(2.1385500862572857)
Testing logNormal[M=-3.141230589577707 S=6.568609064113123].pdf(2.1850236502535476)
Testing logNormal[M=-4.597095051204598 S=6.585163646142856].pdf(0.48539075871438325)
Testing logNormal[M=3.780124257727083 S=2.509751321129424].pdf(2.0903976332569454)
Testing logNormal[M=-4.4381371214181655 S=3.4935715598608708].pdf(1.983481189111927)
Testing logNormal[M=2.1698786557848058 S=2.912436679892423].pdf(0.9842832266682885)
Testing logNormal[M=-0.5976617632958199 S=6.961358479057958].pdf(1.4168117975647936)
Testing logNormal[M=1.6505471760882973 S=9.90713846380754].pdf(1.9713560929870557)
Testing logNormal[M=4.273237766856679 S=9.37583541403482].pdf(2.1030461306933947)
Testing logNormal[M=-1.9745089418717754 S=9.00920854401946].pdf(0.8060552212281473)
Testing logNormal[M=0.36521895070866695 S=1.1079589259570566].pdf(1.840496297643789)
Testing logNormal[M=-0.38359587299613906 S=9.058831874775628].pdf(2.2452213450507714)
Testing logNormal[M=1.9905024960229634 S=9.062920070824426].pdf(1.773688351351201)
Testing logNormal[M=2.1228038439356878 S=7.794729522026678].pdf(1.4466276569232304)
Testing logNormal[M=-2.1376786951077076 S=1.5882770173086047].pdf(2.1238362477651633)
Testing logNormal[M=4.547994452329922 S=0.4905596846724447].pdf(2.0562267227911075)
Testing logNormal[M=4.7231707362429365 S=4.571627869988979].pdf(2.0707971153272187)
Testing logNormal[M=4.808041231143628 S=5.584999406688388].pdf(0.5438367289381967)
Testing logNormal[M=-2.3140269056371277 S=8.370607105754882].pdf(0.862814340561731)
Testing logNormal[M=4.691390356005945 S=6.383191349111534].pdf(1.9671385785350273)
Testing logNormal[M=3.4339174981581237 S=0.4478389812193162].pdf(2.0962107458299073)
Testing logNormal[M=-3.950857083053169 S=3.174169103136082].pdf(1.757956247613352)
Testing logNormal[M=1.340504257692034 S=7.043211786821506].pdf(2.296222913076465)
Testing logNormal[M=-0.3932495618085019 S=0.3033923749113421].pdf(2.062724437588112)
Testing logNormal[M=-3.500608718175624 S=7.4263751703044365].pdf(1.3131726571429225)
Testing logNormal[M=0.0024572146377721538 S=5.579264413627437].pdf(1.9378810932722113)
Testing logNormal[M=-1.937929252285271 S=2.8213102270208754].pdf(1.1016213880285353)
Testing logNormal[M=3.50441431614278 S=0.5254200382618546].pdf(0.6522505862662523)
Testing logNormal[M=-2.4371801768997092 S=6.329952563500977].pdf(0.4675409878303465)
Testing logNormal[M=-3.830464012539868 S=7.233292817572389].pdf(2.129589153923834)
Testing logNormal[M=3.0734788245105147 S=6.659603612473602].pdf(1.88770737115736)
Testing logNormal[M=-0.7662674152068947 S=8.37149213681417].pdf(1.1107573328210194)
Testing logNormal[M=-3.7076579523958078 S=0.20607739267342606].pdf(1.881821274307466)
Testing logNormal[M=-0.3399892366479005 S=0.8933215759842295].pdf(0.21923688645448955)
Testing logNormal[M=2.384547024662962 S=8.678841376385453].pdf(0.1819322685254305)
Testing logNormal[M=0.9005097366446169 S=0.4105420186450248].pdf(1.6733872100601552)
Testing logNormal[M=-1.6981714664135694 S=4.4646384714228295].pdf(2.0613240249219933)
Testing logNormal[M=-0.6333982868394603 S=6.452142158199852].pdf(0.23536146347095804)
Testing logNormal[M=-2.116303554955523 S=1.6536215687930345].pdf(1.4561789663368827)
Testing logNormal[M=-0.991707232879568 S=4.194962269977593].pdf(1.8158616778346293)
Testing logNormal[M=1.386903396032607 S=1.5002105247532382].pdf(1.207436140612031)
Testing logNormal[M=-2.360990335452552 S=8.150944157216585].pdf(1.1603239321986138)
Testing logNormal[M=-0.4626918931326287 S=5.990980729504995].pdf(1.6764518664417463)
Testing logNormal[M=1.4616361907801032 S=0.9545191062702152].pdf(1.8465565016492318)
Testing logNormal[M=-2.1610882718734405 S=5.775250729765259].pdf(0.40365033524396815)
Testing logNormal[M=4.539815892358446 S=0.9648867015759499].pdf(2.2448758955654373)
Testing logNormal[M=-2.1428827087355753 S=7.4658917065964125].pdf(1.7213982377216457)
Testing logNormal[M=2.146167156164344 S=4.576101297519246].pdf(2.300415306004001)
Testing logNormal[M=-3.726874785290782 S=9.40010948337035].pdf(0.9892879660693681)
Testing logNormal[M=-0.8303344738303942 S=1.7872033051324676].pdf(2.0063071167495927)
Testing logNormal[M=2.5399456383091614 S=9.224521148492153].pdf(0.7604731170216519)
Testing logNormal[M=-1.0256318841168888 S=9.547305419575153].pdf(0.9633473350329537)
Testing logNormal[M=-1.506104531566895 S=8.515082430729988].pdf(2.122707933127101)
Testing logNormal[M=0.65395486913454 S=3.001248074501569].pdf(0.06839739854517592)
Testing logNormal[M=3.6623234568815537 S=8.528816774476516].pdf(2.069631136421865)
Testing logNormal[M=3.1480628025426345 S=1.512726777645943].pdf(1.7783074258771525)
Testing logNormal[M=-3.499429072014897 S=7.930081409114963].pdf(1.3942825093952314)
Testing logNormal[M=-2.8617609763780005 S=5.182390320561121].pdf(1.891135459884672)
Testing logNormal[M=3.026725608955301 S=0.7209048486508407].pdf(1.5230372451616334)
Testing logNormal[M=-3.2672106825237393 S=0.8047553609153857].pdf(2.2808771927319498)
Testing logNormal[M=-0.8465728149362315 S=6.199119825319568].pdf(1.1246518828942267)
Testing logNormal[M=-2.5881993036652085 S=2.9235543747772397].pdf(1.8808160667562677)
Testing logNormal[M=-2.5833449579420096 S=0.9702915688280378].pdf(2.2023807432769416)
Testing logNormal[M=1.3079422182823217 S=6.293625090701507].pdf(2.2570523491303613)
Testing logNormal[M=-1.925110661328484 S=5.028640703116201].pdf(2.2158510029790777)
Testing logNormal[M=1.580775003888971 S=2.1362616512659005].pdf(2.1391529896652584)
Testing logNormal[M=-2.251122250955074 S=9.921717009712003].pdf(1.0551708743884778)
Testing logNormal[M=1.8401771798070428 S=6.060990141783486].pdf(1.5865100392505278)
Testing logNormal[M=4.0503227435240845 S=7.7571436386351245].pdf(1.3431583081703042)
Testing logNormal[M=2.7153958627287347 S=2.68204445143458].pdf(1.3459770390634502)
Testing logNormal[M=4.812082971612497 S=7.438283808348016].pdf(2.0142371075730328)
Testing logNormal[M=-0.3218274475716054 S=7.575752324319457].pdf(2.2678394208747976)
Testing logNormal[M=-4.063781086867073 S=4.886845953978197].pdf(2.1800032125581534)
Testing logNormal[M=-3.0326679432313264 S=4.906908699579668].pdf(2.282404751727338)
Testing logNormal[M=3.7691790097502587 S=4.397671865125322].pdf(1.7466343707670835)
Testing logNormal[M=2.2284600777588617 S=0.7668379940872061].pdf(2.2046033560954967)
Testing logNormal[M=3.0086741336049077 S=6.658255610200272].pdf(1.9337976143983933)
Testing logNormal[M=-2.809235897306246 S=4.5262049710375365].pdf(1.9823346664380883)
Testing logNormal[M=-0.25518734543387733 S=4.939030493950561].pdf(1.5839991538779032)
Testing logNormal[M=2.5266405572297854 S=7.409373237780273].pdf(2.067635148083421)
Testing logNormal[M=4.936504887456213 S=0.7100593066177674].pdf(1.9255293874606678)
Testing logNormal[M=-0.2331524589925209 S=1.126910512243724].pdf(2.0169394223866397)
Testing logNormal[M=-0.022972737637059204 S=7.28227797609029].pdf(1.874428571645962)
Testing logNormal[M=3.726524959111382 S=0.5578837607890774].pdf(2.2992590053173116)
Testing logNormal[M=1.18208063639468 S=1.9430428312410852].pdf(2.2579077528270433)
Testing logNormal[M=3.8082154093431644 S=6.052563494948241].pdf(2.092334675246254)
Testing logNormal[M=3.1770779237958244 S=7.307833961676935].pdf(1.03659967724302)
Testing logNormal[M=-0.7572679861546536 S=4.424653776083021].pdf(1.6395626514800832)
Testing logNormal[M=3.3273883966698996 S=9.726049246863514].pdf(1.2304910628868253)
Testing logNormal[M=-3.161120976813395 S=6.283793659637745].pdf(0.025991936361856524)
Testing logNormal[M=2.9693910364441134 S=8.959661720182439].pdf(1.9070451973509985)
Testing logNormal[M=-4.669388217370761 S=6.552276789810745].pdf(0.6393790878274821)
Testing logNormal[M=-1.6350102852735713 S=5.684435229748369].pdf(1.651929619589853)
Testing logNormal[M=-3.7943502582408453 S=7.493578663240084].pdf(2.0800389461254047)
Testing logNormal[M=-1.10290433578631 S=6.822893493975491].pdf(1.424210821485718)
Testing logNormal[M=2.815455542731625 S=6.719050467254113].pdf(2.0727719850022672)
Testing logNormal[M=3.6374853064326 S=7.100688821309791].pdf(0.6294316022576547)
Testing logNormal[M=3.1442093460684504 S=1.6433563503956605].pdf(2.05477432481179)
Testing logNormal[M=-2.026570622655984 S=3.107242444031825].pdf(0.33661080459752973)
Testing logNormal[M=-0.08917172354006997 S=0.6739295976070014].pdf(1.8642619956510424)
Testing logNormal[M=3.675300368671632 S=5.63812604489908].pdf(2.246076055509006)
Testing logNormal[M=4.485672371164773 S=5.780101005965493].pdf(0.9902882266370989)
Testing logNormal[M=-1.108318328524529 S=6.4107093498709835].pdf(1.8489759629892788)
Testing logNormal[M=-3.503803272685664 S=4.215507618315018].pdf(2.0681485445070553)
Testing logNormal[M=2.491858905729033 S=7.005056369384852].pdf(2.0069499367593555)
Testing logNormal[M=-2.1323958579032243 S=4.549476171704772].pdf(2.257877886325102)
Testing logNormal[M=3.2878029288037407 S=6.4365742519011695].pdf(2.1969757601896887)
Testing logNormal[M=-4.005746689451678 S=8.541533159462041].pdf(1.7560592689901668)
Testing logNormal[M=-4.887141691039421 S=9.365791219174596].pdf(2.153958383495974)
Testing logNormal[M=0.33054849441923384 S=7.282906170410703].pdf(2.27060608875658)
Testing logNormal[M=0.9439357125091608 S=8.519106063763536].pdf(1.0644504601983096)
Testing logNormal[M=-3.601692352623939 S=4.892601611058735].pdf(1.4948523495139092)
Testing logNormal[M=2.2610787373845467 S=3.319061164204944].pdf(0.8445364889230561)
Testing logNormal[M=-3.3048715076985014 S=4.448329171869848].pdf(0.8815021641231262)
Testing logNormal[M=-4.439506078066148 S=2.343752292075064].pdf(1.2790985961513806)
Testing logNormal[M=0.5022285560808974 S=1.7452317692937658].pdf(2.1798936850210313)
Testing logNormal[M=-3.1257245174396298 S=2.6992307473254473].pdf(2.2922796180401903)
Testing logNormal[M=1.1205981656924724 S=3.5695260986802935].pdf(1.6175488821369683)
Testing logNormal[M=-4.290106839055261 S=6.3423865106391775].pdf(1.5976614451476467)
Testing logNormal[M=-1.3612903126634346 S=0.07014613090783217].pdf(1.9861738650503586)
Testing logNormal[M=4.551188449910404 S=4.942444933780602].pdf(0.36581620734895237)
Testing logNormal[M=3.8503115032116835 S=5.816928188159977].pdf(1.5410982059466074)
Testing logNormal[M=-3.2939242708453853 S=3.5122904736451046].pdf(2.065679221676282)
Testing logNormal[M=3.9733398664006714 S=5.310840233287411].pdf(1.2453542692935957)
Testing logNormal[M=-0.9773610101080257 S=2.934242798746446].pdf(1.067383848966715)
Testing logNormal[M=-3.3871453705412966 S=2.3903273688315494].pdf(1.3432812513579508)
Testing logNormal[M=0.012761175529374391 S=0.6104555952150525].pdf(1.4397483749707871)
Testing logNormal[M=0.8237705158140258 S=9.365742318422031].pdf(0.005072810801124139)
Testing logNormal[M=1.0475322954504387 S=7.638633369557974].pdf(1.3122672744705208)
Testing logNormal[M=-2.732376313343269 S=7.143246119792076].pdf(1.6773120908973924)
Testing logNormal[M=-0.7626905774595896 S=8.24201345778174].pdf(0.16064939394787464)
Testing logNormal[M=1.4138204020625587 S=0.15526860414871613].pdf(1.3778128171904518)
Testing logNormal[M=2.4736601933000024 S=1.3519042104996914].pdf(2.1186232448886164)
Testing logNormal[M=-1.8672383988318328 S=0.13848153814994713].pdf(2.1107980721750725)
Testing logNormal[M=-4.687990645743162 S=9.019049717654624].pdf(1.538228702637647)
Testing logNormal[M=-1.9824387747788021 S=5.87481901528861].pdf(0.7397274303598707)
Testing logNormal[M=-4.213546017875068 S=7.728869453014342].pdf(2.1641230010994894)
Testing logNormal[M=-4.332103647714417 S=0.9079796528900397].pdf(0.631257265251419)
Testing logNormal[M=3.046877962479842 S=2.708391245752498].pdf(1.946971684859682)
Testing logNormal[M=-1.0140635789519772 S=8.351354339907411].pdf(1.8509337664206367)
Testing logNormal[M=0.9766815016232311 S=9.020065511482878].pdf(1.823902198614543)
Testing logNormal[M=3.3689072190708167 S=6.244305854890455].pdf(0.40638628984561515)
Testing logNormal[M=1.6511457687153994 S=4.087966109152586].pdf(0.440727448084198)
Testing logNormal[M=-2.525066231661539 S=3.6191638509177104].pdf(1.4405456915261718)
Testing logNormal[M=-4.157703975002079 S=8.494414849956605].pdf(2.1537825465891705)
Testing logNormal[M=1.3874941032449764 S=3.762710228897923].pdf(0.07447719416801128)
Testing logNormal[M=-1.1502866572281412 S=6.597081260019383].pdf(2.0853121332144564)
Testing logNormal[M=3.5690228805597695 S=9.71096765897721].pdf(1.9182821879103635)
Testing logNormal[M=-4.983311387566149 S=9.571733169715692].pdf(1.0531726170325393)
Testing logNormal[M=-0.005894335442331311 S=4.793068668759876].pdf(1.5036173200803238)
Testing logNormal[M=-2.218758187236549 S=2.3743619347083875].pdf(1.6971620973762647)
Testing logNormal[M=-0.19782844788357767 S=5.220176720603296].pdf(1.3206676334033247)
Testing logNormal[M=2.0794260957687483 S=8.136288925130252].pdf(1.73941621182596)
Testing logNormal[M=-4.682542729624704 S=4.787764392448555].pdf(0.828046035696131)
Testing logNormal[M=-3.5420265269185447 S=0.931324973597123].pdf(2.037124646182366)
Testing logNormal[M=-3.4819400618255347 S=7.243211985783359].pdf(1.3353907015473538)
Testing logNormal[M=1.5866223486911357 S=2.2990615752951484].pdf(0.44785297870347945)
Testing logNormal[M=0.2513714413042134 S=6.774028290028751].pdf(1.7048647957769374)
Testing logNormal[M=1.310563029957585 S=4.176032075012056].pdf(1.6848977709336463)
Testing logNormal[M=-2.05485582536956 S=6.170179678840332].pdf(1.3206161925289202)
Testing logNormal[M=1.0257890508578695 S=7.44312916012769].pdf(1.9032361534127853)
Testing logNormal[M=-4.671116627008009 S=3.7401791288868647].pdf(2.0288039114547685)
Testing logNormal[M=-1.32552128188376 S=0.05781349730522245].pdf(2.133779918839627)
Testing logNormal[M=3.1775798475987678 S=7.880003383950546].pdf(1.5391503351499072)
Testing logNormal[M=0.9118355386085488 S=3.6863072908021213].pdf(1.8070067546558708)
Testing logNormal[M=0.8029667985828901 S=7.411671896909921].pdf(1.7488321901155979)
Testing logNormal[M=0.6277437315599936 S=1.3847739071171439].pdf(2.117769991376995)
Testing logNormal[M=2.461083595028671 S=1.1830970546991781].pdf(1.5175986454497632)
Testing logNormal[M=-0.43894922708952233 S=4.753840486135948].pdf(1.6197026544108073)
Testing logNormal[M=3.8105146621916646 S=5.472228805884431].pdf(1.9663340989170803)
Testing logNormal[M=-3.85038863929139 S=2.9293123519531505].pdf(2.2944836222314633)
Testing logNormal[M=0.3005190098111328 S=1.190017972123092].pdf(0.43565708829782496)
Testing logNormal[M=2.437742519921234 S=4.334645303766363].pdf(1.1940612352977718)
Testing logNormal[M=-2.730164327541862 S=0.7626058383458423].pdf(1.4545292759236474)
Testing logNormal[M=0.5519227884106783 S=0.5651158836640202].pdf(1.5127585359470421)
Testing logNormal[M=-1.9500389740546131 S=8.53815755412758].pdf(1.879275201014424)
Testing logNormal[M=2.8750916027590465 S=4.6080841306247455].pdf(2.1391809678137728)
Testing logNormal[M=0.6859156786385157 S=2.609769688197984].pdf(2.268467436108275)
Testing logNormal[M=4.037744012733215 S=0.29132609563162437].pdf(2.2417924080328735)
Testing logNormal[M=2.125396845966777 S=7.297884729041798].pdf(1.6615205008470524)
Testing logNormal[M=3.9865091570056013 S=9.304713493232594].pdf(0.20929796222467847)
Testing logNormal[M=-2.833422438475983 S=6.001961114279784].pdf(2.2955607051356877)
Testing logNormal[M=1.1293455096956295 S=7.700772673303407].pdf(0.5656217853824779)
Testing logNormal[M=-0.7847323555271686 S=9.902705168696333].pdf(1.7528575237816644)
Testing logNormal[M=2.540559750609644 S=8.918591686731752].pdf(2.2464575189688647)
Testing logNormal[M=-1.5543789822773544 S=8.504863139781575].pdf(1.375253204702742)
Testing logNormal[M=2.8022735861127703 S=6.104691230155858].pdf(0.7818686632063488)
Testing logNormal[M=-4.01483921247522 S=7.848478591351857].pdf(1.5578886987480598)
Testing logNormal[M=-3.295516202258538 S=4.151069343479408].pdf(2.2708315581208898)
Testing logNormal[M=3.205159676478889 S=0.10932099855242239].pdf(2.2320146607418976)
Testing logNormal[M=-4.691827184914759 S=2.9853185031129637].pdf(0.8256022062628448)
Testing logNormal[M=4.687554991781159 S=5.855080947198868].pdf(1.3963609758538085)
Testing logNormal[M=2.7931561697623124 S=9.437989881616145].pdf(1.5819141157638954)
Testing logNormal[M=1.2114069367472515 S=9.5789094011228].pdf(0.9783240609232842)
Testing logNormal[M=2.4244489746595317 S=7.748181432247475].pdf(2.2869632931995763)
Testing logNormal[M=2.068005578509352 S=4.582490946745171].pdf(0.42299625908425853)
Testing logNormal[M=-0.4489928624102255 S=1.1437012007914993].pdf(0.9620559771966543)
Testing logNormal[M=-2.2547412120024712 S=7.1170124369683565].pdf(2.0426790762734957)
Testing logNormal[M=3.15248591134573 S=9.141621642140992].pdf(1.7681183245028351)
Testing logNormal[M=4.634342886815775 S=2.3882744036929204].pdf(1.9359736181619749)
Testing logNormal[M=-3.612634779497946 S=8.136974047394158].pdf(1.5582596810289886)
Testing logNormal[M=2.713813657887103 S=5.288745309113809].pdf(1.7014129888816596)
Testing logNormal[M=-1.7709924214229975 S=5.318428626902149].pdf(1.0457745052773908)
Testing logNormal[M=0.4421591295343852 S=1.3286146994112802].pdf(1.8622994846626866)
Testing logNormal[M=2.899260005119074 S=2.3511631080403914].pdf(1.5972519093271087)
Testing logNormal[M=-2.3035222660484935 S=2.7213835822530585].pdf(0.6715101953488023)
Testing logNormal[M=-3.6944627446824785 S=8.592385592577882].pdf(1.8636386294639053)
Testing logNormal[M=1.2643923699246358 S=0.6085606941742638].pdf(1.7222258130636643)
Testing logNormal[M=-1.6069824990976422 S=9.687996407998355].pdf(0.7347387076164223)
Testing logNormal[M=3.3249583779629024 S=3.570476014908647].pdf(0.7514619355157635)
Testing logNormal[M=1.0627850480983048 S=1.199473949423423].pdf(2.176240599278461)
Testing logNormal[M=-1.1400471021880798 S=3.466733967977645].pdf(0.3673781091509621)
Testing logNormal[M=0.7757889811484802 S=9.165676438956044].pdf(0.30017530975042406)
Testing logNormal[M=-2.536038982751543 S=2.8257563005054145].pdf(0.7024251207705136)
Testing logNormal[M=-3.4486956815335343 S=4.981077254909883].pdf(0.34681443338006285)
Testing logNormal[M=-0.7428347918480496 S=4.286990797455035].pdf(0.8395070461669054)
Testing logNormal[M=4.971532481150069 S=2.4706346555315895].pdf(1.6142105410577807)
Testing logNormal[M=-2.443259478772284 S=3.0019875949980124].pdf(2.264770742856823)
Testing logNormal[M=0.9741612941954241 S=7.835582196454661].pdf(1.2243067171439634)
Testing logNormal[M=2.2928071165316464 S=3.2852031799415924].pdf(1.793618421416603)
Testing logNormal[M=0.7504394193197141 S=3.1368189264004664].pdf(1.5572516145589665)
Testing logNormal[M=-4.705246685033982 S=4.0011609427902375].pdf(0.8882947190507987)
Testing logNormal[M=2.4103555334723943 S=5.497666484688583].pdf(2.029653591214156)
Testing logNormal[M=2.2373131535208284 S=1.1635619878327452].pdf(1.7720727409933914)
Testing logNormal[M=3.1794184383808872 S=1.2112860056732588].pdf(0.47888138812112635)
Testing logNormal[M=4.302583911025765 S=1.186862618762421].pdf(2.280494518963497)
Testing logNormal[M=-1.9352654307503512 S=4.316543801657799].pdf(1.3748296974663965)
Testing logNormal[M=0.850535576051767 S=4.605018957716936].pdf(1.1716430195177043)
Testing logNormal[M=3.447718271318573 S=7.159272078560209].pdf(1.1212227268167942)
Testing logNormal[M=-0.3546394137667832 S=9.94075197939831].pdf(1.4520588571025619)
Testing logNormal[M=4.131547890457567 S=0.9519357311324006].pdf(1.8008313288477664)
Testing logNormal[M=-0.5116327270449172 S=3.8217146466957432].pdf(0.6686391664572936)
Testing logNormal[M=-4.980997310712885 S=8.647883142421314].pdf(1.2664312817469412)
Testing logNormal[M=1.9497776445141017 S=3.3451912894882287].pdf(1.1597380977171667)
Testing logNormal[M=3.315246392707424 S=7.568850270714882].pdf(0.2672145729251404)
Testing logNormal[M=3.5766325123068157 S=3.973399540553344].pdf(2.222713755396595)
Testing logNormal[M=-3.536641231420241 S=2.788544526432808].pdf(1.9557671908329513)
Testing logNormal[M=0.9653261142312761 S=5.59310933153669].pdf(1.9138616282497838)
Testing logNormal[M=3.0828509071955477 S=5.754398222270658].pdf(1.3845164318905472)
Testing logNormal[M=1.5139449698415932 S=1.7838970420252664].pdf(0.4879824064508737)
Testing logNormal[M=-0.8078110954057642 S=4.7563829436345415].pdf(0.16432817198185468)
Testing logNormal[M=-1.6867154415674657 S=6.370749094696981].pdf(2.013031548958319)
Testing logNormal[M=-0.5508510421820167 S=1.0273970703161928].pdf(1.12981440999124)
Testing logNormal[M=-3.838845426644686 S=1.1169439064446318].pdf(2.2893743279279737)
Testing logNormal[M=-1.9518833080244278 S=0.4745892775572724].pdf(0.006303230058576545)
Testing logNormal[M=0.735961216331571 S=6.343834571463373].pdf(1.413344685422547)
Testing logNormal[M=-0.013769417962404162 S=7.424628101893846].pdf(1.6408292665795055)
Testing logNormal[M=2.888325314150027 S=2.5800334278252937].pdf(1.9445215012309796)
Testing logNormal[M=-3.9593038206258413 S=2.4025561960033603].pdf(1.415006821174662)
Testing logNormal[M=1.4832094211325622 S=7.277604447257323].pdf(1.9927184717774968)
Testing logNormal[M=-0.18651368294081738 S=0.3431494023082182].pdf(1.2255402706578027)
Testing logNormal[M=-0.7664776824314776 S=4.140987920096334].pdf(0.063787982707262)
Testing logNormal[M=-2.653531230991982 S=2.314980521586867].pdf(1.6258065212932236)
Testing logNormal[M=0.8928123137498734 S=6.563231788763494].pdf(2.1288274347087994)
Testing logNormal[M=-4.999317411858847 S=7.046596215452807].pdf(1.7939251980512556)
Testing logNormal[M=2.172451854225651 S=2.7632125014333253].pdf(2.2508229077161253)
Testing logNormal[M=-4.1441574007003625 S=5.961168774086014].pdf(2.1792539302239025)
Testing logNormal[M=3.4060669100753316 S=7.913983317555491].pdf(2.025349301043063)
Testing logNormal[M=2.3236229974844305 S=5.489143277777085].pdf(1.781778596230457)
Testing logNormal[M=-0.036660509509273354 S=4.5525712019679965].pdf(1.7467992635290752)
Testing logNormal[M=2.6872334826650723 S=2.7938656888304547].pdf(1.950443607072066)
Testing logNormal[M=3.5776006924429886 S=0.2879043951341631].pdf(1.3622706304027365)
Testing logNormal[M=4.060222056975379 S=9.32412362276636].pdf(0.455498418633776)
Testing logNormal[M=-4.149872580193281 S=3.2204204602042963].pdf(1.6948291667683013)
Testing logNormal[M=2.5672436187094565 S=9.891386024343113].pdf(2.1855476562220235)
Testing logNormal[M=4.337594520742025 S=2.1002451996146254].pdf(1.4005241797848957)
Testing logNormal[M=-1.1843155611170397 S=3.093774356904302].pdf(1.6743557881577686)
Testing logNormal[M=3.2584765863826064 S=6.040798077080568].pdf(1.9059213795769612)
Testing logNormal[M=2.093204500963399 S=7.120637040434449].pdf(2.1442406698970133)
Testing logNormal[M=3.221686907187273 S=9.523006264595484].pdf(0.8386585940630792)
Testing logNormal[M=-2.4015961780926975 S=4.883049038663046].pdf(2.0925047906622454)
Testing logNormal[M=-2.6854414794953674 S=7.713132835446727].pdf(0.9648568717717366)
Testing logNormal[M=-4.319287357698247 S=2.4439642834490307].pdf(1.4706583194121685)
Testing logNormal[M=-0.9153273319843347 S=1.4750062513285056].pdf(2.235180857483023)
Testing logNormal[M=2.5623026197075918 S=3.6249613966254213].pdf(1.5779092469093026)
Testing logNormal[M=2.5298326014351256 S=7.978587314303124].pdf(2.171148331619626)
Testing logNormal[M=-2.585870303962273 S=5.381310693429452].pdf(1.8425243640230717)
Testing logNormal[M=-4.533328936788246 S=2.4924708772880044].pdf(1.16280936207586)
Testing logNormal[M=-0.9091143793297007 S=6.488876253007159].pdf(2.223505879464368)
Testing logNormal[M=-3.5827719658749713 S=1.2304738296386941].pdf(1.2650326604160667)
Testing logNormal[M=4.096950547871515 S=9.438057369731865].pdf(1.374561657183)
Testing logNormal[M=3.571205776929027 S=7.84628666732112].pdf(2.2822825916781535)
Testing logNormal[M=-4.00703169147492 S=8.144484358496957].pdf(1.192858361330588)
Testing logNormal[M=-1.773980273881488 S=3.93465426148682].pdf(1.965027503450486)
Testing logNormal[M=2.043736345354316 S=2.2899398516505496].pdf(0.9989708420376018)
Testing logNormal[M=-2.59022735955143 S=3.9271315169319787].pdf(2.1376618826675258)
Testing logNormal[M=2.3132065965266086 S=6.534328518890145].pdf(1.1313282284760204)
Testing logNormal[M=-0.7487365978820044 S=3.5344801179327434].pdf(1.2769692010188887)
Testing logNormal[M=1.5851365848698826 S=2.1666901771176574].pdf(1.7428795434295763)
Testing logNormal[M=-3.0783700063304864 S=7.3965200033080905].pdf(2.2897150708205847)
Testing logNormal[M=3.730022790098463 S=9.65060864765527].pdf(1.9038315887437849)
Testing logNormal[M=1.0578726909185878 S=1.1150562515445117].pdf(1.673005016199339)
Testing logNormal[M=-1.5228753873229772 S=0.9572635971362042].pdf(0.6681171841581219)
Testing logNormal[M=-1.4932450475942973 S=3.0973878705055857].pdf(2.2279717874930394)
Testing logNormal[M=1.838515693498315 S=7.9801154221195].pdf(1.906171686171795)
Testing logNormal[M=-4.584746453472092 S=0.3375687617727774].pdf(2.1821777965564695)
Testing logNormal[M=-1.2525399819090177 S=7.8358896795858834].pdf(1.9779042754217777)
Testing logNormal[M=-3.796498524630647 S=4.7923391324977205].pdf(1.3676993356526048)
Testing logNormal[M=1.1950772947190025 S=7.3051944513605065].pdf(2.1783324906791024)
Testing logNormal[M=-3.651926053375946 S=2.0026338432027435].pdf(2.2975346187305936)
Testing logNormal[M=4.498128585441922 S=1.0365177200361297].pdf(2.2676994505061945)
Testing logNormal[M=0.6925547857452035 S=9.017422547521473].pdf(2.1212325259630416)
Testing logNormal[M=2.488936276926913 S=3.961190997128594].pdf(1.6617351282989838)
Testing logNormal[M=1.6682577034022552 S=8.18281357576938].pdf(1.3077018844240762)
Testing logNormal[M=0.4696652573873772 S=2.341306625544944].pdf(0.6752137653799518)
Testing logNormal[M=0.43421726198443533 S=0.7429279742818062].pdf(1.8945602411121607)
Testing logNormal[M=4.0641886195069095 S=6.020792599929941].pdf(1.8552841317670188)
Testing logNormal[M=-1.353367297287844 S=4.718278280833595].pdf(1.2913976953596702)
Testing logNormal[M=2.8375152596597752 S=3.285660031537627].pdf(2.1671872258043634)
Testing logNormal[M=-2.9618959986232527 S=1.1367701996706037].pdf(2.186480697102104)
Testing logNormal[M=-2.4996970348140337 S=3.934270101299054].pdf(2.1813389062609256)
Testing logNormal[M=4.442525004115497 S=2.9524956436020835].pdf(2.2663872847853863)
Testing logNormal[M=-4.400596533897513 S=2.133792013630831].pdf(2.182932968551695)
Testing logNormal[M=-1.073217021136621 S=6.158727700267277].pdf(1.8888605498808368)
Testing logNormal[M=0.02424489582573841 S=7.29259520872001].pdf(2.159681806975918)
Testing logNormal[M=0.8028234833622081 S=6.259110955572716].pdf(0.1229194359992271)
Testing logNormal[M=-0.3227618958783962 S=4.413428350051802].pdf(1.4169408202746372)
Testing logNormal[M=3.2879720873651053 S=2.2117278777142433].pdf(1.248924970837845)
Testing logNormal[M=0.9103141898523379 S=4.327302618033996].pdf(0.43553405354957936)
Testing logNormal[M=4.8199905252052915 S=6.392812361662719].pdf(1.8898942474882015)
Testing logNormal[M=-0.5919218539729716 S=7.5053587679334].pdf(2.03047577762618)
Testing logNormal[M=3.2412423302202082 S=8.060390730914726].pdf(1.7860898181333584)
Testing logNormal[M=-1.0716224823975762 S=6.0159213277886945].pdf(2.0445689917198924)
Testing logNormal[M=-0.19807139493604708 S=3.3124195298056835].pdf(2.0790692511405684)
Testing logNormal[M=-3.9030623984900625 S=5.656592661401131].pdf(2.071963383691168)
Testing logNormal[M=2.4540280458350647 S=9.657502963054673].pdf(1.7673636572265679)
Testing logNormal[M=1.3577736016398765 S=6.530855561176926].pdf(0.36152402012722734)
Testing logNormal[M=1.5583443430718784 S=9.14210333623222].pdf(2.1724406014558064)
Testing logNormal[M=-4.596895549315757 S=9.588880966616065].pdf(1.7540765811214667)
Testing logNormal[M=-2.597788261866235 S=0.5590270518057727].pdf(1.8899204274801065)
Testing logNormal[M=1.59783620061744 S=6.379688101087028].pdf(1.0365712387061587)
Testing logNormal[M=4.198847177875349 S=1.814643734423227].pdf(2.107261272276762)
Testing logNormal[M=-4.235635375819701 S=0.6801941669471401].pdf(1.8219789905079915)
Testing logNormal[M=1.327487123438699 S=9.661896014625428].pdf(2.051058983203909)
Testing logNormal[M=2.3296546713370256 S=4.5828609132808396].pdf(0.8258949844281867)
Testing logNormal[M=-0.33955620336480674 S=8.666290253894783].pdf(1.9065544638614393)
Testing logNormal[M=2.537395094327872 S=3.2913541882675657].pdf(0.20118294880422177)
Testing logNormal[M=2.9660377343257647 S=7.467366477859932].pdf(1.2724015207081765)
Testing logNormal[M=3.7493112014105296 S=4.8725110978022315].pdf(1.3561237898981406)
Testing logNormal[M=-1.662407522970737 S=6.459682372111079].pdf(2.0898673679091453)
Testing logNormal[M=-3.7225263359552208 S=1.5827282206350346].pdf(1.8683034022055591)
Testing logNormal[M=-4.583585264457186 S=2.8094962072765606].pdf(1.9783173517667179)
Testing logNormal[M=4.757630459529345 S=0.8323226244961546].pdf(1.6513924824008728)
Testing logNormal[M=-1.5868925299364656 S=6.881390545482478].pdf(1.4599445821712265)
Testing logNormal[M=-0.9497802561794257 S=8.460566762921074].pdf(0.6653876138742932)
Testing logNormal[M=3.099080710617933 S=4.866165035827096].pdf(2.2215757655178603)
Testing logNormal[M=3.6271698067048543 S=0.4618591890067614].pdf(1.5729683382149728)
Testing logNormal[M=-0.8586138333315398 S=6.987627684255067].pdf(1.4847820710993165)
Testing logNormal[M=-1.702020068167136 S=7.63863136790325].pdf(1.758262816174909)
Testing logNormal[M=-3.4941225326490466 S=6.790380592252227].pdf(1.8571766722005898)
Testing logNormal[M=2.555862375519064 S=0.26399802912318804].pdf(1.8557368702854742)
Testing logNormal[M=1.2135884140003705 S=5.421076604053335].pdf(2.226722744072025)
Testing logNormal[M=-3.5176247608720193 S=6.363559158302282].pdf(0.7933817327320737)
Testing logNormal[M=-2.4484835124419693 S=6.045845522913264].pdf(2.117824287446559)
Testing logNormal[M=-3.1388852678069346 S=6.607599237358351].pdf(2.2033089298749893)
Testing logNormal[M=-0.9669642829573633 S=3.370315023137046].pdf(0.6648672951337071)
Testing logNormal[M=4.108904909109336 S=5.533321946785918].pdf(1.4141819021136979)
Testing logNormal[M=2.5991950009704476 S=2.0634464448837377].pdf(1.770838793420545)
Testing logNormal[M=-4.337104039886015 S=8.846585470992324].pdf(1.0909215945901705)
Testing logNormal[M=3.660717528240493 S=0.019741937867098214].pdf(1.7981699492424759)
Testing logNormal[M=0.0979224067982809 S=4.240625807740655].pdf(1.9631390119464152)
Testing logNormal[M=3.538545278618251 S=6.3583701659902845].pdf(2.2242975627661825)
Testing logNormal[M=-1.3207388369133755 S=3.8500213342175793].pdf(1.5274905484300993)
Testing logNormal[M=-1.1922168414430012 S=8.94679841261679].pdf(2.2974050458697)
Testing logNormal[M=3.850295855702031 S=2.8750677281572354].pdf(0.5196776719068371)
Testing logNormal[M=4.0004943112527 S=6.944783727950419].pdf(2.0760594950803415)
Testing logNormal[M=3.253580733380261 S=3.065262523059862].pdf(1.785229923969714)
Testing logNormal[M=-1.015854737094192 S=7.250782742754065].pdf(2.1913374349941157)
Testing logNormal[M=0.9680475063017537 S=9.636716550416747].pdf(1.066455753926818)
Testing logNormal[M=2.702719222921722 S=0.6995073243405114].pdf(1.8339444249127845)
Testing logNormal[M=2.253795779535926 S=4.976750086756906].pdf(1.8296562263230576)
Testing logNormal[M=0.4613428631785066 S=7.971928429391988].pdf(2.034024700689682)
Testing logNormal[M=-0.007995961942951268 S=1.4493426252818276].pdf(1.239185048111186)
Testing logNormal[M=2.6187603900528176 S=2.1931692194352492].pdf(1.0858659908951567)
Testing logNormal[M=2.2018847117398543 S=1.93011298263838].pdf(1.0072876536794657)
Testing logNormal[M=-1.2227657519780522 S=3.9945624092359266].pdf(2.1946224022182097)
Testing logNormal[M=-1.6622045702834356 S=4.36797767272738].pdf(1.2864991661162184)
Testing logNormal[M=-4.8425329003526905 S=1.530685882420526].pdf(1.5658822592647277)
Testing logNormal[M=4.152427591050635 S=6.192246666966557].pdf(2.160432415423667)
Testing logNormal[M=1.2735454584672148 S=3.4075625868943424].pdf(1.8868483932413456)
Testing logNormal[M=-1.452314754524803 S=8.553921100353257].pdf(1.3672017184909984)
Testing logNormal[M=0.7491077132654089 S=7.360442497216052].pdf(0.6967805583182969)
Testing logNormal[M=-1.6239431482423115 S=6.1479683193074885].pdf(0.11156340997384977)
Testing logNormal[M=-4.3961634020370415 S=1.863750260844933].pdf(1.147796994045587)
Testing logNormal[M=-3.235129167034465 S=1.415565334170954].pdf(1.264012239541462)
Testing logNormal[M=-0.6846065202453664 S=1.1061484271731115].pdf(0.9746860960562943)
Testing logNormal[M=2.695398637732099 S=0.44684852752005066].pdf(0.3525210503906853)
Testing logNormal[M=-2.9204975157402915 S=0.16486624963184426].pdf(1.2995070122746344)
Testing logNormal[M=0.19235260956102973 S=8.154984311263057].pdf(1.7305198550890821)
Testing logNormal[M=-2.6699654378684645 S=9.104218213904435].pdf(0.913171169007801)
Testing logNormal[M=4.053911583641973 S=3.940239503240892].pdf(0.1050962792172201)
Testing logNormal[M=-3.8416197663074216 S=9.937047492717383].pdf(1.410455719785514)
Testing logNormal[M=-4.678254552238348 S=0.059766818598758764].pdf(1.5714832720078706)
Testing logNormal[M=0.8862980411156851 S=8.6504322942092].pdf(1.383231968200621)
Testing logNormal[M=-3.803160788320088 S=4.434252050822432].pdf(1.5934949386724342)
Testing logNormal[M=-3.5606760704260276 S=7.180480787778306].pdf(1.729920162411488)
Testing logNormal[M=-4.333605920538652 S=8.563074989302649].pdf(2.1882218421185797)
Testing logNormal[M=-4.076528089041263 S=9.35612733260456].pdf(2.152140236701227)
Testing logNormal[M=0.6842189918695478 S=1.7271033812786118].pdf(1.755658031054102)
Testing logNormal[M=4.35071722773799 S=4.99681846829655].pdf(1.730408398128553)
Testing logNormal[M=1.835775655474107 S=5.990740700324812].pdf(1.5218973801148215)
Testing logNormal[M=0.4189281294216105 S=9.276214611914382].pdf(1.8344825963813733)
Testing logNormal[M=1.975187901208555 S=9.484760078876995].pdf(2.0503665462195366)
Testing logNormal[M=-3.899408826622297 S=5.000157949795295].pdf(1.4735230001345072)
Testing logNormal[M=-0.14638065860854432 S=4.48256592472991].pdf(1.671947722124165)
Testing logNormal[M=4.670198936642212 S=4.431713684189811].pdf(1.4783551089348803)
Testing logNormal[M=0.10057730607171322 S=8.335633393071673].pdf(2.298690266158546)
Testing logNormal[M=1.3869026047154973 S=2.6375119414374035].pdf(2.22599569662217)
Testing logNormal[M=-0.4146749007653625 S=2.027956543673498].pdf(0.5977517911006391)
Testing logNormal[M=4.5381904102386255 S=1.1098449143649214].pdf(1.7658638494995915)
Testing logNormal[M=0.34338596540949773 S=9.528902077183794].pdf(2.150191923951502)
Testing logNormal[M=-3.6981007784691853 S=1.6341897926516746].pdf(1.9808198629954468)
Testing logNormal[M=-2.7191338748322416 S=3.238687093098286].pdf(1.1211405564515355)
Testing logNormal[M=-2.027896565227124 S=9.770520780930067].pdf(1.74446075814284)
Testing logNormal[M=4.177936767976169 S=1.9775203597853808].pdf(2.2773774172331964)
Testing logNormal[M=4.004959759987859 S=6.396235237392597].pdf(1.9478242184788468)
Testing logNormal[M=-1.960494214338845 S=1.2977967389589107].pdf(0.7977862482692175)
Testing logNormal[M=1.44577397290219 S=6.034854465661188].pdf(1.9739802500873875)
Testing logNormal[M=0.9949707160649792 S=3.2092887673997716].pdf(0.5089060892756723)
Testing logNormal[M=-0.3435926976985755 S=7.619102645346089].pdf(1.1113869691092244)
Testing logNormal[M=-0.03219911732855518 S=1.3579379884309184].pdf(2.0929406137128033)
Testing logNormal[M=1.5676295162141631 S=3.998180054592689].pdf(0.6464968526310133)
Testing logNormal[M=-2.9508932480722594 S=6.816174607839219].pdf(0.8678226910065283)
Testing logNormal[M=0.5361868218575259 S=1.6821815896923642].pdf(1.1735595362433056)
Testing logNormal[M=3.4871609590640364 S=9.460336281589951].pdf(2.291834859413273)
Testing logNormal[M=-0.6810248494185291 S=1.2098159955168841].pdf(2.0445783800422332)
Testing logNormal[M=2.15090212709761 S=5.857839188321621].pdf(2.2592666109230364)
Testing logNormal[M=-1.767025302952697 S=2.4560646816109575].pdf(2.3020250948987377)
Testing logNormal[M=1.5403475642411388 S=0.15008641754876373].pdf(0.9212191817633373)
Testing logNormal[M=1.2756090620153469 S=1.169407190875792].pdf(1.5165451249813133)
Testing logNormal[M=3.915028411378538 S=8.049362110565353].pdf(0.2482847511160874)
Testing logNormal[M=0.724819024145896 S=7.274330790858729].pdf(2.2437290694483516)
Testing logNormal[M=-1.3337068662648974 S=4.07241548905949].pdf(1.8900171977143136)
Testing logNormal[M=-1.8701728743962889 S=5.1932837128915015].pdf(2.1938755759330095)
Testing logNormal[M=1.9546673133649826 S=8.605714180924586].pdf(1.735944126518871)
Testing logNormal[M=-0.2807256670077338 S=8.613802043388265].pdf(1.9751493770906918)
Testing logNormal[M=4.995660972929546 S=5.92897325012819].pdf(2.0577795631977573)
Testing logNormal[M=-2.0928692903785953 S=3.800813185816243].pdf(2.1440322906783917)
Testing logNormal[M=-1.099850989057595 S=0.5639706292622981].pdf(1.3119589283654463)
Testing logNormal[M=2.5709956001416927 S=2.766240840585803].pdf(0.8189014410059741)
Testing logNormal[M=-1.006183142828104 S=6.789435826527834].pdf(2.2958712509914876)
Testing logNormal[M=-2.0788795327644403 S=4.481739387311947].pdf(1.6328958039670725)
Testing logNormal[M=4.4085163616932945 S=5.62506060470416].pdf(1.8985788270883632)
Testing logNormal[M=3.642270142539836 S=3.0054501762885764].pdf(1.6673438194648744)
Testing logNormal[M=-3.5697322716203193 S=7.528660595376115].pdf(1.7645781915150822)
Testing logNormal[M=-1.5584107794188293 S=8.317569315726413].pdf(2.196698192611934)
Testing logNormal[M=-4.800601767599608 S=8.743965413920119].pdf(1.9792861498003882)
Testing logNormal[M=-3.5790822779028586 S=7.998183584688344].pdf(1.897507987225807)
Testing logNormal[M=4.291189886421554 S=3.2034056522377066].pdf(0.20901656899278206)
Testing logNormal[M=4.8101666750052665 S=3.155504477680735].pdf(1.510535810795909)
Testing logNormal[M=4.742570643478656 S=7.0524557440432005].pdf(2.111928569380631)
Testing logNormal[M=-3.5236089026257833 S=1.3564632438719526].pdf(1.2513657592169136)
Testing logNormal[M=1.0994254677353164 S=9.713280253147564].pdf(1.657059126788901)
Testing logNormal[M=0.8508025071604362 S=8.646430865671546].pdf(2.2556835636305808)
Testing logNormal[M=0.9237258275646987 S=0.12936907147164556].pdf(0.8715828276469876)
Testing logNormal[M=-1.7946743202506554 S=0.2736540272378296].pdf(1.8747335018725162)
Testing logNormal[M=0.23774790054033268 S=1.251132178535782].pdf(0.5323568907273539)
Testing logNormal[M=2.151293324617102 S=4.116063480974226].pdf(1.5079849464063666)
Testing logNormal[M=-1.3885772910986005 S=9.46274817032325].pdf(0.3629898833218162)
Testing logNormal[M=4.198973875378332 S=6.829534754129454].pdf(2.2996166699935507)
Testing logNormal[M=4.616645231020218 S=7.930153103883928].pdf(2.244039444953756)
Testing logNormal[M=1.0158602668851024 S=2.087959411796716].pdf(1.5284743251466024)
Testing logNormal[M=0.4694141044096787 S=7.645656891120616].pdf(1.1172432748299568)
Testing logNormal[M=1.3072988148549793 S=0.7717208052907487].pdf(1.1090239612683717)
Testing logNormal[M=0.85451004868845 S=7.110378532414647].pdf(1.8307943406684362)
Testing logNormal[M=-2.0685928423408972 S=7.822800117540202].pdf(1.1870495665982888)
Testing logNormal[M=-3.1860746268922124 S=6.813974131698321].pdf(2.1832159902654227)
Testing logNormal[M=-3.950820365392685 S=9.819814553642196].pdf(1.5532338919285271)
Testing logNormal[M=-4.427571652121487 S=4.268749509977815].pdf(0.41122361184637285)
Testing logNormal[M=3.9205073919718476 S=8.839153788036109].pdf(1.7692308152086822)
Testing logNormal[M=1.3100322083767457 S=5.1466281145484025].pdf(1.5955036725071938)
Testing logNormal[M=-4.988638500083002 S=6.234361842309389].pdf(2.2783828367863808)
Testing logNormal[M=0.14693541208654182 S=6.93005332897174].pdf(2.139451522613259)
Testing logNormal[M=2.89653294411644 S=2.710204102927981].pdf(1.5651775362923745)
Testing logNormal[M=-2.074244234226038 S=1.1315598463526189].pdf(0.5387388401622685)
Testing logNormal[M=-1.5488885112879847 S=0.9275690057765273].pdf(2.213699680669429)
Testing logNormal[M=4.299358997237302 S=5.426860074107313].pdf(0.6562350257853728)
Testing logNormal[M=-0.5678984096196587 S=7.34437964891892].pdf(0.06415138182242706)
Testing logNormal[M=3.694192026959236 S=7.936283142295587].pdf(2.279524134759302)
Testing logNormal[M=4.857837333145456 S=0.9245452132891385].pdf(2.2685943231083185)
Testing logNormal[M=3.1521679509533236 S=6.425179725112054].pdf(2.207893622923069)
Testing logNormal[M=-2.011763272638322 S=3.7567335700295255].pdf(1.693442742982479)
Testing logNormal[M=2.76843414302511 S=1.3298417345874658].pdf(2.2694048700956064)
Testing logNormal[M=0.9140365350149446 S=3.8534708335946966].pdf(1.7220052874303013)
Testing logNormal[M=-0.9182138409606653 S=7.169563019549953].pdf(2.1521987253295825)
Testing logNormal[M=1.096790750202751 S=3.4083113274403667].pdf(1.9150154047221646)
Testing logNormal[M=4.423274969672256 S=4.041483805522956].pdf(1.8745499855626182)
Testing logNormal[M=-2.8448377336779327 S=7.418500804698303].pdf(1.8457811589079645)
Testing logNormal[M=-2.301419102032536 S=4.225860480646032].pdf(2.1285933529700793)
Testing logNormal[M=-3.8683519182163617 S=5.904644318342801].pdf(0.8471563940497404)
Testing logNormal[M=3.0002239321542152 S=3.905608432644051].pdf(1.239479628657279)
Testing logNormal[M=-0.5013734729806281 S=6.190555589823154].pdf(1.9768064648090222)
Testing logNormal[M=-3.4266960392591272 S=5.174310758790428].pdf(2.164147927787475)
Testing logNormal[M=-4.573179742017146 S=7.010586623619643].pdf(0.031050927195921528)
Testing logNormal[M=2.649129568277507 S=0.516552133348932].pdf(1.08895064213571)
Testing logNormal[M=-2.408594357429943 S=4.371328645621354].pdf(2.1813796713433526)
Testing logNormal[M=1.165189012587275 S=7.285511433736564].pdf(1.6878621984469029)
Testing logNormal[M=0.7526241431963889 S=6.363373712470581].pdf(1.418628766840529)
Testing logNormal[M=-4.612806658995618 S=1.315721662525674].pdf(1.8932786992959947)
Testing logNormal[M=-3.979693122297089 S=3.6271209674389535].pdf(0.4396053414324303)
Testing logNormal[M=3.8021898046539064 S=1.8287474830148054].pdf(2.233706138743716)
Testing logNormal[M=-3.33844912874938 S=1.321133328228884].pdf(2.273694599381904)
Testing logNormal[M=3.937356043888725 S=1.1124219584270534].pdf(0.5285021999705961)
Testing logNormal[M=-3.9940681457043894 S=9.77074816299882].pdf(2.0103134509041007)
Testing logNormal[M=3.825524303667544 S=6.967901448701418].pdf(2.0071893665011182)
Testing logNormal[M=1.5918589670728078 S=8.336342070218205].pdf(1.4071071523588516)
Testing logNormal[M=0.02152028903890102 S=2.8021963423363783].pdf(0.4332131438003741)
Testing logNormal[M=-3.064103958579636 S=6.26610353225515].pdf(1.2871076963467334)
Testing logNormal[M=0.10420542654952403 S=3.9924960203066484].pdf(0.3124183227635452)
Testing logNormal[M=3.480481388412562 S=8.296261926563076].pdf(2.15355797579103)
Testing logNormal[M=3.596819301716055 S=8.755585630459594].pdf(1.1732261747341746)
Testing logNormal[M=-1.182850115440639 S=4.3685874201796695].pdf(1.6484009996403726)
Testing logNormal[M=2.5004035239104274 S=9.682232323709023].pdf(1.8625733684623247)
Testing logNormal[M=1.3432395731948965 S=5.991764621705114].pdf(1.2085270501580834)
Testing logNormal[M=1.0585318265624375 S=0.849835341543963].pdf(1.330344527478378)
Testing logNormal[M=4.5251903518448024 S=3.2217405513802335].pdf(1.587062196761644)
Testing logNormal[M=4.208090540767284 S=2.1630901166775898].pdf(2.17446723340016)
Testing logNormal[M=-0.13530496391263025 S=6.590867225543642].pdf(1.9264606041301777)
Testing logNormal[M=1.7954511971129268 S=6.17988378552835].pdf(2.279960803462307)
Testing logNormal[M=-4.168886054781389 S=2.188137201737238].pdf(2.1191386877123284)
Testing logNormal[M=-0.3742045520935804 S=8.580170104714846].pdf(0.7862175421140584)
Testing logNormal[M=0.7764884092723312 S=7.2414240860148995].pdf(2.1369647687350555)
Testing logNormal[M=-2.6411045280415433 S=9.046969851109123].pdf(0.12025848280902957)
Testing logNormal[M=3.7573724564403417 S=6.316245217642793].pdf(1.7475060963412643)
Testing logNormal[M=-1.5507773385509296 S=2.8738203925831893].pdf(1.7447850286632949)
Testing logNormal[M=-2.794680909977795 S=7.722378780342842].pdf(0.2836799811962378)
Testing logNormal[M=3.642653871395643 S=6.634151290026708].pdf(0.3291565855192083)
Testing logNormal[M=-1.128796039250075 S=7.219709770039771].pdf(1.3320787096362159)
Testing logNormal[M=2.5905664503381978 S=7.37992227650588].pdf(1.850082827735308)
Testing logNormal[M=-1.6470596147461358 S=4.619002367326782].pdf(2.278147142259392)
Testing logNormal[M=-0.14384922452741122 S=3.5486862288797214].pdf(1.4165779673017256)
Testing logNormal[M=-2.8195279930621564 S=8.41666597548879].pdf(2.242071259057063)
Testing logNormal[M=-0.5979680975082102 S=7.287002695386228].pdf(1.33934469736107)
Testing logNormal[M=0.1912272304248912 S=0.4518904133777135].pdf(1.4698520256451695)
Testing logNormal[M=-1.4400656292746152 S=1.9202882226173557].pdf(1.5327454981024056)
Testing logNormal[M=0.36634606381565327 S=5.7359433160715865].pdf(0.28869439115233525)
Testing logNormal[M=-1.6048690067560623 S=0.2971170530113043].pdf(2.138165522555131)
Testing logNormal[M=3.4730152194806827 S=5.59204451494579].pdf(1.3295903215037288)
Testing logNormal[M=3.3805988804600062 S=1.9549018883764024].pdf(1.2230520927130506)
Testing logNormal[M=0.1501273105169334 S=0.1459055345256388].pdf(0.25967407595924313)
Testing logNormal[M=2.243704448220331 S=6.969463861517319].pdf(1.8799611472934945)
Testing logNormal[M=4.26663595569422 S=3.286253479328276].pdf(1.7934546697915326)
Testing logNormal[M=4.901160316164178 S=6.8623528540537055].pdf(1.745121681910885)
Testing logNormal[M=-4.705678569913746 S=3.579344315780708].pdf(0.9604660214272998)
Testing logNormal[M=2.2153365701633367 S=2.6339813152008897].pdf(2.2809072023862824)
Testing logNormal[M=-0.09204208239482892 S=0.8194034612874512].pdf(2.039676648902381)
Testing logNormal[M=1.090301915574468 S=1.540052489243663].pdf(1.4833192512238975)
Testing logNormal[M=0.9451619840028904 S=2.1360510554552183].pdf(1.7139047010631778)
Testing logNormal[M=3.0855321161003175 S=4.417838303678412].pdf(0.6363320754923806)
Testing logNormal[M=-0.4374548139664478 S=3.2394109259675963].pdf(1.6422995395126445)
Testing logNormal[M=0.2203816143562296 S=4.537500555999689].pdf(2.1188100806843573)
Testing logNormal[M=3.195724867128243 S=0.6742892657344779].pdf(2.181038824149787)
Testing logNormal[M=-2.074307346478216 S=7.920224207406213].pdf(1.0068802667352637)
Testing logNormal[M=4.11183553651747 S=3.569789939520893].pdf(2.266614968373874)
Testing logNormal[M=-1.558699497635204 S=9.65543230415226].pdf(1.6902758003403533)
Testing logNormal[M=-3.751101721525294 S=8.282787298291753].pdf(1.202915102789152)
Testing logNormal[M=-0.12473824193223315 S=1.5211028599420595].pdf(0.8491529088844231)
Testing logNormal[M=2.888545111021134 S=8.964168416444092].pdf(2.048580215398567)
Testing logNormal[M=-2.7843401401096113 S=2.251108373030605].pdf(1.5601281715869086)
Testing logNormal[M=-1.3514136319287875 S=3.2168858378219323].pdf(1.5332285798642495)
Testing logNormal[M=4.807312769526453 S=1.081649542686951].pdf(1.0260995223801563)
Testing logNormal[M=-0.4402142272432661 S=6.9182548079469655].pdf(1.776409743378924)
Testing logNormal[M=2.1810281261815057 S=9.498772567102426].pdf(0.35362841361860076)
Testing logNormal[M=-3.3117908060154724 S=2.7302277040341814].pdf(2.0801588289513187)
Testing logNormal[M=-4.7026735739771475 S=4.417128843484463].pdf(2.201900985743297)
Testing logNormal[M=1.2149700231089033 S=5.304220644473329].pdf(1.5137711598406967)
Testing logNormal[M=4.510335474557126 S=9.02911783130697].pdf(1.7240853154373017)
Testing logNormal[M=2.498851482194598 S=6.697446468540319].pdf(2.0195835499145933)
Testing logNormal[M=-1.946124734984167 S=5.647536464188379].pdf(2.1299699766886246)
Testing logNormal[M=4.023075052136106 S=4.700448680798526].pdf(1.4702870117261708)
Testing logNormal[M=3.4587032050419957 S=3.505257675523401].pdf(0.664885631391558)
Testing logNormal[M=-0.5701020943175417 S=0.17798790399451758].pdf(1.5442151243026754)
Testing logNormal[M=0.9707965378173533 S=4.6401639233468455].pdf(1.1178535450571452)
Testing logNormal[M=-2.9399372750525297 S=5.196246850726485].pdf(0.04274416611146601)
Testing logNormal[M=2.69887537095809 S=9.944516220873016].pdf(1.3314818505685326)
Testing logNormal[M=-3.8738116261668165 S=3.7132090415659036].pdf(2.2980018729074985)
Testing logNormal[M=-4.201862485380023 S=6.526889752095256].pdf(1.8760074146317958)
Testing logNormal[M=-2.207139186323092 S=0.7921180535244299].pdf(2.0332563763054883)
Testing logNormal[M=-3.3807023110296095 S=7.933467000081173].pdf(2.205828846399904)
Testing logNormal[M=-0.9795609298012611 S=2.213836244285025].pdf(1.301974538594145)
Testing logNormal[M=-1.0010930253866812 S=8.60199809936406].pdf(1.1671410308464198)
Testing logNormal[M=-0.45339057375939795 S=8.55363564806407].pdf(1.273925753359122)
Testing logNormal[M=0.10760411059993036 S=3.001822478207755].pdf(1.651515517446273)
Testing logNormal[M=1.8721557506988749 S=3.9494496189074435].pdf(1.2768350531215067)
Testing logNormal[M=-3.909841645043779 S=8.266870211533844].pdf(1.6107755830646917)
Testing logNormal[M=-2.446727111640139 S=8.7850003358769].pdf(1.2386702740198705)
Testing logNormal[M=3.4627573090345063 S=5.140594436755644].pdf(0.26322932266273635)
Testing logNormal[M=-0.06150695530183903 S=7.370156055398068].pdf(0.6642615841875622)
Testing logNormal[M=-0.3683724297067421 S=2.5887240924462187].pdf(2.301101046994764)
Testing logNormal[M=-2.017105833927916 S=1.614785326257736].pdf(1.3597116763862591)
Testing logNormal[M=3.5998668287695477 S=6.172211743149742].pdf(0.013268003289002255)
Testing logNormal[M=1.9152102603097756 S=5.280701432456153].pdf(1.0238108387828728)
Testing logNormal[M=-2.755818315727958 S=9.264700966208272].pdf(2.23307951059898)
Testing logNormal[M=0.5537179421260721 S=0.952399333819095].pdf(1.3694091766753411)
Testing logNormal[M=0.9562721641784364 S=4.033510114089104].pdf(1.9062810793696687)
Testing logNormal[M=-3.549900313613803 S=3.763240694516634].pdf(1.9098366627730146)
Testing logNormal[M=-0.02928623347249104 S=3.7564766811308967].pdf(2.240941177658617)
Testing logNormal[M=-3.3502412985722985 S=2.9841170334110156].pdf(1.9875744271764502)
Testing logNormal[M=1.1512428375058779 S=1.4434753172641612].pdf(1.300924209886849)
Testing logNormal[M=-4.706429335790075 S=8.895838313546456].pdf(1.984201602172742)
Testing logNormal[M=-4.190228800942962 S=8.71291949143522].pdf(1.0533706102419247)
Testing logNormal[M=-2.5898749700826054 S=4.909056086093628].pdf(1.7434021298176974)
Testing logNormal[M=1.441827759480213 S=3.202455604506876].pdf(0.7018171298457656)
Testing logNormal[M=3.6819789469817383 S=6.455350967479566].pdf(1.4283861375103943)
Testing logNormal[M=4.545266996764456 S=7.532503541225522].pdf(1.7108668922055743)
Testing logNormal[M=-0.48576173773916587 S=3.585070613753072].pdf(2.110598442291873)
Testing logNormal[M=-1.3400954970955303 S=8.144743218843493].pdf(1.9383064306830782)
Testing logNormal[M=-0.007826183717833501 S=0.27780931847960044].pdf(1.4059014674440762)
Testing logNormal[M=-4.219299721104956 S=0.14276055248635067].pdf(1.8194035559675348)
Testing logNormal[M=4.744639770471222 S=9.476777579563771].pdf(1.9605079883469423)
Testing logNormal[M=0.003152813311370295 S=9.7795597104559].pdf(1.4775261756170646)
Testing logNormal[M=-3.595214567156566 S=1.6823320089296656].pdf(2.2141686527274427)
Testing logNormal[M=-3.2099282681827033 S=8.761123015420916].pdf(0.8180880149629886)
Testing logNormal[M=3.7993423596016616 S=4.901572555847487].pdf(1.9773774236417043)
Testing logNormal[M=-0.3732952168672643 S=2.02808592726809].pdf(1.244321109015845)
Testing logNormal[M=-3.7613727897804194 S=2.0055252624279305].pdf(2.2736665393032305)
Testing logNormal[M=-2.3040983423091577 S=6.130441293472639].pdf(2.1121100910815316)
Testing logNormal[M=1.677248746757387 S=0.8153099059118762].pdf(2.2606633409051007)
Testing logNormal[M=1.2556503097277574 S=7.0082536665075255].pdf(2.2771627021256498)
Testing logNormal[M=-3.263466234980652 S=4.692539210895555].pdf(1.7851073059608134)
Testing logNormal[M=3.8379201174067923 S=2.777870891938723].pdf(0.8541059110699005)
Testing logNormal[M=-4.8115843312504545 S=9.658693599525648].pdf(1.3730737558810486)
Testing logNormal[M=4.532305034811296 S=9.572441699868397].pdf(1.3653422642388906)
Testing logNormal[M=3.352905717893881 S=3.9432317416813745].pdf(1.6436499750727631)
Testing logNormal[M=3.318144802562518 S=8.600472209145693].pdf(1.7968216867716735)
Testing logNormal[M=3.528642194405103 S=0.24617954367485928].pdf(2.017468870510793)
Testing logNormal[M=2.4340651620817493 S=7.700527768256295].pdf(2.1820614000347245)
Testing logNormal[M=-4.053217018769983 S=9.694626121612872].pdf(1.3018105192964435)
Testing logNormal[M=0.7251886301749746 S=2.4414337686806453].pdf(1.894068165293935)
Testing logNormal[M=4.330016893183847 S=8.20373755764945].pdf(1.9247105582461512)
Testing logNormal[M=-0.6753891323927554 S=7.831836016606665].pdf(1.3910005976786333)
Testing logNormal[M=-4.831877664282742 S=4.942693732252921].pdf(1.5022243603186536)
Testing logNormal[M=3.815504972954324 S=5.971274292151817].pdf(1.5230675698008833)
Testing logNormal[M=0.23830474724827866 S=4.198166714916117].pdf(1.2329918306015075)
Testing logNormal[M=-2.1397887539552607 S=6.923069033343923].pdf(1.9000633553146018)
Testing logNormal[M=0.2597747049222914 S=6.50101993517611].pdf(2.2058399094107375)
Testing logNormal[M=1.3313205738266092 S=6.534454844353976].pdf(1.4124782601662778)
Testing logNormal[M=2.6193686012945143 S=3.0035942157893913].pdf(2.110874768017182)
Testing logNormal[M=-3.423001094234779 S=8.257898967497493].pdf(0.27398518295192875)
Testing logNormal[M=-3.400753448101735 S=8.736555742787843].pdf(1.3260082829834647)
Testing logNormal[M=0.9729442753436901 S=7.138122770953673].pdf(0.40049425287601315)
Testing logNormal[M=4.47268758160617 S=0.35149866370699057].pdf(1.8749792246050438)
Testing logNormal[M=1.4906611130915595 S=5.781722574816481].pdf(1.8288393636530442)
Testing logNormal[M=2.1082621353010476 S=3.3200172755514124].pdf(0.5387200425234472)
Testing logNormal[M=0.07988276851877707 S=6.718081841063124].pdf(0.7709568028491468)
Testing logNormal[M=3.3908329247769977 S=0.7007477667223649].pdf(2.2289681765289115)
Testing logNormal[M=-3.451508415749578 S=5.433453512081856].pdf(1.4678092117689907)
Testing logNormal[M=4.903311330153146 S=2.055673791735788].pdf(1.2064885871007598)
Testing logNormal[M=-4.278551707313235 S=2.4556770859605503].pdf(0.5659464571028688)
Testing logNormal[M=-4.222046965506644 S=0.9305929194569507].pdf(1.6993594895148538)
Testing logNormal[M=-2.438591278018216 S=3.49846789967314].pdf(2.1082147737596104)
Testing logNormal[M=-1.3236349355755594 S=5.6081202456367585].pdf(1.4770872082695803)
Testing logNormal[M=-0.3058112638434416 S=1.619080489535396].pdf(1.008198945918031)
Testing logNormal[M=1.9274677969257947 S=5.8275785048123785].pdf(1.519010651676501)
Testing logNormal[M=-3.8777889375041674 S=9.874456934469668].pdf(1.3518753504632595)
Testing logNormal[M=0.30723323978469885 S=2.0845200283419496].pdf(0.9135829295868997)
Testing logNormal[M=-2.282544001535398 S=4.1294271398945686].pdf(0.945032492585983)
Testing logNormal[M=2.894028701078324 S=7.930627803068786].pdf(0.2755826055887265)
Testing logNormal[M=-0.8101538420682246 S=6.539445380551198].pdf(1.9207305744556604)
Testing logNormal[M=4.465187652964275 S=3.134986726158017].pdf(1.0420887528197944)
Testing logNormal[M=-3.8272473325668077 S=4.856976003365413].pdf(0.745032075794604)
Testing logNormal[M=1.3358686309005972 S=5.378636547725183].pdf(2.1512197141283385)
Testing logNormal[M=3.2136022076007276 S=6.108058636378525].pdf(1.4864784877145418)
Testing logNormal[M=2.0984059659402376 S=0.012259499502980109].pdf(2.2655724059931934)
Testing logNormal[M=1.9852150427576465 S=5.279316805518804].pdf(0.7756173293449558)
Testing logNormal[M=-1.5740426923051922 S=2.078668015787306].pdf(2.2413021013270136)
Testing logNormal[M=1.2007690567519198 S=0.7332613613726546].pdf(1.1557037632614295)
Testing logNormal[M=-3.4682279391291884 S=8.707494469673938].pdf(2.1512425829272876)
Testing logNormal[M=-4.213569282141135 S=8.754070462504876].pdf(0.6254056529951771)
Testing logNormal[M=-4.0146366484358875 S=8.987326757243187].pdf(2.2323217077208914)
Testing logNormal[M=3.560238353877894 S=9.924922992437928].pdf(0.43037416000013856)
Testing logNormal[M=-3.7840901385330206 S=7.378635763231683].pdf(2.2906705802638494)
Testing logNormal[M=-3.9219958601167173 S=0.22835978994241168].pdf(1.3789776728315866)
Testing logNormal[M=-1.822363038988577 S=4.59397275207767].pdf(1.4818167868450247)
Testing logNormal[M=0.10379542177926826 S=7.810577910097463].pdf(1.6757624780044602)
Testing logNormal[M=3.5144270539088875 S=6.877199776389094].pdf(1.7758487724251417)
Testing logNormal[M=-3.681810622496023 S=7.977313556543859].pdf(1.1319332783169624)
Testing logNormal[M=-2.1222625780619806 S=7.7232175218699].pdf(0.11442530845870816)
Testing logNormal[M=0.7197323366968957 S=4.102082580995001].pdf(0.708396656598756)
Testing logNormal[M=4.196437475427249 S=4.606445210404732].pdf(2.120146741719827)
Testing logNormal[M=-2.317103777716026 S=3.018957561528409].pdf(1.6900601031686868)
Testing logNormal[M=-1.372019518304218 S=7.753798022510151].pdf(1.3219782515870198)
Testing logNormal[M=-0.07383709091341295 S=9.183194148933365].pdf(2.189151565030928)
Testing logNormal[M=-4.643680019768568 S=0.7127161101443857].pdf(1.79643075071606)
Testing logNormal[M=-0.9344004367792769 S=9.30250941542744].pdf(0.38203501818224933)
Testing logNormal[M=-1.60298353889329 S=3.284277827205041].pdf(1.2615797568838203)
Testing logNormal[M=3.1565537061310707 S=5.671750933987539].pdf(0.925405598221092)
Testing logNormal[M=-2.7392293346159304 S=9.438112522362909].pdf(1.6719074327503922)
Testing logNormal[M=2.0834377829965813 S=9.823243326608665].pdf(1.7349386033168412)
Testing logNormal[M=-4.018293616189852 S=1.90174024911262].pdf(1.7289132311409996)
Testing logNormal[M=2.5128741976230256 S=3.415397415059993].pdf(2.0471549736642696)
Testing logNormal[M=2.6819492021559954 S=8.120517940410485].pdf(0.5467500753229725)
Testing logNormal[M=3.189491230760705 S=7.442103905741374].pdf(1.7112155865170688)
Testing logNormal[M=-4.994487722425252 S=0.1431267520911983].pdf(0.21152462070155972)
Testing logNormal[M=-1.1867373143272077 S=0.6300400284044017].pdf(2.2259385209541795)
Testing logNormal[M=3.8199179871852866 S=6.368592333829327].pdf(2.0182187294666356)
Testing logNormal[M=2.2223322731744606 S=7.439381085576215].pdf(1.9507405538578662)
Testing logNormal[M=-3.46354469751439 S=1.9619265854429646].pdf(0.45592303762777153)
Testing logNormal[M=1.5912089175745434 S=0.6996962789558425].pdf(0.7731925618448618)
Testing 10000 random quantile(0.5) calls
Testing 10000 random quantile/cdf pairs
]]></system-out>
  <system-err><![CDATA[java.lang.NullPointerException
	at beast.util.XMLParser.initBEASTObjects(Unknown Source)
	at beast.util.XMLParser.parseFragment(Unknown Source)
	at beast.util.XMLParser.parseBareFragment(Unknown Source)
	at test.beast.math.distributions.LogNormalDistributionModelTest.testCalcLogP2(Unknown Source)
	at sun.reflect.NativeMethodAccessorImpl.invoke0(Native Method)
	at sun.reflect.NativeMethodAccessorImpl.invoke(NativeMethodAccessorImpl.java:62)
	at sun.reflect.DelegatingMethodAccessorImpl.invoke(DelegatingMethodAccessorImpl.java:43)
	at java.lang.reflect.Method.invoke(Method.java:498)
	at junit.framework.TestCase.runTest(TestCase.java:168)
	at junit.framework.TestCase.runBare(TestCase.java:134)
	at junit.framework.TestResult$1.protect(TestResult.java:110)
	at junit.framework.TestResult.runProtected(TestResult.java:128)
	at junit.framework.TestResult.run(TestResult.java:113)
	at junit.framework.TestCase.run(TestCase.java:124)
	at junit.framework.TestSuite.runTest(TestSuite.java:243)
	at junit.framework.TestSuite.run(TestSuite.java:238)
	at org.apache.tools.ant.taskdefs.optional.junit.JUnitTestRunner.run(JUnitTestRunner.java:534)
	at org.apache.tools.ant.taskdefs.optional.junit.JUnitTestRunner.launch(JUnitTestRunner.java:1196)
	at org.apache.tools.ant.taskdefs.optional.junit.JUnitTestRunner.main(JUnitTestRunner.java:1041)
]]></system-err>
</testsuite>
